DEBUG: 2023-08-01 22:34:38,596: 1135411940.py: <module>: /home/tahoora/Projects/college_project/Human_Activity_Recognition/notebooks/../logs/simple_cnn_logs/deep-conv-lstm-20230801-223438/deep-conv-lstm-20230801-223438.log
DEBUG: 2023-08-01 22:34:49,043: 1135411940.py: <module>: X_train.shape=(7406, 128, 6, 1) X_test.shape=(2993, 128, 6, 1)
DEBUG: 2023-08-01 22:34:49,044: 1135411940.py: <module>: y_train.shape=(7406, 1) y_test.shape=(2993, 1)
DEBUG: 2023-08-01 22:34:49,046: utils.py: check_class_balance: train labels
DEBUG: 2023-08-01 22:34:49,047: utils.py: check_class_balance: LAYING (0): 1412 samples (19.07 %)
DEBUG: 2023-08-01 22:34:49,048: utils.py: check_class_balance: WALKING (1): 1224 samples (16.53 %)
DEBUG: 2023-08-01 22:34:49,049: utils.py: check_class_balance: WALKING_UPSTAIRS (2): 1072 samples (14.47 %)
DEBUG: 2023-08-01 22:34:49,049: utils.py: check_class_balance: WALKING_DOWNSTAIRS (3): 987 samples (13.33 %)
DEBUG: 2023-08-01 22:34:49,050: utils.py: check_class_balance: SITTING (4): 1290 samples (17.42 %)
DEBUG: 2023-08-01 22:34:49,053: utils.py: check_class_balance: STANDING (5): 1421 samples (19.19 %)
DEBUG: 2023-08-01 22:34:49,053: utils.py: check_class_balance: test labels
DEBUG: 2023-08-01 22:34:49,054: utils.py: check_class_balance: LAYING (0): 545 samples (18.21 %)
DEBUG: 2023-08-01 22:34:49,055: utils.py: check_class_balance: WALKING (1): 496 samples (16.57 %)
DEBUG: 2023-08-01 22:34:49,056: utils.py: check_class_balance: WALKING_UPSTAIRS (2): 470 samples (15.7 %)
DEBUG: 2023-08-01 22:34:49,057: utils.py: check_class_balance: WALKING_DOWNSTAIRS (3): 419 samples (14.0 %)
DEBUG: 2023-08-01 22:34:49,057: utils.py: check_class_balance: SITTING (4): 507 samples (16.94 %)
DEBUG: 2023-08-01 22:34:49,058: utils.py: check_class_balance: STANDING (5): 556 samples (18.58 %)
DEBUG: 2023-08-01 22:34:49,086: 3300936622.py: <module>: dcl_params={'batch_size': 128, 'epochs': 10000, 'lr': 0.0001, 'verbose': 1}
DEBUG: 2023-08-01 22:34:49,117: 2623015374.py: <module>: X_tr.shape=(5924, 128, 6, 1) X_val.shape=(1482, 128, 6, 1) X_test.shape=(2993, 128, 6, 1)
DEBUG: 2023-08-01 22:34:49,119: 2623015374.py: <module>: y_tr.shape=(5924, 6) y_val.shape=(1482, 6) y_test.shape=(2993, 6)
DEBUG: 2023-08-01 22:34:53,798: attrs.py: create: Creating converter from 5 to 3
DEBUG: 2023-08-01 22:34:55,727: keras_callback.py: on_epoch_end: Epoch 10/10000 - loss: 0.6611 - accuracy: 0.7139 - val_loss: 0.7219 - val_accuracy: 0.7335
DEBUG: 2023-08-01 22:34:57,818: keras_callback.py: on_epoch_end: Epoch 20/10000 - loss: 0.3764 - accuracy: 0.8856 - val_loss: 0.4406 - val_accuracy: 0.8988
DEBUG: 2023-08-01 22:34:59,935: keras_callback.py: on_epoch_end: Epoch 30/10000 - loss: 0.2526 - accuracy: 0.9242 - val_loss: 0.3114 - val_accuracy: 0.9244
DEBUG: 2023-08-01 22:35:02,087: keras_callback.py: on_epoch_end: Epoch 40/10000 - loss: 0.2012 - accuracy: 0.9345 - val_loss: 0.2532 - val_accuracy: 0.9345
DEBUG: 2023-08-01 22:35:04,196: keras_callback.py: on_epoch_end: Epoch 50/10000 - loss: 0.1718 - accuracy: 0.946 - val_loss: 0.2199 - val_accuracy: 0.9453
DEBUG: 2023-08-01 22:35:06,242: keras_callback.py: on_epoch_end: Epoch 60/10000 - loss: 0.1532 - accuracy: 0.9505 - val_loss: 0.1989 - val_accuracy: 0.9474
DEBUG: 2023-08-01 22:35:08,366: keras_callback.py: on_epoch_end: Epoch 70/10000 - loss: 0.1421 - accuracy: 0.9526 - val_loss: 0.1832 - val_accuracy: 0.9521
DEBUG: 2023-08-01 22:35:10,503: keras_callback.py: on_epoch_end: Epoch 80/10000 - loss: 0.1301 - accuracy: 0.9585 - val_loss: 0.1712 - val_accuracy: 0.9514
DEBUG: 2023-08-01 22:35:12,557: keras_callback.py: on_epoch_end: Epoch 90/10000 - loss: 0.1246 - accuracy: 0.9586 - val_loss: 0.162 - val_accuracy: 0.9548
DEBUG: 2023-08-01 22:35:14,581: keras_callback.py: on_epoch_end: Epoch 100/10000 - loss: 0.1195 - accuracy: 0.96 - val_loss: 0.1533 - val_accuracy: 0.9575
DEBUG: 2023-08-01 22:35:16,606: keras_callback.py: on_epoch_end: Epoch 110/10000 - loss: 0.1141 - accuracy: 0.9613 - val_loss: 0.1478 - val_accuracy: 0.9588
DEBUG: 2023-08-01 22:35:18,608: keras_callback.py: on_epoch_end: Epoch 120/10000 - loss: 0.1079 - accuracy: 0.9649 - val_loss: 0.1427 - val_accuracy: 0.9588
DEBUG: 2023-08-01 22:35:20,590: keras_callback.py: on_epoch_end: Epoch 130/10000 - loss: 0.1041 - accuracy: 0.964 - val_loss: 0.1381 - val_accuracy: 0.9602
DEBUG: 2023-08-01 22:35:22,501: keras_callback.py: on_epoch_end: Epoch 140/10000 - loss: 0.0981 - accuracy: 0.9673 - val_loss: 0.1353 - val_accuracy: 0.9622
DEBUG: 2023-08-01 22:35:24,460: keras_callback.py: on_epoch_end: Epoch 150/10000 - loss: 0.0935 - accuracy: 0.9683 - val_loss: 0.1301 - val_accuracy: 0.9622
DEBUG: 2023-08-01 22:35:26,380: keras_callback.py: on_epoch_end: Epoch 160/10000 - loss: 0.0911 - accuracy: 0.9706 - val_loss: 0.1271 - val_accuracy: 0.9642
DEBUG: 2023-08-01 22:35:28,266: keras_callback.py: on_epoch_end: Epoch 170/10000 - loss: 0.0892 - accuracy: 0.9703 - val_loss: 0.1263 - val_accuracy: 0.9669
DEBUG: 2023-08-01 22:35:30,247: keras_callback.py: on_epoch_end: Epoch 180/10000 - loss: 0.0851 - accuracy: 0.9732 - val_loss: 0.1202 - val_accuracy: 0.969
DEBUG: 2023-08-01 22:35:32,190: keras_callback.py: on_epoch_end: Epoch 190/10000 - loss: 0.0816 - accuracy: 0.9738 - val_loss: 0.1181 - val_accuracy: 0.975
DEBUG: 2023-08-01 22:35:34,212: keras_callback.py: on_epoch_end: Epoch 200/10000 - loss: 0.078 - accuracy: 0.9764 - val_loss: 0.1148 - val_accuracy: 0.9737
DEBUG: 2023-08-01 22:35:36,192: keras_callback.py: on_epoch_end: Epoch 210/10000 - loss: 0.0756 - accuracy: 0.977 - val_loss: 0.1125 - val_accuracy: 0.9771
DEBUG: 2023-08-01 22:35:38,180: keras_callback.py: on_epoch_end: Epoch 220/10000 - loss: 0.0735 - accuracy: 0.9777 - val_loss: 0.1091 - val_accuracy: 0.9757
DEBUG: 2023-08-01 22:35:40,151: keras_callback.py: on_epoch_end: Epoch 230/10000 - loss: 0.0717 - accuracy: 0.9792 - val_loss: 0.1068 - val_accuracy: 0.9784
DEBUG: 2023-08-01 22:35:42,195: keras_callback.py: on_epoch_end: Epoch 240/10000 - loss: 0.0683 - accuracy: 0.9786 - val_loss: 0.1044 - val_accuracy: 0.9777
DEBUG: 2023-08-01 22:35:44,238: keras_callback.py: on_epoch_end: Epoch 250/10000 - loss: 0.0675 - accuracy: 0.9799 - val_loss: 0.1033 - val_accuracy: 0.9771
DEBUG: 2023-08-01 22:35:46,233: keras_callback.py: on_epoch_end: Epoch 260/10000 - loss: 0.0659 - accuracy: 0.9809 - val_loss: 0.1023 - val_accuracy: 0.9784
DEBUG: 2023-08-01 22:35:48,117: keras_callback.py: on_epoch_end: Epoch 270/10000 - loss: 0.0623 - accuracy: 0.9833 - val_loss: 0.1009 - val_accuracy: 0.9798
DEBUG: 2023-08-01 22:35:50,077: keras_callback.py: on_epoch_end: Epoch 280/10000 - loss: 0.0623 - accuracy: 0.9831 - val_loss: 0.0973 - val_accuracy: 0.9798
DEBUG: 2023-08-01 22:35:52,097: keras_callback.py: on_epoch_end: Epoch 290/10000 - loss: 0.0599 - accuracy: 0.9835 - val_loss: 0.0961 - val_accuracy: 0.9804
DEBUG: 2023-08-01 22:35:54,067: keras_callback.py: on_epoch_end: Epoch 300/10000 - loss: 0.0582 - accuracy: 0.9831 - val_loss: 0.0957 - val_accuracy: 0.9784
DEBUG: 2023-08-01 22:35:56,051: keras_callback.py: on_epoch_end: Epoch 310/10000 - loss: 0.0559 - accuracy: 0.9846 - val_loss: 0.0937 - val_accuracy: 0.9798
DEBUG: 2023-08-01 22:35:57,999: keras_callback.py: on_epoch_end: Epoch 320/10000 - loss: 0.055 - accuracy: 0.9857 - val_loss: 0.0903 - val_accuracy: 0.9811
DEBUG: 2023-08-01 22:35:59,934: keras_callback.py: on_epoch_end: Epoch 330/10000 - loss: 0.0524 - accuracy: 0.9863 - val_loss: 0.0886 - val_accuracy: 0.9798
DEBUG: 2023-08-01 22:36:01,884: keras_callback.py: on_epoch_end: Epoch 340/10000 - loss: 0.051 - accuracy: 0.9858 - val_loss: 0.0855 - val_accuracy: 0.9811
DEBUG: 2023-08-01 22:36:03,798: keras_callback.py: on_epoch_end: Epoch 350/10000 - loss: 0.0502 - accuracy: 0.9862 - val_loss: 0.0827 - val_accuracy: 0.9818
DEBUG: 2023-08-01 22:36:05,746: keras_callback.py: on_epoch_end: Epoch 360/10000 - loss: 0.049 - accuracy: 0.9867 - val_loss: 0.0818 - val_accuracy: 0.9831
DEBUG: 2023-08-01 22:36:07,669: keras_callback.py: on_epoch_end: Epoch 370/10000 - loss: 0.0478 - accuracy: 0.9863 - val_loss: 0.0804 - val_accuracy: 0.9811
DEBUG: 2023-08-01 22:36:09,635: keras_callback.py: on_epoch_end: Epoch 380/10000 - loss: 0.0462 - accuracy: 0.9877 - val_loss: 0.0786 - val_accuracy: 0.9825
DEBUG: 2023-08-01 22:36:11,543: keras_callback.py: on_epoch_end: Epoch 390/10000 - loss: 0.0456 - accuracy: 0.9867 - val_loss: 0.0773 - val_accuracy: 0.9818
DEBUG: 2023-08-01 22:36:13,459: keras_callback.py: on_epoch_end: Epoch 400/10000 - loss: 0.0454 - accuracy: 0.9875 - val_loss: 0.076 - val_accuracy: 0.9811
DEBUG: 2023-08-01 22:36:15,384: keras_callback.py: on_epoch_end: Epoch 410/10000 - loss: 0.0423 - accuracy: 0.9894 - val_loss: 0.0726 - val_accuracy: 0.9811
DEBUG: 2023-08-01 22:36:17,315: keras_callback.py: on_epoch_end: Epoch 420/10000 - loss: 0.0413 - accuracy: 0.9897 - val_loss: 0.0721 - val_accuracy: 0.9811
DEBUG: 2023-08-01 22:36:19,278: keras_callback.py: on_epoch_end: Epoch 430/10000 - loss: 0.0399 - accuracy: 0.9899 - val_loss: 0.0717 - val_accuracy: 0.9804
DEBUG: 2023-08-01 22:36:21,194: keras_callback.py: on_epoch_end: Epoch 440/10000 - loss: 0.0404 - accuracy: 0.9889 - val_loss: 0.0694 - val_accuracy: 0.9804
DEBUG: 2023-08-01 22:36:23,219: keras_callback.py: on_epoch_end: Epoch 450/10000 - loss: 0.039 - accuracy: 0.989 - val_loss: 0.0666 - val_accuracy: 0.9811
DEBUG: 2023-08-01 22:36:25,177: keras_callback.py: on_epoch_end: Epoch 460/10000 - loss: 0.0395 - accuracy: 0.9892 - val_loss: 0.0663 - val_accuracy: 0.9811
DEBUG: 2023-08-01 22:36:27,119: keras_callback.py: on_epoch_end: Epoch 470/10000 - loss: 0.0383 - accuracy: 0.9897 - val_loss: 0.0687 - val_accuracy: 0.9804
DEBUG: 2023-08-01 22:36:29,091: keras_callback.py: on_epoch_end: Epoch 480/10000 - loss: 0.038 - accuracy: 0.9902 - val_loss: 0.0625 - val_accuracy: 0.9825
DEBUG: 2023-08-01 22:36:30,981: keras_callback.py: on_epoch_end: Epoch 490/10000 - loss: 0.037 - accuracy: 0.9904 - val_loss: 0.0638 - val_accuracy: 0.9825
DEBUG: 2023-08-01 22:36:32,904: keras_callback.py: on_epoch_end: Epoch 500/10000 - loss: 0.0378 - accuracy: 0.9895 - val_loss: 0.06 - val_accuracy: 0.9831
DEBUG: 2023-08-01 22:36:34,921: keras_callback.py: on_epoch_end: Epoch 510/10000 - loss: 0.0357 - accuracy: 0.9909 - val_loss: 0.0603 - val_accuracy: 0.9831
DEBUG: 2023-08-01 22:36:36,902: keras_callback.py: on_epoch_end: Epoch 520/10000 - loss: 0.035 - accuracy: 0.9902 - val_loss: 0.0598 - val_accuracy: 0.9825
DEBUG: 2023-08-01 22:36:38,879: keras_callback.py: on_epoch_end: Epoch 530/10000 - loss: 0.034 - accuracy: 0.9917 - val_loss: 0.0614 - val_accuracy: 0.9831
DEBUG: 2023-08-01 22:36:40,870: keras_callback.py: on_epoch_end: Epoch 540/10000 - loss: 0.0328 - accuracy: 0.9914 - val_loss: 0.0603 - val_accuracy: 0.9825
DEBUG: 2023-08-01 22:36:42,801: keras_callback.py: on_epoch_end: Epoch 550/10000 - loss: 0.034 - accuracy: 0.9902 - val_loss: 0.0621 - val_accuracy: 0.9825
DEBUG: 2023-08-01 22:36:44,763: keras_callback.py: on_epoch_end: Epoch 560/10000 - loss: 0.0319 - accuracy: 0.9921 - val_loss: 0.0587 - val_accuracy: 0.9838
DEBUG: 2023-08-01 22:36:46,740: keras_callback.py: on_epoch_end: Epoch 570/10000 - loss: 0.032 - accuracy: 0.9912 - val_loss: 0.0586 - val_accuracy: 0.9831
DEBUG: 2023-08-01 22:36:48,658: keras_callback.py: on_epoch_end: Epoch 580/10000 - loss: 0.0309 - accuracy: 0.9921 - val_loss: 0.059 - val_accuracy: 0.9831
DEBUG: 2023-08-01 22:36:50,620: keras_callback.py: on_epoch_end: Epoch 590/10000 - loss: 0.0304 - accuracy: 0.9922 - val_loss: 0.0578 - val_accuracy: 0.9838
DEBUG: 2023-08-01 22:36:52,590: keras_callback.py: on_epoch_end: Epoch 600/10000 - loss: 0.031 - accuracy: 0.9924 - val_loss: 0.0545 - val_accuracy: 0.9838
DEBUG: 2023-08-01 22:36:54,562: keras_callback.py: on_epoch_end: Epoch 610/10000 - loss: 0.0289 - accuracy: 0.9924 - val_loss: 0.0549 - val_accuracy: 0.9838
DEBUG: 2023-08-01 22:36:56,697: keras_callback.py: on_epoch_end: Epoch 620/10000 - loss: 0.0293 - accuracy: 0.9927 - val_loss: 0.0552 - val_accuracy: 0.9838
DEBUG: 2023-08-01 22:36:58,896: keras_callback.py: on_epoch_end: Epoch 630/10000 - loss: 0.0304 - accuracy: 0.9917 - val_loss: 0.0552 - val_accuracy: 0.9838
DEBUG: 2023-08-01 22:37:01,031: keras_callback.py: on_epoch_end: Epoch 640/10000 - loss: 0.0304 - accuracy: 0.9919 - val_loss: 0.0551 - val_accuracy: 0.9831
DEBUG: 2023-08-01 22:37:03,069: keras_callback.py: on_epoch_end: Epoch 650/10000 - loss: 0.0286 - accuracy: 0.9932 - val_loss: 0.05 - val_accuracy: 0.9858
DEBUG: 2023-08-01 22:37:05,078: keras_callback.py: on_epoch_end: Epoch 660/10000 - loss: 0.0287 - accuracy: 0.9939 - val_loss: 0.0525 - val_accuracy: 0.9825
DEBUG: 2023-08-01 22:37:07,125: keras_callback.py: on_epoch_end: Epoch 670/10000 - loss: 0.0276 - accuracy: 0.9939 - val_loss: 0.0521 - val_accuracy: 0.9845
DEBUG: 2023-08-01 22:37:09,237: keras_callback.py: on_epoch_end: Epoch 680/10000 - loss: 0.0271 - accuracy: 0.9934 - val_loss: 0.0531 - val_accuracy: 0.9831
DEBUG: 2023-08-01 22:37:09,437: attrs.py: __getitem__: Creating converter from 3 to 5
DEBUG: 2023-08-01 22:37:11,641: 2623015374.py: <module>: X_tr.shape=(5925, 128, 6, 1) X_val.shape=(1481, 128, 6, 1) X_test.shape=(2993, 128, 6, 1)
DEBUG: 2023-08-01 22:37:11,642: 2623015374.py: <module>: y_tr.shape=(5925, 6) y_val.shape=(1481, 6) y_test.shape=(2993, 6)
DEBUG: 2023-08-01 22:37:14,513: keras_callback.py: on_epoch_end: Epoch 10/10000 - loss: 0.5541 - accuracy: 0.8516 - val_loss: 0.6212 - val_accuracy: 0.867
DEBUG: 2023-08-01 22:37:16,712: keras_callback.py: on_epoch_end: Epoch 20/10000 - loss: 0.3234 - accuracy: 0.9031 - val_loss: 0.3933 - val_accuracy: 0.9088
DEBUG: 2023-08-01 22:37:18,908: keras_callback.py: on_epoch_end: Epoch 30/10000 - loss: 0.2366 - accuracy: 0.9283 - val_loss: 0.3099 - val_accuracy: 0.9196
DEBUG: 2023-08-01 22:37:21,160: keras_callback.py: on_epoch_end: Epoch 40/10000 - loss: 0.1947 - accuracy: 0.9408 - val_loss: 0.2645 - val_accuracy: 0.9264
DEBUG: 2023-08-01 22:37:23,630: keras_callback.py: on_epoch_end: Epoch 50/10000 - loss: 0.1725 - accuracy: 0.9435 - val_loss: 0.2355 - val_accuracy: 0.9318
DEBUG: 2023-08-01 22:37:25,970: keras_callback.py: on_epoch_end: Epoch 60/10000 - loss: 0.1567 - accuracy: 0.9475 - val_loss: 0.2145 - val_accuracy: 0.9365
DEBUG: 2023-08-01 22:37:28,324: keras_callback.py: on_epoch_end: Epoch 70/10000 - loss: 0.1404 - accuracy: 0.9529 - val_loss: 0.1995 - val_accuracy: 0.9406
DEBUG: 2023-08-01 22:37:30,421: keras_callback.py: on_epoch_end: Epoch 80/10000 - loss: 0.1309 - accuracy: 0.9585 - val_loss: 0.1876 - val_accuracy: 0.9426
DEBUG: 2023-08-01 22:37:32,655: keras_callback.py: on_epoch_end: Epoch 90/10000 - loss: 0.1224 - accuracy: 0.958 - val_loss: 0.1777 - val_accuracy: 0.946
DEBUG: 2023-08-01 22:37:34,852: keras_callback.py: on_epoch_end: Epoch 100/10000 - loss: 0.115 - accuracy: 0.9629 - val_loss: 0.1704 - val_accuracy: 0.9453
DEBUG: 2023-08-01 22:37:37,168: keras_callback.py: on_epoch_end: Epoch 110/10000 - loss: 0.1079 - accuracy: 0.9642 - val_loss: 0.1592 - val_accuracy: 0.9521
DEBUG: 2023-08-01 22:37:39,400: keras_callback.py: on_epoch_end: Epoch 120/10000 - loss: 0.1013 - accuracy: 0.9661 - val_loss: 0.1538 - val_accuracy: 0.948
DEBUG: 2023-08-01 22:37:41,520: keras_callback.py: on_epoch_end: Epoch 130/10000 - loss: 0.0947 - accuracy: 0.9664 - val_loss: 0.149 - val_accuracy: 0.9473
DEBUG: 2023-08-01 22:37:43,478: keras_callback.py: on_epoch_end: Epoch 140/10000 - loss: 0.0916 - accuracy: 0.9691 - val_loss: 0.146 - val_accuracy: 0.948
DEBUG: 2023-08-01 22:37:45,501: keras_callback.py: on_epoch_end: Epoch 150/10000 - loss: 0.0881 - accuracy: 0.9727 - val_loss: 0.1418 - val_accuracy: 0.9487
DEBUG: 2023-08-01 22:37:47,551: keras_callback.py: on_epoch_end: Epoch 160/10000 - loss: 0.0842 - accuracy: 0.973 - val_loss: 0.1342 - val_accuracy: 0.9554
DEBUG: 2023-08-01 22:37:49,572: keras_callback.py: on_epoch_end: Epoch 170/10000 - loss: 0.0811 - accuracy: 0.9733 - val_loss: 0.1309 - val_accuracy: 0.9568
DEBUG: 2023-08-01 22:37:51,664: keras_callback.py: on_epoch_end: Epoch 180/10000 - loss: 0.0784 - accuracy: 0.9757 - val_loss: 0.13 - val_accuracy: 0.9581
DEBUG: 2023-08-01 22:37:53,641: keras_callback.py: on_epoch_end: Epoch 190/10000 - loss: 0.0732 - accuracy: 0.9786 - val_loss: 0.1269 - val_accuracy: 0.9575
DEBUG: 2023-08-01 22:37:55,742: keras_callback.py: on_epoch_end: Epoch 200/10000 - loss: 0.0721 - accuracy: 0.9781 - val_loss: 0.121 - val_accuracy: 0.9635
DEBUG: 2023-08-01 22:37:58,018: keras_callback.py: on_epoch_end: Epoch 210/10000 - loss: 0.068 - accuracy: 0.9801 - val_loss: 0.1184 - val_accuracy: 0.9656
DEBUG: 2023-08-01 22:38:00,123: keras_callback.py: on_epoch_end: Epoch 220/10000 - loss: 0.0675 - accuracy: 0.9814 - val_loss: 0.1192 - val_accuracy: 0.9683
DEBUG: 2023-08-01 22:38:02,385: keras_callback.py: on_epoch_end: Epoch 230/10000 - loss: 0.0647 - accuracy: 0.9833 - val_loss: 0.1163 - val_accuracy: 0.9683
DEBUG: 2023-08-01 22:38:04,646: keras_callback.py: on_epoch_end: Epoch 240/10000 - loss: 0.0636 - accuracy: 0.9813 - val_loss: 0.1132 - val_accuracy: 0.9703
DEBUG: 2023-08-01 22:38:06,945: keras_callback.py: on_epoch_end: Epoch 250/10000 - loss: 0.0607 - accuracy: 0.9848 - val_loss: 0.1147 - val_accuracy: 0.9662
DEBUG: 2023-08-01 22:38:09,165: keras_callback.py: on_epoch_end: Epoch 260/10000 - loss: 0.0595 - accuracy: 0.9855 - val_loss: 0.1101 - val_accuracy: 0.9689
DEBUG: 2023-08-01 22:38:11,453: keras_callback.py: on_epoch_end: Epoch 270/10000 - loss: 0.0567 - accuracy: 0.9843 - val_loss: 0.1087 - val_accuracy: 0.9703
DEBUG: 2023-08-01 22:38:13,737: keras_callback.py: on_epoch_end: Epoch 280/10000 - loss: 0.0562 - accuracy: 0.9851 - val_loss: 0.1091 - val_accuracy: 0.9703
DEBUG: 2023-08-01 22:38:16,026: keras_callback.py: on_epoch_end: Epoch 290/10000 - loss: 0.0552 - accuracy: 0.9848 - val_loss: 0.1082 - val_accuracy: 0.9716
DEBUG: 2023-08-01 22:38:18,193: keras_callback.py: on_epoch_end: Epoch 300/10000 - loss: 0.0542 - accuracy: 0.9851 - val_loss: 0.1067 - val_accuracy: 0.9716
DEBUG: 2023-08-01 22:38:20,184: keras_callback.py: on_epoch_end: Epoch 310/10000 - loss: 0.0518 - accuracy: 0.987 - val_loss: 0.1016 - val_accuracy: 0.9723
DEBUG: 2023-08-01 22:38:22,158: keras_callback.py: on_epoch_end: Epoch 320/10000 - loss: 0.051 - accuracy: 0.9877 - val_loss: 0.0979 - val_accuracy: 0.973
DEBUG: 2023-08-01 22:38:24,099: keras_callback.py: on_epoch_end: Epoch 330/10000 - loss: 0.0502 - accuracy: 0.9872 - val_loss: 0.1009 - val_accuracy: 0.971
DEBUG: 2023-08-01 22:38:26,099: keras_callback.py: on_epoch_end: Epoch 340/10000 - loss: 0.0486 - accuracy: 0.9882 - val_loss: 0.1008 - val_accuracy: 0.9703
DEBUG: 2023-08-01 22:38:28,205: keras_callback.py: on_epoch_end: Epoch 350/10000 - loss: 0.0472 - accuracy: 0.9877 - val_loss: 0.1001 - val_accuracy: 0.971
DEBUG: 2023-08-01 22:38:30,355: keras_callback.py: on_epoch_end: Epoch 360/10000 - loss: 0.0465 - accuracy: 0.9873 - val_loss: 0.0962 - val_accuracy: 0.9723
DEBUG: 2023-08-01 22:38:32,430: keras_callback.py: on_epoch_end: Epoch 370/10000 - loss: 0.0438 - accuracy: 0.988 - val_loss: 0.0974 - val_accuracy: 0.9703
DEBUG: 2023-08-01 22:38:34,663: keras_callback.py: on_epoch_end: Epoch 380/10000 - loss: 0.0449 - accuracy: 0.9878 - val_loss: 0.0967 - val_accuracy: 0.971
DEBUG: 2023-08-01 22:38:37,100: keras_callback.py: on_epoch_end: Epoch 390/10000 - loss: 0.0437 - accuracy: 0.9885 - val_loss: 0.0949 - val_accuracy: 0.9723
DEBUG: 2023-08-01 22:38:39,740: keras_callback.py: on_epoch_end: Epoch 400/10000 - loss: 0.0449 - accuracy: 0.9867 - val_loss: 0.0931 - val_accuracy: 0.9723
DEBUG: 2023-08-01 22:38:42,000: keras_callback.py: on_epoch_end: Epoch 410/10000 - loss: 0.0436 - accuracy: 0.9878 - val_loss: 0.0937 - val_accuracy: 0.973
DEBUG: 2023-08-01 22:38:44,512: keras_callback.py: on_epoch_end: Epoch 420/10000 - loss: 0.0415 - accuracy: 0.9887 - val_loss: 0.0931 - val_accuracy: 0.973
DEBUG: 2023-08-01 22:38:46,727: keras_callback.py: on_epoch_end: Epoch 430/10000 - loss: 0.0419 - accuracy: 0.9885 - val_loss: 0.0946 - val_accuracy: 0.971
DEBUG: 2023-08-01 22:38:48,721: keras_callback.py: on_epoch_end: Epoch 440/10000 - loss: 0.0405 - accuracy: 0.9895 - val_loss: 0.0913 - val_accuracy: 0.973
DEBUG: 2023-08-01 22:38:50,889: keras_callback.py: on_epoch_end: Epoch 450/10000 - loss: 0.0409 - accuracy: 0.9882 - val_loss: 0.0929 - val_accuracy: 0.973
DEBUG: 2023-08-01 22:38:52,913: keras_callback.py: on_epoch_end: Epoch 460/10000 - loss: 0.0385 - accuracy: 0.9899 - val_loss: 0.0924 - val_accuracy: 0.9716
DEBUG: 2023-08-01 22:38:55,105: keras_callback.py: on_epoch_end: Epoch 470/10000 - loss: 0.0391 - accuracy: 0.9894 - val_loss: 0.0929 - val_accuracy: 0.9723
DEBUG: 2023-08-01 22:38:57,113: keras_callback.py: on_epoch_end: Epoch 480/10000 - loss: 0.0389 - accuracy: 0.9889 - val_loss: 0.0854 - val_accuracy: 0.9743
DEBUG: 2023-08-01 22:38:59,121: keras_callback.py: on_epoch_end: Epoch 490/10000 - loss: 0.0379 - accuracy: 0.99 - val_loss: 0.0892 - val_accuracy: 0.9743
DEBUG: 2023-08-01 22:39:01,156: keras_callback.py: on_epoch_end: Epoch 500/10000 - loss: 0.0355 - accuracy: 0.9904 - val_loss: 0.0874 - val_accuracy: 0.975
DEBUG: 2023-08-01 22:39:03,227: keras_callback.py: on_epoch_end: Epoch 510/10000 - loss: 0.0377 - accuracy: 0.9897 - val_loss: 0.0855 - val_accuracy: 0.975
DEBUG: 2023-08-01 22:39:05,393: keras_callback.py: on_epoch_end: Epoch 520/10000 - loss: 0.0359 - accuracy: 0.9899 - val_loss: 0.0861 - val_accuracy: 0.973
DEBUG: 2023-08-01 22:39:07,423: keras_callback.py: on_epoch_end: Epoch 530/10000 - loss: 0.0351 - accuracy: 0.9917 - val_loss: 0.0864 - val_accuracy: 0.9757
DEBUG: 2023-08-01 22:39:09,530: keras_callback.py: on_epoch_end: Epoch 540/10000 - loss: 0.0348 - accuracy: 0.9911 - val_loss: 0.0875 - val_accuracy: 0.9737
DEBUG: 2023-08-01 22:39:11,532: keras_callback.py: on_epoch_end: Epoch 550/10000 - loss: 0.0343 - accuracy: 0.9911 - val_loss: 0.0856 - val_accuracy: 0.9757
DEBUG: 2023-08-01 22:39:13,552: keras_callback.py: on_epoch_end: Epoch 560/10000 - loss: 0.0327 - accuracy: 0.9909 - val_loss: 0.0893 - val_accuracy: 0.975
DEBUG: 2023-08-01 22:39:16,208: 2623015374.py: <module>: X_tr.shape=(5925, 128, 6, 1) X_val.shape=(1481, 128, 6, 1) X_test.shape=(2993, 128, 6, 1)
DEBUG: 2023-08-01 22:39:16,209: 2623015374.py: <module>: y_tr.shape=(5925, 6) y_val.shape=(1481, 6) y_test.shape=(2993, 6)
DEBUG: 2023-08-01 22:39:19,492: keras_callback.py: on_epoch_end: Epoch 10/10000 - loss: 0.8219 - accuracy: 0.7715 - val_loss: 0.8918 - val_accuracy: 0.7934
DEBUG: 2023-08-01 22:39:21,588: keras_callback.py: on_epoch_end: Epoch 20/10000 - loss: 0.6392 - accuracy: 0.7992 - val_loss: 0.7071 - val_accuracy: 0.8089
DEBUG: 2023-08-01 22:39:23,847: keras_callback.py: on_epoch_end: Epoch 30/10000 - loss: 0.4516 - accuracy: 0.8992 - val_loss: 0.526 - val_accuracy: 0.9007
DEBUG: 2023-08-01 22:39:25,898: keras_callback.py: on_epoch_end: Epoch 40/10000 - loss: 0.3037 - accuracy: 0.93 - val_loss: 0.3726 - val_accuracy: 0.9223
DEBUG: 2023-08-01 22:39:27,984: keras_callback.py: on_epoch_end: Epoch 50/10000 - loss: 0.2206 - accuracy: 0.9362 - val_loss: 0.2901 - val_accuracy: 0.9278
DEBUG: 2023-08-01 22:39:30,103: keras_callback.py: on_epoch_end: Epoch 60/10000 - loss: 0.1823 - accuracy: 0.9421 - val_loss: 0.2413 - val_accuracy: 0.9298
DEBUG: 2023-08-01 22:39:32,229: keras_callback.py: on_epoch_end: Epoch 70/10000 - loss: 0.1542 - accuracy: 0.9489 - val_loss: 0.2077 - val_accuracy: 0.9386
DEBUG: 2023-08-01 22:39:34,330: keras_callback.py: on_epoch_end: Epoch 80/10000 - loss: 0.136 - accuracy: 0.9519 - val_loss: 0.1805 - val_accuracy: 0.9419
DEBUG: 2023-08-01 22:39:36,426: keras_callback.py: on_epoch_end: Epoch 90/10000 - loss: 0.124 - accuracy: 0.9583 - val_loss: 0.1693 - val_accuracy: 0.9419
DEBUG: 2023-08-01 22:39:38,678: keras_callback.py: on_epoch_end: Epoch 100/10000 - loss: 0.1153 - accuracy: 0.9598 - val_loss: 0.1585 - val_accuracy: 0.946
DEBUG: 2023-08-01 22:39:40,933: keras_callback.py: on_epoch_end: Epoch 110/10000 - loss: 0.1041 - accuracy: 0.9639 - val_loss: 0.1531 - val_accuracy: 0.9453
DEBUG: 2023-08-01 22:39:43,273: keras_callback.py: on_epoch_end: Epoch 120/10000 - loss: 0.0996 - accuracy: 0.9622 - val_loss: 0.1452 - val_accuracy: 0.948
DEBUG: 2023-08-01 22:39:45,573: keras_callback.py: on_epoch_end: Epoch 130/10000 - loss: 0.0948 - accuracy: 0.9652 - val_loss: 0.1413 - val_accuracy: 0.948
DEBUG: 2023-08-01 22:39:47,740: keras_callback.py: on_epoch_end: Epoch 140/10000 - loss: 0.0895 - accuracy: 0.9668 - val_loss: 0.1359 - val_accuracy: 0.9487
DEBUG: 2023-08-01 22:39:49,818: keras_callback.py: on_epoch_end: Epoch 150/10000 - loss: 0.087 - accuracy: 0.9652 - val_loss: 0.1312 - val_accuracy: 0.9548
DEBUG: 2023-08-01 22:39:51,896: keras_callback.py: on_epoch_end: Epoch 160/10000 - loss: 0.0834 - accuracy: 0.97 - val_loss: 0.1268 - val_accuracy: 0.9588
DEBUG: 2023-08-01 22:39:54,140: keras_callback.py: on_epoch_end: Epoch 170/10000 - loss: 0.0799 - accuracy: 0.9698 - val_loss: 0.1234 - val_accuracy: 0.9615
DEBUG: 2023-08-01 22:39:56,145: keras_callback.py: on_epoch_end: Epoch 180/10000 - loss: 0.0767 - accuracy: 0.9743 - val_loss: 0.1193 - val_accuracy: 0.9622
DEBUG: 2023-08-01 22:39:58,215: keras_callback.py: on_epoch_end: Epoch 190/10000 - loss: 0.0748 - accuracy: 0.9742 - val_loss: 0.1155 - val_accuracy: 0.9642
DEBUG: 2023-08-01 22:40:00,277: keras_callback.py: on_epoch_end: Epoch 200/10000 - loss: 0.0725 - accuracy: 0.9759 - val_loss: 0.1137 - val_accuracy: 0.9676
DEBUG: 2023-08-01 22:40:02,341: keras_callback.py: on_epoch_end: Epoch 210/10000 - loss: 0.0708 - accuracy: 0.9764 - val_loss: 0.1123 - val_accuracy: 0.9696
DEBUG: 2023-08-01 22:40:04,640: keras_callback.py: on_epoch_end: Epoch 220/10000 - loss: 0.0689 - accuracy: 0.9774 - val_loss: 0.1087 - val_accuracy: 0.973
DEBUG: 2023-08-01 22:40:06,801: keras_callback.py: on_epoch_end: Epoch 230/10000 - loss: 0.0662 - accuracy: 0.9794 - val_loss: 0.1058 - val_accuracy: 0.971
DEBUG: 2023-08-01 22:40:08,914: keras_callback.py: on_epoch_end: Epoch 240/10000 - loss: 0.0652 - accuracy: 0.9782 - val_loss: 0.1081 - val_accuracy: 0.9676
DEBUG: 2023-08-01 22:40:11,097: keras_callback.py: on_epoch_end: Epoch 250/10000 - loss: 0.0609 - accuracy: 0.9818 - val_loss: 0.1039 - val_accuracy: 0.9683
DEBUG: 2023-08-01 22:40:13,156: keras_callback.py: on_epoch_end: Epoch 260/10000 - loss: 0.0585 - accuracy: 0.9814 - val_loss: 0.1017 - val_accuracy: 0.9703
DEBUG: 2023-08-01 22:40:15,325: keras_callback.py: on_epoch_end: Epoch 270/10000 - loss: 0.0585 - accuracy: 0.9821 - val_loss: 0.0993 - val_accuracy: 0.9737
DEBUG: 2023-08-01 22:40:17,368: keras_callback.py: on_epoch_end: Epoch 280/10000 - loss: 0.0552 - accuracy: 0.9851 - val_loss: 0.0967 - val_accuracy: 0.9743
DEBUG: 2023-08-01 22:40:19,436: keras_callback.py: on_epoch_end: Epoch 290/10000 - loss: 0.0552 - accuracy: 0.9836 - val_loss: 0.0961 - val_accuracy: 0.9723
DEBUG: 2023-08-01 22:40:21,670: keras_callback.py: on_epoch_end: Epoch 300/10000 - loss: 0.0513 - accuracy: 0.9858 - val_loss: 0.094 - val_accuracy: 0.9737
DEBUG: 2023-08-01 22:40:23,942: keras_callback.py: on_epoch_end: Epoch 310/10000 - loss: 0.0513 - accuracy: 0.986 - val_loss: 0.0925 - val_accuracy: 0.975
DEBUG: 2023-08-01 22:40:26,138: keras_callback.py: on_epoch_end: Epoch 320/10000 - loss: 0.0514 - accuracy: 0.9867 - val_loss: 0.0932 - val_accuracy: 0.9764
DEBUG: 2023-08-01 22:40:28,372: keras_callback.py: on_epoch_end: Epoch 330/10000 - loss: 0.0489 - accuracy: 0.9863 - val_loss: 0.0935 - val_accuracy: 0.975
DEBUG: 2023-08-01 22:40:30,405: keras_callback.py: on_epoch_end: Epoch 340/10000 - loss: 0.048 - accuracy: 0.986 - val_loss: 0.0923 - val_accuracy: 0.9757
DEBUG: 2023-08-01 22:40:32,420: keras_callback.py: on_epoch_end: Epoch 350/10000 - loss: 0.0464 - accuracy: 0.988 - val_loss: 0.088 - val_accuracy: 0.9764
DEBUG: 2023-08-01 22:40:34,437: keras_callback.py: on_epoch_end: Epoch 360/10000 - loss: 0.0446 - accuracy: 0.9892 - val_loss: 0.0874 - val_accuracy: 0.977
DEBUG: 2023-08-01 22:40:36,536: keras_callback.py: on_epoch_end: Epoch 370/10000 - loss: 0.0461 - accuracy: 0.9887 - val_loss: 0.0917 - val_accuracy: 0.977
DEBUG: 2023-08-01 22:40:38,583: keras_callback.py: on_epoch_end: Epoch 380/10000 - loss: 0.0421 - accuracy: 0.99 - val_loss: 0.0873 - val_accuracy: 0.9791
DEBUG: 2023-08-01 22:40:40,577: keras_callback.py: on_epoch_end: Epoch 390/10000 - loss: 0.0428 - accuracy: 0.988 - val_loss: 0.0915 - val_accuracy: 0.9777
DEBUG: 2023-08-01 22:40:42,581: keras_callback.py: on_epoch_end: Epoch 400/10000 - loss: 0.0418 - accuracy: 0.988 - val_loss: 0.088 - val_accuracy: 0.9797
DEBUG: 2023-08-01 22:40:44,577: keras_callback.py: on_epoch_end: Epoch 410/10000 - loss: 0.0384 - accuracy: 0.9927 - val_loss: 0.083 - val_accuracy: 0.9797
DEBUG: 2023-08-01 22:40:46,597: keras_callback.py: on_epoch_end: Epoch 420/10000 - loss: 0.0393 - accuracy: 0.9905 - val_loss: 0.0839 - val_accuracy: 0.9791
DEBUG: 2023-08-01 22:40:48,660: keras_callback.py: on_epoch_end: Epoch 430/10000 - loss: 0.0373 - accuracy: 0.9936 - val_loss: 0.0841 - val_accuracy: 0.9797
DEBUG: 2023-08-01 22:40:50,675: keras_callback.py: on_epoch_end: Epoch 440/10000 - loss: 0.0368 - accuracy: 0.9909 - val_loss: 0.084 - val_accuracy: 0.9797
DEBUG: 2023-08-01 22:40:52,726: keras_callback.py: on_epoch_end: Epoch 450/10000 - loss: 0.0355 - accuracy: 0.9922 - val_loss: 0.0832 - val_accuracy: 0.9811
DEBUG: 2023-08-01 22:40:54,758: keras_callback.py: on_epoch_end: Epoch 460/10000 - loss: 0.0367 - accuracy: 0.9917 - val_loss: 0.0859 - val_accuracy: 0.9797
DEBUG: 2023-08-01 22:40:56,901: keras_callback.py: on_epoch_end: Epoch 470/10000 - loss: 0.034 - accuracy: 0.9934 - val_loss: 0.0794 - val_accuracy: 0.9804
DEBUG: 2023-08-01 22:40:59,004: keras_callback.py: on_epoch_end: Epoch 480/10000 - loss: 0.0332 - accuracy: 0.9932 - val_loss: 0.0766 - val_accuracy: 0.9811
DEBUG: 2023-08-01 22:41:01,069: keras_callback.py: on_epoch_end: Epoch 490/10000 - loss: 0.0324 - accuracy: 0.9946 - val_loss: 0.0778 - val_accuracy: 0.9811
DEBUG: 2023-08-01 22:41:03,130: keras_callback.py: on_epoch_end: Epoch 500/10000 - loss: 0.0319 - accuracy: 0.9934 - val_loss: 0.0756 - val_accuracy: 0.9811
DEBUG: 2023-08-01 22:41:05,257: keras_callback.py: on_epoch_end: Epoch 510/10000 - loss: 0.0326 - accuracy: 0.9932 - val_loss: 0.0793 - val_accuracy: 0.9818
DEBUG: 2023-08-01 22:41:07,338: keras_callback.py: on_epoch_end: Epoch 520/10000 - loss: 0.0315 - accuracy: 0.9934 - val_loss: 0.0776 - val_accuracy: 0.9824
DEBUG: 2023-08-01 22:41:09,388: keras_callback.py: on_epoch_end: Epoch 530/10000 - loss: 0.0312 - accuracy: 0.9943 - val_loss: 0.0746 - val_accuracy: 0.9824
DEBUG: 2023-08-01 22:41:11,387: keras_callback.py: on_epoch_end: Epoch 540/10000 - loss: 0.0314 - accuracy: 0.9934 - val_loss: 0.0754 - val_accuracy: 0.9824
DEBUG: 2023-08-01 22:41:13,482: keras_callback.py: on_epoch_end: Epoch 550/10000 - loss: 0.0305 - accuracy: 0.9941 - val_loss: 0.0747 - val_accuracy: 0.9824
DEBUG: 2023-08-01 22:41:15,545: keras_callback.py: on_epoch_end: Epoch 560/10000 - loss: 0.0294 - accuracy: 0.9938 - val_loss: 0.0748 - val_accuracy: 0.9824
DEBUG: 2023-08-01 22:41:17,613: keras_callback.py: on_epoch_end: Epoch 570/10000 - loss: 0.0285 - accuracy: 0.9953 - val_loss: 0.0717 - val_accuracy: 0.9824
DEBUG: 2023-08-01 22:41:21,111: 2623015374.py: <module>: X_tr.shape=(5925, 128, 6, 1) X_val.shape=(1481, 128, 6, 1) X_test.shape=(2993, 128, 6, 1)
DEBUG: 2023-08-01 22:41:21,112: 2623015374.py: <module>: y_tr.shape=(5925, 6) y_val.shape=(1481, 6) y_test.shape=(2993, 6)
DEBUG: 2023-08-01 22:41:24,000: keras_callback.py: on_epoch_end: Epoch 10/10000 - loss: 0.7964 - accuracy: 0.706 - val_loss: 0.857 - val_accuracy: 0.7259
DEBUG: 2023-08-01 22:41:26,260: keras_callback.py: on_epoch_end: Epoch 20/10000 - loss: 0.5955 - accuracy: 0.8636 - val_loss: 0.6422 - val_accuracy: 0.8818
DEBUG: 2023-08-01 22:41:28,568: keras_callback.py: on_epoch_end: Epoch 30/10000 - loss: 0.4014 - accuracy: 0.9085 - val_loss: 0.4433 - val_accuracy: 0.9163
DEBUG: 2023-08-01 22:41:30,794: keras_callback.py: on_epoch_end: Epoch 40/10000 - loss: 0.2121 - accuracy: 0.9377 - val_loss: 0.2631 - val_accuracy: 0.9318
DEBUG: 2023-08-01 22:41:33,016: keras_callback.py: on_epoch_end: Epoch 50/10000 - loss: 0.1742 - accuracy: 0.9436 - val_loss: 0.214 - val_accuracy: 0.9392
DEBUG: 2023-08-01 22:41:35,397: keras_callback.py: on_epoch_end: Epoch 60/10000 - loss: 0.1512 - accuracy: 0.9532 - val_loss: 0.1894 - val_accuracy: 0.9446
DEBUG: 2023-08-01 22:41:37,654: keras_callback.py: on_epoch_end: Epoch 70/10000 - loss: 0.1374 - accuracy: 0.9568 - val_loss: 0.1742 - val_accuracy: 0.9467
DEBUG: 2023-08-01 22:41:39,872: keras_callback.py: on_epoch_end: Epoch 80/10000 - loss: 0.1286 - accuracy: 0.9573 - val_loss: 0.1641 - val_accuracy: 0.95
DEBUG: 2023-08-01 22:41:42,201: keras_callback.py: on_epoch_end: Epoch 90/10000 - loss: 0.1201 - accuracy: 0.9593 - val_loss: 0.1538 - val_accuracy: 0.9494
DEBUG: 2023-08-01 22:41:44,429: keras_callback.py: on_epoch_end: Epoch 100/10000 - loss: 0.1131 - accuracy: 0.9615 - val_loss: 0.1471 - val_accuracy: 0.9514
DEBUG: 2023-08-01 22:41:46,571: keras_callback.py: on_epoch_end: Epoch 110/10000 - loss: 0.108 - accuracy: 0.9634 - val_loss: 0.1418 - val_accuracy: 0.9521
DEBUG: 2023-08-01 22:41:48,830: keras_callback.py: on_epoch_end: Epoch 120/10000 - loss: 0.1024 - accuracy: 0.9644 - val_loss: 0.1358 - val_accuracy: 0.9534
DEBUG: 2023-08-01 22:41:51,069: keras_callback.py: on_epoch_end: Epoch 130/10000 - loss: 0.0961 - accuracy: 0.9657 - val_loss: 0.1308 - val_accuracy: 0.9527
DEBUG: 2023-08-01 22:41:53,111: keras_callback.py: on_epoch_end: Epoch 140/10000 - loss: 0.0935 - accuracy: 0.9662 - val_loss: 0.1276 - val_accuracy: 0.9521
DEBUG: 2023-08-01 22:41:55,281: keras_callback.py: on_epoch_end: Epoch 150/10000 - loss: 0.0903 - accuracy: 0.9656 - val_loss: 0.1242 - val_accuracy: 0.9527
DEBUG: 2023-08-01 22:41:57,528: keras_callback.py: on_epoch_end: Epoch 160/10000 - loss: 0.086 - accuracy: 0.9684 - val_loss: 0.1196 - val_accuracy: 0.9527
DEBUG: 2023-08-01 22:41:59,612: keras_callback.py: on_epoch_end: Epoch 170/10000 - loss: 0.0834 - accuracy: 0.9696 - val_loss: 0.1173 - val_accuracy: 0.9521
DEBUG: 2023-08-01 22:42:01,933: keras_callback.py: on_epoch_end: Epoch 180/10000 - loss: 0.0814 - accuracy: 0.9705 - val_loss: 0.1148 - val_accuracy: 0.9561
DEBUG: 2023-08-01 22:42:04,563: keras_callback.py: on_epoch_end: Epoch 190/10000 - loss: 0.0793 - accuracy: 0.9728 - val_loss: 0.1109 - val_accuracy: 0.9554
DEBUG: 2023-08-01 22:42:06,711: keras_callback.py: on_epoch_end: Epoch 200/10000 - loss: 0.0768 - accuracy: 0.9742 - val_loss: 0.1105 - val_accuracy: 0.9588
DEBUG: 2023-08-01 22:42:08,878: keras_callback.py: on_epoch_end: Epoch 210/10000 - loss: 0.0738 - accuracy: 0.9747 - val_loss: 0.1096 - val_accuracy: 0.9581
DEBUG: 2023-08-01 22:42:11,029: keras_callback.py: on_epoch_end: Epoch 220/10000 - loss: 0.0727 - accuracy: 0.975 - val_loss: 0.1082 - val_accuracy: 0.9595
DEBUG: 2023-08-01 22:42:13,254: keras_callback.py: on_epoch_end: Epoch 230/10000 - loss: 0.0714 - accuracy: 0.9754 - val_loss: 0.1047 - val_accuracy: 0.9622
DEBUG: 2023-08-01 22:42:15,285: keras_callback.py: on_epoch_end: Epoch 240/10000 - loss: 0.0696 - accuracy: 0.9762 - val_loss: 0.1034 - val_accuracy: 0.9649
DEBUG: 2023-08-01 22:42:17,385: keras_callback.py: on_epoch_end: Epoch 250/10000 - loss: 0.0691 - accuracy: 0.9767 - val_loss: 0.1032 - val_accuracy: 0.9629
DEBUG: 2023-08-01 22:42:19,438: keras_callback.py: on_epoch_end: Epoch 260/10000 - loss: 0.0664 - accuracy: 0.9769 - val_loss: 0.1 - val_accuracy: 0.9615
DEBUG: 2023-08-01 22:42:21,559: keras_callback.py: on_epoch_end: Epoch 270/10000 - loss: 0.0654 - accuracy: 0.9779 - val_loss: 0.1003 - val_accuracy: 0.9669
DEBUG: 2023-08-01 22:42:23,621: keras_callback.py: on_epoch_end: Epoch 280/10000 - loss: 0.0641 - accuracy: 0.9797 - val_loss: 0.0999 - val_accuracy: 0.9683
DEBUG: 2023-08-01 22:42:25,670: keras_callback.py: on_epoch_end: Epoch 290/10000 - loss: 0.0619 - accuracy: 0.9803 - val_loss: 0.0992 - val_accuracy: 0.9676
DEBUG: 2023-08-01 22:42:27,838: keras_callback.py: on_epoch_end: Epoch 300/10000 - loss: 0.0606 - accuracy: 0.9809 - val_loss: 0.0966 - val_accuracy: 0.9669
DEBUG: 2023-08-01 22:42:30,089: keras_callback.py: on_epoch_end: Epoch 310/10000 - loss: 0.0593 - accuracy: 0.9819 - val_loss: 0.0954 - val_accuracy: 0.9635
DEBUG: 2023-08-01 22:42:32,157: keras_callback.py: on_epoch_end: Epoch 320/10000 - loss: 0.0599 - accuracy: 0.9824 - val_loss: 0.0966 - val_accuracy: 0.9669
DEBUG: 2023-08-01 22:42:34,236: keras_callback.py: on_epoch_end: Epoch 330/10000 - loss: 0.0566 - accuracy: 0.9833 - val_loss: 0.0952 - val_accuracy: 0.9676
DEBUG: 2023-08-01 22:42:36,275: keras_callback.py: on_epoch_end: Epoch 340/10000 - loss: 0.0558 - accuracy: 0.9821 - val_loss: 0.0949 - val_accuracy: 0.9683
DEBUG: 2023-08-01 22:42:38,512: keras_callback.py: on_epoch_end: Epoch 350/10000 - loss: 0.0537 - accuracy: 0.9841 - val_loss: 0.093 - val_accuracy: 0.9696
DEBUG: 2023-08-01 22:42:40,526: keras_callback.py: on_epoch_end: Epoch 360/10000 - loss: 0.0555 - accuracy: 0.9838 - val_loss: 0.093 - val_accuracy: 0.971
DEBUG: 2023-08-01 22:42:42,575: keras_callback.py: on_epoch_end: Epoch 370/10000 - loss: 0.0512 - accuracy: 0.9843 - val_loss: 0.0947 - val_accuracy: 0.9703
DEBUG: 2023-08-01 22:42:44,611: keras_callback.py: on_epoch_end: Epoch 380/10000 - loss: 0.0527 - accuracy: 0.9845 - val_loss: 0.095 - val_accuracy: 0.973
DEBUG: 2023-08-01 22:42:46,664: keras_callback.py: on_epoch_end: Epoch 390/10000 - loss: 0.0517 - accuracy: 0.985 - val_loss: 0.0928 - val_accuracy: 0.9723
DEBUG: 2023-08-01 22:42:49,765: 2623015374.py: <module>: X_tr.shape=(5925, 128, 6, 1) X_val.shape=(1481, 128, 6, 1) X_test.shape=(2993, 128, 6, 1)
DEBUG: 2023-08-01 22:42:49,765: 2623015374.py: <module>: y_tr.shape=(5925, 6) y_val.shape=(1481, 6) y_test.shape=(2993, 6)
DEBUG: 2023-08-01 22:42:52,561: keras_callback.py: on_epoch_end: Epoch 10/10000 - loss: 0.4359 - accuracy: 0.8719 - val_loss: 0.5279 - val_accuracy: 0.8771
DEBUG: 2023-08-01 22:42:54,759: keras_callback.py: on_epoch_end: Epoch 20/10000 - loss: 0.2811 - accuracy: 0.9127 - val_loss: 0.3497 - val_accuracy: 0.9109
DEBUG: 2023-08-01 22:42:56,974: keras_callback.py: on_epoch_end: Epoch 30/10000 - loss: 0.2163 - accuracy: 0.9323 - val_loss: 0.2795 - val_accuracy: 0.9291
DEBUG: 2023-08-01 22:42:59,236: keras_callback.py: on_epoch_end: Epoch 40/10000 - loss: 0.1862 - accuracy: 0.9394 - val_loss: 0.2413 - val_accuracy: 0.9386
DEBUG: 2023-08-01 22:43:01,443: keras_callback.py: on_epoch_end: Epoch 50/10000 - loss: 0.163 - accuracy: 0.9465 - val_loss: 0.2177 - val_accuracy: 0.9426
DEBUG: 2023-08-01 22:43:03,610: keras_callback.py: on_epoch_end: Epoch 60/10000 - loss: 0.1459 - accuracy: 0.9549 - val_loss: 0.201 - val_accuracy: 0.9467
DEBUG: 2023-08-01 22:43:05,809: keras_callback.py: on_epoch_end: Epoch 70/10000 - loss: 0.1341 - accuracy: 0.9559 - val_loss: 0.1863 - val_accuracy: 0.9487
DEBUG: 2023-08-01 22:43:07,943: keras_callback.py: on_epoch_end: Epoch 80/10000 - loss: 0.1265 - accuracy: 0.958 - val_loss: 0.1771 - val_accuracy: 0.95
DEBUG: 2023-08-01 22:43:10,113: keras_callback.py: on_epoch_end: Epoch 90/10000 - loss: 0.1175 - accuracy: 0.9615 - val_loss: 0.1658 - val_accuracy: 0.9534
DEBUG: 2023-08-01 22:43:12,258: keras_callback.py: on_epoch_end: Epoch 100/10000 - loss: 0.1135 - accuracy: 0.9629 - val_loss: 0.1592 - val_accuracy: 0.9527
DEBUG: 2023-08-01 22:43:14,418: keras_callback.py: on_epoch_end: Epoch 110/10000 - loss: 0.1061 - accuracy: 0.9654 - val_loss: 0.1513 - val_accuracy: 0.9568
DEBUG: 2023-08-01 22:43:16,579: keras_callback.py: on_epoch_end: Epoch 120/10000 - loss: 0.1011 - accuracy: 0.9649 - val_loss: 0.1444 - val_accuracy: 0.9575
DEBUG: 2023-08-01 22:43:18,761: keras_callback.py: on_epoch_end: Epoch 130/10000 - loss: 0.095 - accuracy: 0.9671 - val_loss: 0.1389 - val_accuracy: 0.9568
DEBUG: 2023-08-01 22:43:20,838: keras_callback.py: on_epoch_end: Epoch 140/10000 - loss: 0.0905 - accuracy: 0.9701 - val_loss: 0.1361 - val_accuracy: 0.9595
DEBUG: 2023-08-01 22:43:23,036: keras_callback.py: on_epoch_end: Epoch 150/10000 - loss: 0.0881 - accuracy: 0.9708 - val_loss: 0.1293 - val_accuracy: 0.9622
DEBUG: 2023-08-01 22:43:25,444: keras_callback.py: on_epoch_end: Epoch 160/10000 - loss: 0.0844 - accuracy: 0.9745 - val_loss: 0.1261 - val_accuracy: 0.9622
DEBUG: 2023-08-01 22:43:27,805: keras_callback.py: on_epoch_end: Epoch 170/10000 - loss: 0.0804 - accuracy: 0.9747 - val_loss: 0.1217 - val_accuracy: 0.9635
DEBUG: 2023-08-01 22:43:30,355: keras_callback.py: on_epoch_end: Epoch 180/10000 - loss: 0.0778 - accuracy: 0.9754 - val_loss: 0.1195 - val_accuracy: 0.9656
DEBUG: 2023-08-01 22:43:32,705: keras_callback.py: on_epoch_end: Epoch 190/10000 - loss: 0.0742 - accuracy: 0.9774 - val_loss: 0.1139 - val_accuracy: 0.9703
DEBUG: 2023-08-01 22:43:35,190: keras_callback.py: on_epoch_end: Epoch 200/10000 - loss: 0.0719 - accuracy: 0.9804 - val_loss: 0.112 - val_accuracy: 0.9703
DEBUG: 2023-08-01 22:43:37,653: keras_callback.py: on_epoch_end: Epoch 210/10000 - loss: 0.0716 - accuracy: 0.9806 - val_loss: 0.1088 - val_accuracy: 0.9743
DEBUG: 2023-08-01 22:43:39,943: keras_callback.py: on_epoch_end: Epoch 220/10000 - loss: 0.0666 - accuracy: 0.9819 - val_loss: 0.1058 - val_accuracy: 0.9723
DEBUG: 2023-08-01 22:43:42,330: keras_callback.py: on_epoch_end: Epoch 230/10000 - loss: 0.0654 - accuracy: 0.9823 - val_loss: 0.1036 - val_accuracy: 0.973
DEBUG: 2023-08-01 22:43:44,745: keras_callback.py: on_epoch_end: Epoch 240/10000 - loss: 0.0636 - accuracy: 0.984 - val_loss: 0.1004 - val_accuracy: 0.9743
DEBUG: 2023-08-01 22:43:47,132: keras_callback.py: on_epoch_end: Epoch 250/10000 - loss: 0.0616 - accuracy: 0.985 - val_loss: 0.0987 - val_accuracy: 0.973
DEBUG: 2023-08-01 22:43:49,518: keras_callback.py: on_epoch_end: Epoch 260/10000 - loss: 0.0589 - accuracy: 0.9857 - val_loss: 0.0987 - val_accuracy: 0.9703
DEBUG: 2023-08-01 22:43:51,876: keras_callback.py: on_epoch_end: Epoch 270/10000 - loss: 0.0577 - accuracy: 0.9857 - val_loss: 0.0941 - val_accuracy: 0.9743
DEBUG: 2023-08-01 22:43:54,337: keras_callback.py: on_epoch_end: Epoch 280/10000 - loss: 0.056 - accuracy: 0.9863 - val_loss: 0.0922 - val_accuracy: 0.9716
DEBUG: 2023-08-01 22:43:56,826: keras_callback.py: on_epoch_end: Epoch 290/10000 - loss: 0.0553 - accuracy: 0.9851 - val_loss: 0.09 - val_accuracy: 0.975
DEBUG: 2023-08-01 22:43:59,290: keras_callback.py: on_epoch_end: Epoch 300/10000 - loss: 0.0516 - accuracy: 0.9872 - val_loss: 0.09 - val_accuracy: 0.9723
DEBUG: 2023-08-01 22:44:01,695: keras_callback.py: on_epoch_end: Epoch 310/10000 - loss: 0.0524 - accuracy: 0.9851 - val_loss: 0.0897 - val_accuracy: 0.9737
DEBUG: 2023-08-01 22:44:04,236: keras_callback.py: on_epoch_end: Epoch 320/10000 - loss: 0.0498 - accuracy: 0.9868 - val_loss: 0.0871 - val_accuracy: 0.9716
DEBUG: 2023-08-01 22:44:06,577: keras_callback.py: on_epoch_end: Epoch 330/10000 - loss: 0.0489 - accuracy: 0.987 - val_loss: 0.0874 - val_accuracy: 0.971
DEBUG: 2023-08-01 22:44:09,015: keras_callback.py: on_epoch_end: Epoch 340/10000 - loss: 0.0478 - accuracy: 0.9873 - val_loss: 0.0862 - val_accuracy: 0.9757
DEBUG: 2023-08-01 22:44:11,440: keras_callback.py: on_epoch_end: Epoch 350/10000 - loss: 0.0465 - accuracy: 0.986 - val_loss: 0.0843 - val_accuracy: 0.9743
DEBUG: 2023-08-01 22:44:13,819: keras_callback.py: on_epoch_end: Epoch 360/10000 - loss: 0.045 - accuracy: 0.9882 - val_loss: 0.0824 - val_accuracy: 0.9764
DEBUG: 2023-08-01 22:44:16,134: keras_callback.py: on_epoch_end: Epoch 370/10000 - loss: 0.0443 - accuracy: 0.989 - val_loss: 0.0823 - val_accuracy: 0.973
DEBUG: 2023-08-01 22:44:18,352: keras_callback.py: on_epoch_end: Epoch 380/10000 - loss: 0.0421 - accuracy: 0.9884 - val_loss: 0.0807 - val_accuracy: 0.9743
DEBUG: 2023-08-01 22:44:20,809: keras_callback.py: on_epoch_end: Epoch 390/10000 - loss: 0.0419 - accuracy: 0.9882 - val_loss: 0.0788 - val_accuracy: 0.9764
DEBUG: 2023-08-01 22:44:23,068: keras_callback.py: on_epoch_end: Epoch 400/10000 - loss: 0.0417 - accuracy: 0.9884 - val_loss: 0.0781 - val_accuracy: 0.9757
DEBUG: 2023-08-01 22:44:25,380: keras_callback.py: on_epoch_end: Epoch 410/10000 - loss: 0.0402 - accuracy: 0.9889 - val_loss: 0.076 - val_accuracy: 0.9784
DEBUG: 2023-08-01 22:44:27,676: keras_callback.py: on_epoch_end: Epoch 420/10000 - loss: 0.0391 - accuracy: 0.99 - val_loss: 0.0776 - val_accuracy: 0.9791
DEBUG: 2023-08-01 22:44:30,018: keras_callback.py: on_epoch_end: Epoch 430/10000 - loss: 0.0393 - accuracy: 0.9878 - val_loss: 0.0744 - val_accuracy: 0.9804
DEBUG: 2023-08-01 22:44:32,249: keras_callback.py: on_epoch_end: Epoch 440/10000 - loss: 0.0363 - accuracy: 0.9907 - val_loss: 0.0735 - val_accuracy: 0.9797
DEBUG: 2023-08-01 22:44:34,471: keras_callback.py: on_epoch_end: Epoch 450/10000 - loss: 0.0372 - accuracy: 0.9911 - val_loss: 0.0728 - val_accuracy: 0.9791
DEBUG: 2023-08-01 22:44:36,666: keras_callback.py: on_epoch_end: Epoch 460/10000 - loss: 0.036 - accuracy: 0.9904 - val_loss: 0.0726 - val_accuracy: 0.977
DEBUG: 2023-08-01 22:44:38,827: keras_callback.py: on_epoch_end: Epoch 470/10000 - loss: 0.0358 - accuracy: 0.9919 - val_loss: 0.071 - val_accuracy: 0.9797
DEBUG: 2023-08-01 22:44:41,165: keras_callback.py: on_epoch_end: Epoch 480/10000 - loss: 0.0346 - accuracy: 0.9907 - val_loss: 0.0695 - val_accuracy: 0.9811
DEBUG: 2023-08-01 22:44:43,370: keras_callback.py: on_epoch_end: Epoch 490/10000 - loss: 0.0348 - accuracy: 0.9914 - val_loss: 0.0706 - val_accuracy: 0.9791
DEBUG: 2023-08-01 22:44:45,524: keras_callback.py: on_epoch_end: Epoch 500/10000 - loss: 0.0345 - accuracy: 0.9909 - val_loss: 0.0705 - val_accuracy: 0.9797
DEBUG: 2023-08-01 22:44:47,799: keras_callback.py: on_epoch_end: Epoch 510/10000 - loss: 0.0333 - accuracy: 0.9919 - val_loss: 0.0698 - val_accuracy: 0.9818
DEBUG: 2023-08-01 22:44:50,047: keras_callback.py: on_epoch_end: Epoch 520/10000 - loss: 0.0316 - accuracy: 0.9929 - val_loss: 0.0677 - val_accuracy: 0.9811
DEBUG: 2023-08-01 22:44:52,274: keras_callback.py: on_epoch_end: Epoch 530/10000 - loss: 0.0314 - accuracy: 0.9919 - val_loss: 0.0673 - val_accuracy: 0.9824
DEBUG: 2023-08-01 22:44:54,446: keras_callback.py: on_epoch_end: Epoch 540/10000 - loss: 0.0309 - accuracy: 0.9922 - val_loss: 0.0663 - val_accuracy: 0.9804
DEBUG: 2023-08-01 22:44:56,713: keras_callback.py: on_epoch_end: Epoch 550/10000 - loss: 0.0297 - accuracy: 0.9941 - val_loss: 0.0655 - val_accuracy: 0.9818
DEBUG: 2023-08-01 22:44:59,069: keras_callback.py: on_epoch_end: Epoch 560/10000 - loss: 0.0307 - accuracy: 0.9934 - val_loss: 0.0671 - val_accuracy: 0.9838
DEBUG: 2023-08-01 22:45:01,320: keras_callback.py: on_epoch_end: Epoch 570/10000 - loss: 0.0304 - accuracy: 0.9934 - val_loss: 0.0651 - val_accuracy: 0.9824
DEBUG: 2023-08-01 22:45:03,577: keras_callback.py: on_epoch_end: Epoch 580/10000 - loss: 0.031 - accuracy: 0.9929 - val_loss: 0.0669 - val_accuracy: 0.9818
DEBUG: 2023-08-01 22:45:05,984: keras_callback.py: on_epoch_end: Epoch 590/10000 - loss: 0.0294 - accuracy: 0.9934 - val_loss: 0.0667 - val_accuracy: 0.9818
DEBUG: 2023-08-01 22:45:08,615: keras_callback.py: on_epoch_end: Epoch 600/10000 - loss: 0.0285 - accuracy: 0.9944 - val_loss: 0.0635 - val_accuracy: 0.9831
DEBUG: 2023-08-01 22:45:11,114: keras_callback.py: on_epoch_end: Epoch 610/10000 - loss: 0.0271 - accuracy: 0.9948 - val_loss: 0.0637 - val_accuracy: 0.9838
DEBUG: 2023-08-01 22:45:13,454: keras_callback.py: on_epoch_end: Epoch 620/10000 - loss: 0.0275 - accuracy: 0.9939 - val_loss: 0.0635 - val_accuracy: 0.9831
DEBUG: 2023-08-01 22:45:15,819: keras_callback.py: on_epoch_end: Epoch 630/10000 - loss: 0.0269 - accuracy: 0.9941 - val_loss: 0.0632 - val_accuracy: 0.9831
DEBUG: 2023-08-01 22:45:18,228: keras_callback.py: on_epoch_end: Epoch 640/10000 - loss: 0.0275 - accuracy: 0.9936 - val_loss: 0.0618 - val_accuracy: 0.9838
DEBUG: 2023-08-01 22:45:20,669: keras_callback.py: on_epoch_end: Epoch 650/10000 - loss: 0.0267 - accuracy: 0.9939 - val_loss: 0.0605 - val_accuracy: 0.9838
DEBUG: 2023-08-01 22:45:23,181: keras_callback.py: on_epoch_end: Epoch 660/10000 - loss: 0.026 - accuracy: 0.9946 - val_loss: 0.0626 - val_accuracy: 0.9831
DEBUG: 2023-08-01 22:45:25,675: keras_callback.py: on_epoch_end: Epoch 670/10000 - loss: 0.025 - accuracy: 0.9956 - val_loss: 0.0607 - val_accuracy: 0.9845
DEBUG: 2023-08-01 22:45:27,946: keras_callback.py: on_epoch_end: Epoch 680/10000 - loss: 0.0264 - accuracy: 0.9944 - val_loss: 0.0609 - val_accuracy: 0.9831
DEBUG: 2023-08-01 22:45:30,364: keras_callback.py: on_epoch_end: Epoch 690/10000 - loss: 0.0251 - accuracy: 0.9953 - val_loss: 0.06 - val_accuracy: 0.9845
DEBUG: 2023-08-01 22:45:32,593: keras_callback.py: on_epoch_end: Epoch 700/10000 - loss: 0.0248 - accuracy: 0.9956 - val_loss: 0.0604 - val_accuracy: 0.9845
DEBUG: 2023-08-01 22:45:34,904: keras_callback.py: on_epoch_end: Epoch 710/10000 - loss: 0.0241 - accuracy: 0.9953 - val_loss: 0.0587 - val_accuracy: 0.9845
DEBUG: 2023-08-01 22:45:37,177: keras_callback.py: on_epoch_end: Epoch 720/10000 - loss: 0.0243 - accuracy: 0.9954 - val_loss: 0.0588 - val_accuracy: 0.9845
DEBUG: 2023-08-01 22:45:39,349: keras_callback.py: on_epoch_end: Epoch 730/10000 - loss: 0.0241 - accuracy: 0.9956 - val_loss: 0.0595 - val_accuracy: 0.9845
DEBUG: 2023-08-01 22:45:41,758: keras_callback.py: on_epoch_end: Epoch 740/10000 - loss: 0.0235 - accuracy: 0.9951 - val_loss: 0.0572 - val_accuracy: 0.9838
DEBUG: 2023-08-01 22:45:44,559: keras_callback.py: on_epoch_end: Epoch 750/10000 - loss: 0.0228 - accuracy: 0.9965 - val_loss: 0.059 - val_accuracy: 0.9851
DEBUG: 2023-08-01 22:45:46,942: keras_callback.py: on_epoch_end: Epoch 760/10000 - loss: 0.0235 - accuracy: 0.9958 - val_loss: 0.0575 - val_accuracy: 0.9845
DEBUG: 2023-08-01 22:45:49,619: keras_callback.py: on_epoch_end: Epoch 770/10000 - loss: 0.0227 - accuracy: 0.9965 - val_loss: 0.0575 - val_accuracy: 0.9858
DEBUG: 2023-08-01 22:45:52,128: keras_callback.py: on_epoch_end: Epoch 780/10000 - loss: 0.0237 - accuracy: 0.9956 - val_loss: 0.0561 - val_accuracy: 0.9838
DEBUG: 2023-08-01 22:45:54,620: keras_callback.py: on_epoch_end: Epoch 790/10000 - loss: 0.0231 - accuracy: 0.9954 - val_loss: 0.0564 - val_accuracy: 0.9865
DEBUG: 2023-08-01 22:45:57,219: keras_callback.py: on_epoch_end: Epoch 800/10000 - loss: 0.0225 - accuracy: 0.9948 - val_loss: 0.0579 - val_accuracy: 0.9851
DEBUG: 2023-08-01 22:45:59,488: keras_callback.py: on_epoch_end: Epoch 810/10000 - loss: 0.0215 - accuracy: 0.9956 - val_loss: 0.056 - val_accuracy: 0.9858
DEBUG: 2023-08-01 22:46:01,759: keras_callback.py: on_epoch_end: Epoch 820/10000 - loss: 0.0231 - accuracy: 0.9948 - val_loss: 0.0548 - val_accuracy: 0.9851
DEBUG: 2023-08-01 22:46:03,975: keras_callback.py: on_epoch_end: Epoch 830/10000 - loss: 0.0229 - accuracy: 0.9958 - val_loss: 0.056 - val_accuracy: 0.9851
DEBUG: 2023-08-01 22:46:06,308: keras_callback.py: on_epoch_end: Epoch 840/10000 - loss: 0.0215 - accuracy: 0.9958 - val_loss: 0.0565 - val_accuracy: 0.9851
DEBUG: 2023-08-01 22:46:08,962: keras_callback.py: on_epoch_end: Epoch 850/10000 - loss: 0.0206 - accuracy: 0.9968 - val_loss: 0.0555 - val_accuracy: 0.9865
DEBUG: 2023-08-01 22:46:11,224: keras_callback.py: on_epoch_end: Epoch 860/10000 - loss: 0.0223 - accuracy: 0.9959 - val_loss: 0.0542 - val_accuracy: 0.9858
DEBUG: 2023-08-01 22:46:13,665: keras_callback.py: on_epoch_end: Epoch 870/10000 - loss: 0.0217 - accuracy: 0.9963 - val_loss: 0.0551 - val_accuracy: 0.9838
DEBUG: 2023-08-01 22:46:16,037: keras_callback.py: on_epoch_end: Epoch 880/10000 - loss: 0.0213 - accuracy: 0.9958 - val_loss: 0.0552 - val_accuracy: 0.9858
DEBUG: 2023-08-01 22:46:18,304: keras_callback.py: on_epoch_end: Epoch 890/10000 - loss: 0.0215 - accuracy: 0.9951 - val_loss: 0.0543 - val_accuracy: 0.9838
DEBUG: 2023-08-01 22:46:20,537: 4266479415.py: <module>: ---Cross Validation Scores---
DEBUG: 2023-08-01 22:46:20,539: 4266479415.py: <module>: ---train---
DEBUG: 2023-08-01 22:46:20,540: 4266479415.py: <module>: logloss=0.038043
DEBUG: 2023-08-01 22:46:20,541: 4266479415.py: <module>: accuracy=0.99281
DEBUG: 2023-08-01 22:46:20,542: 4266479415.py: <module>: precision=0.993866
DEBUG: 2023-08-01 22:46:20,544: 4266479415.py: <module>: recall=0.993201
DEBUG: 2023-08-01 22:46:20,544: 4266479415.py: <module>: f1=0.993419
DEBUG: 2023-08-01 22:46:20,546: 4266479415.py: <module>: per-class f1={'LAYING': 1.0, 'WALKING': 1.0, 'WALKING_UPSTAIRS': 1.0, 'WALKING_DOWNSTAIRS': 1.0, 'SITTING': 0.978852, 'STANDING': 0.98166}
DEBUG: 2023-08-01 22:46:20,546: 4266479415.py: <module>: ---valid---
DEBUG: 2023-08-01 22:46:20,547: 4266479415.py: <module>: logloss=0.069731
DEBUG: 2023-08-01 22:46:20,548: 4266479415.py: <module>: accuracy=0.979475
DEBUG: 2023-08-01 22:46:20,549: 4266479415.py: <module>: precision=0.980756
DEBUG: 2023-08-01 22:46:20,550: 4266479415.py: <module>: recall=0.979493
DEBUG: 2023-08-01 22:46:20,551: 4266479415.py: <module>: f1=0.979948
DEBUG: 2023-08-01 22:46:20,552: 4266479415.py: <module>: per-class f1={'LAYING': 1.0, 'WALKING': 0.981855, 'WALKING_UPSTAIRS': 0.990142, 'WALKING_DOWNSTAIRS': 0.985168, 'SITTING': 0.959276, 'STANDING': 0.963243}
DEBUG: 2023-08-01 22:46:20,553: 4266479415.py: <module>: ---test---
DEBUG: 2023-08-01 22:46:20,554: 4266479415.py: <module>: logloss=0.420497
DEBUG: 2023-08-01 22:46:20,554: 4266479415.py: <module>: accuracy=0.929369
DEBUG: 2023-08-01 22:46:20,556: 4266479415.py: <module>: precision=0.929436
DEBUG: 2023-08-01 22:46:20,556: 4266479415.py: <module>: recall=0.930698
DEBUG: 2023-08-01 22:46:20,557: 4266479415.py: <module>: f1=0.928934
DEBUG: 2023-08-01 22:46:20,558: 4266479415.py: <module>: per-class f1={'LAYING': 0.989629, 'WALKING': 0.921357, 'WALKING_UPSTAIRS': 0.944316, 'WALKING_DOWNSTAIRS': 0.923039, 'SITTING': 0.889222, 'STANDING': 0.906042}
DEBUG: 2023-08-01 22:46:20,590: 2315415076.py: <module>: ---Final Test Scores Averaged over Folds---
DEBUG: 2023-08-01 22:47:35,518: 1695527446.py: <module>: ---Final Test Scores Averaged over Folds---
DEBUG: 2023-08-01 22:47:35,521: 1695527446.py: <module>: accuracy=0.9331774139659205
DEBUG: 2023-08-01 22:47:35,525: 1695527446.py: <module>: precision=0.9332762801879464
DEBUG: 2023-08-01 22:47:35,529: 1695527446.py: <module>: recall=0.9345405537198245
DEBUG: 2023-08-01 22:47:35,533: 1695527446.py: <module>: f1=0.9329345573554675
DEBUG: 2023-08-01 22:47:35,536: 1695527446.py: <module>: per-class f1=[0.99634369 0.92226891 0.96       0.92633929 0.88866995 0.90398551]
DEBUG: 2023-08-01 22:47:44,935: 1695527446.py: <module>: ---Final Test Scores Averaged over Folds---
DEBUG: 2023-08-01 22:47:48,241: 2315415076.py: <module>: ---Final Test Scores Averaged over Folds---
DEBUG: 2023-08-01 22:47:48,244: 2315415076.py: <module>: accuracy=0.9331774139659205
DEBUG: 2023-08-01 22:47:48,248: 2315415076.py: <module>: precision=0.9332762801879464
DEBUG: 2023-08-01 22:47:48,252: 2315415076.py: <module>: recall=0.9345405537198245
DEBUG: 2023-08-01 22:47:48,255: 2315415076.py: <module>: f1=0.9329345573554675
DEBUG: 2023-08-01 22:47:48,260: 2315415076.py: <module>: per-class f1=[0.99634369 0.92226891 0.96       0.92633929 0.88866995 0.90398551]
