DEBUG: 2023-07-30 12:41:42,513: 62444462.py: <module>: /home/tahoora/Projects/college_project/Human_Activity_Recognition/notebooks/../logs/deep_cnn_lstm_logs/deep-conv-lstm-20230730-124142/deep-conv-lstm-20230730-124142.log
DEBUG: 2023-07-30 12:42:03,912: 62444462.py: <module>: X_train.shape=(7406, 128, 6, 1) X_test.shape=(2993, 128, 6, 1)
DEBUG: 2023-07-30 12:42:03,914: 62444462.py: <module>: y_train.shape=(7406, 1) y_test.shape=(2993, 1)
DEBUG: 2023-07-30 12:42:03,922: utils.py: check_class_balance: train labels
DEBUG: 2023-07-30 12:42:03,923: utils.py: check_class_balance: LAYING (0): 1412 samples (19.07 %)
DEBUG: 2023-07-30 12:42:03,925: utils.py: check_class_balance: WALKING (1): 1224 samples (16.53 %)
DEBUG: 2023-07-30 12:42:03,926: utils.py: check_class_balance: WALKING_UPSTAIRS (2): 1072 samples (14.47 %)
DEBUG: 2023-07-30 12:42:03,928: utils.py: check_class_balance: WALKING_DOWNSTAIRS (3): 987 samples (13.33 %)
DEBUG: 2023-07-30 12:42:03,929: utils.py: check_class_balance: SITTING (4): 1290 samples (17.42 %)
DEBUG: 2023-07-30 12:42:03,931: utils.py: check_class_balance: STANDING (5): 1421 samples (19.19 %)
DEBUG: 2023-07-30 12:42:03,933: utils.py: check_class_balance: test labels
DEBUG: 2023-07-30 12:42:03,935: utils.py: check_class_balance: LAYING (0): 545 samples (18.21 %)
DEBUG: 2023-07-30 12:42:03,937: utils.py: check_class_balance: WALKING (1): 496 samples (16.57 %)
DEBUG: 2023-07-30 12:42:03,939: utils.py: check_class_balance: WALKING_UPSTAIRS (2): 470 samples (15.7 %)
DEBUG: 2023-07-30 12:42:03,941: utils.py: check_class_balance: WALKING_DOWNSTAIRS (3): 419 samples (14.0 %)
DEBUG: 2023-07-30 12:42:03,942: utils.py: check_class_balance: SITTING (4): 507 samples (16.94 %)
DEBUG: 2023-07-30 12:42:03,944: utils.py: check_class_balance: STANDING (5): 556 samples (18.58 %)
DEBUG: 2023-07-30 12:42:04,007: 3941774885.py: <module>: dcl_params={'batch_size': 128, 'epochs': 10000, 'lr': 0.0001, 'verbose': 0}
DEBUG: 2023-07-30 12:42:04,071: 2623015374.py: <module>: X_tr.shape=(5924, 128, 6, 1) X_val.shape=(1482, 128, 6, 1) X_test.shape=(2993, 128, 6, 1)
DEBUG: 2023-07-30 12:42:04,073: 2623015374.py: <module>: y_tr.shape=(5924, 6) y_val.shape=(1482, 6) y_test.shape=(2993, 6)
DEBUG: 2023-07-30 12:42:24,784: attrs.py: create: Creating converter from 5 to 3
DEBUG: 2023-07-30 12:42:52,709: keras_callback.py: on_epoch_end: Epoch 10/10000 - loss: 0.1412 - accuracy: 0.9492 - val_loss: 0.1311 - val_accuracy: 0.9582
DEBUG: 2023-07-30 12:43:24,321: keras_callback.py: on_epoch_end: Epoch 20/10000 - loss: 0.1054 - accuracy: 0.9536 - val_loss: 0.0945 - val_accuracy: 0.9622
DEBUG: 2023-07-30 12:43:54,063: keras_callback.py: on_epoch_end: Epoch 30/10000 - loss: 0.1109 - accuracy: 0.9551 - val_loss: 0.0824 - val_accuracy: 0.9676
DEBUG: 2023-07-30 12:44:24,131: keras_callback.py: on_epoch_end: Epoch 40/10000 - loss: 0.1199 - accuracy: 0.9463 - val_loss: 0.1311 - val_accuracy: 0.9521
DEBUG: 2023-07-30 12:44:39,058: keras_callback.py: on_epoch_end: Epoch 50/10000 - loss: 0.0696 - accuracy: 0.9674 - val_loss: 0.0612 - val_accuracy: 0.9771
DEBUG: 2023-07-30 12:44:52,335: keras_callback.py: on_epoch_end: Epoch 60/10000 - loss: 0.0869 - accuracy: 0.9644 - val_loss: 0.0708 - val_accuracy: 0.9757
DEBUG: 2023-07-30 12:45:05,536: keras_callback.py: on_epoch_end: Epoch 70/10000 - loss: 0.0607 - accuracy: 0.9725 - val_loss: 0.0624 - val_accuracy: 0.9818
DEBUG: 2023-07-30 12:45:18,827: keras_callback.py: on_epoch_end: Epoch 80/10000 - loss: 0.0549 - accuracy: 0.9752 - val_loss: 0.0536 - val_accuracy: 0.9852
DEBUG: 2023-07-30 12:45:32,193: keras_callback.py: on_epoch_end: Epoch 90/10000 - loss: 0.1173 - accuracy: 0.9632 - val_loss: 0.068 - val_accuracy: 0.9838
DEBUG: 2023-07-30 12:45:45,505: keras_callback.py: on_epoch_end: Epoch 100/10000 - loss: 0.0418 - accuracy: 0.9857 - val_loss: 0.0558 - val_accuracy: 0.9852
DEBUG: 2023-07-30 12:45:58,799: keras_callback.py: on_epoch_end: Epoch 110/10000 - loss: 0.1364 - accuracy: 0.9517 - val_loss: 0.0677 - val_accuracy: 0.9818
DEBUG: 2023-07-30 12:46:12,165: keras_callback.py: on_epoch_end: Epoch 120/10000 - loss: 0.0485 - accuracy: 0.9823 - val_loss: 0.0583 - val_accuracy: 0.9825
DEBUG: 2023-07-30 12:46:22,580: attrs.py: __getitem__: Creating converter from 3 to 5
DEBUG: 2023-07-30 12:46:34,701: 2623015374.py: <module>: X_tr.shape=(5925, 128, 6, 1) X_val.shape=(1481, 128, 6, 1) X_test.shape=(2993, 128, 6, 1)
DEBUG: 2023-07-30 12:46:34,702: 2623015374.py: <module>: y_tr.shape=(5925, 6) y_val.shape=(1481, 6) y_test.shape=(2993, 6)
DEBUG: 2023-07-30 12:46:56,730: keras_callback.py: on_epoch_end: Epoch 10/10000 - loss: 0.1539 - accuracy: 0.945 - val_loss: 0.1453 - val_accuracy: 0.9453
DEBUG: 2023-07-30 12:47:10,730: keras_callback.py: on_epoch_end: Epoch 20/10000 - loss: 0.1007 - accuracy: 0.9602 - val_loss: 0.1021 - val_accuracy: 0.9602
DEBUG: 2023-07-30 12:47:24,980: keras_callback.py: on_epoch_end: Epoch 30/10000 - loss: 0.0822 - accuracy: 0.9679 - val_loss: 0.1077 - val_accuracy: 0.9575
DEBUG: 2023-07-30 12:47:38,834: keras_callback.py: on_epoch_end: Epoch 40/10000 - loss: 0.0728 - accuracy: 0.9686 - val_loss: 0.0757 - val_accuracy: 0.9689
DEBUG: 2023-07-30 12:47:52,357: keras_callback.py: on_epoch_end: Epoch 50/10000 - loss: 0.059 - accuracy: 0.9809 - val_loss: 0.0636 - val_accuracy: 0.9764
DEBUG: 2023-07-30 12:48:06,241: keras_callback.py: on_epoch_end: Epoch 60/10000 - loss: 0.0447 - accuracy: 0.9855 - val_loss: 0.057 - val_accuracy: 0.9784
DEBUG: 2023-07-30 12:48:19,687: keras_callback.py: on_epoch_end: Epoch 70/10000 - loss: 0.0383 - accuracy: 0.9873 - val_loss: 0.0508 - val_accuracy: 0.9811
DEBUG: 2023-07-30 12:48:33,220: keras_callback.py: on_epoch_end: Epoch 80/10000 - loss: 0.0365 - accuracy: 0.9878 - val_loss: 0.0379 - val_accuracy: 0.9831
DEBUG: 2023-07-30 12:48:46,873: keras_callback.py: on_epoch_end: Epoch 90/10000 - loss: 0.0339 - accuracy: 0.9885 - val_loss: 0.0359 - val_accuracy: 0.9831
DEBUG: 2023-07-30 12:49:00,466: keras_callback.py: on_epoch_end: Epoch 100/10000 - loss: 0.0381 - accuracy: 0.9872 - val_loss: 0.0317 - val_accuracy: 0.9865
DEBUG: 2023-07-30 12:49:13,965: keras_callback.py: on_epoch_end: Epoch 110/10000 - loss: 0.0348 - accuracy: 0.9884 - val_loss: 0.0424 - val_accuracy: 0.9831
DEBUG: 2023-07-30 12:49:27,456: keras_callback.py: on_epoch_end: Epoch 120/10000 - loss: 0.0301 - accuracy: 0.9889 - val_loss: 0.0362 - val_accuracy: 0.9845
DEBUG: 2023-07-30 12:49:40,998: keras_callback.py: on_epoch_end: Epoch 130/10000 - loss: 0.033 - accuracy: 0.9868 - val_loss: 0.0453 - val_accuracy: 0.9892
DEBUG: 2023-07-30 12:49:54,560: keras_callback.py: on_epoch_end: Epoch 140/10000 - loss: 0.014 - accuracy: 0.9949 - val_loss: 0.0947 - val_accuracy: 0.9602
DEBUG: 2023-07-30 12:50:08,125: keras_callback.py: on_epoch_end: Epoch 150/10000 - loss: 0.0145 - accuracy: 0.9953 - val_loss: 0.0367 - val_accuracy: 0.9865
DEBUG: 2023-07-30 12:50:21,677: keras_callback.py: on_epoch_end: Epoch 160/10000 - loss: 0.0122 - accuracy: 0.9956 - val_loss: 0.0216 - val_accuracy: 0.9939
DEBUG: 2023-07-30 12:50:35,445: keras_callback.py: on_epoch_end: Epoch 170/10000 - loss: 0.0249 - accuracy: 0.9917 - val_loss: 0.0486 - val_accuracy: 0.9824
DEBUG: 2023-07-30 12:50:48,948: keras_callback.py: on_epoch_end: Epoch 180/10000 - loss: 0.0112 - accuracy: 0.9963 - val_loss: 0.0205 - val_accuracy: 0.9939
DEBUG: 2023-07-30 12:51:02,686: keras_callback.py: on_epoch_end: Epoch 190/10000 - loss: 0.0097 - accuracy: 0.9961 - val_loss: 0.025 - val_accuracy: 0.9899
DEBUG: 2023-07-30 12:51:16,348: keras_callback.py: on_epoch_end: Epoch 200/10000 - loss: 0.0055 - accuracy: 0.9985 - val_loss: 0.0386 - val_accuracy: 0.9845
DEBUG: 2023-07-30 12:51:29,901: keras_callback.py: on_epoch_end: Epoch 210/10000 - loss: 0.0042 - accuracy: 0.9986 - val_loss: 0.025 - val_accuracy: 0.9953
DEBUG: 2023-07-30 12:51:43,438: keras_callback.py: on_epoch_end: Epoch 220/10000 - loss: 0.0042 - accuracy: 0.9986 - val_loss: 0.0191 - val_accuracy: 0.9953
DEBUG: 2023-07-30 12:51:58,995: 2623015374.py: <module>: X_tr.shape=(5925, 128, 6, 1) X_val.shape=(1481, 128, 6, 1) X_test.shape=(2993, 128, 6, 1)
DEBUG: 2023-07-30 12:51:58,995: 2623015374.py: <module>: y_tr.shape=(5925, 6) y_val.shape=(1481, 6) y_test.shape=(2993, 6)
DEBUG: 2023-07-30 12:52:19,071: keras_callback.py: on_epoch_end: Epoch 10/10000 - loss: 0.1448 - accuracy: 0.95 - val_loss: 0.1382 - val_accuracy: 0.9534
DEBUG: 2023-07-30 12:52:32,906: keras_callback.py: on_epoch_end: Epoch 20/10000 - loss: 0.1019 - accuracy: 0.9576 - val_loss: 0.1074 - val_accuracy: 0.9561
DEBUG: 2023-07-30 12:52:46,549: keras_callback.py: on_epoch_end: Epoch 30/10000 - loss: 0.0796 - accuracy: 0.9639 - val_loss: 0.1337 - val_accuracy: 0.9527
DEBUG: 2023-07-30 12:53:00,299: keras_callback.py: on_epoch_end: Epoch 40/10000 - loss: 0.081 - accuracy: 0.9612 - val_loss: 0.0945 - val_accuracy: 0.9561
DEBUG: 2023-07-30 12:53:13,873: keras_callback.py: on_epoch_end: Epoch 50/10000 - loss: 0.0818 - accuracy: 0.9603 - val_loss: 0.0994 - val_accuracy: 0.9541
DEBUG: 2023-07-30 12:53:27,489: keras_callback.py: on_epoch_end: Epoch 60/10000 - loss: 0.1664 - accuracy: 0.9408 - val_loss: 0.1158 - val_accuracy: 0.9521
DEBUG: 2023-07-30 12:53:41,031: keras_callback.py: on_epoch_end: Epoch 70/10000 - loss: 0.0729 - accuracy: 0.9627 - val_loss: 0.0981 - val_accuracy: 0.9487
DEBUG: 2023-07-30 12:53:54,527: keras_callback.py: on_epoch_end: Epoch 80/10000 - loss: 0.0732 - accuracy: 0.9629 - val_loss: 0.0883 - val_accuracy: 0.9541
DEBUG: 2023-07-30 12:54:08,212: keras_callback.py: on_epoch_end: Epoch 90/10000 - loss: 0.0633 - accuracy: 0.9673 - val_loss: 0.0758 - val_accuracy: 0.9541
DEBUG: 2023-07-30 12:54:21,837: keras_callback.py: on_epoch_end: Epoch 100/10000 - loss: 0.0572 - accuracy: 0.9701 - val_loss: 0.0768 - val_accuracy: 0.9629
DEBUG: 2023-07-30 12:54:35,501: keras_callback.py: on_epoch_end: Epoch 110/10000 - loss: 0.0544 - accuracy: 0.9774 - val_loss: 0.0668 - val_accuracy: 0.973
DEBUG: 2023-07-30 12:54:49,053: keras_callback.py: on_epoch_end: Epoch 120/10000 - loss: 0.0516 - accuracy: 0.974 - val_loss: 0.0625 - val_accuracy: 0.9723
DEBUG: 2023-07-30 12:55:02,559: keras_callback.py: on_epoch_end: Epoch 130/10000 - loss: 0.0545 - accuracy: 0.9755 - val_loss: 0.0661 - val_accuracy: 0.973
DEBUG: 2023-07-30 12:55:16,099: keras_callback.py: on_epoch_end: Epoch 140/10000 - loss: 0.0753 - accuracy: 0.9689 - val_loss: 0.078 - val_accuracy: 0.9662
DEBUG: 2023-07-30 12:55:29,602: keras_callback.py: on_epoch_end: Epoch 150/10000 - loss: 0.0476 - accuracy: 0.9791 - val_loss: 0.0614 - val_accuracy: 0.975
DEBUG: 2023-07-30 12:55:43,178: keras_callback.py: on_epoch_end: Epoch 160/10000 - loss: 0.06 - accuracy: 0.9765 - val_loss: 0.0841 - val_accuracy: 0.9696
DEBUG: 2023-07-30 12:55:56,744: keras_callback.py: on_epoch_end: Epoch 170/10000 - loss: 0.0391 - accuracy: 0.9873 - val_loss: 0.053 - val_accuracy: 0.9838
DEBUG: 2023-07-30 12:56:10,391: keras_callback.py: on_epoch_end: Epoch 180/10000 - loss: 0.0341 - accuracy: 0.9894 - val_loss: 0.053 - val_accuracy: 0.9824
DEBUG: 2023-07-30 12:56:23,993: keras_callback.py: on_epoch_end: Epoch 190/10000 - loss: 0.0222 - accuracy: 0.9948 - val_loss: 0.0477 - val_accuracy: 0.9845
DEBUG: 2023-07-30 12:56:37,580: keras_callback.py: on_epoch_end: Epoch 200/10000 - loss: 0.0243 - accuracy: 0.9938 - val_loss: 0.0487 - val_accuracy: 0.9872
DEBUG: 2023-07-30 12:56:51,080: keras_callback.py: on_epoch_end: Epoch 210/10000 - loss: 0.023 - accuracy: 0.9939 - val_loss: 0.0465 - val_accuracy: 0.9858
DEBUG: 2023-07-30 12:57:04,684: keras_callback.py: on_epoch_end: Epoch 220/10000 - loss: 0.0369 - accuracy: 0.988 - val_loss: 0.0412 - val_accuracy: 0.9892
DEBUG: 2023-07-30 12:57:18,252: keras_callback.py: on_epoch_end: Epoch 230/10000 - loss: 0.0174 - accuracy: 0.9949 - val_loss: 0.0457 - val_accuracy: 0.9878
DEBUG: 2023-07-30 12:57:31,906: keras_callback.py: on_epoch_end: Epoch 240/10000 - loss: 0.0134 - accuracy: 0.9965 - val_loss: 0.0341 - val_accuracy: 0.9905
DEBUG: 2023-07-30 12:57:45,369: keras_callback.py: on_epoch_end: Epoch 250/10000 - loss: 0.0152 - accuracy: 0.9949 - val_loss: 0.0314 - val_accuracy: 0.9899
DEBUG: 2023-07-30 12:57:59,189: keras_callback.py: on_epoch_end: Epoch 260/10000 - loss: 0.0265 - accuracy: 0.99 - val_loss: 0.0442 - val_accuracy: 0.9858
DEBUG: 2023-07-30 12:58:12,713: keras_callback.py: on_epoch_end: Epoch 270/10000 - loss: 0.0102 - accuracy: 0.997 - val_loss: 0.0344 - val_accuracy: 0.9878
DEBUG: 2023-07-30 12:58:26,332: keras_callback.py: on_epoch_end: Epoch 280/10000 - loss: 0.0069 - accuracy: 0.9973 - val_loss: 0.0375 - val_accuracy: 0.9851
DEBUG: 2023-07-30 12:58:39,996: keras_callback.py: on_epoch_end: Epoch 290/10000 - loss: 0.012 - accuracy: 0.9958 - val_loss: 0.0221 - val_accuracy: 0.9919
DEBUG: 2023-07-30 12:58:53,753: keras_callback.py: on_epoch_end: Epoch 300/10000 - loss: 0.0057 - accuracy: 0.9983 - val_loss: 0.0249 - val_accuracy: 0.9946
DEBUG: 2023-07-30 12:59:07,406: keras_callback.py: on_epoch_end: Epoch 310/10000 - loss: 0.0045 - accuracy: 0.999 - val_loss: 0.0212 - val_accuracy: 0.9932
DEBUG: 2023-07-30 12:59:20,999: keras_callback.py: on_epoch_end: Epoch 320/10000 - loss: 0.0065 - accuracy: 0.9978 - val_loss: 0.0232 - val_accuracy: 0.9946
DEBUG: 2023-07-30 12:59:34,747: keras_callback.py: on_epoch_end: Epoch 330/10000 - loss: 0.0054 - accuracy: 0.9983 - val_loss: 0.032 - val_accuracy: 0.9919
DEBUG: 2023-07-30 12:59:48,314: keras_callback.py: on_epoch_end: Epoch 340/10000 - loss: 0.0033 - accuracy: 0.9993 - val_loss: 0.0218 - val_accuracy: 0.9946
DEBUG: 2023-07-30 13:00:01,859: keras_callback.py: on_epoch_end: Epoch 350/10000 - loss: 0.0025 - accuracy: 0.9992 - val_loss: 0.0289 - val_accuracy: 0.9926
DEBUG: 2023-07-30 13:00:15,576: keras_callback.py: on_epoch_end: Epoch 360/10000 - loss: 0.0032 - accuracy: 0.9993 - val_loss: 0.0266 - val_accuracy: 0.9939
DEBUG: 2023-07-30 13:00:29,230: keras_callback.py: on_epoch_end: Epoch 370/10000 - loss: 0.0033 - accuracy: 0.999 - val_loss: 0.0237 - val_accuracy: 0.9946
DEBUG: 2023-07-30 13:00:42,914: keras_callback.py: on_epoch_end: Epoch 380/10000 - loss: 0.006 - accuracy: 0.9985 - val_loss: 0.0252 - val_accuracy: 0.9953
DEBUG: 2023-07-30 13:00:57,001: 2623015374.py: <module>: X_tr.shape=(5925, 128, 6, 1) X_val.shape=(1481, 128, 6, 1) X_test.shape=(2993, 128, 6, 1)
DEBUG: 2023-07-30 13:00:57,003: 2623015374.py: <module>: y_tr.shape=(5925, 6) y_val.shape=(1481, 6) y_test.shape=(2993, 6)
DEBUG: 2023-07-30 13:01:19,057: keras_callback.py: on_epoch_end: Epoch 10/10000 - loss: 0.1503 - accuracy: 0.9511 - val_loss: 0.118 - val_accuracy: 0.9561
DEBUG: 2023-07-30 13:01:34,977: keras_callback.py: on_epoch_end: Epoch 20/10000 - loss: 0.1256 - accuracy: 0.9561 - val_loss: 0.0915 - val_accuracy: 0.9629
DEBUG: 2023-07-30 13:01:50,174: keras_callback.py: on_epoch_end: Epoch 30/10000 - loss: 0.0956 - accuracy: 0.9668 - val_loss: 0.0822 - val_accuracy: 0.9696
DEBUG: 2023-07-30 13:02:04,007: keras_callback.py: on_epoch_end: Epoch 40/10000 - loss: 0.0872 - accuracy: 0.9684 - val_loss: 0.0751 - val_accuracy: 0.9703
DEBUG: 2023-07-30 13:02:17,776: keras_callback.py: on_epoch_end: Epoch 50/10000 - loss: 0.077 - accuracy: 0.9743 - val_loss: 0.067 - val_accuracy: 0.9757
DEBUG: 2023-07-30 13:02:31,686: keras_callback.py: on_epoch_end: Epoch 60/10000 - loss: 0.07 - accuracy: 0.9747 - val_loss: 0.0665 - val_accuracy: 0.9696
DEBUG: 2023-07-30 13:02:45,594: keras_callback.py: on_epoch_end: Epoch 70/10000 - loss: 0.0667 - accuracy: 0.9749 - val_loss: 0.0594 - val_accuracy: 0.9777
DEBUG: 2023-07-30 13:02:59,609: keras_callback.py: on_epoch_end: Epoch 80/10000 - loss: 0.049 - accuracy: 0.9835 - val_loss: 0.0523 - val_accuracy: 0.977
DEBUG: 2023-07-30 13:03:13,425: keras_callback.py: on_epoch_end: Epoch 90/10000 - loss: 0.0364 - accuracy: 0.9885 - val_loss: 0.0364 - val_accuracy: 0.9831
DEBUG: 2023-07-30 13:03:27,194: keras_callback.py: on_epoch_end: Epoch 100/10000 - loss: 0.046 - accuracy: 0.9853 - val_loss: 0.0512 - val_accuracy: 0.9797
DEBUG: 2023-07-30 13:03:40,924: keras_callback.py: on_epoch_end: Epoch 110/10000 - loss: 0.0581 - accuracy: 0.9819 - val_loss: 0.047 - val_accuracy: 0.9824
DEBUG: 2023-07-30 13:03:54,696: keras_callback.py: on_epoch_end: Epoch 120/10000 - loss: 0.0285 - accuracy: 0.9911 - val_loss: 0.0471 - val_accuracy: 0.9838
DEBUG: 2023-07-30 13:04:08,387: keras_callback.py: on_epoch_end: Epoch 130/10000 - loss: 0.0191 - accuracy: 0.9929 - val_loss: 0.0295 - val_accuracy: 0.9912
DEBUG: 2023-07-30 13:04:21,987: keras_callback.py: on_epoch_end: Epoch 140/10000 - loss: 0.0215 - accuracy: 0.9931 - val_loss: 0.0377 - val_accuracy: 0.9872
DEBUG: 2023-07-30 13:04:35,744: keras_callback.py: on_epoch_end: Epoch 150/10000 - loss: 0.0161 - accuracy: 0.9951 - val_loss: 0.0327 - val_accuracy: 0.9926
DEBUG: 2023-07-30 13:04:54,230: 2623015374.py: <module>: X_tr.shape=(5925, 128, 6, 1) X_val.shape=(1481, 128, 6, 1) X_test.shape=(2993, 128, 6, 1)
DEBUG: 2023-07-30 13:04:54,231: 2623015374.py: <module>: y_tr.shape=(5925, 6) y_val.shape=(1481, 6) y_test.shape=(2993, 6)
DEBUG: 2023-07-30 13:05:17,155: keras_callback.py: on_epoch_end: Epoch 10/10000 - loss: 0.1557 - accuracy: 0.9443 - val_loss: 0.1254 - val_accuracy: 0.9561
DEBUG: 2023-07-30 13:05:31,660: keras_callback.py: on_epoch_end: Epoch 20/10000 - loss: 0.1262 - accuracy: 0.9505 - val_loss: 0.1579 - val_accuracy: 0.9467
DEBUG: 2023-07-30 13:05:45,543: keras_callback.py: on_epoch_end: Epoch 30/10000 - loss: 0.0941 - accuracy: 0.959 - val_loss: 0.0978 - val_accuracy: 0.9561
DEBUG: 2023-07-30 13:05:59,262: keras_callback.py: on_epoch_end: Epoch 40/10000 - loss: 0.0738 - accuracy: 0.9641 - val_loss: 0.1055 - val_accuracy: 0.9602
DEBUG: 2023-07-30 13:06:12,976: keras_callback.py: on_epoch_end: Epoch 50/10000 - loss: 0.0676 - accuracy: 0.9698 - val_loss: 0.0724 - val_accuracy: 0.971
DEBUG: 2023-07-30 13:06:27,080: keras_callback.py: on_epoch_end: Epoch 60/10000 - loss: 0.0564 - accuracy: 0.9757 - val_loss: 0.0683 - val_accuracy: 0.9764
DEBUG: 2023-07-30 13:06:40,873: keras_callback.py: on_epoch_end: Epoch 70/10000 - loss: 0.0474 - accuracy: 0.9826 - val_loss: 0.0781 - val_accuracy: 0.977
DEBUG: 2023-07-30 13:06:54,642: keras_callback.py: on_epoch_end: Epoch 80/10000 - loss: 0.0481 - accuracy: 0.9823 - val_loss: 0.0553 - val_accuracy: 0.9818
DEBUG: 2023-07-30 13:07:08,174: keras_callback.py: on_epoch_end: Epoch 90/10000 - loss: 0.0514 - accuracy: 0.9797 - val_loss: 0.0555 - val_accuracy: 0.9811
DEBUG: 2023-07-30 13:07:21,958: keras_callback.py: on_epoch_end: Epoch 100/10000 - loss: 0.0333 - accuracy: 0.989 - val_loss: 0.0495 - val_accuracy: 0.9865
DEBUG: 2023-07-30 13:07:35,544: keras_callback.py: on_epoch_end: Epoch 110/10000 - loss: 0.0379 - accuracy: 0.9872 - val_loss: 0.0565 - val_accuracy: 0.9811
DEBUG: 2023-07-30 13:07:49,157: keras_callback.py: on_epoch_end: Epoch 120/10000 - loss: 0.0319 - accuracy: 0.9899 - val_loss: 0.0463 - val_accuracy: 0.9858
DEBUG: 2023-07-30 13:08:05,775: keras_callback.py: on_epoch_end: Epoch 130/10000 - loss: 0.0273 - accuracy: 0.9919 - val_loss: 0.0605 - val_accuracy: 0.9851
DEBUG: 2023-07-30 13:08:19,362: keras_callback.py: on_epoch_end: Epoch 140/10000 - loss: 0.0207 - accuracy: 0.9948 - val_loss: 0.0424 - val_accuracy: 0.9892
DEBUG: 2023-07-30 13:08:34,787: keras_callback.py: on_epoch_end: Epoch 150/10000 - loss: 0.0202 - accuracy: 0.9941 - val_loss: 0.0454 - val_accuracy: 0.9865
DEBUG: 2023-07-30 13:08:48,391: keras_callback.py: on_epoch_end: Epoch 160/10000 - loss: 0.0217 - accuracy: 0.9944 - val_loss: 0.0592 - val_accuracy: 0.9838
DEBUG: 2023-07-30 13:09:02,050: keras_callback.py: on_epoch_end: Epoch 170/10000 - loss: 0.0176 - accuracy: 0.9956 - val_loss: 0.0467 - val_accuracy: 0.9865
DEBUG: 2023-07-30 13:09:15,713: keras_callback.py: on_epoch_end: Epoch 180/10000 - loss: 0.0218 - accuracy: 0.9934 - val_loss: 0.0324 - val_accuracy: 0.9912
DEBUG: 2023-07-30 13:09:29,442: keras_callback.py: on_epoch_end: Epoch 190/10000 - loss: 0.0127 - accuracy: 0.9976 - val_loss: 0.0455 - val_accuracy: 0.9919
DEBUG: 2023-07-30 13:09:42,965: keras_callback.py: on_epoch_end: Epoch 200/10000 - loss: 0.0149 - accuracy: 0.997 - val_loss: 0.0414 - val_accuracy: 0.9905
DEBUG: 2023-07-30 13:09:56,700: keras_callback.py: on_epoch_end: Epoch 210/10000 - loss: 0.0162 - accuracy: 0.9968 - val_loss: 0.0346 - val_accuracy: 0.9932
DEBUG: 2023-07-30 13:10:10,674: keras_callback.py: on_epoch_end: Epoch 220/10000 - loss: 0.0123 - accuracy: 0.9971 - val_loss: 0.0421 - val_accuracy: 0.9899
DEBUG: 2023-07-30 13:10:26,382: keras_callback.py: on_epoch_end: Epoch 230/10000 - loss: 0.0174 - accuracy: 0.9958 - val_loss: 0.0381 - val_accuracy: 0.9899
DEBUG: 2023-07-30 13:11:21,823: 2155350369.py: <module>: ---Cross Validation Scores---
DEBUG: 2023-07-30 13:11:21,839: 2155350369.py: <module>: ---train---
DEBUG: 2023-07-30 13:11:21,840: 2155350369.py: <module>: logloss=0.014284
DEBUG: 2023-07-30 13:11:21,842: 2155350369.py: <module>: accuracy=0.995578
DEBUG: 2023-07-30 13:11:21,844: 2155350369.py: <module>: precision=0.99616
DEBUG: 2023-07-30 13:11:21,846: 2155350369.py: <module>: recall=0.995813
DEBUG: 2023-07-30 13:11:21,848: 2155350369.py: <module>: f1=0.99593
DEBUG: 2023-07-30 13:11:21,850: 2155350369.py: <module>: per-class f1={'LAYING': 1.0, 'WALKING': 0.999796, 'WALKING_UPSTAIRS': 0.999884, 'WALKING_DOWNSTAIRS': 0.999619, 'SITTING': 0.987358, 'STANDING': 0.988923}
DEBUG: 2023-07-30 13:11:21,851: 2155350369.py: <module>: ---valid---
DEBUG: 2023-07-30 13:11:21,852: 2155350369.py: <module>: logloss=0.026031
DEBUG: 2023-07-30 13:11:21,855: 2155350369.py: <module>: accuracy=0.99352
DEBUG: 2023-07-30 13:11:21,857: 2155350369.py: <module>: precision=0.994222
DEBUG: 2023-07-30 13:11:21,859: 2155350369.py: <module>: recall=0.9939
DEBUG: 2023-07-30 13:11:21,861: 2155350369.py: <module>: f1=0.993995
DEBUG: 2023-07-30 13:11:21,864: 2155350369.py: <module>: per-class f1={'LAYING': 1.0, 'WALKING': 0.998775, 'WALKING_UPSTAIRS': 0.999534, 'WALKING_DOWNSTAIRS': 0.998987, 'SITTING': 0.982286, 'STANDING': 0.984391}
DEBUG: 2023-07-30 13:11:21,869: 2155350369.py: <module>: ---test---
DEBUG: 2023-07-30 13:11:21,871: 2155350369.py: <module>: logloss=0.458381
DEBUG: 2023-07-30 13:11:21,873: 2155350369.py: <module>: accuracy=0.931373
DEBUG: 2023-07-30 13:11:21,877: 2155350369.py: <module>: precision=0.932417
DEBUG: 2023-07-30 13:11:21,879: 2155350369.py: <module>: recall=0.933577
DEBUG: 2023-07-30 13:11:21,881: 2155350369.py: <module>: f1=0.931699
DEBUG: 2023-07-30 13:11:21,882: 2155350369.py: <module>: per-class f1={'LAYING': 0.993456, 'WALKING': 0.936347, 'WALKING_UPSTAIRS': 0.960142, 'WALKING_DOWNSTAIRS': 0.936675, 'SITTING': 0.871927, 'STANDING': 0.891649}
DEBUG: 2023-07-30 13:11:30,940: 1695527446.py: <module>: ---Final Test Scores Averaged over Folds---
DEBUG: 2023-07-30 13:11:30,944: 1695527446.py: <module>: accuracy=0.9401937854994988
DEBUG: 2023-07-30 13:11:30,948: 1695527446.py: <module>: precision=0.9412464543043507
DEBUG: 2023-07-30 13:11:30,952: 1695527446.py: <module>: recall=0.9423821395552876
DEBUG: 2023-07-30 13:11:30,957: 1695527446.py: <module>: f1=0.9405335140858946
DEBUG: 2023-07-30 13:11:30,960: 1695527446.py: <module>: per-class f1=[0.99452555 0.94055202 0.97027601 0.94343891 0.8905804  0.9038282 ]
