DEBUG: 2023-07-25 18:18:15,650: 62444462.py: <module>: /home/tahoora/Projects/college_project/Human_Activity_Recognition/notebooks/../logs/bidirectional_lstm_logs/deep-conv-lstm-20230725-181815/deep-conv-lstm-20230725-181815.log
DEBUG: 2023-07-25 18:18:27,830: 62444462.py: <module>: X_train.shape=(7406, 128, 6, 1) X_test.shape=(2993, 128, 6, 1)
DEBUG: 2023-07-25 18:18:27,831: 62444462.py: <module>: y_train.shape=(7406, 1) y_test.shape=(2993, 1)
DEBUG: 2023-07-25 18:18:27,835: utils.py: check_class_balance: train labels
DEBUG: 2023-07-25 18:18:27,836: utils.py: check_class_balance: LAYING (0): 1412 samples (19.07 %)
DEBUG: 2023-07-25 18:18:27,837: utils.py: check_class_balance: WALKING (1): 1224 samples (16.53 %)
DEBUG: 2023-07-25 18:18:27,838: utils.py: check_class_balance: WALKING_UPSTAIRS (2): 1072 samples (14.47 %)
DEBUG: 2023-07-25 18:18:27,839: utils.py: check_class_balance: WALKING_DOWNSTAIRS (3): 987 samples (13.33 %)
DEBUG: 2023-07-25 18:18:27,841: utils.py: check_class_balance: SITTING (4): 1290 samples (17.42 %)
DEBUG: 2023-07-25 18:18:27,842: utils.py: check_class_balance: STANDING (5): 1421 samples (19.19 %)
DEBUG: 2023-07-25 18:18:27,843: utils.py: check_class_balance: test labels
DEBUG: 2023-07-25 18:18:27,844: utils.py: check_class_balance: LAYING (0): 545 samples (18.21 %)
DEBUG: 2023-07-25 18:18:27,846: utils.py: check_class_balance: WALKING (1): 496 samples (16.57 %)
DEBUG: 2023-07-25 18:18:27,847: utils.py: check_class_balance: WALKING_UPSTAIRS (2): 470 samples (15.7 %)
DEBUG: 2023-07-25 18:18:27,849: utils.py: check_class_balance: WALKING_DOWNSTAIRS (3): 419 samples (14.0 %)
DEBUG: 2023-07-25 18:18:27,850: utils.py: check_class_balance: SITTING (4): 507 samples (16.94 %)
DEBUG: 2023-07-25 18:18:27,851: utils.py: check_class_balance: STANDING (5): 556 samples (18.58 %)
DEBUG: 2023-07-25 18:18:27,887: 1755315602.py: <module>: dcl_params={'batch_size': 128, 'epochs': 10000, 'lr': 0.001, 'verbose': 0}
WARNING: 2023-07-25 18:18:41,890: lstm.py: __init__: Layer lstm will not use cuDNN kernels since it doesn't meet the criteria. It will use a generic GPU kernel as fallback when running on GPU.
WARNING: 2023-07-25 18:18:41,897: lstm.py: __init__: Layer lstm will not use cuDNN kernels since it doesn't meet the criteria. It will use a generic GPU kernel as fallback when running on GPU.
WARNING: 2023-07-25 18:18:41,902: lstm.py: __init__: Layer lstm will not use cuDNN kernels since it doesn't meet the criteria. It will use a generic GPU kernel as fallback when running on GPU.
