DEBUG: 2023-07-30 13:15:47,685: 62444462.py: <module>: /home/tahoora/Projects/college_project/Human_Activity_Recognition/notebooks/../logs/deep_cnn_lstm_logs/deep-conv-lstm-20230730-131547/deep-conv-lstm-20230730-131547.log
DEBUG: 2023-07-30 13:15:59,934: 62444462.py: <module>: X_train.shape=(7406, 128, 6, 1) X_test.shape=(2993, 128, 6, 1)
DEBUG: 2023-07-30 13:15:59,935: 62444462.py: <module>: y_train.shape=(7406, 1) y_test.shape=(2993, 1)
DEBUG: 2023-07-30 13:15:59,938: utils.py: check_class_balance: train labels
DEBUG: 2023-07-30 13:15:59,939: utils.py: check_class_balance: LAYING (0): 1412 samples (19.07 %)
DEBUG: 2023-07-30 13:15:59,939: utils.py: check_class_balance: WALKING (1): 1224 samples (16.53 %)
DEBUG: 2023-07-30 13:15:59,940: utils.py: check_class_balance: WALKING_UPSTAIRS (2): 1072 samples (14.47 %)
DEBUG: 2023-07-30 13:15:59,941: utils.py: check_class_balance: WALKING_DOWNSTAIRS (3): 987 samples (13.33 %)
DEBUG: 2023-07-30 13:15:59,942: utils.py: check_class_balance: SITTING (4): 1290 samples (17.42 %)
DEBUG: 2023-07-30 13:15:59,943: utils.py: check_class_balance: STANDING (5): 1421 samples (19.19 %)
DEBUG: 2023-07-30 13:15:59,944: utils.py: check_class_balance: test labels
DEBUG: 2023-07-30 13:15:59,945: utils.py: check_class_balance: LAYING (0): 545 samples (18.21 %)
DEBUG: 2023-07-30 13:15:59,946: utils.py: check_class_balance: WALKING (1): 496 samples (16.57 %)
DEBUG: 2023-07-30 13:15:59,948: utils.py: check_class_balance: WALKING_UPSTAIRS (2): 470 samples (15.7 %)
DEBUG: 2023-07-30 13:15:59,949: utils.py: check_class_balance: WALKING_DOWNSTAIRS (3): 419 samples (14.0 %)
DEBUG: 2023-07-30 13:15:59,950: utils.py: check_class_balance: SITTING (4): 507 samples (16.94 %)
DEBUG: 2023-07-30 13:15:59,951: utils.py: check_class_balance: STANDING (5): 556 samples (18.58 %)
DEBUG: 2023-07-30 13:15:59,987: 3941774885.py: <module>: dcl_params={'batch_size': 128, 'epochs': 10000, 'lr': 0.0001, 'verbose': 0}
DEBUG: 2023-07-30 13:16:00,028: 2623015374.py: <module>: X_tr.shape=(5924, 128, 6, 1) X_val.shape=(1482, 128, 6, 1) X_test.shape=(2993, 128, 6, 1)
DEBUG: 2023-07-30 13:16:00,030: 2623015374.py: <module>: y_tr.shape=(5924, 6) y_val.shape=(1482, 6) y_test.shape=(2993, 6)
DEBUG: 2023-07-30 13:16:16,144: attrs.py: create: Creating converter from 5 to 3
DEBUG: 2023-07-30 13:16:27,796: keras_callback.py: on_epoch_end: Epoch 10/10000 - loss: 0.1901 - accuracy: 0.9289 - val_loss: 0.1549 - val_accuracy: 0.9487
DEBUG: 2023-07-30 13:16:40,618: keras_callback.py: on_epoch_end: Epoch 20/10000 - loss: 0.1527 - accuracy: 0.9396 - val_loss: 0.1038 - val_accuracy: 0.9609
