DEBUG: 2023-08-01 18:08:41,411: 1135411940.py: <module>: /home/tahoora/Projects/college_project/Human_Activity_Recognition/notebooks/../logs/simple_cnn_logs/deep-conv-lstm-20230801-180841/deep-conv-lstm-20230801-180841.log
DEBUG: 2023-08-01 18:08:54,630: 1135411940.py: <module>: X_train.shape=(7406, 128, 6, 1) X_test.shape=(2993, 128, 6, 1)
DEBUG: 2023-08-01 18:08:54,631: 1135411940.py: <module>: y_train.shape=(7406, 1) y_test.shape=(2993, 1)
DEBUG: 2023-08-01 18:08:54,634: utils.py: check_class_balance: train labels
DEBUG: 2023-08-01 18:08:54,635: utils.py: check_class_balance: LAYING (0): 1412 samples (19.07 %)
DEBUG: 2023-08-01 18:08:54,635: utils.py: check_class_balance: WALKING (1): 1224 samples (16.53 %)
DEBUG: 2023-08-01 18:08:54,636: utils.py: check_class_balance: WALKING_UPSTAIRS (2): 1072 samples (14.47 %)
DEBUG: 2023-08-01 18:08:54,639: utils.py: check_class_balance: WALKING_DOWNSTAIRS (3): 987 samples (13.33 %)
DEBUG: 2023-08-01 18:08:54,641: utils.py: check_class_balance: SITTING (4): 1290 samples (17.42 %)
DEBUG: 2023-08-01 18:08:54,642: utils.py: check_class_balance: STANDING (5): 1421 samples (19.19 %)
DEBUG: 2023-08-01 18:08:54,644: utils.py: check_class_balance: test labels
DEBUG: 2023-08-01 18:08:54,645: utils.py: check_class_balance: LAYING (0): 545 samples (18.21 %)
DEBUG: 2023-08-01 18:08:54,645: utils.py: check_class_balance: WALKING (1): 496 samples (16.57 %)
DEBUG: 2023-08-01 18:08:54,646: utils.py: check_class_balance: WALKING_UPSTAIRS (2): 470 samples (15.7 %)
DEBUG: 2023-08-01 18:08:54,647: utils.py: check_class_balance: WALKING_DOWNSTAIRS (3): 419 samples (14.0 %)
DEBUG: 2023-08-01 18:08:54,648: utils.py: check_class_balance: SITTING (4): 507 samples (16.94 %)
DEBUG: 2023-08-01 18:08:54,649: utils.py: check_class_balance: STANDING (5): 556 samples (18.58 %)
DEBUG: 2023-08-01 18:08:54,679: 3300936622.py: <module>: dcl_params={'batch_size': 128, 'epochs': 10000, 'lr': 0.0001, 'verbose': 1}
DEBUG: 2023-08-01 18:08:54,713: 2623015374.py: <module>: X_tr.shape=(5924, 128, 6, 1) X_val.shape=(1482, 128, 6, 1) X_test.shape=(2993, 128, 6, 1)
DEBUG: 2023-08-01 18:08:54,714: 2623015374.py: <module>: y_tr.shape=(5924, 6) y_val.shape=(1482, 6) y_test.shape=(2993, 6)
DEBUG: 2023-08-01 18:09:00,275: attrs.py: create: Creating converter from 5 to 3
DEBUG: 2023-08-01 18:09:02,558: keras_callback.py: on_epoch_end: Epoch 10/10000 - loss: 0.9064 - accuracy: 0.6084 - val_loss: 0.935 - val_accuracy: 0.6505
DEBUG: 2023-08-01 18:09:04,853: keras_callback.py: on_epoch_end: Epoch 20/10000 - loss: 0.6082 - accuracy: 0.7343 - val_loss: 0.6492 - val_accuracy: 0.8475
DEBUG: 2023-08-01 18:09:07,065: keras_callback.py: on_epoch_end: Epoch 30/10000 - loss: 0.473 - accuracy: 0.8722 - val_loss: 0.5162 - val_accuracy: 0.8812
DEBUG: 2023-08-01 18:09:09,198: keras_callback.py: on_epoch_end: Epoch 40/10000 - loss: 0.3957 - accuracy: 0.8854 - val_loss: 0.4319 - val_accuracy: 0.8961
DEBUG: 2023-08-01 18:09:11,540: keras_callback.py: on_epoch_end: Epoch 50/10000 - loss: 0.3349 - accuracy: 0.9018 - val_loss: 0.3709 - val_accuracy: 0.915
DEBUG: 2023-08-01 18:09:13,774: keras_callback.py: on_epoch_end: Epoch 60/10000 - loss: 0.2881 - accuracy: 0.9142 - val_loss: 0.3248 - val_accuracy: 0.9278
DEBUG: 2023-08-01 18:09:15,981: keras_callback.py: on_epoch_end: Epoch 70/10000 - loss: 0.2471 - accuracy: 0.9249 - val_loss: 0.2882 - val_accuracy: 0.9379
DEBUG: 2023-08-01 18:09:18,229: keras_callback.py: on_epoch_end: Epoch 80/10000 - loss: 0.2252 - accuracy: 0.9289 - val_loss: 0.259 - val_accuracy: 0.9433
DEBUG: 2023-08-01 18:09:20,407: keras_callback.py: on_epoch_end: Epoch 90/10000 - loss: 0.1979 - accuracy: 0.9377 - val_loss: 0.2339 - val_accuracy: 0.9467
DEBUG: 2023-08-01 18:09:22,690: keras_callback.py: on_epoch_end: Epoch 100/10000 - loss: 0.1766 - accuracy: 0.9386 - val_loss: 0.2106 - val_accuracy: 0.9494
DEBUG: 2023-08-01 18:09:24,957: keras_callback.py: on_epoch_end: Epoch 110/10000 - loss: 0.1593 - accuracy: 0.9433 - val_loss: 0.1923 - val_accuracy: 0.9514
DEBUG: 2023-08-01 18:09:27,269: keras_callback.py: on_epoch_end: Epoch 120/10000 - loss: 0.1426 - accuracy: 0.947 - val_loss: 0.1786 - val_accuracy: 0.9521
DEBUG: 2023-08-01 18:09:29,435: keras_callback.py: on_epoch_end: Epoch 130/10000 - loss: 0.1326 - accuracy: 0.9477 - val_loss: 0.1674 - val_accuracy: 0.9555
DEBUG: 2023-08-01 18:09:31,644: keras_callback.py: on_epoch_end: Epoch 140/10000 - loss: 0.1213 - accuracy: 0.9509 - val_loss: 0.1584 - val_accuracy: 0.9555
DEBUG: 2023-08-01 18:09:33,927: keras_callback.py: on_epoch_end: Epoch 150/10000 - loss: 0.1141 - accuracy: 0.9527 - val_loss: 0.1489 - val_accuracy: 0.9561
DEBUG: 2023-08-01 18:09:36,092: keras_callback.py: on_epoch_end: Epoch 160/10000 - loss: 0.108 - accuracy: 0.9551 - val_loss: 0.1414 - val_accuracy: 0.9561
DEBUG: 2023-08-01 18:09:38,498: keras_callback.py: on_epoch_end: Epoch 170/10000 - loss: 0.1019 - accuracy: 0.9566 - val_loss: 0.1367 - val_accuracy: 0.9588
DEBUG: 2023-08-01 18:09:40,925: keras_callback.py: on_epoch_end: Epoch 180/10000 - loss: 0.0988 - accuracy: 0.9588 - val_loss: 0.1327 - val_accuracy: 0.9602
DEBUG: 2023-08-01 18:09:43,740: keras_callback.py: on_epoch_end: Epoch 190/10000 - loss: 0.0945 - accuracy: 0.9586 - val_loss: 0.1294 - val_accuracy: 0.9609
DEBUG: 2023-08-01 18:09:46,176: keras_callback.py: on_epoch_end: Epoch 200/10000 - loss: 0.0912 - accuracy: 0.9597 - val_loss: 0.1253 - val_accuracy: 0.9642
DEBUG: 2023-08-01 18:09:48,570: keras_callback.py: on_epoch_end: Epoch 210/10000 - loss: 0.089 - accuracy: 0.9603 - val_loss: 0.1236 - val_accuracy: 0.9629
DEBUG: 2023-08-01 18:09:50,951: keras_callback.py: on_epoch_end: Epoch 220/10000 - loss: 0.0869 - accuracy: 0.9627 - val_loss: 0.12 - val_accuracy: 0.9636
DEBUG: 2023-08-01 18:09:53,358: keras_callback.py: on_epoch_end: Epoch 230/10000 - loss: 0.0851 - accuracy: 0.9644 - val_loss: 0.1182 - val_accuracy: 0.9663
DEBUG: 2023-08-01 18:09:55,816: keras_callback.py: on_epoch_end: Epoch 240/10000 - loss: 0.0821 - accuracy: 0.9622 - val_loss: 0.1172 - val_accuracy: 0.9663
DEBUG: 2023-08-01 18:09:58,181: keras_callback.py: on_epoch_end: Epoch 250/10000 - loss: 0.0796 - accuracy: 0.9649 - val_loss: 0.1149 - val_accuracy: 0.9669
DEBUG: 2023-08-01 18:10:00,385: keras_callback.py: on_epoch_end: Epoch 260/10000 - loss: 0.0798 - accuracy: 0.964 - val_loss: 0.1143 - val_accuracy: 0.9669
DEBUG: 2023-08-01 18:10:02,905: keras_callback.py: on_epoch_end: Epoch 270/10000 - loss: 0.0776 - accuracy: 0.9673 - val_loss: 0.1122 - val_accuracy: 0.9676
DEBUG: 2023-08-01 18:10:05,381: keras_callback.py: on_epoch_end: Epoch 280/10000 - loss: 0.0762 - accuracy: 0.9662 - val_loss: 0.1097 - val_accuracy: 0.9669
DEBUG: 2023-08-01 18:10:07,738: keras_callback.py: on_epoch_end: Epoch 290/10000 - loss: 0.0732 - accuracy: 0.9694 - val_loss: 0.1112 - val_accuracy: 0.9676
DEBUG: 2023-08-01 18:10:09,978: keras_callback.py: on_epoch_end: Epoch 300/10000 - loss: 0.0729 - accuracy: 0.9689 - val_loss: 0.1104 - val_accuracy: 0.969
DEBUG: 2023-08-01 18:10:12,188: keras_callback.py: on_epoch_end: Epoch 310/10000 - loss: 0.0717 - accuracy: 0.9711 - val_loss: 0.1078 - val_accuracy: 0.9683
DEBUG: 2023-08-01 18:10:14,434: keras_callback.py: on_epoch_end: Epoch 320/10000 - loss: 0.0707 - accuracy: 0.9679 - val_loss: 0.1063 - val_accuracy: 0.9696
DEBUG: 2023-08-01 18:10:16,641: keras_callback.py: on_epoch_end: Epoch 330/10000 - loss: 0.0688 - accuracy: 0.971 - val_loss: 0.1057 - val_accuracy: 0.969
DEBUG: 2023-08-01 18:10:18,914: keras_callback.py: on_epoch_end: Epoch 340/10000 - loss: 0.0677 - accuracy: 0.9715 - val_loss: 0.1054 - val_accuracy: 0.9703
DEBUG: 2023-08-01 18:10:21,229: keras_callback.py: on_epoch_end: Epoch 350/10000 - loss: 0.0669 - accuracy: 0.9713 - val_loss: 0.1043 - val_accuracy: 0.971
DEBUG: 2023-08-01 18:10:23,527: keras_callback.py: on_epoch_end: Epoch 360/10000 - loss: 0.0655 - accuracy: 0.971 - val_loss: 0.1037 - val_accuracy: 0.9717
DEBUG: 2023-08-01 18:10:25,781: keras_callback.py: on_epoch_end: Epoch 370/10000 - loss: 0.0665 - accuracy: 0.972 - val_loss: 0.1037 - val_accuracy: 0.9723
DEBUG: 2023-08-01 18:10:28,103: keras_callback.py: on_epoch_end: Epoch 380/10000 - loss: 0.0623 - accuracy: 0.9747 - val_loss: 0.1017 - val_accuracy: 0.971
DEBUG: 2023-08-01 18:10:30,472: keras_callback.py: on_epoch_end: Epoch 390/10000 - loss: 0.064 - accuracy: 0.9723 - val_loss: 0.101 - val_accuracy: 0.9703
DEBUG: 2023-08-01 18:10:33,101: keras_callback.py: on_epoch_end: Epoch 400/10000 - loss: 0.0629 - accuracy: 0.973 - val_loss: 0.1014 - val_accuracy: 0.9723
DEBUG: 2023-08-01 18:10:35,599: keras_callback.py: on_epoch_end: Epoch 410/10000 - loss: 0.0615 - accuracy: 0.9747 - val_loss: 0.1007 - val_accuracy: 0.971
DEBUG: 2023-08-01 18:10:38,001: keras_callback.py: on_epoch_end: Epoch 420/10000 - loss: 0.0601 - accuracy: 0.9737 - val_loss: 0.1012 - val_accuracy: 0.9717
DEBUG: 2023-08-01 18:10:40,499: keras_callback.py: on_epoch_end: Epoch 430/10000 - loss: 0.0596 - accuracy: 0.976 - val_loss: 0.0996 - val_accuracy: 0.9723
DEBUG: 2023-08-01 18:10:42,809: keras_callback.py: on_epoch_end: Epoch 440/10000 - loss: 0.0574 - accuracy: 0.9748 - val_loss: 0.0982 - val_accuracy: 0.9744
DEBUG: 2023-08-01 18:10:45,144: keras_callback.py: on_epoch_end: Epoch 450/10000 - loss: 0.0556 - accuracy: 0.9787 - val_loss: 0.0983 - val_accuracy: 0.9737
DEBUG: 2023-08-01 18:10:47,566: keras_callback.py: on_epoch_end: Epoch 460/10000 - loss: 0.0547 - accuracy: 0.9772 - val_loss: 0.097 - val_accuracy: 0.9764
DEBUG: 2023-08-01 18:10:49,857: keras_callback.py: on_epoch_end: Epoch 470/10000 - loss: 0.0546 - accuracy: 0.9774 - val_loss: 0.0957 - val_accuracy: 0.9744
DEBUG: 2023-08-01 18:10:52,101: keras_callback.py: on_epoch_end: Epoch 480/10000 - loss: 0.054 - accuracy: 0.9777 - val_loss: 0.0935 - val_accuracy: 0.9757
DEBUG: 2023-08-01 18:10:54,463: keras_callback.py: on_epoch_end: Epoch 490/10000 - loss: 0.0527 - accuracy: 0.9796 - val_loss: 0.0921 - val_accuracy: 0.9777
DEBUG: 2023-08-01 18:10:56,755: keras_callback.py: on_epoch_end: Epoch 500/10000 - loss: 0.051 - accuracy: 0.9799 - val_loss: 0.0924 - val_accuracy: 0.9784
DEBUG: 2023-08-01 18:10:59,214: keras_callback.py: on_epoch_end: Epoch 510/10000 - loss: 0.0511 - accuracy: 0.9789 - val_loss: 0.0913 - val_accuracy: 0.9798
DEBUG: 2023-08-01 18:11:01,522: keras_callback.py: on_epoch_end: Epoch 520/10000 - loss: 0.0496 - accuracy: 0.9814 - val_loss: 0.0945 - val_accuracy: 0.9791
DEBUG: 2023-08-01 18:11:03,872: keras_callback.py: on_epoch_end: Epoch 530/10000 - loss: 0.0482 - accuracy: 0.9819 - val_loss: 0.0908 - val_accuracy: 0.9791
DEBUG: 2023-08-01 18:11:06,195: keras_callback.py: on_epoch_end: Epoch 540/10000 - loss: 0.0489 - accuracy: 0.9796 - val_loss: 0.0901 - val_accuracy: 0.9804
DEBUG: 2023-08-01 18:11:08,577: keras_callback.py: on_epoch_end: Epoch 550/10000 - loss: 0.0473 - accuracy: 0.9819 - val_loss: 0.0925 - val_accuracy: 0.9798
DEBUG: 2023-08-01 18:11:10,903: keras_callback.py: on_epoch_end: Epoch 560/10000 - loss: 0.0454 - accuracy: 0.9824 - val_loss: 0.0911 - val_accuracy: 0.9804
DEBUG: 2023-08-01 18:11:13,120: keras_callback.py: on_epoch_end: Epoch 570/10000 - loss: 0.046 - accuracy: 0.9823 - val_loss: 0.0903 - val_accuracy: 0.9798
DEBUG: 2023-08-01 18:11:14,472: attrs.py: __getitem__: Creating converter from 3 to 5
DEBUG: 2023-08-01 18:11:16,895: 2623015374.py: <module>: X_tr.shape=(5925, 128, 6, 1) X_val.shape=(1481, 128, 6, 1) X_test.shape=(2993, 128, 6, 1)
DEBUG: 2023-08-01 18:11:16,895: 2623015374.py: <module>: y_tr.shape=(5925, 6) y_val.shape=(1481, 6) y_test.shape=(2993, 6)
DEBUG: 2023-08-01 18:11:20,314: keras_callback.py: on_epoch_end: Epoch 10/10000 - loss: 0.6203 - accuracy: 0.7966 - val_loss: 0.6612 - val_accuracy: 0.8366
DEBUG: 2023-08-01 18:11:22,773: keras_callback.py: on_epoch_end: Epoch 20/10000 - loss: 0.3228 - accuracy: 0.8938 - val_loss: 0.3802 - val_accuracy: 0.9048
DEBUG: 2023-08-01 18:11:25,298: keras_callback.py: on_epoch_end: Epoch 30/10000 - loss: 0.2461 - accuracy: 0.918 - val_loss: 0.2979 - val_accuracy: 0.921
DEBUG: 2023-08-01 18:11:27,839: keras_callback.py: on_epoch_end: Epoch 40/10000 - loss: 0.2091 - accuracy: 0.93 - val_loss: 0.2567 - val_accuracy: 0.9291
DEBUG: 2023-08-01 18:11:30,412: keras_callback.py: on_epoch_end: Epoch 50/10000 - loss: 0.1822 - accuracy: 0.9421 - val_loss: 0.233 - val_accuracy: 0.9325
DEBUG: 2023-08-01 18:11:33,113: keras_callback.py: on_epoch_end: Epoch 60/10000 - loss: 0.1657 - accuracy: 0.9446 - val_loss: 0.2154 - val_accuracy: 0.9345
DEBUG: 2023-08-01 18:11:35,675: keras_callback.py: on_epoch_end: Epoch 70/10000 - loss: 0.1556 - accuracy: 0.947 - val_loss: 0.2028 - val_accuracy: 0.9379
DEBUG: 2023-08-01 18:11:38,143: keras_callback.py: on_epoch_end: Epoch 80/10000 - loss: 0.1481 - accuracy: 0.9477 - val_loss: 0.1929 - val_accuracy: 0.9406
DEBUG: 2023-08-01 18:11:40,625: keras_callback.py: on_epoch_end: Epoch 90/10000 - loss: 0.1375 - accuracy: 0.9534 - val_loss: 0.1871 - val_accuracy: 0.9399
DEBUG: 2023-08-01 18:11:43,182: keras_callback.py: on_epoch_end: Epoch 100/10000 - loss: 0.1303 - accuracy: 0.9531 - val_loss: 0.1778 - val_accuracy: 0.944
DEBUG: 2023-08-01 18:11:45,678: keras_callback.py: on_epoch_end: Epoch 110/10000 - loss: 0.1213 - accuracy: 0.9576 - val_loss: 0.1708 - val_accuracy: 0.946
DEBUG: 2023-08-01 18:11:48,218: keras_callback.py: on_epoch_end: Epoch 120/10000 - loss: 0.1185 - accuracy: 0.9576 - val_loss: 0.165 - val_accuracy: 0.946
DEBUG: 2023-08-01 18:11:50,660: keras_callback.py: on_epoch_end: Epoch 130/10000 - loss: 0.1133 - accuracy: 0.9595 - val_loss: 0.163 - val_accuracy: 0.944
DEBUG: 2023-08-01 18:11:53,193: keras_callback.py: on_epoch_end: Epoch 140/10000 - loss: 0.1085 - accuracy: 0.9602 - val_loss: 0.1581 - val_accuracy: 0.9473
DEBUG: 2023-08-01 18:11:55,763: keras_callback.py: on_epoch_end: Epoch 150/10000 - loss: 0.1054 - accuracy: 0.9619 - val_loss: 0.1546 - val_accuracy: 0.9467
DEBUG: 2023-08-01 18:11:58,492: keras_callback.py: on_epoch_end: Epoch 160/10000 - loss: 0.0997 - accuracy: 0.9642 - val_loss: 0.1486 - val_accuracy: 0.9467
DEBUG: 2023-08-01 18:12:00,841: keras_callback.py: on_epoch_end: Epoch 170/10000 - loss: 0.099 - accuracy: 0.9639 - val_loss: 0.1472 - val_accuracy: 0.9467
DEBUG: 2023-08-01 18:12:03,263: keras_callback.py: on_epoch_end: Epoch 180/10000 - loss: 0.0956 - accuracy: 0.9642 - val_loss: 0.1445 - val_accuracy: 0.9487
DEBUG: 2023-08-01 18:12:05,680: keras_callback.py: on_epoch_end: Epoch 190/10000 - loss: 0.0917 - accuracy: 0.9644 - val_loss: 0.1419 - val_accuracy: 0.9473
DEBUG: 2023-08-01 18:12:08,156: keras_callback.py: on_epoch_end: Epoch 200/10000 - loss: 0.0891 - accuracy: 0.9656 - val_loss: 0.1427 - val_accuracy: 0.948
DEBUG: 2023-08-01 18:12:10,638: keras_callback.py: on_epoch_end: Epoch 210/10000 - loss: 0.0854 - accuracy: 0.9671 - val_loss: 0.1382 - val_accuracy: 0.9494
DEBUG: 2023-08-01 18:12:13,125: keras_callback.py: on_epoch_end: Epoch 220/10000 - loss: 0.0838 - accuracy: 0.9678 - val_loss: 0.1364 - val_accuracy: 0.95
DEBUG: 2023-08-01 18:12:15,610: keras_callback.py: on_epoch_end: Epoch 230/10000 - loss: 0.0816 - accuracy: 0.9684 - val_loss: 0.1342 - val_accuracy: 0.9514
DEBUG: 2023-08-01 18:12:18,043: keras_callback.py: on_epoch_end: Epoch 240/10000 - loss: 0.0849 - accuracy: 0.9666 - val_loss: 0.1329 - val_accuracy: 0.9534
DEBUG: 2023-08-01 18:12:20,521: keras_callback.py: on_epoch_end: Epoch 250/10000 - loss: 0.077 - accuracy: 0.9681 - val_loss: 0.1318 - val_accuracy: 0.9514
DEBUG: 2023-08-01 18:12:23,013: keras_callback.py: on_epoch_end: Epoch 260/10000 - loss: 0.0775 - accuracy: 0.9678 - val_loss: 0.1299 - val_accuracy: 0.9534
DEBUG: 2023-08-01 18:12:25,758: keras_callback.py: on_epoch_end: Epoch 270/10000 - loss: 0.078 - accuracy: 0.9674 - val_loss: 0.129 - val_accuracy: 0.9541
DEBUG: 2023-08-01 18:12:28,155: keras_callback.py: on_epoch_end: Epoch 280/10000 - loss: 0.0752 - accuracy: 0.9689 - val_loss: 0.1268 - val_accuracy: 0.9561
DEBUG: 2023-08-01 18:12:30,712: keras_callback.py: on_epoch_end: Epoch 290/10000 - loss: 0.0736 - accuracy: 0.9684 - val_loss: 0.1276 - val_accuracy: 0.9554
DEBUG: 2023-08-01 18:12:33,181: keras_callback.py: on_epoch_end: Epoch 300/10000 - loss: 0.0737 - accuracy: 0.971 - val_loss: 0.1256 - val_accuracy: 0.9568
DEBUG: 2023-08-01 18:12:35,539: keras_callback.py: on_epoch_end: Epoch 310/10000 - loss: 0.0709 - accuracy: 0.971 - val_loss: 0.123 - val_accuracy: 0.9561
DEBUG: 2023-08-01 18:12:38,058: keras_callback.py: on_epoch_end: Epoch 320/10000 - loss: 0.0682 - accuracy: 0.9718 - val_loss: 0.1262 - val_accuracy: 0.9568
DEBUG: 2023-08-01 18:12:40,422: keras_callback.py: on_epoch_end: Epoch 330/10000 - loss: 0.0673 - accuracy: 0.9725 - val_loss: 0.1232 - val_accuracy: 0.9581
DEBUG: 2023-08-01 18:12:42,872: keras_callback.py: on_epoch_end: Epoch 340/10000 - loss: 0.0668 - accuracy: 0.9703 - val_loss: 0.1255 - val_accuracy: 0.9561
DEBUG: 2023-08-01 18:12:45,263: keras_callback.py: on_epoch_end: Epoch 350/10000 - loss: 0.0665 - accuracy: 0.9733 - val_loss: 0.1237 - val_accuracy: 0.9568
DEBUG: 2023-08-01 18:12:47,672: keras_callback.py: on_epoch_end: Epoch 360/10000 - loss: 0.065 - accuracy: 0.9738 - val_loss: 0.1227 - val_accuracy: 0.9581
DEBUG: 2023-08-01 18:12:50,090: keras_callback.py: on_epoch_end: Epoch 370/10000 - loss: 0.0637 - accuracy: 0.9755 - val_loss: 0.1232 - val_accuracy: 0.9602
DEBUG: 2023-08-01 18:12:52,497: keras_callback.py: on_epoch_end: Epoch 380/10000 - loss: 0.062 - accuracy: 0.9747 - val_loss: 0.1227 - val_accuracy: 0.9602
DEBUG: 2023-08-01 18:12:55,024: keras_callback.py: on_epoch_end: Epoch 390/10000 - loss: 0.0635 - accuracy: 0.9762 - val_loss: 0.1181 - val_accuracy: 0.9629
DEBUG: 2023-08-01 18:12:57,518: keras_callback.py: on_epoch_end: Epoch 400/10000 - loss: 0.0594 - accuracy: 0.9774 - val_loss: 0.1225 - val_accuracy: 0.9615
DEBUG: 2023-08-01 18:13:00,053: keras_callback.py: on_epoch_end: Epoch 410/10000 - loss: 0.059 - accuracy: 0.9782 - val_loss: 0.1233 - val_accuracy: 0.9615
DEBUG: 2023-08-01 18:13:02,527: keras_callback.py: on_epoch_end: Epoch 420/10000 - loss: 0.0586 - accuracy: 0.9797 - val_loss: 0.1209 - val_accuracy: 0.9622
DEBUG: 2023-08-01 18:13:04,941: keras_callback.py: on_epoch_end: Epoch 430/10000 - loss: 0.0577 - accuracy: 0.9794 - val_loss: 0.1205 - val_accuracy: 0.9622
DEBUG: 2023-08-01 18:13:07,423: keras_callback.py: on_epoch_end: Epoch 440/10000 - loss: 0.0577 - accuracy: 0.9787 - val_loss: 0.1205 - val_accuracy: 0.9615
DEBUG: 2023-08-01 18:13:09,946: keras_callback.py: on_epoch_end: Epoch 450/10000 - loss: 0.0564 - accuracy: 0.9797 - val_loss: 0.1221 - val_accuracy: 0.9615
DEBUG: 2023-08-01 18:13:12,314: keras_callback.py: on_epoch_end: Epoch 460/10000 - loss: 0.0553 - accuracy: 0.9806 - val_loss: 0.1172 - val_accuracy: 0.9629
DEBUG: 2023-08-01 18:13:14,689: keras_callback.py: on_epoch_end: Epoch 470/10000 - loss: 0.0566 - accuracy: 0.9787 - val_loss: 0.1168 - val_accuracy: 0.9622
DEBUG: 2023-08-01 18:13:17,233: keras_callback.py: on_epoch_end: Epoch 480/10000 - loss: 0.0545 - accuracy: 0.9808 - val_loss: 0.1157 - val_accuracy: 0.9629
DEBUG: 2023-08-01 18:13:19,625: keras_callback.py: on_epoch_end: Epoch 490/10000 - loss: 0.0528 - accuracy: 0.9826 - val_loss: 0.1172 - val_accuracy: 0.9622
DEBUG: 2023-08-01 18:13:22,055: keras_callback.py: on_epoch_end: Epoch 500/10000 - loss: 0.0551 - accuracy: 0.9799 - val_loss: 0.1176 - val_accuracy: 0.9629
DEBUG: 2023-08-01 18:13:24,527: keras_callback.py: on_epoch_end: Epoch 510/10000 - loss: 0.0537 - accuracy: 0.9806 - val_loss: 0.1155 - val_accuracy: 0.9629
DEBUG: 2023-08-01 18:13:27,010: keras_callback.py: on_epoch_end: Epoch 520/10000 - loss: 0.0524 - accuracy: 0.9809 - val_loss: 0.1136 - val_accuracy: 0.9642
DEBUG: 2023-08-01 18:13:29,482: keras_callback.py: on_epoch_end: Epoch 530/10000 - loss: 0.052 - accuracy: 0.9821 - val_loss: 0.1182 - val_accuracy: 0.9629
DEBUG: 2023-08-01 18:13:32,009: keras_callback.py: on_epoch_end: Epoch 540/10000 - loss: 0.0487 - accuracy: 0.9841 - val_loss: 0.1133 - val_accuracy: 0.9615
DEBUG: 2023-08-01 18:13:34,410: keras_callback.py: on_epoch_end: Epoch 550/10000 - loss: 0.0479 - accuracy: 0.9835 - val_loss: 0.1133 - val_accuracy: 0.9635
DEBUG: 2023-08-01 18:13:36,738: keras_callback.py: on_epoch_end: Epoch 560/10000 - loss: 0.0496 - accuracy: 0.9826 - val_loss: 0.1141 - val_accuracy: 0.9622
DEBUG: 2023-08-01 18:13:39,091: keras_callback.py: on_epoch_end: Epoch 570/10000 - loss: 0.0464 - accuracy: 0.9845 - val_loss: 0.1111 - val_accuracy: 0.9649
DEBUG: 2023-08-01 18:13:41,582: keras_callback.py: on_epoch_end: Epoch 580/10000 - loss: 0.0467 - accuracy: 0.9841 - val_loss: 0.1132 - val_accuracy: 0.9642
DEBUG: 2023-08-01 18:13:43,981: keras_callback.py: on_epoch_end: Epoch 590/10000 - loss: 0.046 - accuracy: 0.9836 - val_loss: 0.1104 - val_accuracy: 0.9649
DEBUG: 2023-08-01 18:13:46,369: keras_callback.py: on_epoch_end: Epoch 600/10000 - loss: 0.0472 - accuracy: 0.9835 - val_loss: 0.1117 - val_accuracy: 0.9642
DEBUG: 2023-08-01 18:13:48,676: keras_callback.py: on_epoch_end: Epoch 610/10000 - loss: 0.0461 - accuracy: 0.9841 - val_loss: 0.1098 - val_accuracy: 0.9642
DEBUG: 2023-08-01 18:13:52,681: 2623015374.py: <module>: X_tr.shape=(5925, 128, 6, 1) X_val.shape=(1481, 128, 6, 1) X_test.shape=(2993, 128, 6, 1)
DEBUG: 2023-08-01 18:13:52,682: 2623015374.py: <module>: y_tr.shape=(5925, 6) y_val.shape=(1481, 6) y_test.shape=(2993, 6)
DEBUG: 2023-08-01 18:13:56,488: keras_callback.py: on_epoch_end: Epoch 10/10000 - loss: 0.5798 - accuracy: 0.8241 - val_loss: 0.6625 - val_accuracy: 0.8508
DEBUG: 2023-08-01 18:13:59,354: keras_callback.py: on_epoch_end: Epoch 20/10000 - loss: 0.3263 - accuracy: 0.8976 - val_loss: 0.4019 - val_accuracy: 0.898
DEBUG: 2023-08-01 18:14:02,394: keras_callback.py: on_epoch_end: Epoch 30/10000 - loss: 0.2432 - accuracy: 0.9225 - val_loss: 0.3084 - val_accuracy: 0.9183
DEBUG: 2023-08-01 18:14:05,404: keras_callback.py: on_epoch_end: Epoch 40/10000 - loss: 0.2023 - accuracy: 0.933 - val_loss: 0.2578 - val_accuracy: 0.9305
DEBUG: 2023-08-01 18:14:08,176: keras_callback.py: on_epoch_end: Epoch 50/10000 - loss: 0.1779 - accuracy: 0.937 - val_loss: 0.2251 - val_accuracy: 0.9338
DEBUG: 2023-08-01 18:14:11,047: keras_callback.py: on_epoch_end: Epoch 60/10000 - loss: 0.1581 - accuracy: 0.9428 - val_loss: 0.202 - val_accuracy: 0.9406
DEBUG: 2023-08-01 18:14:13,751: keras_callback.py: on_epoch_end: Epoch 70/10000 - loss: 0.1431 - accuracy: 0.9485 - val_loss: 0.1845 - val_accuracy: 0.9433
DEBUG: 2023-08-01 18:14:16,456: keras_callback.py: on_epoch_end: Epoch 80/10000 - loss: 0.1309 - accuracy: 0.9524 - val_loss: 0.1719 - val_accuracy: 0.9473
DEBUG: 2023-08-01 18:14:19,107: keras_callback.py: on_epoch_end: Epoch 90/10000 - loss: 0.1196 - accuracy: 0.9581 - val_loss: 0.161 - val_accuracy: 0.9487
DEBUG: 2023-08-01 18:14:21,857: keras_callback.py: on_epoch_end: Epoch 100/10000 - loss: 0.1086 - accuracy: 0.9637 - val_loss: 0.1497 - val_accuracy: 0.9548
DEBUG: 2023-08-01 18:14:24,524: keras_callback.py: on_epoch_end: Epoch 110/10000 - loss: 0.1045 - accuracy: 0.9619 - val_loss: 0.1435 - val_accuracy: 0.9534
DEBUG: 2023-08-01 18:14:27,169: keras_callback.py: on_epoch_end: Epoch 120/10000 - loss: 0.0996 - accuracy: 0.9635 - val_loss: 0.1369 - val_accuracy: 0.9554
DEBUG: 2023-08-01 18:14:29,831: keras_callback.py: on_epoch_end: Epoch 130/10000 - loss: 0.0936 - accuracy: 0.9646 - val_loss: 0.1314 - val_accuracy: 0.9561
DEBUG: 2023-08-01 18:14:32,482: keras_callback.py: on_epoch_end: Epoch 140/10000 - loss: 0.0885 - accuracy: 0.9678 - val_loss: 0.1263 - val_accuracy: 0.9561
DEBUG: 2023-08-01 18:14:35,058: keras_callback.py: on_epoch_end: Epoch 150/10000 - loss: 0.0872 - accuracy: 0.9676 - val_loss: 0.1239 - val_accuracy: 0.9561
DEBUG: 2023-08-01 18:14:37,666: keras_callback.py: on_epoch_end: Epoch 160/10000 - loss: 0.0842 - accuracy: 0.9678 - val_loss: 0.1208 - val_accuracy: 0.9568
DEBUG: 2023-08-01 18:14:40,268: keras_callback.py: on_epoch_end: Epoch 170/10000 - loss: 0.0821 - accuracy: 0.9678 - val_loss: 0.1165 - val_accuracy: 0.9575
DEBUG: 2023-08-01 18:14:42,881: keras_callback.py: on_epoch_end: Epoch 180/10000 - loss: 0.0813 - accuracy: 0.9686 - val_loss: 0.1163 - val_accuracy: 0.9568
DEBUG: 2023-08-01 18:14:45,442: keras_callback.py: on_epoch_end: Epoch 190/10000 - loss: 0.0777 - accuracy: 0.9698 - val_loss: 0.1126 - val_accuracy: 0.9588
DEBUG: 2023-08-01 18:14:47,931: keras_callback.py: on_epoch_end: Epoch 200/10000 - loss: 0.0751 - accuracy: 0.9718 - val_loss: 0.1117 - val_accuracy: 0.9575
DEBUG: 2023-08-01 18:14:50,514: keras_callback.py: on_epoch_end: Epoch 210/10000 - loss: 0.0756 - accuracy: 0.972 - val_loss: 0.1098 - val_accuracy: 0.9581
DEBUG: 2023-08-01 18:14:53,112: keras_callback.py: on_epoch_end: Epoch 220/10000 - loss: 0.0738 - accuracy: 0.9728 - val_loss: 0.1085 - val_accuracy: 0.9588
DEBUG: 2023-08-01 18:14:55,750: keras_callback.py: on_epoch_end: Epoch 230/10000 - loss: 0.0725 - accuracy: 0.973 - val_loss: 0.1063 - val_accuracy: 0.9575
DEBUG: 2023-08-01 18:14:58,478: keras_callback.py: on_epoch_end: Epoch 240/10000 - loss: 0.0703 - accuracy: 0.974 - val_loss: 0.1059 - val_accuracy: 0.9588
DEBUG: 2023-08-01 18:15:00,987: keras_callback.py: on_epoch_end: Epoch 250/10000 - loss: 0.0685 - accuracy: 0.9737 - val_loss: 0.1063 - val_accuracy: 0.9622
DEBUG: 2023-08-01 18:15:03,691: keras_callback.py: on_epoch_end: Epoch 260/10000 - loss: 0.0693 - accuracy: 0.9737 - val_loss: 0.1046 - val_accuracy: 0.9676
DEBUG: 2023-08-01 18:15:06,381: keras_callback.py: on_epoch_end: Epoch 270/10000 - loss: 0.0667 - accuracy: 0.973 - val_loss: 0.1036 - val_accuracy: 0.9662
DEBUG: 2023-08-01 18:15:08,956: keras_callback.py: on_epoch_end: Epoch 280/10000 - loss: 0.0688 - accuracy: 0.9735 - val_loss: 0.1045 - val_accuracy: 0.9689
DEBUG: 2023-08-01 18:15:11,516: keras_callback.py: on_epoch_end: Epoch 290/10000 - loss: 0.0661 - accuracy: 0.974 - val_loss: 0.1037 - val_accuracy: 0.9669
DEBUG: 2023-08-01 18:15:14,021: keras_callback.py: on_epoch_end: Epoch 300/10000 - loss: 0.0657 - accuracy: 0.9755 - val_loss: 0.1004 - val_accuracy: 0.9622
DEBUG: 2023-08-01 18:15:16,635: keras_callback.py: on_epoch_end: Epoch 310/10000 - loss: 0.0654 - accuracy: 0.9743 - val_loss: 0.1024 - val_accuracy: 0.9629
DEBUG: 2023-08-01 18:15:19,159: keras_callback.py: on_epoch_end: Epoch 320/10000 - loss: 0.0639 - accuracy: 0.9754 - val_loss: 0.1006 - val_accuracy: 0.9635
DEBUG: 2023-08-01 18:15:21,695: keras_callback.py: on_epoch_end: Epoch 330/10000 - loss: 0.062 - accuracy: 0.9759 - val_loss: 0.1004 - val_accuracy: 0.9649
DEBUG: 2023-08-01 18:15:24,368: keras_callback.py: on_epoch_end: Epoch 340/10000 - loss: 0.0632 - accuracy: 0.977 - val_loss: 0.1 - val_accuracy: 0.9696
DEBUG: 2023-08-01 18:15:26,898: keras_callback.py: on_epoch_end: Epoch 350/10000 - loss: 0.0627 - accuracy: 0.9749 - val_loss: 0.0983 - val_accuracy: 0.9635
DEBUG: 2023-08-01 18:15:29,540: keras_callback.py: on_epoch_end: Epoch 360/10000 - loss: 0.0613 - accuracy: 0.9777 - val_loss: 0.0993 - val_accuracy: 0.9635
DEBUG: 2023-08-01 18:15:32,039: keras_callback.py: on_epoch_end: Epoch 370/10000 - loss: 0.0604 - accuracy: 0.9769 - val_loss: 0.0975 - val_accuracy: 0.9669
DEBUG: 2023-08-01 18:15:34,562: keras_callback.py: on_epoch_end: Epoch 380/10000 - loss: 0.0595 - accuracy: 0.9772 - val_loss: 0.0979 - val_accuracy: 0.9683
DEBUG: 2023-08-01 18:15:37,154: keras_callback.py: on_epoch_end: Epoch 390/10000 - loss: 0.0573 - accuracy: 0.9779 - val_loss: 0.0964 - val_accuracy: 0.9696
DEBUG: 2023-08-01 18:15:39,654: keras_callback.py: on_epoch_end: Epoch 400/10000 - loss: 0.0595 - accuracy: 0.977 - val_loss: 0.096 - val_accuracy: 0.9683
DEBUG: 2023-08-01 18:15:42,183: keras_callback.py: on_epoch_end: Epoch 410/10000 - loss: 0.0604 - accuracy: 0.977 - val_loss: 0.0958 - val_accuracy: 0.9696
DEBUG: 2023-08-01 18:15:44,837: keras_callback.py: on_epoch_end: Epoch 420/10000 - loss: 0.0566 - accuracy: 0.9764 - val_loss: 0.096 - val_accuracy: 0.9656
DEBUG: 2023-08-01 18:15:47,501: keras_callback.py: on_epoch_end: Epoch 430/10000 - loss: 0.0576 - accuracy: 0.977 - val_loss: 0.0972 - val_accuracy: 0.9683
DEBUG: 2023-08-01 18:15:50,225: keras_callback.py: on_epoch_end: Epoch 440/10000 - loss: 0.0556 - accuracy: 0.9769 - val_loss: 0.0946 - val_accuracy: 0.9683
DEBUG: 2023-08-01 18:15:52,861: keras_callback.py: on_epoch_end: Epoch 450/10000 - loss: 0.0561 - accuracy: 0.9776 - val_loss: 0.095 - val_accuracy: 0.9703
DEBUG: 2023-08-01 18:15:55,431: keras_callback.py: on_epoch_end: Epoch 460/10000 - loss: 0.0544 - accuracy: 0.9784 - val_loss: 0.0933 - val_accuracy: 0.9669
DEBUG: 2023-08-01 18:15:58,063: keras_callback.py: on_epoch_end: Epoch 470/10000 - loss: 0.0535 - accuracy: 0.9781 - val_loss: 0.0947 - val_accuracy: 0.9696
DEBUG: 2023-08-01 18:16:00,596: keras_callback.py: on_epoch_end: Epoch 480/10000 - loss: 0.0538 - accuracy: 0.9779 - val_loss: 0.095 - val_accuracy: 0.9703
DEBUG: 2023-08-01 18:16:03,124: keras_callback.py: on_epoch_end: Epoch 490/10000 - loss: 0.0531 - accuracy: 0.9792 - val_loss: 0.0925 - val_accuracy: 0.9696
DEBUG: 2023-08-01 18:16:07,775: 2623015374.py: <module>: X_tr.shape=(5925, 128, 6, 1) X_val.shape=(1481, 128, 6, 1) X_test.shape=(2993, 128, 6, 1)
DEBUG: 2023-08-01 18:16:07,776: 2623015374.py: <module>: y_tr.shape=(5925, 6) y_val.shape=(1481, 6) y_test.shape=(2993, 6)
DEBUG: 2023-08-01 18:16:11,359: keras_callback.py: on_epoch_end: Epoch 10/10000 - loss: 0.8016 - accuracy: 0.7016 - val_loss: 0.8508 - val_accuracy: 0.7914
DEBUG: 2023-08-01 18:16:14,084: keras_callback.py: on_epoch_end: Epoch 20/10000 - loss: 0.5462 - accuracy: 0.8743 - val_loss: 0.6025 - val_accuracy: 0.8967
DEBUG: 2023-08-01 18:16:16,871: keras_callback.py: on_epoch_end: Epoch 30/10000 - loss: 0.3858 - accuracy: 0.9112 - val_loss: 0.4495 - val_accuracy: 0.9156
DEBUG: 2023-08-01 18:16:19,511: keras_callback.py: on_epoch_end: Epoch 40/10000 - loss: 0.2792 - accuracy: 0.9367 - val_loss: 0.3353 - val_accuracy: 0.9399
DEBUG: 2023-08-01 18:16:22,297: keras_callback.py: on_epoch_end: Epoch 50/10000 - loss: 0.2047 - accuracy: 0.9406 - val_loss: 0.2565 - val_accuracy: 0.9399
DEBUG: 2023-08-01 18:16:25,097: keras_callback.py: on_epoch_end: Epoch 60/10000 - loss: 0.1694 - accuracy: 0.946 - val_loss: 0.2123 - val_accuracy: 0.9406
DEBUG: 2023-08-01 18:16:27,735: keras_callback.py: on_epoch_end: Epoch 70/10000 - loss: 0.1502 - accuracy: 0.95 - val_loss: 0.1887 - val_accuracy: 0.944
DEBUG: 2023-08-01 18:16:30,431: keras_callback.py: on_epoch_end: Epoch 80/10000 - loss: 0.134 - accuracy: 0.9509 - val_loss: 0.1731 - val_accuracy: 0.946
DEBUG: 2023-08-01 18:16:33,046: keras_callback.py: on_epoch_end: Epoch 90/10000 - loss: 0.125 - accuracy: 0.9541 - val_loss: 0.1602 - val_accuracy: 0.948
DEBUG: 2023-08-01 18:16:35,802: keras_callback.py: on_epoch_end: Epoch 100/10000 - loss: 0.1173 - accuracy: 0.9538 - val_loss: 0.1524 - val_accuracy: 0.9514
DEBUG: 2023-08-01 18:16:38,454: keras_callback.py: on_epoch_end: Epoch 110/10000 - loss: 0.1109 - accuracy: 0.9575 - val_loss: 0.1467 - val_accuracy: 0.9534
DEBUG: 2023-08-01 18:16:41,146: keras_callback.py: on_epoch_end: Epoch 120/10000 - loss: 0.1067 - accuracy: 0.9563 - val_loss: 0.1403 - val_accuracy: 0.9548
DEBUG: 2023-08-01 18:16:43,882: keras_callback.py: on_epoch_end: Epoch 130/10000 - loss: 0.1037 - accuracy: 0.9603 - val_loss: 0.1354 - val_accuracy: 0.9541
DEBUG: 2023-08-01 18:16:46,522: keras_callback.py: on_epoch_end: Epoch 140/10000 - loss: 0.0982 - accuracy: 0.9605 - val_loss: 0.131 - val_accuracy: 0.9541
DEBUG: 2023-08-01 18:16:49,166: keras_callback.py: on_epoch_end: Epoch 150/10000 - loss: 0.0922 - accuracy: 0.9627 - val_loss: 0.129 - val_accuracy: 0.9534
DEBUG: 2023-08-01 18:16:51,754: keras_callback.py: on_epoch_end: Epoch 160/10000 - loss: 0.0891 - accuracy: 0.9656 - val_loss: 0.1227 - val_accuracy: 0.9548
DEBUG: 2023-08-01 18:16:54,318: keras_callback.py: on_epoch_end: Epoch 170/10000 - loss: 0.0866 - accuracy: 0.9656 - val_loss: 0.1213 - val_accuracy: 0.9534
DEBUG: 2023-08-01 18:16:57,034: keras_callback.py: on_epoch_end: Epoch 180/10000 - loss: 0.0863 - accuracy: 0.9635 - val_loss: 0.1196 - val_accuracy: 0.9534
DEBUG: 2023-08-01 18:16:59,625: keras_callback.py: on_epoch_end: Epoch 190/10000 - loss: 0.0841 - accuracy: 0.9669 - val_loss: 0.1156 - val_accuracy: 0.9541
DEBUG: 2023-08-01 18:17:02,282: keras_callback.py: on_epoch_end: Epoch 200/10000 - loss: 0.0793 - accuracy: 0.9679 - val_loss: 0.1152 - val_accuracy: 0.9541
DEBUG: 2023-08-01 18:17:04,910: keras_callback.py: on_epoch_end: Epoch 210/10000 - loss: 0.0772 - accuracy: 0.9674 - val_loss: 0.1133 - val_accuracy: 0.9561
DEBUG: 2023-08-01 18:17:07,576: keras_callback.py: on_epoch_end: Epoch 220/10000 - loss: 0.0746 - accuracy: 0.9689 - val_loss: 0.1106 - val_accuracy: 0.9568
DEBUG: 2023-08-01 18:17:10,202: keras_callback.py: on_epoch_end: Epoch 230/10000 - loss: 0.076 - accuracy: 0.9689 - val_loss: 0.1075 - val_accuracy: 0.9554
DEBUG: 2023-08-01 18:17:12,849: keras_callback.py: on_epoch_end: Epoch 240/10000 - loss: 0.0738 - accuracy: 0.9683 - val_loss: 0.1061 - val_accuracy: 0.9561
DEBUG: 2023-08-01 18:17:15,579: keras_callback.py: on_epoch_end: Epoch 250/10000 - loss: 0.0689 - accuracy: 0.9706 - val_loss: 0.1058 - val_accuracy: 0.9568
DEBUG: 2023-08-01 18:17:18,311: keras_callback.py: on_epoch_end: Epoch 260/10000 - loss: 0.0688 - accuracy: 0.9732 - val_loss: 0.104 - val_accuracy: 0.9575
DEBUG: 2023-08-01 18:17:20,915: keras_callback.py: on_epoch_end: Epoch 270/10000 - loss: 0.0691 - accuracy: 0.9706 - val_loss: 0.106 - val_accuracy: 0.9602
DEBUG: 2023-08-01 18:17:23,495: keras_callback.py: on_epoch_end: Epoch 280/10000 - loss: 0.0695 - accuracy: 0.9725 - val_loss: 0.1038 - val_accuracy: 0.9575
DEBUG: 2023-08-01 18:17:26,016: keras_callback.py: on_epoch_end: Epoch 290/10000 - loss: 0.0651 - accuracy: 0.9706 - val_loss: 0.103 - val_accuracy: 0.9581
DEBUG: 2023-08-01 18:17:28,625: keras_callback.py: on_epoch_end: Epoch 300/10000 - loss: 0.0636 - accuracy: 0.9737 - val_loss: 0.1007 - val_accuracy: 0.9581
DEBUG: 2023-08-01 18:17:31,208: keras_callback.py: on_epoch_end: Epoch 310/10000 - loss: 0.0634 - accuracy: 0.9713 - val_loss: 0.1002 - val_accuracy: 0.9588
DEBUG: 2023-08-01 18:17:33,776: keras_callback.py: on_epoch_end: Epoch 320/10000 - loss: 0.0637 - accuracy: 0.9727 - val_loss: 0.1026 - val_accuracy: 0.9588
DEBUG: 2023-08-01 18:17:36,464: keras_callback.py: on_epoch_end: Epoch 330/10000 - loss: 0.0597 - accuracy: 0.9749 - val_loss: 0.0982 - val_accuracy: 0.9602
DEBUG: 2023-08-01 18:17:39,109: keras_callback.py: on_epoch_end: Epoch 340/10000 - loss: 0.0622 - accuracy: 0.9715 - val_loss: 0.0978 - val_accuracy: 0.9629
DEBUG: 2023-08-01 18:17:41,686: keras_callback.py: on_epoch_end: Epoch 350/10000 - loss: 0.0595 - accuracy: 0.9735 - val_loss: 0.098 - val_accuracy: 0.9615
DEBUG: 2023-08-01 18:17:44,402: keras_callback.py: on_epoch_end: Epoch 360/10000 - loss: 0.0597 - accuracy: 0.9747 - val_loss: 0.0959 - val_accuracy: 0.9622
DEBUG: 2023-08-01 18:17:47,043: keras_callback.py: on_epoch_end: Epoch 370/10000 - loss: 0.0578 - accuracy: 0.9747 - val_loss: 0.0963 - val_accuracy: 0.9622
DEBUG: 2023-08-01 18:17:49,610: keras_callback.py: on_epoch_end: Epoch 380/10000 - loss: 0.0586 - accuracy: 0.9754 - val_loss: 0.0954 - val_accuracy: 0.9656
DEBUG: 2023-08-01 18:17:52,197: keras_callback.py: on_epoch_end: Epoch 390/10000 - loss: 0.0564 - accuracy: 0.9765 - val_loss: 0.0959 - val_accuracy: 0.9669
DEBUG: 2023-08-01 18:17:54,820: keras_callback.py: on_epoch_end: Epoch 400/10000 - loss: 0.0552 - accuracy: 0.9782 - val_loss: 0.0961 - val_accuracy: 0.9683
DEBUG: 2023-08-01 18:17:57,427: keras_callback.py: on_epoch_end: Epoch 410/10000 - loss: 0.0547 - accuracy: 0.9784 - val_loss: 0.092 - val_accuracy: 0.9656
DEBUG: 2023-08-01 18:18:00,018: keras_callback.py: on_epoch_end: Epoch 420/10000 - loss: 0.0515 - accuracy: 0.9777 - val_loss: 0.0912 - val_accuracy: 0.9683
DEBUG: 2023-08-01 18:18:02,634: keras_callback.py: on_epoch_end: Epoch 430/10000 - loss: 0.0539 - accuracy: 0.9769 - val_loss: 0.0909 - val_accuracy: 0.9683
DEBUG: 2023-08-01 18:18:05,264: keras_callback.py: on_epoch_end: Epoch 440/10000 - loss: 0.0539 - accuracy: 0.9779 - val_loss: 0.0907 - val_accuracy: 0.9676
DEBUG: 2023-08-01 18:18:07,926: keras_callback.py: on_epoch_end: Epoch 450/10000 - loss: 0.0518 - accuracy: 0.9782 - val_loss: 0.0919 - val_accuracy: 0.9696
DEBUG: 2023-08-01 18:18:10,518: keras_callback.py: on_epoch_end: Epoch 460/10000 - loss: 0.0522 - accuracy: 0.9769 - val_loss: 0.0905 - val_accuracy: 0.971
DEBUG: 2023-08-01 18:18:13,101: keras_callback.py: on_epoch_end: Epoch 470/10000 - loss: 0.0485 - accuracy: 0.9803 - val_loss: 0.0887 - val_accuracy: 0.9689
DEBUG: 2023-08-01 18:18:15,789: keras_callback.py: on_epoch_end: Epoch 480/10000 - loss: 0.0506 - accuracy: 0.9806 - val_loss: 0.0904 - val_accuracy: 0.9716
DEBUG: 2023-08-01 18:18:18,404: keras_callback.py: on_epoch_end: Epoch 490/10000 - loss: 0.0495 - accuracy: 0.9804 - val_loss: 0.0887 - val_accuracy: 0.9703
DEBUG: 2023-08-01 18:18:21,055: keras_callback.py: on_epoch_end: Epoch 500/10000 - loss: 0.0454 - accuracy: 0.9819 - val_loss: 0.088 - val_accuracy: 0.9716
DEBUG: 2023-08-01 18:18:23,624: keras_callback.py: on_epoch_end: Epoch 510/10000 - loss: 0.0462 - accuracy: 0.9816 - val_loss: 0.0895 - val_accuracy: 0.9703
DEBUG: 2023-08-01 18:18:26,289: keras_callback.py: on_epoch_end: Epoch 520/10000 - loss: 0.0454 - accuracy: 0.983 - val_loss: 0.0854 - val_accuracy: 0.9716
DEBUG: 2023-08-01 18:18:28,917: keras_callback.py: on_epoch_end: Epoch 530/10000 - loss: 0.0463 - accuracy: 0.9806 - val_loss: 0.0879 - val_accuracy: 0.9703
DEBUG: 2023-08-01 18:18:31,425: keras_callback.py: on_epoch_end: Epoch 540/10000 - loss: 0.0461 - accuracy: 0.9818 - val_loss: 0.0866 - val_accuracy: 0.973
DEBUG: 2023-08-01 18:18:33,989: keras_callback.py: on_epoch_end: Epoch 550/10000 - loss: 0.0437 - accuracy: 0.9836 - val_loss: 0.0857 - val_accuracy: 0.9716
DEBUG: 2023-08-01 18:18:37,912: 2623015374.py: <module>: X_tr.shape=(5925, 128, 6, 1) X_val.shape=(1481, 128, 6, 1) X_test.shape=(2993, 128, 6, 1)
DEBUG: 2023-08-01 18:18:37,913: 2623015374.py: <module>: y_tr.shape=(5925, 6) y_val.shape=(1481, 6) y_test.shape=(2993, 6)
DEBUG: 2023-08-01 18:18:41,856: keras_callback.py: on_epoch_end: Epoch 10/10000 - loss: 0.8093 - accuracy: 0.6576 - val_loss: 0.8431 - val_accuracy: 0.6975
DEBUG: 2023-08-01 18:18:44,773: keras_callback.py: on_epoch_end: Epoch 20/10000 - loss: 0.4988 - accuracy: 0.8651 - val_loss: 0.5589 - val_accuracy: 0.8886
DEBUG: 2023-08-01 18:18:47,632: keras_callback.py: on_epoch_end: Epoch 30/10000 - loss: 0.322 - accuracy: 0.9082 - val_loss: 0.3804 - val_accuracy: 0.9183
DEBUG: 2023-08-01 18:18:50,373: keras_callback.py: on_epoch_end: Epoch 40/10000 - loss: 0.2435 - accuracy: 0.9257 - val_loss: 0.2963 - val_accuracy: 0.9271
DEBUG: 2023-08-01 18:18:53,121: keras_callback.py: on_epoch_end: Epoch 50/10000 - loss: 0.2063 - accuracy: 0.9313 - val_loss: 0.2511 - val_accuracy: 0.9338
DEBUG: 2023-08-01 18:18:55,890: keras_callback.py: on_epoch_end: Epoch 60/10000 - loss: 0.1852 - accuracy: 0.9328 - val_loss: 0.2253 - val_accuracy: 0.9386
DEBUG: 2023-08-01 18:18:58,701: keras_callback.py: on_epoch_end: Epoch 70/10000 - loss: 0.1664 - accuracy: 0.9424 - val_loss: 0.2056 - val_accuracy: 0.9406
DEBUG: 2023-08-01 18:19:01,434: keras_callback.py: on_epoch_end: Epoch 80/10000 - loss: 0.1522 - accuracy: 0.945 - val_loss: 0.1916 - val_accuracy: 0.9446
DEBUG: 2023-08-01 18:19:04,403: keras_callback.py: on_epoch_end: Epoch 90/10000 - loss: 0.143 - accuracy: 0.9477 - val_loss: 0.1804 - val_accuracy: 0.9467
DEBUG: 2023-08-01 18:19:07,138: keras_callback.py: on_epoch_end: Epoch 100/10000 - loss: 0.1331 - accuracy: 0.9492 - val_loss: 0.1706 - val_accuracy: 0.9473
DEBUG: 2023-08-01 18:19:10,042: keras_callback.py: on_epoch_end: Epoch 110/10000 - loss: 0.1272 - accuracy: 0.9524 - val_loss: 0.1642 - val_accuracy: 0.948
DEBUG: 2023-08-01 18:19:12,738: keras_callback.py: on_epoch_end: Epoch 120/10000 - loss: 0.1241 - accuracy: 0.9519 - val_loss: 0.1571 - val_accuracy: 0.9494
DEBUG: 2023-08-01 18:19:15,349: keras_callback.py: on_epoch_end: Epoch 130/10000 - loss: 0.1159 - accuracy: 0.9566 - val_loss: 0.1517 - val_accuracy: 0.9487
DEBUG: 2023-08-01 18:19:18,139: keras_callback.py: on_epoch_end: Epoch 140/10000 - loss: 0.1108 - accuracy: 0.957 - val_loss: 0.1471 - val_accuracy: 0.9527
DEBUG: 2023-08-01 18:19:20,973: keras_callback.py: on_epoch_end: Epoch 150/10000 - loss: 0.1048 - accuracy: 0.9608 - val_loss: 0.1404 - val_accuracy: 0.9514
DEBUG: 2023-08-01 18:19:23,731: keras_callback.py: on_epoch_end: Epoch 160/10000 - loss: 0.1005 - accuracy: 0.9605 - val_loss: 0.1357 - val_accuracy: 0.9514
DEBUG: 2023-08-01 18:19:26,434: keras_callback.py: on_epoch_end: Epoch 170/10000 - loss: 0.0978 - accuracy: 0.9605 - val_loss: 0.13 - val_accuracy: 0.9514
DEBUG: 2023-08-01 18:19:29,182: keras_callback.py: on_epoch_end: Epoch 180/10000 - loss: 0.0932 - accuracy: 0.9644 - val_loss: 0.1268 - val_accuracy: 0.9561
DEBUG: 2023-08-01 18:19:31,996: keras_callback.py: on_epoch_end: Epoch 190/10000 - loss: 0.0899 - accuracy: 0.9634 - val_loss: 0.1226 - val_accuracy: 0.9561
DEBUG: 2023-08-01 18:19:34,624: keras_callback.py: on_epoch_end: Epoch 200/10000 - loss: 0.0878 - accuracy: 0.9639 - val_loss: 0.1211 - val_accuracy: 0.9541
DEBUG: 2023-08-01 18:19:37,264: keras_callback.py: on_epoch_end: Epoch 210/10000 - loss: 0.0837 - accuracy: 0.9647 - val_loss: 0.1174 - val_accuracy: 0.9554
DEBUG: 2023-08-01 18:19:39,873: keras_callback.py: on_epoch_end: Epoch 220/10000 - loss: 0.083 - accuracy: 0.9662 - val_loss: 0.1161 - val_accuracy: 0.9534
DEBUG: 2023-08-01 18:19:42,474: keras_callback.py: on_epoch_end: Epoch 230/10000 - loss: 0.0811 - accuracy: 0.9661 - val_loss: 0.1129 - val_accuracy: 0.9534
DEBUG: 2023-08-01 18:19:45,166: keras_callback.py: on_epoch_end: Epoch 240/10000 - loss: 0.078 - accuracy: 0.9669 - val_loss: 0.1095 - val_accuracy: 0.9602
DEBUG: 2023-08-01 18:19:47,787: keras_callback.py: on_epoch_end: Epoch 250/10000 - loss: 0.0761 - accuracy: 0.9689 - val_loss: 0.1096 - val_accuracy: 0.9554
DEBUG: 2023-08-01 18:19:50,430: keras_callback.py: on_epoch_end: Epoch 260/10000 - loss: 0.0726 - accuracy: 0.9701 - val_loss: 0.1086 - val_accuracy: 0.9548
DEBUG: 2023-08-01 18:19:53,065: keras_callback.py: on_epoch_end: Epoch 270/10000 - loss: 0.0689 - accuracy: 0.972 - val_loss: 0.1051 - val_accuracy: 0.9568
DEBUG: 2023-08-01 18:19:55,839: keras_callback.py: on_epoch_end: Epoch 280/10000 - loss: 0.0686 - accuracy: 0.9723 - val_loss: 0.1041 - val_accuracy: 0.9554
DEBUG: 2023-08-01 18:19:58,487: keras_callback.py: on_epoch_end: Epoch 290/10000 - loss: 0.0656 - accuracy: 0.9735 - val_loss: 0.101 - val_accuracy: 0.9588
DEBUG: 2023-08-01 18:20:01,107: keras_callback.py: on_epoch_end: Epoch 300/10000 - loss: 0.0685 - accuracy: 0.972 - val_loss: 0.1 - val_accuracy: 0.9581
DEBUG: 2023-08-01 18:20:03,741: keras_callback.py: on_epoch_end: Epoch 310/10000 - loss: 0.0628 - accuracy: 0.9752 - val_loss: 0.0988 - val_accuracy: 0.9595
DEBUG: 2023-08-01 18:20:06,417: keras_callback.py: on_epoch_end: Epoch 320/10000 - loss: 0.0631 - accuracy: 0.9752 - val_loss: 0.0983 - val_accuracy: 0.9608
DEBUG: 2023-08-01 18:20:09,091: keras_callback.py: on_epoch_end: Epoch 330/10000 - loss: 0.0609 - accuracy: 0.9765 - val_loss: 0.0953 - val_accuracy: 0.9642
DEBUG: 2023-08-01 18:20:11,771: keras_callback.py: on_epoch_end: Epoch 340/10000 - loss: 0.0582 - accuracy: 0.9804 - val_loss: 0.0987 - val_accuracy: 0.9629
DEBUG: 2023-08-01 18:20:14,476: keras_callback.py: on_epoch_end: Epoch 350/10000 - loss: 0.0579 - accuracy: 0.9797 - val_loss: 0.097 - val_accuracy: 0.9656
DEBUG: 2023-08-01 18:20:17,164: keras_callback.py: on_epoch_end: Epoch 360/10000 - loss: 0.055 - accuracy: 0.9804 - val_loss: 0.0965 - val_accuracy: 0.9676
DEBUG: 2023-08-01 18:20:19,899: keras_callback.py: on_epoch_end: Epoch 370/10000 - loss: 0.0549 - accuracy: 0.9809 - val_loss: 0.0941 - val_accuracy: 0.9669
DEBUG: 2023-08-01 18:20:22,552: keras_callback.py: on_epoch_end: Epoch 380/10000 - loss: 0.0543 - accuracy: 0.9796 - val_loss: 0.0914 - val_accuracy: 0.9696
DEBUG: 2023-08-01 18:20:25,278: keras_callback.py: on_epoch_end: Epoch 390/10000 - loss: 0.0536 - accuracy: 0.9814 - val_loss: 0.0924 - val_accuracy: 0.9689
DEBUG: 2023-08-01 18:20:28,062: keras_callback.py: on_epoch_end: Epoch 400/10000 - loss: 0.0527 - accuracy: 0.9818 - val_loss: 0.0917 - val_accuracy: 0.9703
DEBUG: 2023-08-01 18:20:30,911: keras_callback.py: on_epoch_end: Epoch 410/10000 - loss: 0.0521 - accuracy: 0.9816 - val_loss: 0.0913 - val_accuracy: 0.971
DEBUG: 2023-08-01 18:20:33,671: keras_callback.py: on_epoch_end: Epoch 420/10000 - loss: 0.0516 - accuracy: 0.9819 - val_loss: 0.0915 - val_accuracy: 0.9689
DEBUG: 2023-08-01 18:20:36,346: keras_callback.py: on_epoch_end: Epoch 430/10000 - loss: 0.0498 - accuracy: 0.9818 - val_loss: 0.0903 - val_accuracy: 0.9689
DEBUG: 2023-08-01 18:20:39,131: keras_callback.py: on_epoch_end: Epoch 440/10000 - loss: 0.0492 - accuracy: 0.9833 - val_loss: 0.0887 - val_accuracy: 0.971
DEBUG: 2023-08-01 18:20:41,876: keras_callback.py: on_epoch_end: Epoch 450/10000 - loss: 0.0478 - accuracy: 0.9835 - val_loss: 0.0903 - val_accuracy: 0.9696
DEBUG: 2023-08-01 18:20:44,730: keras_callback.py: on_epoch_end: Epoch 460/10000 - loss: 0.0474 - accuracy: 0.9828 - val_loss: 0.0897 - val_accuracy: 0.9676
DEBUG: 2023-08-01 18:20:47,499: keras_callback.py: on_epoch_end: Epoch 470/10000 - loss: 0.0478 - accuracy: 0.9843 - val_loss: 0.0888 - val_accuracy: 0.9696
DEBUG: 2023-08-01 18:20:50,052: keras_callback.py: on_epoch_end: Epoch 480/10000 - loss: 0.0465 - accuracy: 0.9833 - val_loss: 0.0875 - val_accuracy: 0.9703
DEBUG: 2023-08-01 18:20:52,925: keras_callback.py: on_epoch_end: Epoch 490/10000 - loss: 0.0462 - accuracy: 0.9831 - val_loss: 0.0876 - val_accuracy: 0.9683
DEBUG: 2023-08-01 18:20:55,586: keras_callback.py: on_epoch_end: Epoch 500/10000 - loss: 0.0443 - accuracy: 0.9851 - val_loss: 0.0866 - val_accuracy: 0.9683
DEBUG: 2023-08-01 18:20:58,291: keras_callback.py: on_epoch_end: Epoch 510/10000 - loss: 0.0452 - accuracy: 0.9845 - val_loss: 0.0848 - val_accuracy: 0.971
DEBUG: 2023-08-01 18:21:00,929: keras_callback.py: on_epoch_end: Epoch 520/10000 - loss: 0.0415 - accuracy: 0.9863 - val_loss: 0.0826 - val_accuracy: 0.9716
DEBUG: 2023-08-01 18:21:03,863: keras_callback.py: on_epoch_end: Epoch 530/10000 - loss: 0.0431 - accuracy: 0.9853 - val_loss: 0.0828 - val_accuracy: 0.9716
DEBUG: 2023-08-01 18:21:06,609: keras_callback.py: on_epoch_end: Epoch 540/10000 - loss: 0.0421 - accuracy: 0.9851 - val_loss: 0.084 - val_accuracy: 0.971
DEBUG: 2023-08-01 18:21:09,203: keras_callback.py: on_epoch_end: Epoch 550/10000 - loss: 0.0412 - accuracy: 0.9848 - val_loss: 0.0829 - val_accuracy: 0.973
DEBUG: 2023-08-01 18:21:11,846: keras_callback.py: on_epoch_end: Epoch 560/10000 - loss: 0.0419 - accuracy: 0.984 - val_loss: 0.0825 - val_accuracy: 0.971
DEBUG: 2023-08-01 18:21:14,435: keras_callback.py: on_epoch_end: Epoch 570/10000 - loss: 0.04 - accuracy: 0.9857 - val_loss: 0.0819 - val_accuracy: 0.9703
DEBUG: 2023-08-01 18:21:17,101: keras_callback.py: on_epoch_end: Epoch 580/10000 - loss: 0.0395 - accuracy: 0.9858 - val_loss: 0.0862 - val_accuracy: 0.9703
DEBUG: 2023-08-01 18:21:19,699: keras_callback.py: on_epoch_end: Epoch 590/10000 - loss: 0.0395 - accuracy: 0.9858 - val_loss: 0.0831 - val_accuracy: 0.9737
DEBUG: 2023-08-01 18:21:22,416: keras_callback.py: on_epoch_end: Epoch 600/10000 - loss: 0.0374 - accuracy: 0.9878 - val_loss: 0.082 - val_accuracy: 0.9703
DEBUG: 2023-08-01 18:21:25,228: keras_callback.py: on_epoch_end: Epoch 610/10000 - loss: 0.041 - accuracy: 0.9853 - val_loss: 0.0865 - val_accuracy: 0.9683
DEBUG: 2023-08-01 18:21:27,959: keras_callback.py: on_epoch_end: Epoch 620/10000 - loss: 0.0399 - accuracy: 0.9846 - val_loss: 0.0825 - val_accuracy: 0.9696
DEBUG: 2023-08-01 18:21:30,676: keras_callback.py: on_epoch_end: Epoch 630/10000 - loss: 0.0374 - accuracy: 0.987 - val_loss: 0.0835 - val_accuracy: 0.9696
DEBUG: 2023-08-01 18:21:33,419: keras_callback.py: on_epoch_end: Epoch 640/10000 - loss: 0.0384 - accuracy: 0.9867 - val_loss: 0.08 - val_accuracy: 0.971
DEBUG: 2023-08-01 18:21:38,663: 4266479415.py: <module>: ---Cross Validation Scores---
DEBUG: 2023-08-01 18:21:38,665: 4266479415.py: <module>: ---train---
DEBUG: 2023-08-01 18:21:38,666: 4266479415.py: <module>: logloss=0.049103
DEBUG: 2023-08-01 18:21:38,668: 4266479415.py: <module>: accuracy=0.985485
DEBUG: 2023-08-01 18:21:38,669: 4266479415.py: <module>: precision=0.98711
DEBUG: 2023-08-01 18:21:38,671: 4266479415.py: <module>: recall=0.986488
DEBUG: 2023-08-01 18:21:38,674: 4266479415.py: <module>: f1=0.986715
DEBUG: 2023-08-01 18:21:38,675: 4266479415.py: <module>: per-class f1={'LAYING': 1.0, 'WALKING': 0.999796, 'WALKING_UPSTAIRS': 1.0, 'WALKING_DOWNSTAIRS': 0.999747, 'SITTING': 0.957873, 'STANDING': 0.962872}
DEBUG: 2023-08-01 18:21:38,676: 4266479415.py: <module>: ---valid---
DEBUG: 2023-08-01 18:21:38,676: 4266479415.py: <module>: logloss=0.090147
DEBUG: 2023-08-01 18:21:38,678: 4266479415.py: <module>: accuracy=0.971508
DEBUG: 2023-08-01 18:21:38,678: 4266479415.py: <module>: precision=0.97319
DEBUG: 2023-08-01 18:21:38,679: 4266479415.py: <module>: recall=0.971667
DEBUG: 2023-08-01 18:21:38,680: 4266479415.py: <module>: f1=0.972246
DEBUG: 2023-08-01 18:21:38,682: 4266479415.py: <module>: per-class f1={'LAYING': 0.999646, 'WALKING': 0.975557, 'WALKING_UPSTAIRS': 0.988649, 'WALKING_DOWNSTAIRS': 0.979015, 'SITTING': 0.941901, 'STANDING': 0.948711}
DEBUG: 2023-08-01 18:21:38,683: 4266479415.py: <module>: ---test---
DEBUG: 2023-08-01 18:21:38,684: 4266479415.py: <module>: logloss=0.485349
DEBUG: 2023-08-01 18:21:38,685: 4266479415.py: <module>: accuracy=0.92409
DEBUG: 2023-08-01 18:21:38,687: 4266479415.py: <module>: precision=0.924141
DEBUG: 2023-08-01 18:21:38,688: 4266479415.py: <module>: recall=0.925519
DEBUG: 2023-08-01 18:21:38,689: 4266479415.py: <module>: f1=0.923879
DEBUG: 2023-08-01 18:21:38,690: 4266479415.py: <module>: per-class f1={'LAYING': 0.994545, 'WALKING': 0.915184, 'WALKING_UPSTAIRS': 0.94145, 'WALKING_DOWNSTAIRS': 0.925702, 'SITTING': 0.877308, 'STANDING': 0.889085}
DEBUG: 2023-08-01 18:21:38,700: 1695527446.py: <module>: ---Final Test Scores Averaged over Folds---
DEBUG: 2023-08-01 18:21:38,705: 1695527446.py: <module>: accuracy=0.937854994988306
DEBUG: 2023-08-01 18:21:38,709: 1695527446.py: <module>: precision=0.9382105225497487
DEBUG: 2023-08-01 18:21:38,712: 1695527446.py: <module>: recall=0.939437596561148
DEBUG: 2023-08-01 18:21:38,716: 1695527446.py: <module>: f1=0.9380478371100957
DEBUG: 2023-08-01 18:21:38,722: 1695527446.py: <module>: per-class f1=[0.9981685  0.9325026  0.9673913  0.93602694 0.89546351 0.89873418]
DEBUG: 2023-08-01 18:22:00,929: 4266479415.py: <module>: ---Cross Validation Scores---
DEBUG: 2023-08-01 18:22:00,931: 4266479415.py: <module>: ---train---
DEBUG: 2023-08-01 18:22:00,932: 4266479415.py: <module>: logloss=0.049103
DEBUG: 2023-08-01 18:22:00,933: 4266479415.py: <module>: accuracy=0.985485
DEBUG: 2023-08-01 18:22:00,934: 4266479415.py: <module>: precision=0.98711
DEBUG: 2023-08-01 18:22:00,935: 4266479415.py: <module>: recall=0.986488
DEBUG: 2023-08-01 18:22:00,936: 4266479415.py: <module>: f1=0.986715
DEBUG: 2023-08-01 18:22:00,937: 4266479415.py: <module>: per-class f1={'LAYING': 1.0, 'WALKING': 0.999796, 'WALKING_UPSTAIRS': 1.0, 'WALKING_DOWNSTAIRS': 0.999747, 'SITTING': 0.957873, 'STANDING': 0.962872}
DEBUG: 2023-08-01 18:22:00,937: 4266479415.py: <module>: ---valid---
DEBUG: 2023-08-01 18:22:00,938: 4266479415.py: <module>: logloss=0.090147
DEBUG: 2023-08-01 18:22:00,939: 4266479415.py: <module>: accuracy=0.971508
DEBUG: 2023-08-01 18:22:00,940: 4266479415.py: <module>: precision=0.97319
DEBUG: 2023-08-01 18:22:00,941: 4266479415.py: <module>: recall=0.971667
DEBUG: 2023-08-01 18:22:00,942: 4266479415.py: <module>: f1=0.972246
DEBUG: 2023-08-01 18:22:00,943: 4266479415.py: <module>: per-class f1={'LAYING': 0.999646, 'WALKING': 0.975557, 'WALKING_UPSTAIRS': 0.988649, 'WALKING_DOWNSTAIRS': 0.979015, 'SITTING': 0.941901, 'STANDING': 0.948711}
DEBUG: 2023-08-01 18:22:00,943: 4266479415.py: <module>: ---test---
DEBUG: 2023-08-01 18:22:00,944: 4266479415.py: <module>: logloss=0.485349
DEBUG: 2023-08-01 18:22:00,945: 4266479415.py: <module>: accuracy=0.92409
DEBUG: 2023-08-01 18:22:00,946: 4266479415.py: <module>: precision=0.924141
DEBUG: 2023-08-01 18:22:00,946: 4266479415.py: <module>: recall=0.925519
DEBUG: 2023-08-01 18:22:00,947: 4266479415.py: <module>: f1=0.923879
DEBUG: 2023-08-01 18:22:00,948: 4266479415.py: <module>: per-class f1={'LAYING': 0.994545, 'WALKING': 0.915184, 'WALKING_UPSTAIRS': 0.94145, 'WALKING_DOWNSTAIRS': 0.925702, 'SITTING': 0.877308, 'STANDING': 0.889085}
DEBUG: 2023-08-01 18:22:03,025: 1695527446.py: <module>: ---Final Test Scores Averaged over Folds---
DEBUG: 2023-08-01 18:22:09,341: 2315415076.py: <module>: ---Final Test Scores Averaged over Folds---
DEBUG: 2023-08-01 18:22:09,344: 2315415076.py: <module>: accuracy=0.937854994988306
DEBUG: 2023-08-01 18:22:09,348: 2315415076.py: <module>: precision=0.9382105225497487
DEBUG: 2023-08-01 18:22:09,352: 2315415076.py: <module>: recall=0.939437596561148
DEBUG: 2023-08-01 18:22:09,356: 2315415076.py: <module>: f1=0.9380478371100957
DEBUG: 2023-08-01 18:22:09,359: 2315415076.py: <module>: per-class f1=[0.9981685  0.9325026  0.9673913  0.93602694 0.89546351 0.89873418]
