DEBUG: 2023-07-25 18:13:10,796: 62444462.py: <module>: /home/tahoora/Projects/college_project/Human_Activity_Recognition/notebooks/../logs/bidirectional_lstm_logs/deep-conv-lstm-20230725-181309/deep-conv-lstm-20230725-181309.log
DEBUG: 2023-07-25 18:13:23,004: 62444462.py: <module>: X_train.shape=(7406, 128, 6, 1) X_test.shape=(2993, 128, 6, 1)
DEBUG: 2023-07-25 18:13:23,005: 62444462.py: <module>: y_train.shape=(7406, 1) y_test.shape=(2993, 1)
DEBUG: 2023-07-25 18:13:23,009: utils.py: check_class_balance: train labels
DEBUG: 2023-07-25 18:13:23,010: utils.py: check_class_balance: LAYING (0): 1412 samples (19.07 %)
DEBUG: 2023-07-25 18:13:23,011: utils.py: check_class_balance: WALKING (1): 1224 samples (16.53 %)
DEBUG: 2023-07-25 18:13:23,012: utils.py: check_class_balance: WALKING_UPSTAIRS (2): 1072 samples (14.47 %)
DEBUG: 2023-07-25 18:13:23,013: utils.py: check_class_balance: WALKING_DOWNSTAIRS (3): 987 samples (13.33 %)
DEBUG: 2023-07-25 18:13:23,015: utils.py: check_class_balance: SITTING (4): 1290 samples (17.42 %)
DEBUG: 2023-07-25 18:13:23,016: utils.py: check_class_balance: STANDING (5): 1421 samples (19.19 %)
DEBUG: 2023-07-25 18:13:23,017: utils.py: check_class_balance: test labels
DEBUG: 2023-07-25 18:13:23,018: utils.py: check_class_balance: LAYING (0): 545 samples (18.21 %)
DEBUG: 2023-07-25 18:13:23,020: utils.py: check_class_balance: WALKING (1): 496 samples (16.57 %)
DEBUG: 2023-07-25 18:13:23,021: utils.py: check_class_balance: WALKING_UPSTAIRS (2): 470 samples (15.7 %)
DEBUG: 2023-07-25 18:13:23,022: utils.py: check_class_balance: WALKING_DOWNSTAIRS (3): 419 samples (14.0 %)
DEBUG: 2023-07-25 18:13:23,023: utils.py: check_class_balance: SITTING (4): 507 samples (16.94 %)
DEBUG: 2023-07-25 18:13:23,024: utils.py: check_class_balance: STANDING (5): 556 samples (18.58 %)
DEBUG: 2023-07-25 18:13:28,181: 1755315602.py: <module>: dcl_params={'batch_size': 128, 'epochs': 10000, 'lr': 0.001, 'verbose': 0}
DEBUG: 2023-07-25 18:13:29,049: 2623015374.py: <module>: X_tr.shape=(5924, 128, 6, 1) X_val.shape=(1482, 128, 6, 1) X_test.shape=(2993, 128, 6, 1)
DEBUG: 2023-07-25 18:13:29,050: 2623015374.py: <module>: y_tr.shape=(5924, 6) y_val.shape=(1482, 6) y_test.shape=(2993, 6)
WARNING: 2023-07-25 18:13:30,083: lstm.py: __init__: Layer lstm will not use cuDNN kernels since it doesn't meet the criteria. It will use a generic GPU kernel as fallback when running on GPU.
WARNING: 2023-07-25 18:13:30,090: lstm.py: __init__: Layer lstm will not use cuDNN kernels since it doesn't meet the criteria. It will use a generic GPU kernel as fallback when running on GPU.
WARNING: 2023-07-25 18:13:30,097: lstm.py: __init__: Layer lstm will not use cuDNN kernels since it doesn't meet the criteria. It will use a generic GPU kernel as fallback when running on GPU.
WARNING: 2023-07-25 18:13:30,115: optimizer.py: _process_kwargs: `lr` is deprecated in Keras optimizer, please use `learning_rate` or use the legacy optimizer, e.g.,tf.keras.optimizers.legacy.Adam.
WARNING: 2023-07-25 18:15:36,738: lstm.py: __init__: Layer lstm_2 will not use cuDNN kernels since it doesn't meet the criteria. It will use a generic GPU kernel as fallback when running on GPU.
WARNING: 2023-07-25 18:15:36,744: lstm.py: __init__: Layer lstm_2 will not use cuDNN kernels since it doesn't meet the criteria. It will use a generic GPU kernel as fallback when running on GPU.
WARNING: 2023-07-25 18:15:36,749: lstm.py: __init__: Layer lstm_2 will not use cuDNN kernels since it doesn't meet the criteria. It will use a generic GPU kernel as fallback when running on GPU.
WARNING: 2023-07-25 18:15:56,790: lstm.py: __init__: Layer lstm_4 will not use cuDNN kernels since it doesn't meet the criteria. It will use a generic GPU kernel as fallback when running on GPU.
WARNING: 2023-07-25 18:15:56,797: lstm.py: __init__: Layer lstm_4 will not use cuDNN kernels since it doesn't meet the criteria. It will use a generic GPU kernel as fallback when running on GPU.
WARNING: 2023-07-25 18:15:56,803: lstm.py: __init__: Layer lstm_4 will not use cuDNN kernels since it doesn't meet the criteria. It will use a generic GPU kernel as fallback when running on GPU.
WARNING: 2023-07-25 18:16:20,715: lstm.py: __init__: Layer lstm_6 will not use cuDNN kernels since it doesn't meet the criteria. It will use a generic GPU kernel as fallback when running on GPU.
WARNING: 2023-07-25 18:16:20,723: lstm.py: __init__: Layer lstm_6 will not use cuDNN kernels since it doesn't meet the criteria. It will use a generic GPU kernel as fallback when running on GPU.
WARNING: 2023-07-25 18:16:20,728: lstm.py: __init__: Layer lstm_6 will not use cuDNN kernels since it doesn't meet the criteria. It will use a generic GPU kernel as fallback when running on GPU.
WARNING: 2023-07-25 18:16:20,749: optimizer.py: _process_kwargs: `lr` is deprecated in Keras optimizer, please use `learning_rate` or use the legacy optimizer, e.g.,tf.keras.optimizers.legacy.Adam.
WARNING: 2023-07-25 18:16:27,302: lstm.py: __init__: Layer lstm_8 will not use cuDNN kernels since it doesn't meet the criteria. It will use a generic GPU kernel as fallback when running on GPU.
WARNING: 2023-07-25 18:16:27,310: lstm.py: __init__: Layer lstm_8 will not use cuDNN kernels since it doesn't meet the criteria. It will use a generic GPU kernel as fallback when running on GPU.
WARNING: 2023-07-25 18:16:27,316: lstm.py: __init__: Layer lstm_8 will not use cuDNN kernels since it doesn't meet the criteria. It will use a generic GPU kernel as fallback when running on GPU.
WARNING: 2023-07-25 18:16:32,425: lstm.py: __init__: Layer lstm_10 will not use cuDNN kernels since it doesn't meet the criteria. It will use a generic GPU kernel as fallback when running on GPU.
WARNING: 2023-07-25 18:16:32,431: lstm.py: __init__: Layer lstm_10 will not use cuDNN kernels since it doesn't meet the criteria. It will use a generic GPU kernel as fallback when running on GPU.
WARNING: 2023-07-25 18:16:32,438: lstm.py: __init__: Layer lstm_10 will not use cuDNN kernels since it doesn't meet the criteria. It will use a generic GPU kernel as fallback when running on GPU.
WARNING: 2023-07-25 18:17:34,394: lstm.py: __init__: Layer lstm_12 will not use cuDNN kernels since it doesn't meet the criteria. It will use a generic GPU kernel as fallback when running on GPU.
WARNING: 2023-07-25 18:17:34,401: lstm.py: __init__: Layer lstm_12 will not use cuDNN kernels since it doesn't meet the criteria. It will use a generic GPU kernel as fallback when running on GPU.
WARNING: 2023-07-25 18:17:34,405: lstm.py: __init__: Layer lstm_12 will not use cuDNN kernels since it doesn't meet the criteria. It will use a generic GPU kernel as fallback when running on GPU.
