DEBUG: 2023-08-01 18:37:16,052: 1135411940.py: <module>: /home/tahoora/Projects/college_project/Human_Activity_Recognition/notebooks/../logs/simple_cnn_logs/deep-conv-lstm-20230801-183716/deep-conv-lstm-20230801-183716.log
DEBUG: 2023-08-01 18:37:28,599: 1135411940.py: <module>: X_train.shape=(7406, 128, 6, 1) X_test.shape=(2993, 128, 6, 1)
DEBUG: 2023-08-01 18:37:28,600: 1135411940.py: <module>: y_train.shape=(7406, 1) y_test.shape=(2993, 1)
DEBUG: 2023-08-01 18:37:28,603: utils.py: check_class_balance: train labels
DEBUG: 2023-08-01 18:37:28,603: utils.py: check_class_balance: LAYING (0): 1412 samples (19.07 %)
DEBUG: 2023-08-01 18:37:28,604: utils.py: check_class_balance: WALKING (1): 1224 samples (16.53 %)
DEBUG: 2023-08-01 18:37:28,606: utils.py: check_class_balance: WALKING_UPSTAIRS (2): 1072 samples (14.47 %)
DEBUG: 2023-08-01 18:37:28,608: utils.py: check_class_balance: WALKING_DOWNSTAIRS (3): 987 samples (13.33 %)
DEBUG: 2023-08-01 18:37:28,609: utils.py: check_class_balance: SITTING (4): 1290 samples (17.42 %)
DEBUG: 2023-08-01 18:37:28,610: utils.py: check_class_balance: STANDING (5): 1421 samples (19.19 %)
DEBUG: 2023-08-01 18:37:28,611: utils.py: check_class_balance: test labels
DEBUG: 2023-08-01 18:37:28,612: utils.py: check_class_balance: LAYING (0): 545 samples (18.21 %)
DEBUG: 2023-08-01 18:37:28,613: utils.py: check_class_balance: WALKING (1): 496 samples (16.57 %)
DEBUG: 2023-08-01 18:37:28,614: utils.py: check_class_balance: WALKING_UPSTAIRS (2): 470 samples (15.7 %)
DEBUG: 2023-08-01 18:37:28,615: utils.py: check_class_balance: WALKING_DOWNSTAIRS (3): 419 samples (14.0 %)
DEBUG: 2023-08-01 18:37:28,616: utils.py: check_class_balance: SITTING (4): 507 samples (16.94 %)
DEBUG: 2023-08-01 18:37:28,617: utils.py: check_class_balance: STANDING (5): 556 samples (18.58 %)
DEBUG: 2023-08-01 18:37:28,657: 3300936622.py: <module>: dcl_params={'batch_size': 128, 'epochs': 10000, 'lr': 0.0001, 'verbose': 1}
DEBUG: 2023-08-01 18:37:28,690: 2623015374.py: <module>: X_tr.shape=(5924, 128, 6, 1) X_val.shape=(1482, 128, 6, 1) X_test.shape=(2993, 128, 6, 1)
DEBUG: 2023-08-01 18:37:28,692: 2623015374.py: <module>: y_tr.shape=(5924, 6) y_val.shape=(1482, 6) y_test.shape=(2993, 6)
DEBUG: 2023-08-01 18:37:34,057: attrs.py: create: Creating converter from 5 to 3
DEBUG: 2023-08-01 18:37:36,316: keras_callback.py: on_epoch_end: Epoch 10/10000 - loss: 0.4747 - accuracy: 0.8677 - val_loss: 0.5346 - val_accuracy: 0.8947
DEBUG: 2023-08-01 18:37:38,917: keras_callback.py: on_epoch_end: Epoch 20/10000 - loss: 0.276 - accuracy: 0.9124 - val_loss: 0.3305 - val_accuracy: 0.9271
DEBUG: 2023-08-01 18:37:41,275: keras_callback.py: on_epoch_end: Epoch 30/10000 - loss: 0.2089 - accuracy: 0.9316 - val_loss: 0.2597 - val_accuracy: 0.9379
DEBUG: 2023-08-01 18:37:43,778: keras_callback.py: on_epoch_end: Epoch 40/10000 - loss: 0.1729 - accuracy: 0.9414 - val_loss: 0.2213 - val_accuracy: 0.946
DEBUG: 2023-08-01 18:37:46,297: keras_callback.py: on_epoch_end: Epoch 50/10000 - loss: 0.1472 - accuracy: 0.948 - val_loss: 0.1941 - val_accuracy: 0.9501
DEBUG: 2023-08-01 18:37:48,773: keras_callback.py: on_epoch_end: Epoch 60/10000 - loss: 0.1281 - accuracy: 0.9537 - val_loss: 0.1746 - val_accuracy: 0.9528
DEBUG: 2023-08-01 18:37:51,143: keras_callback.py: on_epoch_end: Epoch 70/10000 - loss: 0.1174 - accuracy: 0.957 - val_loss: 0.1631 - val_accuracy: 0.9575
DEBUG: 2023-08-01 18:37:53,466: keras_callback.py: on_epoch_end: Epoch 80/10000 - loss: 0.1071 - accuracy: 0.9593 - val_loss: 0.1514 - val_accuracy: 0.9568
DEBUG: 2023-08-01 18:37:55,860: keras_callback.py: on_epoch_end: Epoch 90/10000 - loss: 0.0988 - accuracy: 0.9612 - val_loss: 0.1406 - val_accuracy: 0.9609
DEBUG: 2023-08-01 18:37:58,188: keras_callback.py: on_epoch_end: Epoch 100/10000 - loss: 0.0889 - accuracy: 0.9651 - val_loss: 0.1311 - val_accuracy: 0.9595
DEBUG: 2023-08-01 18:38:00,663: keras_callback.py: on_epoch_end: Epoch 110/10000 - loss: 0.0819 - accuracy: 0.9662 - val_loss: 0.1246 - val_accuracy: 0.9622
DEBUG: 2023-08-01 18:38:03,105: keras_callback.py: on_epoch_end: Epoch 120/10000 - loss: 0.0791 - accuracy: 0.9691 - val_loss: 0.1195 - val_accuracy: 0.9602
DEBUG: 2023-08-01 18:38:05,426: keras_callback.py: on_epoch_end: Epoch 130/10000 - loss: 0.073 - accuracy: 0.9718 - val_loss: 0.1137 - val_accuracy: 0.9649
DEBUG: 2023-08-01 18:38:07,743: keras_callback.py: on_epoch_end: Epoch 140/10000 - loss: 0.0691 - accuracy: 0.9728 - val_loss: 0.1088 - val_accuracy: 0.9676
DEBUG: 2023-08-01 18:38:10,072: keras_callback.py: on_epoch_end: Epoch 150/10000 - loss: 0.0661 - accuracy: 0.9745 - val_loss: 0.1078 - val_accuracy: 0.9696
DEBUG: 2023-08-01 18:38:12,394: keras_callback.py: on_epoch_end: Epoch 160/10000 - loss: 0.0604 - accuracy: 0.9774 - val_loss: 0.1034 - val_accuracy: 0.9717
DEBUG: 2023-08-01 18:38:14,636: keras_callback.py: on_epoch_end: Epoch 170/10000 - loss: 0.0593 - accuracy: 0.9772 - val_loss: 0.1006 - val_accuracy: 0.973
DEBUG: 2023-08-01 18:38:17,032: keras_callback.py: on_epoch_end: Epoch 180/10000 - loss: 0.0568 - accuracy: 0.9792 - val_loss: 0.0986 - val_accuracy: 0.9723
DEBUG: 2023-08-01 18:38:19,330: keras_callback.py: on_epoch_end: Epoch 190/10000 - loss: 0.0531 - accuracy: 0.9804 - val_loss: 0.0962 - val_accuracy: 0.9717
DEBUG: 2023-08-01 18:38:21,610: keras_callback.py: on_epoch_end: Epoch 200/10000 - loss: 0.05 - accuracy: 0.983 - val_loss: 0.0933 - val_accuracy: 0.9764
DEBUG: 2023-08-01 18:38:23,784: keras_callback.py: on_epoch_end: Epoch 210/10000 - loss: 0.0485 - accuracy: 0.9826 - val_loss: 0.0965 - val_accuracy: 0.9703
DEBUG: 2023-08-01 18:38:25,969: keras_callback.py: on_epoch_end: Epoch 220/10000 - loss: 0.0473 - accuracy: 0.984 - val_loss: 0.0929 - val_accuracy: 0.975
DEBUG: 2023-08-01 18:38:28,298: keras_callback.py: on_epoch_end: Epoch 230/10000 - loss: 0.0442 - accuracy: 0.9843 - val_loss: 0.0932 - val_accuracy: 0.9717
DEBUG: 2023-08-01 18:38:30,505: keras_callback.py: on_epoch_end: Epoch 240/10000 - loss: 0.0413 - accuracy: 0.9865 - val_loss: 0.0897 - val_accuracy: 0.9764
DEBUG: 2023-08-01 18:38:32,743: keras_callback.py: on_epoch_end: Epoch 250/10000 - loss: 0.0407 - accuracy: 0.9867 - val_loss: 0.0902 - val_accuracy: 0.9737
DEBUG: 2023-08-01 18:38:34,991: keras_callback.py: on_epoch_end: Epoch 260/10000 - loss: 0.0384 - accuracy: 0.9882 - val_loss: 0.0879 - val_accuracy: 0.9757
DEBUG: 2023-08-01 18:38:37,189: keras_callback.py: on_epoch_end: Epoch 270/10000 - loss: 0.0378 - accuracy: 0.9863 - val_loss: 0.0895 - val_accuracy: 0.9744
DEBUG: 2023-08-01 18:38:39,491: keras_callback.py: on_epoch_end: Epoch 280/10000 - loss: 0.036 - accuracy: 0.9882 - val_loss: 0.0912 - val_accuracy: 0.971
DEBUG: 2023-08-01 18:38:41,871: keras_callback.py: on_epoch_end: Epoch 290/10000 - loss: 0.0352 - accuracy: 0.989 - val_loss: 0.0863 - val_accuracy: 0.9771
DEBUG: 2023-08-01 18:38:44,402: keras_callback.py: on_epoch_end: Epoch 300/10000 - loss: 0.0344 - accuracy: 0.9877 - val_loss: 0.0855 - val_accuracy: 0.9757
DEBUG: 2023-08-01 18:38:46,594: keras_callback.py: on_epoch_end: Epoch 310/10000 - loss: 0.0331 - accuracy: 0.99 - val_loss: 0.0872 - val_accuracy: 0.9744
DEBUG: 2023-08-01 18:38:48,826: keras_callback.py: on_epoch_end: Epoch 320/10000 - loss: 0.0319 - accuracy: 0.9902 - val_loss: 0.0865 - val_accuracy: 0.9777
DEBUG: 2023-08-01 18:38:51,061: keras_callback.py: on_epoch_end: Epoch 330/10000 - loss: 0.031 - accuracy: 0.9897 - val_loss: 0.0866 - val_accuracy: 0.9764
DEBUG: 2023-08-01 18:38:53,301: keras_callback.py: on_epoch_end: Epoch 340/10000 - loss: 0.0286 - accuracy: 0.9912 - val_loss: 0.0864 - val_accuracy: 0.9771
DEBUG: 2023-08-01 18:38:55,518: keras_callback.py: on_epoch_end: Epoch 350/10000 - loss: 0.0295 - accuracy: 0.9921 - val_loss: 0.0862 - val_accuracy: 0.975
DEBUG: 2023-08-01 18:38:57,808: attrs.py: __getitem__: Creating converter from 3 to 5
DEBUG: 2023-08-01 18:39:00,372: 2623015374.py: <module>: X_tr.shape=(5925, 128, 6, 1) X_val.shape=(1481, 128, 6, 1) X_test.shape=(2993, 128, 6, 1)
DEBUG: 2023-08-01 18:39:00,372: 2623015374.py: <module>: y_tr.shape=(5925, 6) y_val.shape=(1481, 6) y_test.shape=(2993, 6)
DEBUG: 2023-08-01 18:39:03,950: keras_callback.py: on_epoch_end: Epoch 10/10000 - loss: 0.5501 - accuracy: 0.8655 - val_loss: 0.6332 - val_accuracy: 0.8724
DEBUG: 2023-08-01 18:39:06,361: keras_callback.py: on_epoch_end: Epoch 20/10000 - loss: 0.3042 - accuracy: 0.8972 - val_loss: 0.3793 - val_accuracy: 0.8859
DEBUG: 2023-08-01 18:39:08,823: keras_callback.py: on_epoch_end: Epoch 30/10000 - loss: 0.2232 - accuracy: 0.9219 - val_loss: 0.293 - val_accuracy: 0.9028
DEBUG: 2023-08-01 18:39:11,334: keras_callback.py: on_epoch_end: Epoch 40/10000 - loss: 0.1792 - accuracy: 0.9381 - val_loss: 0.2439 - val_accuracy: 0.9251
DEBUG: 2023-08-01 18:39:13,946: keras_callback.py: on_epoch_end: Epoch 50/10000 - loss: 0.1504 - accuracy: 0.9484 - val_loss: 0.2134 - val_accuracy: 0.9359
DEBUG: 2023-08-01 18:39:16,589: keras_callback.py: on_epoch_end: Epoch 60/10000 - loss: 0.1346 - accuracy: 0.9532 - val_loss: 0.1939 - val_accuracy: 0.9419
DEBUG: 2023-08-01 18:39:19,036: keras_callback.py: on_epoch_end: Epoch 70/10000 - loss: 0.1194 - accuracy: 0.957 - val_loss: 0.1763 - val_accuracy: 0.9446
DEBUG: 2023-08-01 18:39:21,528: keras_callback.py: on_epoch_end: Epoch 80/10000 - loss: 0.1087 - accuracy: 0.96 - val_loss: 0.1632 - val_accuracy: 0.9473
DEBUG: 2023-08-01 18:39:23,982: keras_callback.py: on_epoch_end: Epoch 90/10000 - loss: 0.1014 - accuracy: 0.9607 - val_loss: 0.1557 - val_accuracy: 0.9467
DEBUG: 2023-08-01 18:39:26,715: keras_callback.py: on_epoch_end: Epoch 100/10000 - loss: 0.0947 - accuracy: 0.9625 - val_loss: 0.1512 - val_accuracy: 0.9453
DEBUG: 2023-08-01 18:39:29,299: keras_callback.py: on_epoch_end: Epoch 110/10000 - loss: 0.0891 - accuracy: 0.9639 - val_loss: 0.1443 - val_accuracy: 0.9473
DEBUG: 2023-08-01 18:39:31,539: keras_callback.py: on_epoch_end: Epoch 120/10000 - loss: 0.0842 - accuracy: 0.9652 - val_loss: 0.1347 - val_accuracy: 0.95
DEBUG: 2023-08-01 18:39:33,743: keras_callback.py: on_epoch_end: Epoch 130/10000 - loss: 0.0802 - accuracy: 0.9657 - val_loss: 0.1321 - val_accuracy: 0.9507
DEBUG: 2023-08-01 18:39:35,956: keras_callback.py: on_epoch_end: Epoch 140/10000 - loss: 0.0757 - accuracy: 0.9684 - val_loss: 0.1308 - val_accuracy: 0.9548
DEBUG: 2023-08-01 18:39:38,150: keras_callback.py: on_epoch_end: Epoch 150/10000 - loss: 0.0729 - accuracy: 0.9705 - val_loss: 0.1299 - val_accuracy: 0.9521
DEBUG: 2023-08-01 18:39:40,289: keras_callback.py: on_epoch_end: Epoch 160/10000 - loss: 0.0703 - accuracy: 0.9742 - val_loss: 0.1237 - val_accuracy: 0.9561
DEBUG: 2023-08-01 18:39:42,361: keras_callback.py: on_epoch_end: Epoch 170/10000 - loss: 0.0651 - accuracy: 0.9777 - val_loss: 0.1289 - val_accuracy: 0.9494
DEBUG: 2023-08-01 18:39:44,486: keras_callback.py: on_epoch_end: Epoch 180/10000 - loss: 0.0631 - accuracy: 0.9786 - val_loss: 0.1235 - val_accuracy: 0.9588
DEBUG: 2023-08-01 18:39:46,807: keras_callback.py: on_epoch_end: Epoch 190/10000 - loss: 0.0615 - accuracy: 0.9792 - val_loss: 0.1184 - val_accuracy: 0.9615
DEBUG: 2023-08-01 18:39:49,132: keras_callback.py: on_epoch_end: Epoch 200/10000 - loss: 0.0581 - accuracy: 0.9809 - val_loss: 0.1186 - val_accuracy: 0.9629
DEBUG: 2023-08-01 18:39:51,275: keras_callback.py: on_epoch_end: Epoch 210/10000 - loss: 0.0579 - accuracy: 0.9791 - val_loss: 0.1172 - val_accuracy: 0.9629
DEBUG: 2023-08-01 18:39:53,384: keras_callback.py: on_epoch_end: Epoch 220/10000 - loss: 0.0564 - accuracy: 0.9801 - val_loss: 0.1164 - val_accuracy: 0.9629
DEBUG: 2023-08-01 18:39:55,700: keras_callback.py: on_epoch_end: Epoch 230/10000 - loss: 0.0534 - accuracy: 0.9821 - val_loss: 0.1156 - val_accuracy: 0.9629
DEBUG: 2023-08-01 18:39:58,133: keras_callback.py: on_epoch_end: Epoch 240/10000 - loss: 0.0519 - accuracy: 0.9818 - val_loss: 0.1173 - val_accuracy: 0.9622
DEBUG: 2023-08-01 18:40:00,630: keras_callback.py: on_epoch_end: Epoch 250/10000 - loss: 0.0504 - accuracy: 0.9826 - val_loss: 0.1144 - val_accuracy: 0.9649
DEBUG: 2023-08-01 18:40:03,012: keras_callback.py: on_epoch_end: Epoch 260/10000 - loss: 0.0487 - accuracy: 0.984 - val_loss: 0.1091 - val_accuracy: 0.9676
DEBUG: 2023-08-01 18:40:05,582: keras_callback.py: on_epoch_end: Epoch 270/10000 - loss: 0.0478 - accuracy: 0.9838 - val_loss: 0.1137 - val_accuracy: 0.9642
DEBUG: 2023-08-01 18:40:08,216: keras_callback.py: on_epoch_end: Epoch 280/10000 - loss: 0.0459 - accuracy: 0.9841 - val_loss: 0.1114 - val_accuracy: 0.9649
DEBUG: 2023-08-01 18:40:10,863: keras_callback.py: on_epoch_end: Epoch 290/10000 - loss: 0.0449 - accuracy: 0.9853 - val_loss: 0.1159 - val_accuracy: 0.9662
DEBUG: 2023-08-01 18:40:13,309: keras_callback.py: on_epoch_end: Epoch 300/10000 - loss: 0.0439 - accuracy: 0.9853 - val_loss: 0.1124 - val_accuracy: 0.9676
DEBUG: 2023-08-01 18:40:15,811: keras_callback.py: on_epoch_end: Epoch 310/10000 - loss: 0.0416 - accuracy: 0.9855 - val_loss: 0.1111 - val_accuracy: 0.9669
DEBUG: 2023-08-01 18:40:18,666: 2623015374.py: <module>: X_tr.shape=(5925, 128, 6, 1) X_val.shape=(1481, 128, 6, 1) X_test.shape=(2993, 128, 6, 1)
DEBUG: 2023-08-01 18:40:18,667: 2623015374.py: <module>: y_tr.shape=(5925, 6) y_val.shape=(1481, 6) y_test.shape=(2993, 6)
DEBUG: 2023-08-01 18:40:22,168: keras_callback.py: on_epoch_end: Epoch 10/10000 - loss: 0.4596 - accuracy: 0.8729 - val_loss: 0.5505 - val_accuracy: 0.8852
DEBUG: 2023-08-01 18:40:24,841: keras_callback.py: on_epoch_end: Epoch 20/10000 - loss: 0.2756 - accuracy: 0.9156 - val_loss: 0.3413 - val_accuracy: 0.9217
DEBUG: 2023-08-01 18:40:27,461: keras_callback.py: on_epoch_end: Epoch 30/10000 - loss: 0.2121 - accuracy: 0.9301 - val_loss: 0.2734 - val_accuracy: 0.9325
DEBUG: 2023-08-01 18:40:30,161: keras_callback.py: on_epoch_end: Epoch 40/10000 - loss: 0.1742 - accuracy: 0.9453 - val_loss: 0.2319 - val_accuracy: 0.9453
DEBUG: 2023-08-01 18:40:32,762: keras_callback.py: on_epoch_end: Epoch 50/10000 - loss: 0.1512 - accuracy: 0.9485 - val_loss: 0.205 - val_accuracy: 0.9453
DEBUG: 2023-08-01 18:40:35,409: keras_callback.py: on_epoch_end: Epoch 60/10000 - loss: 0.1341 - accuracy: 0.9571 - val_loss: 0.1842 - val_accuracy: 0.9494
DEBUG: 2023-08-01 18:40:38,093: keras_callback.py: on_epoch_end: Epoch 70/10000 - loss: 0.1201 - accuracy: 0.9598 - val_loss: 0.1701 - val_accuracy: 0.95
DEBUG: 2023-08-01 18:40:40,719: keras_callback.py: on_epoch_end: Epoch 80/10000 - loss: 0.1111 - accuracy: 0.9625 - val_loss: 0.1587 - val_accuracy: 0.9534
DEBUG: 2023-08-01 18:40:43,409: keras_callback.py: on_epoch_end: Epoch 90/10000 - loss: 0.1048 - accuracy: 0.963 - val_loss: 0.1501 - val_accuracy: 0.9541
DEBUG: 2023-08-01 18:40:46,094: keras_callback.py: on_epoch_end: Epoch 100/10000 - loss: 0.0986 - accuracy: 0.9639 - val_loss: 0.1429 - val_accuracy: 0.9568
DEBUG: 2023-08-01 18:40:48,693: keras_callback.py: on_epoch_end: Epoch 110/10000 - loss: 0.0929 - accuracy: 0.9656 - val_loss: 0.1357 - val_accuracy: 0.9561
DEBUG: 2023-08-01 18:40:51,345: keras_callback.py: on_epoch_end: Epoch 120/10000 - loss: 0.0886 - accuracy: 0.9661 - val_loss: 0.1321 - val_accuracy: 0.9575
DEBUG: 2023-08-01 18:40:53,948: keras_callback.py: on_epoch_end: Epoch 130/10000 - loss: 0.0832 - accuracy: 0.9686 - val_loss: 0.1272 - val_accuracy: 0.9588
DEBUG: 2023-08-01 18:40:56,560: keras_callback.py: on_epoch_end: Epoch 140/10000 - loss: 0.0802 - accuracy: 0.9686 - val_loss: 0.1219 - val_accuracy: 0.9561
DEBUG: 2023-08-01 18:40:59,169: keras_callback.py: on_epoch_end: Epoch 150/10000 - loss: 0.0756 - accuracy: 0.9684 - val_loss: 0.117 - val_accuracy: 0.9575
DEBUG: 2023-08-01 18:41:01,747: keras_callback.py: on_epoch_end: Epoch 160/10000 - loss: 0.0732 - accuracy: 0.9686 - val_loss: 0.1141 - val_accuracy: 0.9629
DEBUG: 2023-08-01 18:41:04,317: keras_callback.py: on_epoch_end: Epoch 170/10000 - loss: 0.0722 - accuracy: 0.9706 - val_loss: 0.1106 - val_accuracy: 0.9649
DEBUG: 2023-08-01 18:41:06,888: keras_callback.py: on_epoch_end: Epoch 180/10000 - loss: 0.067 - accuracy: 0.9728 - val_loss: 0.1074 - val_accuracy: 0.9642
DEBUG: 2023-08-01 18:41:09,461: keras_callback.py: on_epoch_end: Epoch 190/10000 - loss: 0.0665 - accuracy: 0.973 - val_loss: 0.1048 - val_accuracy: 0.9669
DEBUG: 2023-08-01 18:41:12,032: keras_callback.py: on_epoch_end: Epoch 200/10000 - loss: 0.0638 - accuracy: 0.9754 - val_loss: 0.103 - val_accuracy: 0.9676
DEBUG: 2023-08-01 18:41:14,662: keras_callback.py: on_epoch_end: Epoch 210/10000 - loss: 0.061 - accuracy: 0.9757 - val_loss: 0.1003 - val_accuracy: 0.971
DEBUG: 2023-08-01 18:41:17,270: keras_callback.py: on_epoch_end: Epoch 220/10000 - loss: 0.0602 - accuracy: 0.9791 - val_loss: 0.0974 - val_accuracy: 0.9723
DEBUG: 2023-08-01 18:41:19,874: keras_callback.py: on_epoch_end: Epoch 230/10000 - loss: 0.057 - accuracy: 0.9794 - val_loss: 0.0962 - val_accuracy: 0.9703
DEBUG: 2023-08-01 18:41:22,447: keras_callback.py: on_epoch_end: Epoch 240/10000 - loss: 0.0551 - accuracy: 0.9808 - val_loss: 0.0961 - val_accuracy: 0.9743
DEBUG: 2023-08-01 18:41:24,960: keras_callback.py: on_epoch_end: Epoch 250/10000 - loss: 0.0536 - accuracy: 0.9814 - val_loss: 0.0954 - val_accuracy: 0.9743
DEBUG: 2023-08-01 18:41:27,471: keras_callback.py: on_epoch_end: Epoch 260/10000 - loss: 0.0523 - accuracy: 0.9796 - val_loss: 0.0943 - val_accuracy: 0.973
DEBUG: 2023-08-01 18:41:30,098: keras_callback.py: on_epoch_end: Epoch 270/10000 - loss: 0.0496 - accuracy: 0.9831 - val_loss: 0.0897 - val_accuracy: 0.9777
DEBUG: 2023-08-01 18:41:32,666: keras_callback.py: on_epoch_end: Epoch 280/10000 - loss: 0.0484 - accuracy: 0.9857 - val_loss: 0.0914 - val_accuracy: 0.9757
DEBUG: 2023-08-01 18:41:35,277: keras_callback.py: on_epoch_end: Epoch 290/10000 - loss: 0.0481 - accuracy: 0.9836 - val_loss: 0.0911 - val_accuracy: 0.9764
DEBUG: 2023-08-01 18:41:37,796: keras_callback.py: on_epoch_end: Epoch 300/10000 - loss: 0.0452 - accuracy: 0.9857 - val_loss: 0.087 - val_accuracy: 0.9757
DEBUG: 2023-08-01 18:41:40,504: keras_callback.py: on_epoch_end: Epoch 310/10000 - loss: 0.0448 - accuracy: 0.9865 - val_loss: 0.0887 - val_accuracy: 0.9757
DEBUG: 2023-08-01 18:41:43,039: keras_callback.py: on_epoch_end: Epoch 320/10000 - loss: 0.0436 - accuracy: 0.9867 - val_loss: 0.0868 - val_accuracy: 0.9764
DEBUG: 2023-08-01 18:41:45,631: keras_callback.py: on_epoch_end: Epoch 330/10000 - loss: 0.0443 - accuracy: 0.9855 - val_loss: 0.0847 - val_accuracy: 0.9777
DEBUG: 2023-08-01 18:41:48,102: keras_callback.py: on_epoch_end: Epoch 340/10000 - loss: 0.0423 - accuracy: 0.9867 - val_loss: 0.0829 - val_accuracy: 0.9791
DEBUG: 2023-08-01 18:41:50,704: keras_callback.py: on_epoch_end: Epoch 350/10000 - loss: 0.0405 - accuracy: 0.9872 - val_loss: 0.0833 - val_accuracy: 0.9777
DEBUG: 2023-08-01 18:41:53,204: keras_callback.py: on_epoch_end: Epoch 360/10000 - loss: 0.0401 - accuracy: 0.9873 - val_loss: 0.0828 - val_accuracy: 0.9791
DEBUG: 2023-08-01 18:41:55,686: keras_callback.py: on_epoch_end: Epoch 370/10000 - loss: 0.0399 - accuracy: 0.9892 - val_loss: 0.0812 - val_accuracy: 0.977
DEBUG: 2023-08-01 18:41:58,292: keras_callback.py: on_epoch_end: Epoch 380/10000 - loss: 0.0391 - accuracy: 0.9877 - val_loss: 0.0816 - val_accuracy: 0.9791
DEBUG: 2023-08-01 18:42:02,415: 2623015374.py: <module>: X_tr.shape=(5925, 128, 6, 1) X_val.shape=(1481, 128, 6, 1) X_test.shape=(2993, 128, 6, 1)
DEBUG: 2023-08-01 18:42:02,415: 2623015374.py: <module>: y_tr.shape=(5925, 6) y_val.shape=(1481, 6) y_test.shape=(2993, 6)
DEBUG: 2023-08-01 18:42:06,022: keras_callback.py: on_epoch_end: Epoch 10/10000 - loss: 0.7756 - accuracy: 0.8189 - val_loss: 0.8333 - val_accuracy: 0.8454
DEBUG: 2023-08-01 18:42:08,755: keras_callback.py: on_epoch_end: Epoch 20/10000 - loss: 0.5683 - accuracy: 0.8577 - val_loss: 0.6188 - val_accuracy: 0.8798
DEBUG: 2023-08-01 18:42:11,496: keras_callback.py: on_epoch_end: Epoch 30/10000 - loss: 0.4656 - accuracy: 0.841 - val_loss: 0.5129 - val_accuracy: 0.8413
DEBUG: 2023-08-01 18:42:14,260: keras_callback.py: on_epoch_end: Epoch 40/10000 - loss: 0.3155 - accuracy: 0.8061 - val_loss: 0.3682 - val_accuracy: 0.9095
DEBUG: 2023-08-01 18:42:16,979: keras_callback.py: on_epoch_end: Epoch 50/10000 - loss: 0.1841 - accuracy: 0.9384 - val_loss: 0.2395 - val_accuracy: 0.9372
DEBUG: 2023-08-01 18:42:19,752: keras_callback.py: on_epoch_end: Epoch 60/10000 - loss: 0.1521 - accuracy: 0.9435 - val_loss: 0.1928 - val_accuracy: 0.9467
DEBUG: 2023-08-01 18:42:22,449: keras_callback.py: on_epoch_end: Epoch 70/10000 - loss: 0.132 - accuracy: 0.9509 - val_loss: 0.1681 - val_accuracy: 0.9507
DEBUG: 2023-08-01 18:42:25,207: keras_callback.py: on_epoch_end: Epoch 80/10000 - loss: 0.1208 - accuracy: 0.9549 - val_loss: 0.1547 - val_accuracy: 0.9487
DEBUG: 2023-08-01 18:42:27,906: keras_callback.py: on_epoch_end: Epoch 90/10000 - loss: 0.1077 - accuracy: 0.9602 - val_loss: 0.1412 - val_accuracy: 0.9541
DEBUG: 2023-08-01 18:42:30,548: keras_callback.py: on_epoch_end: Epoch 100/10000 - loss: 0.1019 - accuracy: 0.9608 - val_loss: 0.1343 - val_accuracy: 0.9548
DEBUG: 2023-08-01 18:42:33,277: keras_callback.py: on_epoch_end: Epoch 110/10000 - loss: 0.0965 - accuracy: 0.963 - val_loss: 0.1271 - val_accuracy: 0.9534
DEBUG: 2023-08-01 18:42:35,925: keras_callback.py: on_epoch_end: Epoch 120/10000 - loss: 0.0903 - accuracy: 0.9646 - val_loss: 0.1237 - val_accuracy: 0.9521
DEBUG: 2023-08-01 18:42:38,713: keras_callback.py: on_epoch_end: Epoch 130/10000 - loss: 0.0852 - accuracy: 0.9676 - val_loss: 0.1165 - val_accuracy: 0.9575
DEBUG: 2023-08-01 18:42:41,296: keras_callback.py: on_epoch_end: Epoch 140/10000 - loss: 0.0812 - accuracy: 0.9671 - val_loss: 0.1128 - val_accuracy: 0.9541
DEBUG: 2023-08-01 18:42:43,949: keras_callback.py: on_epoch_end: Epoch 150/10000 - loss: 0.0799 - accuracy: 0.9684 - val_loss: 0.1109 - val_accuracy: 0.9568
DEBUG: 2023-08-01 18:42:46,758: keras_callback.py: on_epoch_end: Epoch 160/10000 - loss: 0.0758 - accuracy: 0.9703 - val_loss: 0.1056 - val_accuracy: 0.9588
DEBUG: 2023-08-01 18:42:49,361: keras_callback.py: on_epoch_end: Epoch 170/10000 - loss: 0.0737 - accuracy: 0.9708 - val_loss: 0.1034 - val_accuracy: 0.9595
DEBUG: 2023-08-01 18:42:51,995: keras_callback.py: on_epoch_end: Epoch 180/10000 - loss: 0.0704 - accuracy: 0.9716 - val_loss: 0.0999 - val_accuracy: 0.9581
DEBUG: 2023-08-01 18:42:54,567: keras_callback.py: on_epoch_end: Epoch 190/10000 - loss: 0.0688 - accuracy: 0.9708 - val_loss: 0.0993 - val_accuracy: 0.9588
DEBUG: 2023-08-01 18:42:57,133: keras_callback.py: on_epoch_end: Epoch 200/10000 - loss: 0.067 - accuracy: 0.9716 - val_loss: 0.0965 - val_accuracy: 0.9622
DEBUG: 2023-08-01 18:42:59,939: keras_callback.py: on_epoch_end: Epoch 210/10000 - loss: 0.0646 - accuracy: 0.9735 - val_loss: 0.0961 - val_accuracy: 0.9622
DEBUG: 2023-08-01 18:43:02,463: keras_callback.py: on_epoch_end: Epoch 220/10000 - loss: 0.0632 - accuracy: 0.9735 - val_loss: 0.0944 - val_accuracy: 0.9629
DEBUG: 2023-08-01 18:43:05,078: keras_callback.py: on_epoch_end: Epoch 230/10000 - loss: 0.0635 - accuracy: 0.97 - val_loss: 0.0913 - val_accuracy: 0.9629
DEBUG: 2023-08-01 18:43:07,744: keras_callback.py: on_epoch_end: Epoch 240/10000 - loss: 0.0611 - accuracy: 0.9722 - val_loss: 0.0915 - val_accuracy: 0.9629
DEBUG: 2023-08-01 18:43:10,374: keras_callback.py: on_epoch_end: Epoch 250/10000 - loss: 0.0583 - accuracy: 0.9749 - val_loss: 0.0883 - val_accuracy: 0.9649
DEBUG: 2023-08-01 18:43:12,939: keras_callback.py: on_epoch_end: Epoch 260/10000 - loss: 0.0592 - accuracy: 0.975 - val_loss: 0.0866 - val_accuracy: 0.9629
DEBUG: 2023-08-01 18:43:15,649: keras_callback.py: on_epoch_end: Epoch 270/10000 - loss: 0.056 - accuracy: 0.9745 - val_loss: 0.0884 - val_accuracy: 0.9642
DEBUG: 2023-08-01 18:43:18,324: keras_callback.py: on_epoch_end: Epoch 280/10000 - loss: 0.0562 - accuracy: 0.975 - val_loss: 0.0851 - val_accuracy: 0.9642
DEBUG: 2023-08-01 18:43:20,884: keras_callback.py: on_epoch_end: Epoch 290/10000 - loss: 0.0545 - accuracy: 0.9764 - val_loss: 0.0861 - val_accuracy: 0.9649
DEBUG: 2023-08-01 18:43:23,452: keras_callback.py: on_epoch_end: Epoch 300/10000 - loss: 0.0532 - accuracy: 0.9755 - val_loss: 0.0814 - val_accuracy: 0.9649
DEBUG: 2023-08-01 18:43:26,061: keras_callback.py: on_epoch_end: Epoch 310/10000 - loss: 0.0531 - accuracy: 0.9745 - val_loss: 0.0832 - val_accuracy: 0.9649
DEBUG: 2023-08-01 18:43:28,646: keras_callback.py: on_epoch_end: Epoch 320/10000 - loss: 0.051 - accuracy: 0.977 - val_loss: 0.0808 - val_accuracy: 0.9676
DEBUG: 2023-08-01 18:43:31,162: keras_callback.py: on_epoch_end: Epoch 330/10000 - loss: 0.052 - accuracy: 0.9781 - val_loss: 0.0813 - val_accuracy: 0.9689
DEBUG: 2023-08-01 18:43:33,798: keras_callback.py: on_epoch_end: Epoch 340/10000 - loss: 0.048 - accuracy: 0.9796 - val_loss: 0.0803 - val_accuracy: 0.9683
DEBUG: 2023-08-01 18:43:36,397: keras_callback.py: on_epoch_end: Epoch 350/10000 - loss: 0.0482 - accuracy: 0.9787 - val_loss: 0.0797 - val_accuracy: 0.9676
DEBUG: 2023-08-01 18:43:39,030: keras_callback.py: on_epoch_end: Epoch 360/10000 - loss: 0.0479 - accuracy: 0.9789 - val_loss: 0.0792 - val_accuracy: 0.9662
DEBUG: 2023-08-01 18:43:41,687: keras_callback.py: on_epoch_end: Epoch 370/10000 - loss: 0.0463 - accuracy: 0.9791 - val_loss: 0.078 - val_accuracy: 0.9683
DEBUG: 2023-08-01 18:43:44,690: keras_callback.py: on_epoch_end: Epoch 380/10000 - loss: 0.0449 - accuracy: 0.9819 - val_loss: 0.0759 - val_accuracy: 0.9696
DEBUG: 2023-08-01 18:43:48,684: keras_callback.py: on_epoch_end: Epoch 390/10000 - loss: 0.0454 - accuracy: 0.9799 - val_loss: 0.0773 - val_accuracy: 0.9683
DEBUG: 2023-08-01 18:43:51,714: keras_callback.py: on_epoch_end: Epoch 400/10000 - loss: 0.0439 - accuracy: 0.9826 - val_loss: 0.0779 - val_accuracy: 0.9689
DEBUG: 2023-08-01 18:43:55,303: keras_callback.py: on_epoch_end: Epoch 410/10000 - loss: 0.0441 - accuracy: 0.9835 - val_loss: 0.0747 - val_accuracy: 0.9703
DEBUG: 2023-08-01 18:43:58,708: keras_callback.py: on_epoch_end: Epoch 420/10000 - loss: 0.041 - accuracy: 0.9813 - val_loss: 0.0749 - val_accuracy: 0.9689
DEBUG: 2023-08-01 18:44:02,788: keras_callback.py: on_epoch_end: Epoch 430/10000 - loss: 0.0423 - accuracy: 0.9811 - val_loss: 0.0738 - val_accuracy: 0.9737
DEBUG: 2023-08-01 18:44:06,692: keras_callback.py: on_epoch_end: Epoch 440/10000 - loss: 0.0411 - accuracy: 0.984 - val_loss: 0.0743 - val_accuracy: 0.975
DEBUG: 2023-08-01 18:44:09,488: keras_callback.py: on_epoch_end: Epoch 450/10000 - loss: 0.0414 - accuracy: 0.9833 - val_loss: 0.073 - val_accuracy: 0.9676
DEBUG: 2023-08-01 18:44:12,682: keras_callback.py: on_epoch_end: Epoch 460/10000 - loss: 0.0403 - accuracy: 0.9828 - val_loss: 0.0741 - val_accuracy: 0.9723
DEBUG: 2023-08-01 18:44:15,970: keras_callback.py: on_epoch_end: Epoch 470/10000 - loss: 0.0385 - accuracy: 0.9853 - val_loss: 0.0743 - val_accuracy: 0.9716
DEBUG: 2023-08-01 18:44:19,362: keras_callback.py: on_epoch_end: Epoch 480/10000 - loss: 0.0375 - accuracy: 0.9841 - val_loss: 0.0742 - val_accuracy: 0.971
DEBUG: 2023-08-01 18:44:22,891: keras_callback.py: on_epoch_end: Epoch 490/10000 - loss: 0.0369 - accuracy: 0.9865 - val_loss: 0.0694 - val_accuracy: 0.9716
DEBUG: 2023-08-01 18:44:26,095: keras_callback.py: on_epoch_end: Epoch 500/10000 - loss: 0.0374 - accuracy: 0.9863 - val_loss: 0.0726 - val_accuracy: 0.9716
DEBUG: 2023-08-01 18:44:29,279: keras_callback.py: on_epoch_end: Epoch 510/10000 - loss: 0.0355 - accuracy: 0.986 - val_loss: 0.0733 - val_accuracy: 0.9737
DEBUG: 2023-08-01 18:44:33,860: 2623015374.py: <module>: X_tr.shape=(5925, 128, 6, 1) X_val.shape=(1481, 128, 6, 1) X_test.shape=(2993, 128, 6, 1)
DEBUG: 2023-08-01 18:44:33,861: 2623015374.py: <module>: y_tr.shape=(5925, 6) y_val.shape=(1481, 6) y_test.shape=(2993, 6)
DEBUG: 2023-08-01 18:44:37,811: keras_callback.py: on_epoch_end: Epoch 10/10000 - loss: 0.4806 - accuracy: 0.8731 - val_loss: 0.5673 - val_accuracy: 0.8683
DEBUG: 2023-08-01 18:44:41,648: keras_callback.py: on_epoch_end: Epoch 20/10000 - loss: 0.2817 - accuracy: 0.9186 - val_loss: 0.356 - val_accuracy: 0.9142
DEBUG: 2023-08-01 18:44:44,790: keras_callback.py: on_epoch_end: Epoch 30/10000 - loss: 0.2031 - accuracy: 0.9396 - val_loss: 0.2735 - val_accuracy: 0.923
DEBUG: 2023-08-01 18:44:47,718: keras_callback.py: on_epoch_end: Epoch 40/10000 - loss: 0.1631 - accuracy: 0.9478 - val_loss: 0.2313 - val_accuracy: 0.9379
DEBUG: 2023-08-01 18:44:50,992: keras_callback.py: on_epoch_end: Epoch 50/10000 - loss: 0.1421 - accuracy: 0.9494 - val_loss: 0.2028 - val_accuracy: 0.9406
DEBUG: 2023-08-01 18:44:54,800: keras_callback.py: on_epoch_end: Epoch 60/10000 - loss: 0.1236 - accuracy: 0.9566 - val_loss: 0.1823 - val_accuracy: 0.9433
DEBUG: 2023-08-01 18:44:58,100: keras_callback.py: on_epoch_end: Epoch 70/10000 - loss: 0.1102 - accuracy: 0.9575 - val_loss: 0.1669 - val_accuracy: 0.9453
DEBUG: 2023-08-01 18:45:01,448: keras_callback.py: on_epoch_end: Epoch 80/10000 - loss: 0.1007 - accuracy: 0.9627 - val_loss: 0.1569 - val_accuracy: 0.9473
DEBUG: 2023-08-01 18:45:04,881: keras_callback.py: on_epoch_end: Epoch 90/10000 - loss: 0.0931 - accuracy: 0.9625 - val_loss: 0.1474 - val_accuracy: 0.9507
DEBUG: 2023-08-01 18:45:07,927: keras_callback.py: on_epoch_end: Epoch 100/10000 - loss: 0.0884 - accuracy: 0.9629 - val_loss: 0.1418 - val_accuracy: 0.95
DEBUG: 2023-08-01 18:45:10,896: keras_callback.py: on_epoch_end: Epoch 110/10000 - loss: 0.0825 - accuracy: 0.9681 - val_loss: 0.1355 - val_accuracy: 0.9527
DEBUG: 2023-08-01 18:45:14,986: keras_callback.py: on_epoch_end: Epoch 120/10000 - loss: 0.0778 - accuracy: 0.9689 - val_loss: 0.1333 - val_accuracy: 0.9521
DEBUG: 2023-08-01 18:45:18,118: keras_callback.py: on_epoch_end: Epoch 130/10000 - loss: 0.0758 - accuracy: 0.9705 - val_loss: 0.1291 - val_accuracy: 0.9521
DEBUG: 2023-08-01 18:45:21,412: keras_callback.py: on_epoch_end: Epoch 140/10000 - loss: 0.071 - accuracy: 0.9733 - val_loss: 0.1248 - val_accuracy: 0.9514
DEBUG: 2023-08-01 18:45:25,459: keras_callback.py: on_epoch_end: Epoch 150/10000 - loss: 0.0676 - accuracy: 0.9743 - val_loss: 0.1202 - val_accuracy: 0.9534
DEBUG: 2023-08-01 18:45:28,956: keras_callback.py: on_epoch_end: Epoch 160/10000 - loss: 0.065 - accuracy: 0.9745 - val_loss: 0.119 - val_accuracy: 0.9548
DEBUG: 2023-08-01 18:45:32,558: keras_callback.py: on_epoch_end: Epoch 170/10000 - loss: 0.064 - accuracy: 0.9754 - val_loss: 0.1117 - val_accuracy: 0.9541
DEBUG: 2023-08-01 18:45:35,236: keras_callback.py: on_epoch_end: Epoch 180/10000 - loss: 0.0616 - accuracy: 0.9752 - val_loss: 0.1145 - val_accuracy: 0.9575
DEBUG: 2023-08-01 18:45:38,055: keras_callback.py: on_epoch_end: Epoch 190/10000 - loss: 0.0605 - accuracy: 0.9738 - val_loss: 0.1125 - val_accuracy: 0.9554
DEBUG: 2023-08-01 18:45:40,976: keras_callback.py: on_epoch_end: Epoch 200/10000 - loss: 0.0595 - accuracy: 0.9757 - val_loss: 0.1065 - val_accuracy: 0.9602
DEBUG: 2023-08-01 18:45:43,956: keras_callback.py: on_epoch_end: Epoch 210/10000 - loss: 0.0569 - accuracy: 0.9772 - val_loss: 0.1053 - val_accuracy: 0.9561
DEBUG: 2023-08-01 18:45:46,894: keras_callback.py: on_epoch_end: Epoch 220/10000 - loss: 0.0569 - accuracy: 0.976 - val_loss: 0.1069 - val_accuracy: 0.9575
DEBUG: 2023-08-01 18:45:49,705: keras_callback.py: on_epoch_end: Epoch 230/10000 - loss: 0.054 - accuracy: 0.9784 - val_loss: 0.1036 - val_accuracy: 0.9575
DEBUG: 2023-08-01 18:45:52,482: keras_callback.py: on_epoch_end: Epoch 240/10000 - loss: 0.0513 - accuracy: 0.9786 - val_loss: 0.1008 - val_accuracy: 0.9581
DEBUG: 2023-08-01 18:45:55,415: keras_callback.py: on_epoch_end: Epoch 250/10000 - loss: 0.0513 - accuracy: 0.9789 - val_loss: 0.0998 - val_accuracy: 0.9602
DEBUG: 2023-08-01 18:45:58,191: keras_callback.py: on_epoch_end: Epoch 260/10000 - loss: 0.0499 - accuracy: 0.9796 - val_loss: 0.0961 - val_accuracy: 0.9615
DEBUG: 2023-08-01 18:46:01,089: keras_callback.py: on_epoch_end: Epoch 270/10000 - loss: 0.0503 - accuracy: 0.9808 - val_loss: 0.0961 - val_accuracy: 0.9602
DEBUG: 2023-08-01 18:46:03,884: keras_callback.py: on_epoch_end: Epoch 280/10000 - loss: 0.0465 - accuracy: 0.9819 - val_loss: 0.0928 - val_accuracy: 0.9642
DEBUG: 2023-08-01 18:46:06,592: keras_callback.py: on_epoch_end: Epoch 290/10000 - loss: 0.0466 - accuracy: 0.9821 - val_loss: 0.0908 - val_accuracy: 0.9656
DEBUG: 2023-08-01 18:46:09,303: keras_callback.py: on_epoch_end: Epoch 300/10000 - loss: 0.0449 - accuracy: 0.9823 - val_loss: 0.0937 - val_accuracy: 0.9656
DEBUG: 2023-08-01 18:46:12,172: keras_callback.py: on_epoch_end: Epoch 310/10000 - loss: 0.0434 - accuracy: 0.9808 - val_loss: 0.0902 - val_accuracy: 0.9656
DEBUG: 2023-08-01 18:46:14,918: keras_callback.py: on_epoch_end: Epoch 320/10000 - loss: 0.0434 - accuracy: 0.9836 - val_loss: 0.0893 - val_accuracy: 0.9683
DEBUG: 2023-08-01 18:46:17,769: keras_callback.py: on_epoch_end: Epoch 330/10000 - loss: 0.0399 - accuracy: 0.985 - val_loss: 0.0879 - val_accuracy: 0.9683
DEBUG: 2023-08-01 18:46:20,609: keras_callback.py: on_epoch_end: Epoch 340/10000 - loss: 0.0414 - accuracy: 0.983 - val_loss: 0.0865 - val_accuracy: 0.9689
DEBUG: 2023-08-01 18:46:23,320: keras_callback.py: on_epoch_end: Epoch 350/10000 - loss: 0.0396 - accuracy: 0.9845 - val_loss: 0.0873 - val_accuracy: 0.9676
DEBUG: 2023-08-01 18:46:26,034: keras_callback.py: on_epoch_end: Epoch 360/10000 - loss: 0.0377 - accuracy: 0.9851 - val_loss: 0.0829 - val_accuracy: 0.971
DEBUG: 2023-08-01 18:46:28,684: keras_callback.py: on_epoch_end: Epoch 370/10000 - loss: 0.0376 - accuracy: 0.985 - val_loss: 0.0812 - val_accuracy: 0.9723
DEBUG: 2023-08-01 18:46:31,480: keras_callback.py: on_epoch_end: Epoch 380/10000 - loss: 0.0365 - accuracy: 0.9867 - val_loss: 0.0798 - val_accuracy: 0.973
DEBUG: 2023-08-01 18:46:34,154: keras_callback.py: on_epoch_end: Epoch 390/10000 - loss: 0.0344 - accuracy: 0.988 - val_loss: 0.081 - val_accuracy: 0.9723
DEBUG: 2023-08-01 18:46:36,972: keras_callback.py: on_epoch_end: Epoch 400/10000 - loss: 0.0361 - accuracy: 0.986 - val_loss: 0.0786 - val_accuracy: 0.9743
DEBUG: 2023-08-01 18:46:39,647: keras_callback.py: on_epoch_end: Epoch 410/10000 - loss: 0.0334 - accuracy: 0.9894 - val_loss: 0.0818 - val_accuracy: 0.9703
DEBUG: 2023-08-01 18:46:42,434: keras_callback.py: on_epoch_end: Epoch 420/10000 - loss: 0.0325 - accuracy: 0.9875 - val_loss: 0.0778 - val_accuracy: 0.9743
DEBUG: 2023-08-01 18:46:45,210: keras_callback.py: on_epoch_end: Epoch 430/10000 - loss: 0.0336 - accuracy: 0.9878 - val_loss: 0.0853 - val_accuracy: 0.9696
DEBUG: 2023-08-01 18:46:47,993: keras_callback.py: on_epoch_end: Epoch 440/10000 - loss: 0.0313 - accuracy: 0.9892 - val_loss: 0.0786 - val_accuracy: 0.9743
DEBUG: 2023-08-01 18:46:50,826: keras_callback.py: on_epoch_end: Epoch 450/10000 - loss: 0.0327 - accuracy: 0.9875 - val_loss: 0.0782 - val_accuracy: 0.9743
DEBUG: 2023-08-01 18:46:53,514: keras_callback.py: on_epoch_end: Epoch 460/10000 - loss: 0.0306 - accuracy: 0.9895 - val_loss: 0.0783 - val_accuracy: 0.975
DEBUG: 2023-08-01 18:46:56,185: keras_callback.py: on_epoch_end: Epoch 470/10000 - loss: 0.03 - accuracy: 0.9892 - val_loss: 0.0755 - val_accuracy: 0.9743
DEBUG: 2023-08-01 18:46:58,916: keras_callback.py: on_epoch_end: Epoch 480/10000 - loss: 0.0282 - accuracy: 0.9904 - val_loss: 0.0768 - val_accuracy: 0.977
DEBUG: 2023-08-01 18:47:01,693: keras_callback.py: on_epoch_end: Epoch 490/10000 - loss: 0.0288 - accuracy: 0.9904 - val_loss: 0.0746 - val_accuracy: 0.9764
DEBUG: 2023-08-01 18:47:05,113: keras_callback.py: on_epoch_end: Epoch 500/10000 - loss: 0.0271 - accuracy: 0.9912 - val_loss: 0.0775 - val_accuracy: 0.9743
DEBUG: 2023-08-01 18:47:08,199: keras_callback.py: on_epoch_end: Epoch 510/10000 - loss: 0.0292 - accuracy: 0.9914 - val_loss: 0.0746 - val_accuracy: 0.9784
DEBUG: 2023-08-01 18:47:11,797: keras_callback.py: on_epoch_end: Epoch 520/10000 - loss: 0.026 - accuracy: 0.9926 - val_loss: 0.0746 - val_accuracy: 0.9784
DEBUG: 2023-08-01 18:47:15,595: keras_callback.py: on_epoch_end: Epoch 530/10000 - loss: 0.0277 - accuracy: 0.9904 - val_loss: 0.0739 - val_accuracy: 0.9777
DEBUG: 2023-08-01 18:47:19,068: keras_callback.py: on_epoch_end: Epoch 540/10000 - loss: 0.0242 - accuracy: 0.9938 - val_loss: 0.0722 - val_accuracy: 0.9791
DEBUG: 2023-08-01 18:47:21,981: keras_callback.py: on_epoch_end: Epoch 550/10000 - loss: 0.0249 - accuracy: 0.9932 - val_loss: 0.0731 - val_accuracy: 0.9777
DEBUG: 2023-08-01 18:47:26,591: 4266479415.py: <module>: ---Cross Validation Scores---
DEBUG: 2023-08-01 18:47:26,592: 4266479415.py: <module>: ---train---
DEBUG: 2023-08-01 18:47:26,594: 4266479415.py: <module>: logloss=0.041468
DEBUG: 2023-08-01 18:47:26,594: 4266479415.py: <module>: accuracy=0.990076
DEBUG: 2023-08-01 18:47:26,596: 4266479415.py: <module>: precision=0.991181
DEBUG: 2023-08-01 18:47:26,597: 4266479415.py: <module>: recall=0.990769
DEBUG: 2023-08-01 18:47:26,598: 4266479415.py: <module>: f1=0.99093
DEBUG: 2023-08-01 18:47:26,599: 4266479415.py: <module>: per-class f1={'LAYING': 1.0, 'WALKING': 1.0, 'WALKING_UPSTAIRS': 1.0, 'WALKING_DOWNSTAIRS': 1.0, 'SITTING': 0.971164, 'STANDING': 0.974418}
DEBUG: 2023-08-01 18:47:26,600: 4266479415.py: <module>: ---valid---
DEBUG: 2023-08-01 18:47:26,601: 4266479415.py: <module>: logloss=0.082101
DEBUG: 2023-08-01 18:47:26,605: 4266479415.py: <module>: accuracy=0.9761
DEBUG: 2023-08-01 18:47:26,606: 4266479415.py: <module>: precision=0.977497
DEBUG: 2023-08-01 18:47:26,607: 4266479415.py: <module>: recall=0.976058
DEBUG: 2023-08-01 18:47:26,608: 4266479415.py: <module>: f1=0.976595
DEBUG: 2023-08-01 18:47:26,610: 4266479415.py: <module>: per-class f1={'LAYING': 1.0, 'WALKING': 0.976353, 'WALKING_UPSTAIRS': 0.989158, 'WALKING_DOWNSTAIRS': 0.981546, 'SITTING': 0.953948, 'STANDING': 0.958565}
DEBUG: 2023-08-01 18:47:26,610: 4266479415.py: <module>: ---test---
DEBUG: 2023-08-01 18:47:26,611: 4266479415.py: <module>: logloss=0.449573
DEBUG: 2023-08-01 18:47:26,612: 4266479415.py: <module>: accuracy=0.924958
DEBUG: 2023-08-01 18:47:26,613: 4266479415.py: <module>: precision=0.924889
DEBUG: 2023-08-01 18:47:26,614: 4266479415.py: <module>: recall=0.925981
DEBUG: 2023-08-01 18:47:26,616: 4266479415.py: <module>: f1=0.92455
DEBUG: 2023-08-01 18:47:26,617: 4266479415.py: <module>: per-class f1={'LAYING': 0.985786, 'WALKING': 0.91801, 'WALKING_UPSTAIRS': 0.949937, 'WALKING_DOWNSTAIRS': 0.914096, 'SITTING': 0.882641, 'STANDING': 0.896829}
DEBUG: 2023-08-01 18:47:26,631: 2315415076.py: <module>: ---Final Test Scores Averaged over Folds---
DEBUG: 2023-08-01 18:49:43,544: 4266479415.py: <module>: ---Cross Validation Scores---
DEBUG: 2023-08-01 18:49:43,547: 4266479415.py: <module>: ---train---
DEBUG: 2023-08-01 18:49:43,548: 4266479415.py: <module>: logloss=0.041468
DEBUG: 2023-08-01 18:49:43,549: 4266479415.py: <module>: accuracy=0.990076
DEBUG: 2023-08-01 18:49:43,550: 4266479415.py: <module>: precision=0.991181
DEBUG: 2023-08-01 18:49:43,551: 4266479415.py: <module>: recall=0.990769
DEBUG: 2023-08-01 18:49:43,553: 4266479415.py: <module>: f1=0.99093
DEBUG: 2023-08-01 18:49:43,557: 4266479415.py: <module>: per-class f1={'LAYING': 1.0, 'WALKING': 1.0, 'WALKING_UPSTAIRS': 1.0, 'WALKING_DOWNSTAIRS': 1.0, 'SITTING': 0.971164, 'STANDING': 0.974418}
DEBUG: 2023-08-01 18:49:43,558: 4266479415.py: <module>: ---valid---
DEBUG: 2023-08-01 18:49:43,559: 4266479415.py: <module>: logloss=0.082101
DEBUG: 2023-08-01 18:49:43,561: 4266479415.py: <module>: accuracy=0.9761
DEBUG: 2023-08-01 18:49:43,562: 4266479415.py: <module>: precision=0.977497
DEBUG: 2023-08-01 18:49:43,564: 4266479415.py: <module>: recall=0.976058
DEBUG: 2023-08-01 18:49:43,564: 4266479415.py: <module>: f1=0.976595
DEBUG: 2023-08-01 18:49:43,565: 4266479415.py: <module>: per-class f1={'LAYING': 1.0, 'WALKING': 0.976353, 'WALKING_UPSTAIRS': 0.989158, 'WALKING_DOWNSTAIRS': 0.981546, 'SITTING': 0.953948, 'STANDING': 0.958565}
DEBUG: 2023-08-01 18:49:43,566: 4266479415.py: <module>: ---test---
DEBUG: 2023-08-01 18:49:43,567: 4266479415.py: <module>: logloss=0.449573
DEBUG: 2023-08-01 18:49:43,568: 4266479415.py: <module>: accuracy=0.924958
DEBUG: 2023-08-01 18:49:43,569: 4266479415.py: <module>: precision=0.924889
DEBUG: 2023-08-01 18:49:43,570: 4266479415.py: <module>: recall=0.925981
DEBUG: 2023-08-01 18:49:43,572: 4266479415.py: <module>: f1=0.92455
DEBUG: 2023-08-01 18:49:43,574: 4266479415.py: <module>: per-class f1={'LAYING': 0.985786, 'WALKING': 0.91801, 'WALKING_UPSTAIRS': 0.949937, 'WALKING_DOWNSTAIRS': 0.914096, 'SITTING': 0.882641, 'STANDING': 0.896829}
DEBUG: 2023-08-01 18:49:45,284: 2315415076.py: <module>: ---Final Test Scores Averaged over Folds---
DEBUG: 2023-08-01 18:49:49,258: 2039934376.py: <module>: ---Final Test Scores Averaged over Folds---
DEBUG: 2023-08-01 21:42:31,708: 4266479415.py: <module>: ---Cross Validation Scores---
DEBUG: 2023-08-01 21:42:31,712: 4266479415.py: <module>: ---train---
DEBUG: 2023-08-01 21:42:31,734: 4266479415.py: <module>: logloss=0.041468
DEBUG: 2023-08-01 21:42:31,737: 4266479415.py: <module>: accuracy=0.990076
DEBUG: 2023-08-01 21:42:31,740: 4266479415.py: <module>: precision=0.991181
DEBUG: 2023-08-01 21:42:31,742: 4266479415.py: <module>: recall=0.990769
DEBUG: 2023-08-01 21:42:31,747: 4266479415.py: <module>: f1=0.99093
DEBUG: 2023-08-01 21:42:31,751: 4266479415.py: <module>: per-class f1={'LAYING': 1.0, 'WALKING': 1.0, 'WALKING_UPSTAIRS': 1.0, 'WALKING_DOWNSTAIRS': 1.0, 'SITTING': 0.971164, 'STANDING': 0.974418}
DEBUG: 2023-08-01 21:42:31,753: 4266479415.py: <module>: ---valid---
DEBUG: 2023-08-01 21:42:31,755: 4266479415.py: <module>: logloss=0.082101
DEBUG: 2023-08-01 21:42:31,757: 4266479415.py: <module>: accuracy=0.9761
DEBUG: 2023-08-01 21:42:31,759: 4266479415.py: <module>: precision=0.977497
DEBUG: 2023-08-01 21:42:31,761: 4266479415.py: <module>: recall=0.976058
DEBUG: 2023-08-01 21:42:31,763: 4266479415.py: <module>: f1=0.976595
DEBUG: 2023-08-01 21:42:31,765: 4266479415.py: <module>: per-class f1={'LAYING': 1.0, 'WALKING': 0.976353, 'WALKING_UPSTAIRS': 0.989158, 'WALKING_DOWNSTAIRS': 0.981546, 'SITTING': 0.953948, 'STANDING': 0.958565}
DEBUG: 2023-08-01 21:42:31,766: 4266479415.py: <module>: ---test---
DEBUG: 2023-08-01 21:42:31,767: 4266479415.py: <module>: logloss=0.449573
DEBUG: 2023-08-01 21:42:31,768: 4266479415.py: <module>: accuracy=0.924958
DEBUG: 2023-08-01 21:42:31,770: 4266479415.py: <module>: precision=0.924889
DEBUG: 2023-08-01 21:42:31,771: 4266479415.py: <module>: recall=0.925981
DEBUG: 2023-08-01 21:42:31,772: 4266479415.py: <module>: f1=0.92455
DEBUG: 2023-08-01 21:42:31,774: 4266479415.py: <module>: per-class f1={'LAYING': 0.985786, 'WALKING': 0.91801, 'WALKING_UPSTAIRS': 0.949937, 'WALKING_DOWNSTAIRS': 0.914096, 'SITTING': 0.882641, 'STANDING': 0.896829}
DEBUG: 2023-08-01 21:42:35,857: 2039934376.py: <module>: ---Final Test Scores Averaged over Folds---
DEBUG: 2023-08-01 21:42:43,572: 1695527446.py: <module>: ---Final Test Scores Averaged over Folds---
DEBUG: 2023-08-01 21:42:43,586: 1695527446.py: <module>: accuracy=0.9305045105245573
DEBUG: 2023-08-01 21:42:43,592: 1695527446.py: <module>: precision=0.9307401913977035
DEBUG: 2023-08-01 21:42:43,597: 1695527446.py: <module>: recall=0.9316652977027614
DEBUG: 2023-08-01 21:42:43,601: 1695527446.py: <module>: f1=0.9300640995430925
DEBUG: 2023-08-01 21:42:43,607: 1695527446.py: <module>: per-class f1=[0.99271403 0.92339979 0.95756257 0.9135255  0.88954635 0.90363636]
