DEBUG: 2023-08-02 09:46:00,418: 62444462.py: <module>: /home/tahoora/Projects/college_project/Human_Activity_Recognition/notebooks/../logs/bidirectional_lstm_logs/deep-conv-lstm-20230802-094600/deep-conv-lstm-20230802-094600.log
DEBUG: 2023-08-02 09:46:11,765: 62444462.py: <module>: X_train.shape=(7406, 128, 6, 1) X_test.shape=(2993, 128, 6, 1)
DEBUG: 2023-08-02 09:46:11,765: 62444462.py: <module>: y_train.shape=(7406, 1) y_test.shape=(2993, 1)
DEBUG: 2023-08-02 09:46:11,768: utils.py: check_class_balance: train labels
DEBUG: 2023-08-02 09:46:11,769: utils.py: check_class_balance: LAYING (0): 1412 samples (19.07 %)
DEBUG: 2023-08-02 09:46:11,771: utils.py: check_class_balance: WALKING (1): 1224 samples (16.53 %)
DEBUG: 2023-08-02 09:46:11,772: utils.py: check_class_balance: WALKING_UPSTAIRS (2): 1072 samples (14.47 %)
DEBUG: 2023-08-02 09:46:11,772: utils.py: check_class_balance: WALKING_DOWNSTAIRS (3): 987 samples (13.33 %)
DEBUG: 2023-08-02 09:46:11,773: utils.py: check_class_balance: SITTING (4): 1290 samples (17.42 %)
DEBUG: 2023-08-02 09:46:11,774: utils.py: check_class_balance: STANDING (5): 1421 samples (19.19 %)
DEBUG: 2023-08-02 09:46:11,776: utils.py: check_class_balance: test labels
DEBUG: 2023-08-02 09:46:11,777: utils.py: check_class_balance: LAYING (0): 545 samples (18.21 %)
DEBUG: 2023-08-02 09:46:11,778: utils.py: check_class_balance: WALKING (1): 496 samples (16.57 %)
DEBUG: 2023-08-02 09:46:11,779: utils.py: check_class_balance: WALKING_UPSTAIRS (2): 470 samples (15.7 %)
DEBUG: 2023-08-02 09:46:11,781: utils.py: check_class_balance: WALKING_DOWNSTAIRS (3): 419 samples (14.0 %)
DEBUG: 2023-08-02 09:46:11,782: utils.py: check_class_balance: SITTING (4): 507 samples (16.94 %)
DEBUG: 2023-08-02 09:46:11,783: utils.py: check_class_balance: STANDING (5): 556 samples (18.58 %)
DEBUG: 2023-08-02 09:46:11,819: 3642186603.py: <module>: dcl_params={'batch_size': 128, 'epochs': 10000, 'lr': 0.001, 'verbose': 0}
DEBUG: 2023-08-02 09:46:11,862: 222416104.py: <module>: X_tr.shape=(5924, 128, 6, 1) X_val.shape=(1482, 128, 6, 1) X_test.shape=(2993, 128, 6, 1)
DEBUG: 2023-08-02 09:46:11,863: 222416104.py: <module>: y_tr.shape=(5924, 6) y_val.shape=(1482, 6) y_test.shape=(2993, 6)
WARNING: 2023-08-02 09:46:14,620: optimizer.py: _process_kwargs: `lr` is deprecated in Keras optimizer, please use `learning_rate` or use the legacy optimizer, e.g.,tf.keras.optimizers.legacy.Adam.
DEBUG: 2023-08-02 09:46:21,319: attrs.py: create: Creating converter from 5 to 3
DEBUG: 2023-08-02 09:46:27,053: keras_callback.py: on_epoch_end: Epoch 10/10000 - loss: 0.2731 - accuracy: 0.9301 - val_loss: 0.2701 - val_accuracy: 0.9312
DEBUG: 2023-08-02 09:46:33,397: keras_callback.py: on_epoch_end: Epoch 20/10000 - loss: 0.2026 - accuracy: 0.9429 - val_loss: 0.1891 - val_accuracy: 0.9575
DEBUG: 2023-08-02 09:46:40,089: keras_callback.py: on_epoch_end: Epoch 30/10000 - loss: 0.1495 - accuracy: 0.9532 - val_loss: 0.1473 - val_accuracy: 0.9622
DEBUG: 2023-08-02 09:46:46,202: keras_callback.py: on_epoch_end: Epoch 40/10000 - loss: 0.1713 - accuracy: 0.9477 - val_loss: 0.1622 - val_accuracy: 0.9615
DEBUG: 2023-08-02 09:46:52,256: keras_callback.py: on_epoch_end: Epoch 50/10000 - loss: 0.1395 - accuracy: 0.9575 - val_loss: 0.133 - val_accuracy: 0.9615
DEBUG: 2023-08-02 09:46:58,356: keras_callback.py: on_epoch_end: Epoch 60/10000 - loss: 0.1665 - accuracy: 0.946 - val_loss: 0.1455 - val_accuracy: 0.9602
DEBUG: 2023-08-02 09:47:04,510: keras_callback.py: on_epoch_end: Epoch 70/10000 - loss: 0.4754 - accuracy: 0.8211 - val_loss: 0.2815 - val_accuracy: 0.9136
DEBUG: 2023-08-02 09:47:10,330: attrs.py: __getitem__: Creating converter from 3 to 5
DEBUG: 2023-08-02 09:47:17,041: 222416104.py: <module>: X_tr.shape=(5925, 128, 6, 1) X_val.shape=(1481, 128, 6, 1) X_test.shape=(2993, 128, 6, 1)
DEBUG: 2023-08-02 09:47:17,042: 222416104.py: <module>: y_tr.shape=(5925, 6) y_val.shape=(1481, 6) y_test.shape=(2993, 6)
WARNING: 2023-08-02 09:47:17,595: optimizer.py: _process_kwargs: `lr` is deprecated in Keras optimizer, please use `learning_rate` or use the legacy optimizer, e.g.,tf.keras.optimizers.legacy.Adam.
