DEBUG: 2023-08-01 15:06:24,357: 1135411940.py: <module>: /home/tahoora/Projects/college_project/Human_Activity_Recognition/notebooks/../logs/simple_cnn_logs/deep-conv-lstm-20230801-150622/deep-conv-lstm-20230801-150622.log
DEBUG: 2023-08-01 15:06:35,785: 1135411940.py: <module>: X_train.shape=(7406, 128, 6, 1) X_test.shape=(2993, 128, 6, 1)
DEBUG: 2023-08-01 15:06:35,787: 1135411940.py: <module>: y_train.shape=(7406, 1) y_test.shape=(2993, 1)
DEBUG: 2023-08-01 15:06:35,790: utils.py: check_class_balance: train labels
DEBUG: 2023-08-01 15:06:35,791: utils.py: check_class_balance: LAYING (0): 1412 samples (19.07 %)
DEBUG: 2023-08-01 15:06:35,792: utils.py: check_class_balance: WALKING (1): 1224 samples (16.53 %)
DEBUG: 2023-08-01 15:06:35,792: utils.py: check_class_balance: WALKING_UPSTAIRS (2): 1072 samples (14.47 %)
DEBUG: 2023-08-01 15:06:35,793: utils.py: check_class_balance: WALKING_DOWNSTAIRS (3): 987 samples (13.33 %)
DEBUG: 2023-08-01 15:06:35,794: utils.py: check_class_balance: SITTING (4): 1290 samples (17.42 %)
DEBUG: 2023-08-01 15:06:35,794: utils.py: check_class_balance: STANDING (5): 1421 samples (19.19 %)
DEBUG: 2023-08-01 15:06:35,795: utils.py: check_class_balance: test labels
DEBUG: 2023-08-01 15:06:35,795: utils.py: check_class_balance: LAYING (0): 545 samples (18.21 %)
DEBUG: 2023-08-01 15:06:35,796: utils.py: check_class_balance: WALKING (1): 496 samples (16.57 %)
DEBUG: 2023-08-01 15:06:35,796: utils.py: check_class_balance: WALKING_UPSTAIRS (2): 470 samples (15.7 %)
DEBUG: 2023-08-01 15:06:35,797: utils.py: check_class_balance: WALKING_DOWNSTAIRS (3): 419 samples (14.0 %)
DEBUG: 2023-08-01 15:06:35,798: utils.py: check_class_balance: SITTING (4): 507 samples (16.94 %)
DEBUG: 2023-08-01 15:06:35,799: utils.py: check_class_balance: STANDING (5): 556 samples (18.58 %)
DEBUG: 2023-08-01 15:06:38,840: 3300936622.py: <module>: dcl_params={'batch_size': 128, 'epochs': 10000, 'lr': 0.0001, 'verbose': 1}
DEBUG: 2023-08-01 15:06:40,382: 2623015374.py: <module>: X_tr.shape=(5924, 128, 6, 1) X_val.shape=(1482, 128, 6, 1) X_test.shape=(2993, 128, 6, 1)
DEBUG: 2023-08-01 15:06:40,383: 2623015374.py: <module>: y_tr.shape=(5924, 6) y_val.shape=(1482, 6) y_test.shape=(2993, 6)
DEBUG: 2023-08-01 15:06:47,210: attrs.py: create: Creating converter from 5 to 3
DEBUG: 2023-08-01 15:06:49,296: keras_callback.py: on_epoch_end: Epoch 10/10000 - loss: 0.3127 - accuracy: 0.9085 - val_loss: 0.3762 - val_accuracy: 0.9244
DEBUG: 2023-08-01 15:06:51,837: keras_callback.py: on_epoch_end: Epoch 20/10000 - loss: 0.203 - accuracy: 0.9337 - val_loss: 0.2573 - val_accuracy: 0.9352
DEBUG: 2023-08-01 15:06:54,151: keras_callback.py: on_epoch_end: Epoch 30/10000 - loss: 0.1603 - accuracy: 0.9435 - val_loss: 0.208 - val_accuracy: 0.9514
DEBUG: 2023-08-01 15:06:56,490: keras_callback.py: on_epoch_end: Epoch 40/10000 - loss: 0.1347 - accuracy: 0.9519 - val_loss: 0.181 - val_accuracy: 0.9561
DEBUG: 2023-08-01 15:06:58,938: keras_callback.py: on_epoch_end: Epoch 50/10000 - loss: 0.1189 - accuracy: 0.9583 - val_loss: 0.1578 - val_accuracy: 0.9595
DEBUG: 2023-08-01 15:07:01,300: keras_callback.py: on_epoch_end: Epoch 60/10000 - loss: 0.106 - accuracy: 0.9612 - val_loss: 0.1426 - val_accuracy: 0.9588
DEBUG: 2023-08-01 15:07:03,654: keras_callback.py: on_epoch_end: Epoch 70/10000 - loss: 0.0957 - accuracy: 0.9637 - val_loss: 0.1316 - val_accuracy: 0.9629
DEBUG: 2023-08-01 15:07:05,917: keras_callback.py: on_epoch_end: Epoch 80/10000 - loss: 0.0881 - accuracy: 0.9681 - val_loss: 0.1231 - val_accuracy: 0.9595
DEBUG: 2023-08-01 15:07:08,471: keras_callback.py: on_epoch_end: Epoch 90/10000 - loss: 0.0823 - accuracy: 0.9679 - val_loss: 0.117 - val_accuracy: 0.9629
DEBUG: 2023-08-01 15:07:11,357: keras_callback.py: on_epoch_end: Epoch 100/10000 - loss: 0.0768 - accuracy: 0.971 - val_loss: 0.1059 - val_accuracy: 0.9676
DEBUG: 2023-08-01 15:07:14,239: keras_callback.py: on_epoch_end: Epoch 110/10000 - loss: 0.072 - accuracy: 0.974 - val_loss: 0.1024 - val_accuracy: 0.9703
DEBUG: 2023-08-01 15:07:16,596: keras_callback.py: on_epoch_end: Epoch 120/10000 - loss: 0.065 - accuracy: 0.9784 - val_loss: 0.0977 - val_accuracy: 0.9744
DEBUG: 2023-08-01 15:07:18,974: keras_callback.py: on_epoch_end: Epoch 130/10000 - loss: 0.0599 - accuracy: 0.9809 - val_loss: 0.094 - val_accuracy: 0.9723
DEBUG: 2023-08-01 15:07:21,223: keras_callback.py: on_epoch_end: Epoch 140/10000 - loss: 0.0572 - accuracy: 0.9816 - val_loss: 0.0889 - val_accuracy: 0.9757
DEBUG: 2023-08-01 15:07:23,423: keras_callback.py: on_epoch_end: Epoch 150/10000 - loss: 0.053 - accuracy: 0.9833 - val_loss: 0.0862 - val_accuracy: 0.9744
DEBUG: 2023-08-01 15:07:25,603: keras_callback.py: on_epoch_end: Epoch 160/10000 - loss: 0.0508 - accuracy: 0.9855 - val_loss: 0.0829 - val_accuracy: 0.9764
DEBUG: 2023-08-01 15:07:27,833: keras_callback.py: on_epoch_end: Epoch 170/10000 - loss: 0.0468 - accuracy: 0.985 - val_loss: 0.0785 - val_accuracy: 0.9784
DEBUG: 2023-08-01 15:07:30,013: keras_callback.py: on_epoch_end: Epoch 180/10000 - loss: 0.0455 - accuracy: 0.9858 - val_loss: 0.0764 - val_accuracy: 0.9804
DEBUG: 2023-08-01 15:07:32,223: keras_callback.py: on_epoch_end: Epoch 190/10000 - loss: 0.0417 - accuracy: 0.9878 - val_loss: 0.0743 - val_accuracy: 0.9784
DEBUG: 2023-08-01 15:07:34,449: keras_callback.py: on_epoch_end: Epoch 200/10000 - loss: 0.0411 - accuracy: 0.988 - val_loss: 0.0724 - val_accuracy: 0.9811
DEBUG: 2023-08-01 15:07:36,652: keras_callback.py: on_epoch_end: Epoch 210/10000 - loss: 0.0373 - accuracy: 0.988 - val_loss: 0.0712 - val_accuracy: 0.9798
DEBUG: 2023-08-01 15:07:38,808: keras_callback.py: on_epoch_end: Epoch 220/10000 - loss: 0.0363 - accuracy: 0.9877 - val_loss: 0.0696 - val_accuracy: 0.9811
DEBUG: 2023-08-01 15:07:41,040: keras_callback.py: on_epoch_end: Epoch 230/10000 - loss: 0.0331 - accuracy: 0.988 - val_loss: 0.069 - val_accuracy: 0.9811
DEBUG: 2023-08-01 15:07:43,236: keras_callback.py: on_epoch_end: Epoch 240/10000 - loss: 0.0324 - accuracy: 0.9899 - val_loss: 0.0707 - val_accuracy: 0.9804
DEBUG: 2023-08-01 15:07:45,362: keras_callback.py: on_epoch_end: Epoch 250/10000 - loss: 0.0312 - accuracy: 0.9897 - val_loss: 0.0634 - val_accuracy: 0.9825
DEBUG: 2023-08-01 15:07:47,631: keras_callback.py: on_epoch_end: Epoch 260/10000 - loss: 0.0289 - accuracy: 0.9904 - val_loss: 0.0637 - val_accuracy: 0.9818
DEBUG: 2023-08-01 15:07:49,784: keras_callback.py: on_epoch_end: Epoch 270/10000 - loss: 0.0282 - accuracy: 0.9914 - val_loss: 0.0633 - val_accuracy: 0.9818
DEBUG: 2023-08-01 15:07:51,988: keras_callback.py: on_epoch_end: Epoch 280/10000 - loss: 0.0267 - accuracy: 0.9916 - val_loss: 0.0637 - val_accuracy: 0.9804
DEBUG: 2023-08-01 15:07:54,162: keras_callback.py: on_epoch_end: Epoch 290/10000 - loss: 0.0261 - accuracy: 0.9924 - val_loss: 0.0618 - val_accuracy: 0.9831
DEBUG: 2023-08-01 15:07:56,337: keras_callback.py: on_epoch_end: Epoch 300/10000 - loss: 0.025 - accuracy: 0.9916 - val_loss: 0.0629 - val_accuracy: 0.9825
DEBUG: 2023-08-01 15:07:57,197: attrs.py: __getitem__: Creating converter from 3 to 5
DEBUG: 2023-08-01 15:07:59,521: 2623015374.py: <module>: X_tr.shape=(5925, 128, 6, 1) X_val.shape=(1481, 128, 6, 1) X_test.shape=(2993, 128, 6, 1)
DEBUG: 2023-08-01 15:07:59,522: 2623015374.py: <module>: y_tr.shape=(5925, 6) y_val.shape=(1481, 6) y_test.shape=(2993, 6)
DEBUG: 2023-08-01 15:08:02,993: keras_callback.py: on_epoch_end: Epoch 10/10000 - loss: 0.3121 - accuracy: 0.9057 - val_loss: 0.3899 - val_accuracy: 0.8974
DEBUG: 2023-08-01 15:08:05,405: keras_callback.py: on_epoch_end: Epoch 20/10000 - loss: 0.2084 - accuracy: 0.9298 - val_loss: 0.2732 - val_accuracy: 0.9237
DEBUG: 2023-08-01 15:08:07,775: keras_callback.py: on_epoch_end: Epoch 30/10000 - loss: 0.1633 - accuracy: 0.947 - val_loss: 0.2267 - val_accuracy: 0.9311
DEBUG: 2023-08-01 15:08:10,127: keras_callback.py: on_epoch_end: Epoch 40/10000 - loss: 0.1372 - accuracy: 0.9558 - val_loss: 0.198 - val_accuracy: 0.9433
DEBUG: 2023-08-01 15:08:12,444: keras_callback.py: on_epoch_end: Epoch 50/10000 - loss: 0.1208 - accuracy: 0.9605 - val_loss: 0.1804 - val_accuracy: 0.9419
DEBUG: 2023-08-01 15:08:14,798: keras_callback.py: on_epoch_end: Epoch 60/10000 - loss: 0.1067 - accuracy: 0.9641 - val_loss: 0.1665 - val_accuracy: 0.9419
DEBUG: 2023-08-01 15:08:17,283: keras_callback.py: on_epoch_end: Epoch 70/10000 - loss: 0.0953 - accuracy: 0.9664 - val_loss: 0.1528 - val_accuracy: 0.9473
DEBUG: 2023-08-01 15:08:19,598: keras_callback.py: on_epoch_end: Epoch 80/10000 - loss: 0.0922 - accuracy: 0.9657 - val_loss: 0.1441 - val_accuracy: 0.9494
DEBUG: 2023-08-01 15:08:21,912: keras_callback.py: on_epoch_end: Epoch 90/10000 - loss: 0.0844 - accuracy: 0.9695 - val_loss: 0.1374 - val_accuracy: 0.9507
DEBUG: 2023-08-01 15:08:24,200: keras_callback.py: on_epoch_end: Epoch 100/10000 - loss: 0.0799 - accuracy: 0.9706 - val_loss: 0.1316 - val_accuracy: 0.9494
DEBUG: 2023-08-01 15:08:26,446: keras_callback.py: on_epoch_end: Epoch 110/10000 - loss: 0.0772 - accuracy: 0.972 - val_loss: 0.1267 - val_accuracy: 0.9521
DEBUG: 2023-08-01 15:08:28,755: keras_callback.py: on_epoch_end: Epoch 120/10000 - loss: 0.0703 - accuracy: 0.9732 - val_loss: 0.1236 - val_accuracy: 0.9534
DEBUG: 2023-08-01 15:08:31,003: keras_callback.py: on_epoch_end: Epoch 130/10000 - loss: 0.0657 - accuracy: 0.9752 - val_loss: 0.1226 - val_accuracy: 0.9541
DEBUG: 2023-08-01 15:08:33,228: keras_callback.py: on_epoch_end: Epoch 140/10000 - loss: 0.0646 - accuracy: 0.9749 - val_loss: 0.1209 - val_accuracy: 0.9575
DEBUG: 2023-08-01 15:08:35,508: keras_callback.py: on_epoch_end: Epoch 150/10000 - loss: 0.0605 - accuracy: 0.9794 - val_loss: 0.113 - val_accuracy: 0.9608
DEBUG: 2023-08-01 15:08:37,815: keras_callback.py: on_epoch_end: Epoch 160/10000 - loss: 0.0589 - accuracy: 0.9787 - val_loss: 0.1112 - val_accuracy: 0.9615
DEBUG: 2023-08-01 15:08:40,129: keras_callback.py: on_epoch_end: Epoch 170/10000 - loss: 0.0542 - accuracy: 0.9808 - val_loss: 0.1107 - val_accuracy: 0.9622
DEBUG: 2023-08-01 15:08:42,381: keras_callback.py: on_epoch_end: Epoch 180/10000 - loss: 0.0513 - accuracy: 0.983 - val_loss: 0.1096 - val_accuracy: 0.9642
DEBUG: 2023-08-01 15:08:44,646: keras_callback.py: on_epoch_end: Epoch 190/10000 - loss: 0.0492 - accuracy: 0.9835 - val_loss: 0.108 - val_accuracy: 0.9649
DEBUG: 2023-08-01 15:08:46,892: keras_callback.py: on_epoch_end: Epoch 200/10000 - loss: 0.0462 - accuracy: 0.9857 - val_loss: 0.1024 - val_accuracy: 0.9676
DEBUG: 2023-08-01 15:08:49,309: keras_callback.py: on_epoch_end: Epoch 210/10000 - loss: 0.0452 - accuracy: 0.985 - val_loss: 0.1064 - val_accuracy: 0.9635
DEBUG: 2023-08-01 15:08:51,558: keras_callback.py: on_epoch_end: Epoch 220/10000 - loss: 0.042 - accuracy: 0.9867 - val_loss: 0.1016 - val_accuracy: 0.9676
DEBUG: 2023-08-01 15:08:53,860: keras_callback.py: on_epoch_end: Epoch 230/10000 - loss: 0.0404 - accuracy: 0.9862 - val_loss: 0.0985 - val_accuracy: 0.9689
DEBUG: 2023-08-01 15:08:56,084: keras_callback.py: on_epoch_end: Epoch 240/10000 - loss: 0.0385 - accuracy: 0.9867 - val_loss: 0.1035 - val_accuracy: 0.9662
DEBUG: 2023-08-01 15:08:58,347: keras_callback.py: on_epoch_end: Epoch 250/10000 - loss: 0.0364 - accuracy: 0.9868 - val_loss: 0.106 - val_accuracy: 0.9656
DEBUG: 2023-08-01 15:09:00,530: keras_callback.py: on_epoch_end: Epoch 260/10000 - loss: 0.0363 - accuracy: 0.987 - val_loss: 0.1004 - val_accuracy: 0.9676
DEBUG: 2023-08-01 15:09:02,790: keras_callback.py: on_epoch_end: Epoch 270/10000 - loss: 0.0338 - accuracy: 0.9882 - val_loss: 0.0989 - val_accuracy: 0.9683
DEBUG: 2023-08-01 15:09:05,010: keras_callback.py: on_epoch_end: Epoch 280/10000 - loss: 0.0332 - accuracy: 0.9884 - val_loss: 0.1001 - val_accuracy: 0.9676
DEBUG: 2023-08-01 15:09:07,246: keras_callback.py: on_epoch_end: Epoch 290/10000 - loss: 0.0306 - accuracy: 0.989 - val_loss: 0.0969 - val_accuracy: 0.9689
DEBUG: 2023-08-01 15:09:09,546: keras_callback.py: on_epoch_end: Epoch 300/10000 - loss: 0.0307 - accuracy: 0.988 - val_loss: 0.0912 - val_accuracy: 0.9716
DEBUG: 2023-08-01 15:09:11,768: keras_callback.py: on_epoch_end: Epoch 310/10000 - loss: 0.0295 - accuracy: 0.9892 - val_loss: 0.0924 - val_accuracy: 0.9703
DEBUG: 2023-08-01 15:09:14,063: keras_callback.py: on_epoch_end: Epoch 320/10000 - loss: 0.0298 - accuracy: 0.9897 - val_loss: 0.0943 - val_accuracy: 0.971
DEBUG: 2023-08-01 15:09:16,233: keras_callback.py: on_epoch_end: Epoch 330/10000 - loss: 0.0282 - accuracy: 0.9884 - val_loss: 0.0922 - val_accuracy: 0.9737
DEBUG: 2023-08-01 15:09:20,443: 2623015374.py: <module>: X_tr.shape=(5925, 128, 6, 1) X_val.shape=(1481, 128, 6, 1) X_test.shape=(2993, 128, 6, 1)
DEBUG: 2023-08-01 15:09:20,444: 2623015374.py: <module>: y_tr.shape=(5925, 6) y_val.shape=(1481, 6) y_test.shape=(2993, 6)
DEBUG: 2023-08-01 15:09:23,673: keras_callback.py: on_epoch_end: Epoch 10/10000 - loss: 0.3238 - accuracy: 0.9084 - val_loss: 0.4026 - val_accuracy: 0.8987
DEBUG: 2023-08-01 15:09:26,076: keras_callback.py: on_epoch_end: Epoch 20/10000 - loss: 0.2156 - accuracy: 0.935 - val_loss: 0.2768 - val_accuracy: 0.9251
DEBUG: 2023-08-01 15:09:28,491: keras_callback.py: on_epoch_end: Epoch 30/10000 - loss: 0.1693 - accuracy: 0.9482 - val_loss: 0.2258 - val_accuracy: 0.9345
DEBUG: 2023-08-01 15:09:30,873: keras_callback.py: on_epoch_end: Epoch 40/10000 - loss: 0.1379 - accuracy: 0.9538 - val_loss: 0.1953 - val_accuracy: 0.9433
DEBUG: 2023-08-01 15:09:33,357: keras_callback.py: on_epoch_end: Epoch 50/10000 - loss: 0.1223 - accuracy: 0.9586 - val_loss: 0.1769 - val_accuracy: 0.9433
DEBUG: 2023-08-01 15:09:35,816: keras_callback.py: on_epoch_end: Epoch 60/10000 - loss: 0.1053 - accuracy: 0.9635 - val_loss: 0.1606 - val_accuracy: 0.948
DEBUG: 2023-08-01 15:09:38,222: keras_callback.py: on_epoch_end: Epoch 70/10000 - loss: 0.0951 - accuracy: 0.9656 - val_loss: 0.148 - val_accuracy: 0.9433
DEBUG: 2023-08-01 15:09:40,648: keras_callback.py: on_epoch_end: Epoch 80/10000 - loss: 0.0877 - accuracy: 0.9681 - val_loss: 0.1385 - val_accuracy: 0.9453
DEBUG: 2023-08-01 15:09:43,033: keras_callback.py: on_epoch_end: Epoch 90/10000 - loss: 0.0816 - accuracy: 0.9695 - val_loss: 0.1327 - val_accuracy: 0.9467
DEBUG: 2023-08-01 15:09:45,458: keras_callback.py: on_epoch_end: Epoch 100/10000 - loss: 0.0757 - accuracy: 0.971 - val_loss: 0.1245 - val_accuracy: 0.9527
DEBUG: 2023-08-01 15:09:47,764: keras_callback.py: on_epoch_end: Epoch 110/10000 - loss: 0.07 - accuracy: 0.9728 - val_loss: 0.1196 - val_accuracy: 0.9514
DEBUG: 2023-08-01 15:09:50,306: keras_callback.py: on_epoch_end: Epoch 120/10000 - loss: 0.0681 - accuracy: 0.974 - val_loss: 0.1147 - val_accuracy: 0.9581
DEBUG: 2023-08-01 15:09:52,717: keras_callback.py: on_epoch_end: Epoch 130/10000 - loss: 0.0623 - accuracy: 0.976 - val_loss: 0.1106 - val_accuracy: 0.9588
DEBUG: 2023-08-01 15:09:55,040: keras_callback.py: on_epoch_end: Epoch 140/10000 - loss: 0.0602 - accuracy: 0.9772 - val_loss: 0.1056 - val_accuracy: 0.9608
DEBUG: 2023-08-01 15:09:57,463: keras_callback.py: on_epoch_end: Epoch 150/10000 - loss: 0.0568 - accuracy: 0.9792 - val_loss: 0.1019 - val_accuracy: 0.9676
DEBUG: 2023-08-01 15:09:59,916: keras_callback.py: on_epoch_end: Epoch 160/10000 - loss: 0.0542 - accuracy: 0.9806 - val_loss: 0.0952 - val_accuracy: 0.9656
DEBUG: 2023-08-01 15:10:02,368: keras_callback.py: on_epoch_end: Epoch 170/10000 - loss: 0.0506 - accuracy: 0.9819 - val_loss: 0.0938 - val_accuracy: 0.9683
DEBUG: 2023-08-01 15:10:04,751: keras_callback.py: on_epoch_end: Epoch 180/10000 - loss: 0.0483 - accuracy: 0.9831 - val_loss: 0.0901 - val_accuracy: 0.9703
DEBUG: 2023-08-01 15:10:07,099: keras_callback.py: on_epoch_end: Epoch 190/10000 - loss: 0.0465 - accuracy: 0.9831 - val_loss: 0.0881 - val_accuracy: 0.973
DEBUG: 2023-08-01 15:10:09,439: keras_callback.py: on_epoch_end: Epoch 200/10000 - loss: 0.0441 - accuracy: 0.9857 - val_loss: 0.0851 - val_accuracy: 0.9716
DEBUG: 2023-08-01 15:10:11,812: keras_callback.py: on_epoch_end: Epoch 210/10000 - loss: 0.0411 - accuracy: 0.9853 - val_loss: 0.0845 - val_accuracy: 0.973
DEBUG: 2023-08-01 15:10:14,228: keras_callback.py: on_epoch_end: Epoch 220/10000 - loss: 0.0421 - accuracy: 0.9868 - val_loss: 0.0804 - val_accuracy: 0.973
DEBUG: 2023-08-01 15:10:16,616: keras_callback.py: on_epoch_end: Epoch 230/10000 - loss: 0.0398 - accuracy: 0.9865 - val_loss: 0.0783 - val_accuracy: 0.9743
DEBUG: 2023-08-01 15:10:19,061: keras_callback.py: on_epoch_end: Epoch 240/10000 - loss: 0.0381 - accuracy: 0.9868 - val_loss: 0.0797 - val_accuracy: 0.9737
DEBUG: 2023-08-01 15:10:21,432: keras_callback.py: on_epoch_end: Epoch 250/10000 - loss: 0.0358 - accuracy: 0.9889 - val_loss: 0.0765 - val_accuracy: 0.9743
DEBUG: 2023-08-01 15:10:23,813: keras_callback.py: on_epoch_end: Epoch 260/10000 - loss: 0.0335 - accuracy: 0.9892 - val_loss: 0.0739 - val_accuracy: 0.975
DEBUG: 2023-08-01 15:10:26,109: keras_callback.py: on_epoch_end: Epoch 270/10000 - loss: 0.0331 - accuracy: 0.989 - val_loss: 0.0738 - val_accuracy: 0.977
DEBUG: 2023-08-01 15:10:28,545: keras_callback.py: on_epoch_end: Epoch 280/10000 - loss: 0.0301 - accuracy: 0.9907 - val_loss: 0.0708 - val_accuracy: 0.9764
DEBUG: 2023-08-01 15:10:30,979: keras_callback.py: on_epoch_end: Epoch 290/10000 - loss: 0.0319 - accuracy: 0.9897 - val_loss: 0.069 - val_accuracy: 0.9764
DEBUG: 2023-08-01 15:10:33,310: keras_callback.py: on_epoch_end: Epoch 300/10000 - loss: 0.0285 - accuracy: 0.9919 - val_loss: 0.071 - val_accuracy: 0.977
DEBUG: 2023-08-01 15:10:35,702: keras_callback.py: on_epoch_end: Epoch 310/10000 - loss: 0.0284 - accuracy: 0.9917 - val_loss: 0.0681 - val_accuracy: 0.977
DEBUG: 2023-08-01 15:10:38,013: keras_callback.py: on_epoch_end: Epoch 320/10000 - loss: 0.0269 - accuracy: 0.9916 - val_loss: 0.0682 - val_accuracy: 0.9777
DEBUG: 2023-08-01 15:10:40,341: keras_callback.py: on_epoch_end: Epoch 330/10000 - loss: 0.0258 - accuracy: 0.9904 - val_loss: 0.0662 - val_accuracy: 0.9777
DEBUG: 2023-08-01 15:10:42,787: keras_callback.py: on_epoch_end: Epoch 340/10000 - loss: 0.027 - accuracy: 0.99 - val_loss: 0.0685 - val_accuracy: 0.977
DEBUG: 2023-08-01 15:10:45,142: keras_callback.py: on_epoch_end: Epoch 350/10000 - loss: 0.0246 - accuracy: 0.9912 - val_loss: 0.0672 - val_accuracy: 0.9791
DEBUG: 2023-08-01 15:10:47,476: keras_callback.py: on_epoch_end: Epoch 360/10000 - loss: 0.0225 - accuracy: 0.9924 - val_loss: 0.0637 - val_accuracy: 0.9804
DEBUG: 2023-08-01 15:10:49,953: keras_callback.py: on_epoch_end: Epoch 370/10000 - loss: 0.0244 - accuracy: 0.9926 - val_loss: 0.0679 - val_accuracy: 0.9784
DEBUG: 2023-08-01 15:10:52,351: keras_callback.py: on_epoch_end: Epoch 380/10000 - loss: 0.0217 - accuracy: 0.9941 - val_loss: 0.0683 - val_accuracy: 0.9811
DEBUG: 2023-08-01 15:10:54,727: keras_callback.py: on_epoch_end: Epoch 390/10000 - loss: 0.0225 - accuracy: 0.9914 - val_loss: 0.067 - val_accuracy: 0.9811
DEBUG: 2023-08-01 15:10:57,140: keras_callback.py: on_epoch_end: Epoch 400/10000 - loss: 0.0202 - accuracy: 0.9936 - val_loss: 0.0656 - val_accuracy: 0.9804
DEBUG: 2023-08-01 15:10:59,447: keras_callback.py: on_epoch_end: Epoch 410/10000 - loss: 0.0212 - accuracy: 0.9934 - val_loss: 0.0635 - val_accuracy: 0.9811
DEBUG: 2023-08-01 15:11:01,847: keras_callback.py: on_epoch_end: Epoch 420/10000 - loss: 0.0197 - accuracy: 0.9927 - val_loss: 0.067 - val_accuracy: 0.9811
DEBUG: 2023-08-01 15:11:04,289: keras_callback.py: on_epoch_end: Epoch 430/10000 - loss: 0.0186 - accuracy: 0.9944 - val_loss: 0.0644 - val_accuracy: 0.9818
DEBUG: 2023-08-01 15:11:06,700: keras_callback.py: on_epoch_end: Epoch 440/10000 - loss: 0.0183 - accuracy: 0.9938 - val_loss: 0.0592 - val_accuracy: 0.9818
DEBUG: 2023-08-01 15:11:09,002: keras_callback.py: on_epoch_end: Epoch 450/10000 - loss: 0.0185 - accuracy: 0.9932 - val_loss: 0.0584 - val_accuracy: 0.9845
DEBUG: 2023-08-01 15:11:11,422: keras_callback.py: on_epoch_end: Epoch 460/10000 - loss: 0.0171 - accuracy: 0.9948 - val_loss: 0.0609 - val_accuracy: 0.9831
DEBUG: 2023-08-01 15:11:15,718: 2623015374.py: <module>: X_tr.shape=(5925, 128, 6, 1) X_val.shape=(1481, 128, 6, 1) X_test.shape=(2993, 128, 6, 1)
DEBUG: 2023-08-01 15:11:15,720: 2623015374.py: <module>: y_tr.shape=(5925, 6) y_val.shape=(1481, 6) y_test.shape=(2993, 6)
DEBUG: 2023-08-01 15:11:19,074: keras_callback.py: on_epoch_end: Epoch 10/10000 - loss: 0.3273 - accuracy: 0.9008 - val_loss: 0.3885 - val_accuracy: 0.9061
DEBUG: 2023-08-01 15:11:21,623: keras_callback.py: on_epoch_end: Epoch 20/10000 - loss: 0.2224 - accuracy: 0.9276 - val_loss: 0.2725 - val_accuracy: 0.9223
DEBUG: 2023-08-01 15:11:24,111: keras_callback.py: on_epoch_end: Epoch 30/10000 - loss: 0.1757 - accuracy: 0.9389 - val_loss: 0.2221 - val_accuracy: 0.9386
DEBUG: 2023-08-01 15:11:26,624: keras_callback.py: on_epoch_end: Epoch 40/10000 - loss: 0.147 - accuracy: 0.949 - val_loss: 0.1919 - val_accuracy: 0.9494
DEBUG: 2023-08-01 15:11:29,074: keras_callback.py: on_epoch_end: Epoch 50/10000 - loss: 0.1243 - accuracy: 0.9553 - val_loss: 0.1723 - val_accuracy: 0.9541
DEBUG: 2023-08-01 15:11:31,574: keras_callback.py: on_epoch_end: Epoch 60/10000 - loss: 0.11 - accuracy: 0.9598 - val_loss: 0.1526 - val_accuracy: 0.9554
DEBUG: 2023-08-01 15:11:34,076: keras_callback.py: on_epoch_end: Epoch 70/10000 - loss: 0.0996 - accuracy: 0.9625 - val_loss: 0.1393 - val_accuracy: 0.9561
DEBUG: 2023-08-01 15:11:36,709: keras_callback.py: on_epoch_end: Epoch 80/10000 - loss: 0.0902 - accuracy: 0.9666 - val_loss: 0.1307 - val_accuracy: 0.9595
DEBUG: 2023-08-01 15:11:39,116: keras_callback.py: on_epoch_end: Epoch 90/10000 - loss: 0.0829 - accuracy: 0.9683 - val_loss: 0.1223 - val_accuracy: 0.9595
DEBUG: 2023-08-01 15:11:41,598: keras_callback.py: on_epoch_end: Epoch 100/10000 - loss: 0.0779 - accuracy: 0.97 - val_loss: 0.1151 - val_accuracy: 0.9568
DEBUG: 2023-08-01 15:11:44,188: keras_callback.py: on_epoch_end: Epoch 110/10000 - loss: 0.0725 - accuracy: 0.9723 - val_loss: 0.1081 - val_accuracy: 0.9588
DEBUG: 2023-08-01 15:11:46,594: keras_callback.py: on_epoch_end: Epoch 120/10000 - loss: 0.0669 - accuracy: 0.9757 - val_loss: 0.1032 - val_accuracy: 0.9608
DEBUG: 2023-08-01 15:11:49,047: keras_callback.py: on_epoch_end: Epoch 130/10000 - loss: 0.0624 - accuracy: 0.977 - val_loss: 0.1007 - val_accuracy: 0.9669
DEBUG: 2023-08-01 15:11:51,423: keras_callback.py: on_epoch_end: Epoch 140/10000 - loss: 0.0593 - accuracy: 0.9782 - val_loss: 0.0955 - val_accuracy: 0.9683
DEBUG: 2023-08-01 15:11:53,848: keras_callback.py: on_epoch_end: Epoch 150/10000 - loss: 0.055 - accuracy: 0.9792 - val_loss: 0.0942 - val_accuracy: 0.9676
DEBUG: 2023-08-01 15:11:56,273: keras_callback.py: on_epoch_end: Epoch 160/10000 - loss: 0.0501 - accuracy: 0.9838 - val_loss: 0.0882 - val_accuracy: 0.9696
DEBUG: 2023-08-01 15:11:58,660: keras_callback.py: on_epoch_end: Epoch 170/10000 - loss: 0.0485 - accuracy: 0.984 - val_loss: 0.0852 - val_accuracy: 0.971
DEBUG: 2023-08-01 15:12:01,145: keras_callback.py: on_epoch_end: Epoch 180/10000 - loss: 0.0459 - accuracy: 0.9838 - val_loss: 0.0856 - val_accuracy: 0.9723
DEBUG: 2023-08-01 15:12:03,539: keras_callback.py: on_epoch_end: Epoch 190/10000 - loss: 0.0428 - accuracy: 0.9858 - val_loss: 0.0816 - val_accuracy: 0.973
DEBUG: 2023-08-01 15:12:05,963: keras_callback.py: on_epoch_end: Epoch 200/10000 - loss: 0.04 - accuracy: 0.986 - val_loss: 0.0809 - val_accuracy: 0.973
DEBUG: 2023-08-01 15:12:08,425: keras_callback.py: on_epoch_end: Epoch 210/10000 - loss: 0.0391 - accuracy: 0.9868 - val_loss: 0.0801 - val_accuracy: 0.9737
DEBUG: 2023-08-01 15:12:10,781: keras_callback.py: on_epoch_end: Epoch 220/10000 - loss: 0.0374 - accuracy: 0.9872 - val_loss: 0.078 - val_accuracy: 0.9737
DEBUG: 2023-08-01 15:12:13,323: keras_callback.py: on_epoch_end: Epoch 230/10000 - loss: 0.0354 - accuracy: 0.9875 - val_loss: 0.073 - val_accuracy: 0.9764
DEBUG: 2023-08-01 15:12:15,711: keras_callback.py: on_epoch_end: Epoch 240/10000 - loss: 0.0337 - accuracy: 0.9882 - val_loss: 0.073 - val_accuracy: 0.975
DEBUG: 2023-08-01 15:12:18,066: keras_callback.py: on_epoch_end: Epoch 250/10000 - loss: 0.0322 - accuracy: 0.9884 - val_loss: 0.0718 - val_accuracy: 0.977
DEBUG: 2023-08-01 15:12:20,435: keras_callback.py: on_epoch_end: Epoch 260/10000 - loss: 0.03 - accuracy: 0.9892 - val_loss: 0.0693 - val_accuracy: 0.9757
DEBUG: 2023-08-01 15:12:22,816: keras_callback.py: on_epoch_end: Epoch 270/10000 - loss: 0.0295 - accuracy: 0.9895 - val_loss: 0.073 - val_accuracy: 0.9777
DEBUG: 2023-08-01 15:12:25,159: keras_callback.py: on_epoch_end: Epoch 280/10000 - loss: 0.0285 - accuracy: 0.9897 - val_loss: 0.0682 - val_accuracy: 0.9797
DEBUG: 2023-08-01 15:12:27,589: keras_callback.py: on_epoch_end: Epoch 290/10000 - loss: 0.0283 - accuracy: 0.9904 - val_loss: 0.0691 - val_accuracy: 0.9797
DEBUG: 2023-08-01 15:12:29,993: keras_callback.py: on_epoch_end: Epoch 300/10000 - loss: 0.0254 - accuracy: 0.9921 - val_loss: 0.067 - val_accuracy: 0.9764
DEBUG: 2023-08-01 15:12:32,392: keras_callback.py: on_epoch_end: Epoch 310/10000 - loss: 0.025 - accuracy: 0.9922 - val_loss: 0.0635 - val_accuracy: 0.977
DEBUG: 2023-08-01 15:12:34,817: keras_callback.py: on_epoch_end: Epoch 320/10000 - loss: 0.0239 - accuracy: 0.9916 - val_loss: 0.0673 - val_accuracy: 0.9791
DEBUG: 2023-08-01 15:12:37,263: keras_callback.py: on_epoch_end: Epoch 330/10000 - loss: 0.021 - accuracy: 0.9939 - val_loss: 0.0673 - val_accuracy: 0.977
DEBUG: 2023-08-01 15:12:39,680: keras_callback.py: on_epoch_end: Epoch 340/10000 - loss: 0.0237 - accuracy: 0.9919 - val_loss: 0.0659 - val_accuracy: 0.9784
DEBUG: 2023-08-01 15:12:41,689: keras_callback.py: on_epoch_end: Epoch 350/10000 - loss: 0.0209 - accuracy: 0.9929 - val_loss: 0.0641 - val_accuracy: 0.9784
DEBUG: 2023-08-01 15:12:43,661: keras_callback.py: on_epoch_end: Epoch 360/10000 - loss: 0.0207 - accuracy: 0.9941 - val_loss: 0.0667 - val_accuracy: 0.9764
DEBUG: 2023-08-01 15:12:45,629: keras_callback.py: on_epoch_end: Epoch 370/10000 - loss: 0.0188 - accuracy: 0.9939 - val_loss: 0.0632 - val_accuracy: 0.9784
DEBUG: 2023-08-01 15:12:47,590: keras_callback.py: on_epoch_end: Epoch 380/10000 - loss: 0.0192 - accuracy: 0.9936 - val_loss: 0.062 - val_accuracy: 0.9784
DEBUG: 2023-08-01 15:12:49,884: 2623015374.py: <module>: X_tr.shape=(5925, 128, 6, 1) X_val.shape=(1481, 128, 6, 1) X_test.shape=(2993, 128, 6, 1)
DEBUG: 2023-08-01 15:12:49,884: 2623015374.py: <module>: y_tr.shape=(5925, 6) y_val.shape=(1481, 6) y_test.shape=(2993, 6)
DEBUG: 2023-08-01 15:12:52,646: keras_callback.py: on_epoch_end: Epoch 10/10000 - loss: 0.3566 - accuracy: 0.8922 - val_loss: 0.4192 - val_accuracy: 0.9007
DEBUG: 2023-08-01 15:12:54,762: keras_callback.py: on_epoch_end: Epoch 20/10000 - loss: 0.229 - accuracy: 0.9249 - val_loss: 0.2817 - val_accuracy: 0.9359
DEBUG: 2023-08-01 15:12:56,855: keras_callback.py: on_epoch_end: Epoch 30/10000 - loss: 0.1693 - accuracy: 0.9426 - val_loss: 0.223 - val_accuracy: 0.9406
DEBUG: 2023-08-01 15:12:59,041: keras_callback.py: on_epoch_end: Epoch 40/10000 - loss: 0.1422 - accuracy: 0.9494 - val_loss: 0.1914 - val_accuracy: 0.9453
DEBUG: 2023-08-01 15:13:01,152: keras_callback.py: on_epoch_end: Epoch 50/10000 - loss: 0.122 - accuracy: 0.9571 - val_loss: 0.1685 - val_accuracy: 0.95
DEBUG: 2023-08-01 15:13:03,240: keras_callback.py: on_epoch_end: Epoch 60/10000 - loss: 0.1076 - accuracy: 0.9622 - val_loss: 0.1544 - val_accuracy: 0.9548
DEBUG: 2023-08-01 15:13:05,371: keras_callback.py: on_epoch_end: Epoch 70/10000 - loss: 0.0992 - accuracy: 0.9642 - val_loss: 0.1409 - val_accuracy: 0.9588
DEBUG: 2023-08-01 15:13:07,476: keras_callback.py: on_epoch_end: Epoch 80/10000 - loss: 0.0909 - accuracy: 0.9634 - val_loss: 0.1315 - val_accuracy: 0.9615
DEBUG: 2023-08-01 15:13:09,523: keras_callback.py: on_epoch_end: Epoch 90/10000 - loss: 0.0863 - accuracy: 0.9652 - val_loss: 0.1231 - val_accuracy: 0.9635
DEBUG: 2023-08-01 15:13:11,508: keras_callback.py: on_epoch_end: Epoch 100/10000 - loss: 0.0798 - accuracy: 0.9676 - val_loss: 0.117 - val_accuracy: 0.9622
DEBUG: 2023-08-01 15:13:13,538: keras_callback.py: on_epoch_end: Epoch 110/10000 - loss: 0.0758 - accuracy: 0.9691 - val_loss: 0.1108 - val_accuracy: 0.9635
DEBUG: 2023-08-01 15:13:15,559: keras_callback.py: on_epoch_end: Epoch 120/10000 - loss: 0.0706 - accuracy: 0.9705 - val_loss: 0.1063 - val_accuracy: 0.9622
DEBUG: 2023-08-01 15:13:17,537: keras_callback.py: on_epoch_end: Epoch 130/10000 - loss: 0.0674 - accuracy: 0.9703 - val_loss: 0.1007 - val_accuracy: 0.9629
DEBUG: 2023-08-01 15:13:19,594: keras_callback.py: on_epoch_end: Epoch 140/10000 - loss: 0.0638 - accuracy: 0.9745 - val_loss: 0.0978 - val_accuracy: 0.9649
DEBUG: 2023-08-01 15:13:21,542: keras_callback.py: on_epoch_end: Epoch 150/10000 - loss: 0.0608 - accuracy: 0.9747 - val_loss: 0.098 - val_accuracy: 0.9635
DEBUG: 2023-08-01 15:13:23,538: keras_callback.py: on_epoch_end: Epoch 160/10000 - loss: 0.0568 - accuracy: 0.975 - val_loss: 0.0889 - val_accuracy: 0.9669
DEBUG: 2023-08-01 15:13:25,569: keras_callback.py: on_epoch_end: Epoch 170/10000 - loss: 0.0545 - accuracy: 0.9767 - val_loss: 0.0864 - val_accuracy: 0.9669
DEBUG: 2023-08-01 15:13:27,577: keras_callback.py: on_epoch_end: Epoch 180/10000 - loss: 0.0518 - accuracy: 0.9772 - val_loss: 0.0824 - val_accuracy: 0.9696
DEBUG: 2023-08-01 15:13:29,560: keras_callback.py: on_epoch_end: Epoch 190/10000 - loss: 0.0489 - accuracy: 0.9804 - val_loss: 0.0793 - val_accuracy: 0.971
DEBUG: 2023-08-01 15:13:31,559: keras_callback.py: on_epoch_end: Epoch 200/10000 - loss: 0.0472 - accuracy: 0.9809 - val_loss: 0.0781 - val_accuracy: 0.9737
DEBUG: 2023-08-01 15:13:33,528: keras_callback.py: on_epoch_end: Epoch 210/10000 - loss: 0.0444 - accuracy: 0.9835 - val_loss: 0.0756 - val_accuracy: 0.9716
DEBUG: 2023-08-01 15:13:35,551: keras_callback.py: on_epoch_end: Epoch 220/10000 - loss: 0.0422 - accuracy: 0.9824 - val_loss: 0.0768 - val_accuracy: 0.9737
DEBUG: 2023-08-01 15:13:37,563: keras_callback.py: on_epoch_end: Epoch 230/10000 - loss: 0.04 - accuracy: 0.9833 - val_loss: 0.0726 - val_accuracy: 0.9743
DEBUG: 2023-08-01 15:13:39,566: keras_callback.py: on_epoch_end: Epoch 240/10000 - loss: 0.0408 - accuracy: 0.9838 - val_loss: 0.0729 - val_accuracy: 0.9716
DEBUG: 2023-08-01 15:13:41,622: keras_callback.py: on_epoch_end: Epoch 250/10000 - loss: 0.0379 - accuracy: 0.9845 - val_loss: 0.0708 - val_accuracy: 0.9723
DEBUG: 2023-08-01 15:13:43,595: keras_callback.py: on_epoch_end: Epoch 260/10000 - loss: 0.0357 - accuracy: 0.9848 - val_loss: 0.0695 - val_accuracy: 0.9743
DEBUG: 2023-08-01 15:13:45,530: keras_callback.py: on_epoch_end: Epoch 270/10000 - loss: 0.0337 - accuracy: 0.9863 - val_loss: 0.0674 - val_accuracy: 0.9757
DEBUG: 2023-08-01 15:13:47,480: keras_callback.py: on_epoch_end: Epoch 280/10000 - loss: 0.0326 - accuracy: 0.9865 - val_loss: 0.0654 - val_accuracy: 0.9743
DEBUG: 2023-08-01 15:13:49,550: keras_callback.py: on_epoch_end: Epoch 290/10000 - loss: 0.0318 - accuracy: 0.9875 - val_loss: 0.0641 - val_accuracy: 0.975
DEBUG: 2023-08-01 15:13:51,546: keras_callback.py: on_epoch_end: Epoch 300/10000 - loss: 0.0293 - accuracy: 0.9884 - val_loss: 0.0648 - val_accuracy: 0.9743
DEBUG: 2023-08-01 15:13:53,537: keras_callback.py: on_epoch_end: Epoch 310/10000 - loss: 0.0265 - accuracy: 0.9895 - val_loss: 0.064 - val_accuracy: 0.9757
DEBUG: 2023-08-01 15:13:55,510: keras_callback.py: on_epoch_end: Epoch 320/10000 - loss: 0.0259 - accuracy: 0.9899 - val_loss: 0.0633 - val_accuracy: 0.9743
DEBUG: 2023-08-01 15:13:57,520: keras_callback.py: on_epoch_end: Epoch 330/10000 - loss: 0.0256 - accuracy: 0.9887 - val_loss: 0.0605 - val_accuracy: 0.9784
DEBUG: 2023-08-01 15:13:59,504: keras_callback.py: on_epoch_end: Epoch 340/10000 - loss: 0.0247 - accuracy: 0.99 - val_loss: 0.0608 - val_accuracy: 0.977
DEBUG: 2023-08-01 15:14:01,466: keras_callback.py: on_epoch_end: Epoch 350/10000 - loss: 0.0229 - accuracy: 0.9909 - val_loss: 0.0601 - val_accuracy: 0.9791
DEBUG: 2023-08-01 15:14:03,495: keras_callback.py: on_epoch_end: Epoch 360/10000 - loss: 0.0237 - accuracy: 0.9894 - val_loss: 0.0572 - val_accuracy: 0.9777
DEBUG: 2023-08-01 15:14:05,501: keras_callback.py: on_epoch_end: Epoch 370/10000 - loss: 0.0223 - accuracy: 0.9909 - val_loss: 0.057 - val_accuracy: 0.9818
DEBUG: 2023-08-01 15:14:07,457: keras_callback.py: on_epoch_end: Epoch 380/10000 - loss: 0.0216 - accuracy: 0.9916 - val_loss: 0.0572 - val_accuracy: 0.9804
DEBUG: 2023-08-01 15:14:09,498: keras_callback.py: on_epoch_end: Epoch 390/10000 - loss: 0.021 - accuracy: 0.9922 - val_loss: 0.0555 - val_accuracy: 0.9777
DEBUG: 2023-08-01 15:14:11,544: keras_callback.py: on_epoch_end: Epoch 400/10000 - loss: 0.0182 - accuracy: 0.9934 - val_loss: 0.0546 - val_accuracy: 0.9784
DEBUG: 2023-08-01 15:14:13,545: keras_callback.py: on_epoch_end: Epoch 410/10000 - loss: 0.0189 - accuracy: 0.9929 - val_loss: 0.0548 - val_accuracy: 0.9784
DEBUG: 2023-08-01 15:14:15,470: keras_callback.py: on_epoch_end: Epoch 420/10000 - loss: 0.0184 - accuracy: 0.9924 - val_loss: 0.0538 - val_accuracy: 0.9804
DEBUG: 2023-08-01 15:14:17,478: keras_callback.py: on_epoch_end: Epoch 430/10000 - loss: 0.0183 - accuracy: 0.9936 - val_loss: 0.0546 - val_accuracy: 0.9818
DEBUG: 2023-08-01 15:14:19,471: keras_callback.py: on_epoch_end: Epoch 440/10000 - loss: 0.0176 - accuracy: 0.9927 - val_loss: 0.0532 - val_accuracy: 0.9824
DEBUG: 2023-08-01 15:14:21,464: keras_callback.py: on_epoch_end: Epoch 450/10000 - loss: 0.0168 - accuracy: 0.9939 - val_loss: 0.0522 - val_accuracy: 0.9831
DEBUG: 2023-08-01 15:14:23,401: keras_callback.py: on_epoch_end: Epoch 460/10000 - loss: 0.0161 - accuracy: 0.9939 - val_loss: 0.0538 - val_accuracy: 0.9831
DEBUG: 2023-08-01 15:14:25,416: keras_callback.py: on_epoch_end: Epoch 470/10000 - loss: 0.0152 - accuracy: 0.9938 - val_loss: 0.0521 - val_accuracy: 0.9818
DEBUG: 2023-08-01 15:14:27,431: keras_callback.py: on_epoch_end: Epoch 480/10000 - loss: 0.0152 - accuracy: 0.9948 - val_loss: 0.0508 - val_accuracy: 0.9851
DEBUG: 2023-08-01 15:14:29,389: keras_callback.py: on_epoch_end: Epoch 490/10000 - loss: 0.0141 - accuracy: 0.9946 - val_loss: 0.0517 - val_accuracy: 0.9851
DEBUG: 2023-08-01 15:14:31,408: keras_callback.py: on_epoch_end: Epoch 500/10000 - loss: 0.0144 - accuracy: 0.9938 - val_loss: 0.0494 - val_accuracy: 0.9831
DEBUG: 2023-08-01 15:14:33,354: keras_callback.py: on_epoch_end: Epoch 510/10000 - loss: 0.0134 - accuracy: 0.9959 - val_loss: 0.0499 - val_accuracy: 0.9851
DEBUG: 2023-08-01 15:14:35,345: keras_callback.py: on_epoch_end: Epoch 520/10000 - loss: 0.0139 - accuracy: 0.9948 - val_loss: 0.0504 - val_accuracy: 0.9851
DEBUG: 2023-08-01 15:14:37,360: keras_callback.py: on_epoch_end: Epoch 530/10000 - loss: 0.0142 - accuracy: 0.9951 - val_loss: 0.0517 - val_accuracy: 0.9858
DEBUG: 2023-08-01 15:14:39,313: keras_callback.py: on_epoch_end: Epoch 540/10000 - loss: 0.0125 - accuracy: 0.9954 - val_loss: 0.0496 - val_accuracy: 0.9851
