DEBUG: 2023-07-21 12:03:50,812: 1850194186.py: <module>: /home/tahoora/Projects/college_project/Human_Activity_Recognition/notebooks/logs/cnn-20230721-120350/cnn-20230721-120350.log
DEBUG: 2023-07-21 12:04:02,598: 3824505625.py: <module>: X_train.shape=(7406, 128, 6, 1) X_test.shape=(2993, 128, 6, 1)
DEBUG: 2023-07-21 12:04:02,599: 3824505625.py: <module>: y_train.shape=(7406, 1) y_test.shape=(2993, 1)
DEBUG: 2023-07-21 12:04:02,604: utils.py: check_class_balance: train labels
DEBUG: 2023-07-21 12:04:02,604: utils.py: check_class_balance: LAYING (0): 1412 samples (19.07 %)
DEBUG: 2023-07-21 12:04:02,606: utils.py: check_class_balance: WALKING (1): 1224 samples (16.53 %)
DEBUG: 2023-07-21 12:04:02,607: utils.py: check_class_balance: WALKING_UPSTAIRS (2): 1072 samples (14.47 %)
DEBUG: 2023-07-21 12:04:02,608: utils.py: check_class_balance: WALKING_DOWNSTAIRS (3): 987 samples (13.33 %)
DEBUG: 2023-07-21 12:04:02,609: utils.py: check_class_balance: SITTING (4): 1290 samples (17.42 %)
DEBUG: 2023-07-21 12:04:02,610: utils.py: check_class_balance: STANDING (5): 1421 samples (19.19 %)
DEBUG: 2023-07-21 12:04:02,610: utils.py: check_class_balance: test labels
DEBUG: 2023-07-21 12:04:02,611: utils.py: check_class_balance: LAYING (0): 545 samples (18.21 %)
DEBUG: 2023-07-21 12:04:02,612: utils.py: check_class_balance: WALKING (1): 496 samples (16.57 %)
DEBUG: 2023-07-21 12:04:02,613: utils.py: check_class_balance: WALKING_UPSTAIRS (2): 470 samples (15.7 %)
DEBUG: 2023-07-21 12:04:02,614: utils.py: check_class_balance: WALKING_DOWNSTAIRS (3): 419 samples (14.0 %)
DEBUG: 2023-07-21 12:04:02,614: utils.py: check_class_balance: SITTING (4): 507 samples (16.94 %)
DEBUG: 2023-07-21 12:04:02,615: utils.py: check_class_balance: STANDING (5): 556 samples (18.58 %)
DEBUG: 2023-07-21 12:04:02,664: 1475759388.py: <module>: cnn_params={'batch_size': 128, 'epochs': 10000, 'lr': 0.0001, 'verbose': 1}
DEBUG: 2023-07-21 12:04:02,692: 610909452.py: <module>: X_tr.shape=(5924, 128, 6, 1) X_val.shape=(1482, 128, 6, 1) X_test.shape=(2993, 128, 6, 1)
DEBUG: 2023-07-21 12:04:02,692: 610909452.py: <module>: y_tr.shape=(5924, 6) y_val.shape=(1482, 6) y_test.shape=(2993, 6)
DEBUG: 2023-07-21 12:04:06,240: attrs.py: create: Creating converter from 5 to 3
DEBUG: 2023-07-21 12:04:08,747: keras_callback.py: on_epoch_end: Epoch 10/10000 - loss: 0.2182 - accuracy: 0.9294 - val_loss: 0.2672 - val_accuracy: 0.9291
DEBUG: 2023-07-21 12:04:11,610: keras_callback.py: on_epoch_end: Epoch 20/10000 - loss: 0.1387 - accuracy: 0.9524 - val_loss: 0.1843 - val_accuracy: 0.9501
DEBUG: 2023-07-21 12:04:14,452: keras_callback.py: on_epoch_end: Epoch 30/10000 - loss: 0.1046 - accuracy: 0.9597 - val_loss: 0.1487 - val_accuracy: 0.9595
DEBUG: 2023-07-21 12:04:17,156: keras_callback.py: on_epoch_end: Epoch 40/10000 - loss: 0.0882 - accuracy: 0.9647 - val_loss: 0.126 - val_accuracy: 0.9636
DEBUG: 2023-07-21 12:04:20,026: keras_callback.py: on_epoch_end: Epoch 50/10000 - loss: 0.0768 - accuracy: 0.9703 - val_loss: 0.1106 - val_accuracy: 0.9636
DEBUG: 2023-07-21 12:04:22,843: keras_callback.py: on_epoch_end: Epoch 60/10000 - loss: 0.0666 - accuracy: 0.9743 - val_loss: 0.0999 - val_accuracy: 0.969
DEBUG: 2023-07-21 12:04:25,482: keras_callback.py: on_epoch_end: Epoch 70/10000 - loss: 0.0596 - accuracy: 0.9777 - val_loss: 0.093 - val_accuracy: 0.975
DEBUG: 2023-07-21 12:04:28,057: keras_callback.py: on_epoch_end: Epoch 80/10000 - loss: 0.0527 - accuracy: 0.9808 - val_loss: 0.088 - val_accuracy: 0.9737
DEBUG: 2023-07-21 12:04:30,744: keras_callback.py: on_epoch_end: Epoch 90/10000 - loss: 0.0467 - accuracy: 0.9823 - val_loss: 0.083 - val_accuracy: 0.9771
DEBUG: 2023-07-21 12:04:33,524: keras_callback.py: on_epoch_end: Epoch 100/10000 - loss: 0.0422 - accuracy: 0.987 - val_loss: 0.079 - val_accuracy: 0.9777
DEBUG: 2023-07-21 12:04:36,184: keras_callback.py: on_epoch_end: Epoch 110/10000 - loss: 0.0383 - accuracy: 0.9882 - val_loss: 0.0773 - val_accuracy: 0.9764
DEBUG: 2023-07-21 12:04:38,866: keras_callback.py: on_epoch_end: Epoch 120/10000 - loss: 0.0341 - accuracy: 0.9899 - val_loss: 0.0709 - val_accuracy: 0.9791
DEBUG: 2023-07-21 12:04:41,687: keras_callback.py: on_epoch_end: Epoch 130/10000 - loss: 0.0285 - accuracy: 0.9922 - val_loss: 0.0686 - val_accuracy: 0.9798
DEBUG: 2023-07-21 12:04:45,094: keras_callback.py: on_epoch_end: Epoch 140/10000 - loss: 0.0257 - accuracy: 0.9929 - val_loss: 0.065 - val_accuracy: 0.9811
DEBUG: 2023-07-21 12:04:48,807: keras_callback.py: on_epoch_end: Epoch 150/10000 - loss: 0.0229 - accuracy: 0.9936 - val_loss: 0.0631 - val_accuracy: 0.9818
DEBUG: 2023-07-21 12:04:52,104: keras_callback.py: on_epoch_end: Epoch 160/10000 - loss: 0.0195 - accuracy: 0.9968 - val_loss: 0.0635 - val_accuracy: 0.9811
DEBUG: 2023-07-21 12:04:55,248: keras_callback.py: on_epoch_end: Epoch 170/10000 - loss: 0.0194 - accuracy: 0.9948 - val_loss: 0.0587 - val_accuracy: 0.9838
DEBUG: 2023-07-21 12:04:58,021: keras_callback.py: on_epoch_end: Epoch 180/10000 - loss: 0.0179 - accuracy: 0.9948 - val_loss: 0.0627 - val_accuracy: 0.9798
DEBUG: 2023-07-21 12:05:00,728: keras_callback.py: on_epoch_end: Epoch 190/10000 - loss: 0.0145 - accuracy: 0.9968 - val_loss: 0.0568 - val_accuracy: 0.9838
DEBUG: 2023-07-21 12:05:03,375: keras_callback.py: on_epoch_end: Epoch 200/10000 - loss: 0.013 - accuracy: 0.9966 - val_loss: 0.0593 - val_accuracy: 0.9852
DEBUG: 2023-07-21 12:05:06,242: keras_callback.py: on_epoch_end: Epoch 210/10000 - loss: 0.0123 - accuracy: 0.9978 - val_loss: 0.0603 - val_accuracy: 0.9852
DEBUG: 2023-07-21 12:05:08,902: keras_callback.py: on_epoch_end: Epoch 220/10000 - loss: 0.0091 - accuracy: 0.9981 - val_loss: 0.0564 - val_accuracy: 0.9858
DEBUG: 2023-07-21 12:05:11,880: keras_callback.py: on_epoch_end: Epoch 230/10000 - loss: 0.0088 - accuracy: 0.999 - val_loss: 0.0577 - val_accuracy: 0.9831
DEBUG: 2023-07-21 12:05:14,318: keras_callback.py: on_epoch_end: Epoch 240/10000 - loss: 0.0073 - accuracy: 0.9993 - val_loss: 0.0567 - val_accuracy: 0.9858
DEBUG: 2023-07-21 12:05:16,870: keras_callback.py: on_epoch_end: Epoch 250/10000 - loss: 0.008 - accuracy: 0.9983 - val_loss: 0.0614 - val_accuracy: 0.9825
DEBUG: 2023-07-21 12:05:19,012: attrs.py: __getitem__: Creating converter from 3 to 5
DEBUG: 2023-07-21 12:05:20,430: 610909452.py: <module>: X_tr.shape=(5925, 128, 6, 1) X_val.shape=(1481, 128, 6, 1) X_test.shape=(2993, 128, 6, 1)
DEBUG: 2023-07-21 12:05:20,431: 610909452.py: <module>: y_tr.shape=(5925, 6) y_val.shape=(1481, 6) y_test.shape=(2993, 6)
DEBUG: 2023-07-21 12:05:24,007: keras_callback.py: on_epoch_end: Epoch 10/10000 - loss: 0.2129 - accuracy: 0.9306 - val_loss: 0.2773 - val_accuracy: 0.919
DEBUG: 2023-07-21 12:05:26,529: keras_callback.py: on_epoch_end: Epoch 20/10000 - loss: 0.1357 - accuracy: 0.9575 - val_loss: 0.1963 - val_accuracy: 0.9426
DEBUG: 2023-07-21 12:05:29,476: keras_callback.py: on_epoch_end: Epoch 30/10000 - loss: 0.1028 - accuracy: 0.9647 - val_loss: 0.1628 - val_accuracy: 0.9467
DEBUG: 2023-07-21 12:05:32,162: keras_callback.py: on_epoch_end: Epoch 40/10000 - loss: 0.0871 - accuracy: 0.9678 - val_loss: 0.1414 - val_accuracy: 0.9548
DEBUG: 2023-07-21 12:05:34,733: keras_callback.py: on_epoch_end: Epoch 50/10000 - loss: 0.0776 - accuracy: 0.97 - val_loss: 0.1282 - val_accuracy: 0.9521
DEBUG: 2023-07-21 12:05:37,437: keras_callback.py: on_epoch_end: Epoch 60/10000 - loss: 0.0672 - accuracy: 0.9752 - val_loss: 0.1195 - val_accuracy: 0.9595
DEBUG: 2023-07-21 12:05:40,019: keras_callback.py: on_epoch_end: Epoch 70/10000 - loss: 0.0572 - accuracy: 0.9806 - val_loss: 0.1143 - val_accuracy: 0.9649
DEBUG: 2023-07-21 12:05:42,584: keras_callback.py: on_epoch_end: Epoch 80/10000 - loss: 0.0503 - accuracy: 0.9831 - val_loss: 0.1073 - val_accuracy: 0.9669
DEBUG: 2023-07-21 12:05:45,429: keras_callback.py: on_epoch_end: Epoch 90/10000 - loss: 0.0462 - accuracy: 0.9821 - val_loss: 0.1004 - val_accuracy: 0.9669
DEBUG: 2023-07-21 12:05:48,113: keras_callback.py: on_epoch_end: Epoch 100/10000 - loss: 0.0412 - accuracy: 0.9862 - val_loss: 0.0968 - val_accuracy: 0.9676
DEBUG: 2023-07-21 12:05:50,800: keras_callback.py: on_epoch_end: Epoch 110/10000 - loss: 0.0353 - accuracy: 0.9882 - val_loss: 0.0949 - val_accuracy: 0.9662
DEBUG: 2023-07-21 12:05:53,420: keras_callback.py: on_epoch_end: Epoch 120/10000 - loss: 0.0332 - accuracy: 0.9887 - val_loss: 0.0927 - val_accuracy: 0.9696
DEBUG: 2023-07-21 12:05:56,101: keras_callback.py: on_epoch_end: Epoch 130/10000 - loss: 0.0275 - accuracy: 0.9917 - val_loss: 0.0866 - val_accuracy: 0.9716
DEBUG: 2023-07-21 12:05:58,769: keras_callback.py: on_epoch_end: Epoch 140/10000 - loss: 0.0244 - accuracy: 0.9912 - val_loss: 0.082 - val_accuracy: 0.9737
DEBUG: 2023-07-21 12:06:01,449: keras_callback.py: on_epoch_end: Epoch 150/10000 - loss: 0.023 - accuracy: 0.9929 - val_loss: 0.083 - val_accuracy: 0.9743
DEBUG: 2023-07-21 12:06:04,321: keras_callback.py: on_epoch_end: Epoch 160/10000 - loss: 0.0195 - accuracy: 0.9938 - val_loss: 0.0812 - val_accuracy: 0.975
DEBUG: 2023-07-21 12:06:07,444: keras_callback.py: on_epoch_end: Epoch 170/10000 - loss: 0.0165 - accuracy: 0.9949 - val_loss: 0.0744 - val_accuracy: 0.977
DEBUG: 2023-07-21 12:06:10,541: keras_callback.py: on_epoch_end: Epoch 180/10000 - loss: 0.0152 - accuracy: 0.9958 - val_loss: 0.0708 - val_accuracy: 0.9804
DEBUG: 2023-07-21 12:06:13,430: keras_callback.py: on_epoch_end: Epoch 190/10000 - loss: 0.0143 - accuracy: 0.9956 - val_loss: 0.0709 - val_accuracy: 0.9797
DEBUG: 2023-07-21 12:06:16,309: keras_callback.py: on_epoch_end: Epoch 200/10000 - loss: 0.0128 - accuracy: 0.9958 - val_loss: 0.072 - val_accuracy: 0.977
DEBUG: 2023-07-21 12:06:19,221: keras_callback.py: on_epoch_end: Epoch 210/10000 - loss: 0.0111 - accuracy: 0.9976 - val_loss: 0.0703 - val_accuracy: 0.9784
DEBUG: 2023-07-21 12:06:22,222: keras_callback.py: on_epoch_end: Epoch 220/10000 - loss: 0.0105 - accuracy: 0.9976 - val_loss: 0.0689 - val_accuracy: 0.9818
DEBUG: 2023-07-21 12:06:25,155: keras_callback.py: on_epoch_end: Epoch 230/10000 - loss: 0.0082 - accuracy: 0.9988 - val_loss: 0.072 - val_accuracy: 0.9818
DEBUG: 2023-07-21 12:06:27,493: 610909452.py: <module>: X_tr.shape=(5925, 128, 6, 1) X_val.shape=(1481, 128, 6, 1) X_test.shape=(2993, 128, 6, 1)
DEBUG: 2023-07-21 12:06:27,493: 610909452.py: <module>: y_tr.shape=(5925, 6) y_val.shape=(1481, 6) y_test.shape=(2993, 6)
DEBUG: 2023-07-21 12:06:31,372: keras_callback.py: on_epoch_end: Epoch 10/10000 - loss: 0.2326 - accuracy: 0.9291 - val_loss: 0.2929 - val_accuracy: 0.9156
DEBUG: 2023-07-21 12:06:34,659: keras_callback.py: on_epoch_end: Epoch 20/10000 - loss: 0.1422 - accuracy: 0.9526 - val_loss: 0.1992 - val_accuracy: 0.9453
DEBUG: 2023-07-21 12:06:37,813: keras_callback.py: on_epoch_end: Epoch 30/10000 - loss: 0.1064 - accuracy: 0.9622 - val_loss: 0.1601 - val_accuracy: 0.9514
DEBUG: 2023-07-21 12:06:41,105: keras_callback.py: on_epoch_end: Epoch 40/10000 - loss: 0.0865 - accuracy: 0.9668 - val_loss: 0.1348 - val_accuracy: 0.9534
DEBUG: 2023-07-21 12:06:44,295: keras_callback.py: on_epoch_end: Epoch 50/10000 - loss: 0.0759 - accuracy: 0.9686 - val_loss: 0.1214 - val_accuracy: 0.9622
DEBUG: 2023-07-21 12:06:47,438: keras_callback.py: on_epoch_end: Epoch 60/10000 - loss: 0.0673 - accuracy: 0.9735 - val_loss: 0.1097 - val_accuracy: 0.9649
DEBUG: 2023-07-21 12:06:50,471: keras_callback.py: on_epoch_end: Epoch 70/10000 - loss: 0.0611 - accuracy: 0.9767 - val_loss: 0.1008 - val_accuracy: 0.9696
DEBUG: 2023-07-21 12:06:53,597: keras_callback.py: on_epoch_end: Epoch 80/10000 - loss: 0.0541 - accuracy: 0.9828 - val_loss: 0.0921 - val_accuracy: 0.9777
DEBUG: 2023-07-21 12:06:56,789: keras_callback.py: on_epoch_end: Epoch 90/10000 - loss: 0.0498 - accuracy: 0.983 - val_loss: 0.0873 - val_accuracy: 0.977
DEBUG: 2023-07-21 12:06:59,914: keras_callback.py: on_epoch_end: Epoch 100/10000 - loss: 0.0446 - accuracy: 0.9855 - val_loss: 0.0826 - val_accuracy: 0.9791
DEBUG: 2023-07-21 12:07:03,156: keras_callback.py: on_epoch_end: Epoch 110/10000 - loss: 0.0403 - accuracy: 0.987 - val_loss: 0.0777 - val_accuracy: 0.977
DEBUG: 2023-07-21 12:07:06,341: keras_callback.py: on_epoch_end: Epoch 120/10000 - loss: 0.0375 - accuracy: 0.9872 - val_loss: 0.074 - val_accuracy: 0.9784
DEBUG: 2023-07-21 12:07:09,321: keras_callback.py: on_epoch_end: Epoch 130/10000 - loss: 0.0332 - accuracy: 0.988 - val_loss: 0.0723 - val_accuracy: 0.9784
DEBUG: 2023-07-21 12:07:12,391: keras_callback.py: on_epoch_end: Epoch 140/10000 - loss: 0.032 - accuracy: 0.9892 - val_loss: 0.0706 - val_accuracy: 0.9784
DEBUG: 2023-07-21 12:07:15,460: keras_callback.py: on_epoch_end: Epoch 150/10000 - loss: 0.0271 - accuracy: 0.9917 - val_loss: 0.0667 - val_accuracy: 0.9791
DEBUG: 2023-07-21 12:07:18,569: keras_callback.py: on_epoch_end: Epoch 160/10000 - loss: 0.0247 - accuracy: 0.9919 - val_loss: 0.0625 - val_accuracy: 0.9811
DEBUG: 2023-07-21 12:07:21,482: keras_callback.py: on_epoch_end: Epoch 170/10000 - loss: 0.0222 - accuracy: 0.9922 - val_loss: 0.062 - val_accuracy: 0.9804
DEBUG: 2023-07-21 12:07:24,538: keras_callback.py: on_epoch_end: Epoch 180/10000 - loss: 0.0211 - accuracy: 0.9927 - val_loss: 0.0613 - val_accuracy: 0.9797
DEBUG: 2023-07-21 12:07:27,560: keras_callback.py: on_epoch_end: Epoch 190/10000 - loss: 0.0171 - accuracy: 0.9948 - val_loss: 0.0605 - val_accuracy: 0.9797
DEBUG: 2023-07-21 12:07:30,625: keras_callback.py: on_epoch_end: Epoch 200/10000 - loss: 0.0178 - accuracy: 0.9954 - val_loss: 0.0591 - val_accuracy: 0.9824
DEBUG: 2023-07-21 12:07:33,608: keras_callback.py: on_epoch_end: Epoch 210/10000 - loss: 0.0165 - accuracy: 0.9951 - val_loss: 0.0608 - val_accuracy: 0.9824
DEBUG: 2023-07-21 12:07:36,640: keras_callback.py: on_epoch_end: Epoch 220/10000 - loss: 0.0146 - accuracy: 0.9961 - val_loss: 0.0574 - val_accuracy: 0.9865
DEBUG: 2023-07-21 12:07:39,562: keras_callback.py: on_epoch_end: Epoch 230/10000 - loss: 0.0139 - accuracy: 0.9968 - val_loss: 0.0572 - val_accuracy: 0.9831
DEBUG: 2023-07-21 12:07:42,704: keras_callback.py: on_epoch_end: Epoch 240/10000 - loss: 0.0126 - accuracy: 0.9966 - val_loss: 0.0594 - val_accuracy: 0.9858
DEBUG: 2023-07-21 12:07:46,050: keras_callback.py: on_epoch_end: Epoch 250/10000 - loss: 0.0112 - accuracy: 0.9973 - val_loss: 0.057 - val_accuracy: 0.9838
DEBUG: 2023-07-21 12:07:49,096: keras_callback.py: on_epoch_end: Epoch 260/10000 - loss: 0.0102 - accuracy: 0.997 - val_loss: 0.055 - val_accuracy: 0.9838
DEBUG: 2023-07-21 12:07:53,156: 610909452.py: <module>: X_tr.shape=(5925, 128, 6, 1) X_val.shape=(1481, 128, 6, 1) X_test.shape=(2993, 128, 6, 1)
DEBUG: 2023-07-21 12:07:53,158: 610909452.py: <module>: y_tr.shape=(5925, 6) y_val.shape=(1481, 6) y_test.shape=(2993, 6)
DEBUG: 2023-07-21 12:07:57,332: keras_callback.py: on_epoch_end: Epoch 10/10000 - loss: 0.2092 - accuracy: 0.9332 - val_loss: 0.2405 - val_accuracy: 0.9399
DEBUG: 2023-07-21 12:08:00,682: keras_callback.py: on_epoch_end: Epoch 20/10000 - loss: 0.1303 - accuracy: 0.9559 - val_loss: 0.1624 - val_accuracy: 0.9575
DEBUG: 2023-07-21 12:08:03,925: keras_callback.py: on_epoch_end: Epoch 30/10000 - loss: 0.1023 - accuracy: 0.962 - val_loss: 0.1282 - val_accuracy: 0.9629
DEBUG: 2023-07-21 12:08:07,087: keras_callback.py: on_epoch_end: Epoch 40/10000 - loss: 0.0857 - accuracy: 0.9698 - val_loss: 0.1109 - val_accuracy: 0.9696
DEBUG: 2023-07-21 12:08:10,199: keras_callback.py: on_epoch_end: Epoch 50/10000 - loss: 0.0757 - accuracy: 0.9713 - val_loss: 0.0977 - val_accuracy: 0.9689
DEBUG: 2023-07-21 12:08:13,529: keras_callback.py: on_epoch_end: Epoch 60/10000 - loss: 0.0667 - accuracy: 0.9754 - val_loss: 0.0863 - val_accuracy: 0.973
DEBUG: 2023-07-21 12:08:16,778: keras_callback.py: on_epoch_end: Epoch 70/10000 - loss: 0.0581 - accuracy: 0.9801 - val_loss: 0.0785 - val_accuracy: 0.975
DEBUG: 2023-07-21 12:08:20,068: keras_callback.py: on_epoch_end: Epoch 80/10000 - loss: 0.0533 - accuracy: 0.9823 - val_loss: 0.0722 - val_accuracy: 0.9777
DEBUG: 2023-07-21 12:08:23,299: keras_callback.py: on_epoch_end: Epoch 90/10000 - loss: 0.046 - accuracy: 0.9841 - val_loss: 0.0683 - val_accuracy: 0.9784
DEBUG: 2023-07-21 12:08:26,433: keras_callback.py: on_epoch_end: Epoch 100/10000 - loss: 0.0408 - accuracy: 0.987 - val_loss: 0.0601 - val_accuracy: 0.9804
DEBUG: 2023-07-21 12:08:29,634: keras_callback.py: on_epoch_end: Epoch 110/10000 - loss: 0.0352 - accuracy: 0.9882 - val_loss: 0.0546 - val_accuracy: 0.9845
DEBUG: 2023-07-21 12:08:32,827: keras_callback.py: on_epoch_end: Epoch 120/10000 - loss: 0.0305 - accuracy: 0.9902 - val_loss: 0.0484 - val_accuracy: 0.9865
DEBUG: 2023-07-21 12:08:35,958: keras_callback.py: on_epoch_end: Epoch 130/10000 - loss: 0.025 - accuracy: 0.9922 - val_loss: 0.0497 - val_accuracy: 0.9818
DEBUG: 2023-07-21 12:08:39,152: keras_callback.py: on_epoch_end: Epoch 140/10000 - loss: 0.0212 - accuracy: 0.9934 - val_loss: 0.0442 - val_accuracy: 0.9838
DEBUG: 2023-07-21 12:08:42,298: keras_callback.py: on_epoch_end: Epoch 150/10000 - loss: 0.0194 - accuracy: 0.9949 - val_loss: 0.0408 - val_accuracy: 0.9892
DEBUG: 2023-07-21 12:08:45,525: keras_callback.py: on_epoch_end: Epoch 160/10000 - loss: 0.0171 - accuracy: 0.9948 - val_loss: 0.0372 - val_accuracy: 0.9919
DEBUG: 2023-07-21 12:08:48,711: keras_callback.py: on_epoch_end: Epoch 170/10000 - loss: 0.0156 - accuracy: 0.9958 - val_loss: 0.038 - val_accuracy: 0.9885
DEBUG: 2023-07-21 12:08:51,796: keras_callback.py: on_epoch_end: Epoch 180/10000 - loss: 0.0131 - accuracy: 0.9971 - val_loss: 0.033 - val_accuracy: 0.9878
DEBUG: 2023-07-21 12:08:54,988: keras_callback.py: on_epoch_end: Epoch 190/10000 - loss: 0.0117 - accuracy: 0.9975 - val_loss: 0.0324 - val_accuracy: 0.9905
DEBUG: 2023-07-21 12:08:58,100: keras_callback.py: on_epoch_end: Epoch 200/10000 - loss: 0.0103 - accuracy: 0.9976 - val_loss: 0.0337 - val_accuracy: 0.9872
DEBUG: 2023-07-21 12:09:01,164: keras_callback.py: on_epoch_end: Epoch 210/10000 - loss: 0.0103 - accuracy: 0.998 - val_loss: 0.0327 - val_accuracy: 0.9885
DEBUG: 2023-07-21 12:09:04,363: keras_callback.py: on_epoch_end: Epoch 220/10000 - loss: 0.0084 - accuracy: 0.9986 - val_loss: 0.0355 - val_accuracy: 0.9872
DEBUG: 2023-07-21 12:09:07,464: keras_callback.py: on_epoch_end: Epoch 230/10000 - loss: 0.0082 - accuracy: 0.9986 - val_loss: 0.0283 - val_accuracy: 0.9912
DEBUG: 2023-07-21 12:09:10,610: keras_callback.py: on_epoch_end: Epoch 240/10000 - loss: 0.0067 - accuracy: 0.9997 - val_loss: 0.0279 - val_accuracy: 0.9912
DEBUG: 2023-07-21 12:09:13,727: keras_callback.py: on_epoch_end: Epoch 250/10000 - loss: 0.0058 - accuracy: 0.999 - val_loss: 0.0305 - val_accuracy: 0.9885
DEBUG: 2023-07-21 12:09:16,789: keras_callback.py: on_epoch_end: Epoch 260/10000 - loss: 0.0059 - accuracy: 0.9992 - val_loss: 0.0289 - val_accuracy: 0.9892
DEBUG: 2023-07-21 12:09:19,795: keras_callback.py: on_epoch_end: Epoch 270/10000 - loss: 0.0054 - accuracy: 0.9993 - val_loss: 0.0294 - val_accuracy: 0.9885
DEBUG: 2023-07-21 12:09:22,802: keras_callback.py: on_epoch_end: Epoch 280/10000 - loss: 0.0051 - accuracy: 0.9992 - val_loss: 0.0309 - val_accuracy: 0.9892
DEBUG: 2023-07-21 12:09:25,772: keras_callback.py: on_epoch_end: Epoch 290/10000 - loss: 0.0048 - accuracy: 0.9992 - val_loss: 0.0273 - val_accuracy: 0.9892
DEBUG: 2023-07-21 12:09:29,390: 610909452.py: <module>: X_tr.shape=(5925, 128, 6, 1) X_val.shape=(1481, 128, 6, 1) X_test.shape=(2993, 128, 6, 1)
DEBUG: 2023-07-21 12:09:29,391: 610909452.py: <module>: y_tr.shape=(5925, 6) y_val.shape=(1481, 6) y_test.shape=(2993, 6)
DEBUG: 2023-07-21 12:09:33,713: keras_callback.py: on_epoch_end: Epoch 10/10000 - loss: 0.2259 - accuracy: 0.9298 - val_loss: 0.2718 - val_accuracy: 0.9237
DEBUG: 2023-07-21 12:09:37,142: keras_callback.py: on_epoch_end: Epoch 20/10000 - loss: 0.1488 - accuracy: 0.9495 - val_loss: 0.1966 - val_accuracy: 0.946
DEBUG: 2023-07-21 12:09:40,498: keras_callback.py: on_epoch_end: Epoch 30/10000 - loss: 0.1101 - accuracy: 0.9602 - val_loss: 0.1607 - val_accuracy: 0.9487
DEBUG: 2023-07-21 12:09:43,744: keras_callback.py: on_epoch_end: Epoch 40/10000 - loss: 0.0957 - accuracy: 0.9624 - val_loss: 0.1376 - val_accuracy: 0.9548
DEBUG: 2023-07-21 12:09:47,270: keras_callback.py: on_epoch_end: Epoch 50/10000 - loss: 0.0812 - accuracy: 0.9681 - val_loss: 0.1217 - val_accuracy: 0.9554
DEBUG: 2023-07-21 12:09:50,539: keras_callback.py: on_epoch_end: Epoch 60/10000 - loss: 0.0727 - accuracy: 0.9686 - val_loss: 0.1117 - val_accuracy: 0.9615
DEBUG: 2023-07-21 12:09:53,811: keras_callback.py: on_epoch_end: Epoch 70/10000 - loss: 0.0648 - accuracy: 0.9743 - val_loss: 0.1012 - val_accuracy: 0.9635
DEBUG: 2023-07-21 12:09:56,227: keras_callback.py: on_epoch_end: Epoch 80/10000 - loss: 0.0576 - accuracy: 0.9784 - val_loss: 0.094 - val_accuracy: 0.9703
DEBUG: 2023-07-21 12:09:58,765: keras_callback.py: on_epoch_end: Epoch 90/10000 - loss: 0.0528 - accuracy: 0.9794 - val_loss: 0.0898 - val_accuracy: 0.9716
DEBUG: 2023-07-21 12:10:01,878: keras_callback.py: on_epoch_end: Epoch 100/10000 - loss: 0.0466 - accuracy: 0.983 - val_loss: 0.0835 - val_accuracy: 0.971
DEBUG: 2023-07-21 12:10:05,006: keras_callback.py: on_epoch_end: Epoch 110/10000 - loss: 0.0425 - accuracy: 0.9846 - val_loss: 0.0769 - val_accuracy: 0.9723
DEBUG: 2023-07-21 12:10:08,147: keras_callback.py: on_epoch_end: Epoch 120/10000 - loss: 0.0376 - accuracy: 0.9862 - val_loss: 0.0744 - val_accuracy: 0.971
DEBUG: 2023-07-21 12:10:11,262: keras_callback.py: on_epoch_end: Epoch 130/10000 - loss: 0.0334 - accuracy: 0.9902 - val_loss: 0.0711 - val_accuracy: 0.975
DEBUG: 2023-07-21 12:10:14,543: keras_callback.py: on_epoch_end: Epoch 140/10000 - loss: 0.0312 - accuracy: 0.9894 - val_loss: 0.0666 - val_accuracy: 0.9784
DEBUG: 2023-07-21 12:10:17,794: keras_callback.py: on_epoch_end: Epoch 150/10000 - loss: 0.0284 - accuracy: 0.9897 - val_loss: 0.0663 - val_accuracy: 0.9743
DEBUG: 2023-07-21 12:10:21,031: keras_callback.py: on_epoch_end: Epoch 160/10000 - loss: 0.0246 - accuracy: 0.9927 - val_loss: 0.0653 - val_accuracy: 0.9743
DEBUG: 2023-07-21 12:10:24,866: keras_callback.py: on_epoch_end: Epoch 170/10000 - loss: 0.0219 - accuracy: 0.9934 - val_loss: 0.0583 - val_accuracy: 0.9804
DEBUG: 2023-07-21 12:10:28,578: keras_callback.py: on_epoch_end: Epoch 180/10000 - loss: 0.0194 - accuracy: 0.9941 - val_loss: 0.0594 - val_accuracy: 0.9818
DEBUG: 2023-07-21 12:10:33,545: keras_callback.py: on_epoch_end: Epoch 190/10000 - loss: 0.018 - accuracy: 0.9953 - val_loss: 0.0551 - val_accuracy: 0.9811
DEBUG: 2023-07-21 12:10:38,900: keras_callback.py: on_epoch_end: Epoch 200/10000 - loss: 0.0165 - accuracy: 0.9956 - val_loss: 0.0517 - val_accuracy: 0.9831
DEBUG: 2023-07-21 12:10:43,310: keras_callback.py: on_epoch_end: Epoch 210/10000 - loss: 0.0149 - accuracy: 0.9963 - val_loss: 0.0526 - val_accuracy: 0.9824
DEBUG: 2023-07-21 12:10:47,882: keras_callback.py: on_epoch_end: Epoch 220/10000 - loss: 0.0127 - accuracy: 0.9971 - val_loss: 0.0481 - val_accuracy: 0.9824
DEBUG: 2023-07-21 12:10:52,947: keras_callback.py: on_epoch_end: Epoch 230/10000 - loss: 0.013 - accuracy: 0.9963 - val_loss: 0.0485 - val_accuracy: 0.9838
DEBUG: 2023-07-21 12:10:57,458: keras_callback.py: on_epoch_end: Epoch 240/10000 - loss: 0.0117 - accuracy: 0.997 - val_loss: 0.0494 - val_accuracy: 0.9851
DEBUG: 2023-07-21 12:11:01,350: keras_callback.py: on_epoch_end: Epoch 250/10000 - loss: 0.0118 - accuracy: 0.9971 - val_loss: 0.0483 - val_accuracy: 0.9845
DEBUG: 2023-07-21 12:11:05,889: keras_callback.py: on_epoch_end: Epoch 260/10000 - loss: 0.0101 - accuracy: 0.9973 - val_loss: 0.0516 - val_accuracy: 0.9845
DEBUG: 2023-07-21 12:11:10,508: keras_callback.py: on_epoch_end: Epoch 270/10000 - loss: 0.0093 - accuracy: 0.9976 - val_loss: 0.0453 - val_accuracy: 0.9872
DEBUG: 2023-07-21 12:11:15,501: keras_callback.py: on_epoch_end: Epoch 280/10000 - loss: 0.0081 - accuracy: 0.9986 - val_loss: 0.0467 - val_accuracy: 0.9838
DEBUG: 2023-07-21 12:11:20,097: keras_callback.py: on_epoch_end: Epoch 290/10000 - loss: 0.0069 - accuracy: 0.9986 - val_loss: 0.0469 - val_accuracy: 0.9838
DEBUG: 2023-07-21 12:11:25,217: keras_callback.py: on_epoch_end: Epoch 300/10000 - loss: 0.0062 - accuracy: 0.9988 - val_loss: 0.0448 - val_accuracy: 0.9845
DEBUG: 2023-07-21 12:13:28,250: 4266479415.py: <module>: ---Cross Validation Scores---
DEBUG: 2023-07-21 12:13:28,254: 4266479415.py: <module>: ---train---
DEBUG: 2023-07-21 12:13:28,257: 4266479415.py: <module>: logloss=nan
DEBUG: 2023-07-21 12:13:28,258: 4266479415.py: <module>: accuracy=nan
DEBUG: 2023-07-21 12:13:28,259: 4266479415.py: <module>: precision=nan
DEBUG: 2023-07-21 12:13:28,260: 4266479415.py: <module>: recall=nan
DEBUG: 2023-07-21 12:13:28,261: 4266479415.py: <module>: f1=nan
DEBUG: 2023-07-21 12:13:28,746: 1672468834.py: <module>: ---Final Test Scores Averaged over Folds---
DEBUG: 2023-07-21 12:13:28,749: 1672468834.py: <module>: accuracy=0.9274974941530237
DEBUG: 2023-07-21 12:13:28,756: 1672468834.py: <module>: precision=0.9289789962356041
DEBUG: 2023-07-21 12:13:28,759: 1672468834.py: <module>: recall=0.9298498339681709
DEBUG: 2023-07-21 12:13:28,763: 1672468834.py: <module>: f1=0.927525971946047
DEBUG: 2023-07-21 12:13:28,767: 1672468834.py: <module>: per-class f1=[1.         0.92194093 0.9640914  0.91328211 0.88509022 0.88075117]
DEBUG: 2023-07-21 12:13:53,654: 4266479415.py: <module>: ---Cross Validation Scores---
DEBUG: 2023-07-21 12:13:53,656: 4266479415.py: <module>: ---train---
DEBUG: 2023-07-21 12:13:53,657: 4266479415.py: <module>: logloss=0.012315
DEBUG: 2023-07-21 12:13:53,658: 4266479415.py: <module>: accuracy=0.998143
DEBUG: 2023-07-21 12:13:53,659: 4266479415.py: <module>: precision=0.999384
DEBUG: 2023-07-21 12:13:53,659: 4266479415.py: <module>: recall=0.999384
DEBUG: 2023-07-21 12:13:53,660: 4266479415.py: <module>: f1=0.999384
DEBUG: 2023-07-21 12:13:57,952: 1672468834.py: <module>: ---Final Test Scores Averaged over Folds---
DEBUG: 2023-07-21 12:14:40,508: 4266479415.py: <module>: ---Cross Validation Scores---
DEBUG: 2023-07-21 12:14:40,511: 4266479415.py: <module>: ---train---
DEBUG: 2023-07-21 12:14:40,512: 4266479415.py: <module>: logloss=0.012315
DEBUG: 2023-07-21 12:14:40,514: 4266479415.py: <module>: accuracy=0.998143
DEBUG: 2023-07-21 12:14:40,516: 4266479415.py: <module>: precision=0.999384
DEBUG: 2023-07-21 12:14:40,518: 4266479415.py: <module>: recall=0.999384
DEBUG: 2023-07-21 12:14:40,519: 4266479415.py: <module>: f1=0.999384
DEBUG: 2023-07-21 12:19:13,441: 3824505625.py: <module>: X_train.shape=(7406, 128, 6, 1) X_test.shape=(2993, 128, 6, 1)
DEBUG: 2023-07-21 12:19:13,442: 3824505625.py: <module>: y_train.shape=(7406, 1) y_test.shape=(2993, 1)
DEBUG: 2023-07-21 12:19:13,445: utils.py: check_class_balance: train labels
DEBUG: 2023-07-21 12:19:13,446: utils.py: check_class_balance: LAYING (0): 1412 samples (19.07 %)
DEBUG: 2023-07-21 12:19:13,447: utils.py: check_class_balance: WALKING (1): 1224 samples (16.53 %)
DEBUG: 2023-07-21 12:19:13,449: utils.py: check_class_balance: WALKING_UPSTAIRS (2): 1072 samples (14.47 %)
DEBUG: 2023-07-21 12:19:13,451: utils.py: check_class_balance: WALKING_DOWNSTAIRS (3): 987 samples (13.33 %)
DEBUG: 2023-07-21 12:19:13,452: utils.py: check_class_balance: SITTING (4): 1290 samples (17.42 %)
DEBUG: 2023-07-21 12:19:13,453: utils.py: check_class_balance: STANDING (5): 1421 samples (19.19 %)
DEBUG: 2023-07-21 12:19:13,454: utils.py: check_class_balance: test labels
DEBUG: 2023-07-21 12:19:13,455: utils.py: check_class_balance: LAYING (0): 545 samples (18.21 %)
DEBUG: 2023-07-21 12:19:13,456: utils.py: check_class_balance: WALKING (1): 496 samples (16.57 %)
DEBUG: 2023-07-21 12:19:13,456: utils.py: check_class_balance: WALKING_UPSTAIRS (2): 470 samples (15.7 %)
DEBUG: 2023-07-21 12:19:13,457: utils.py: check_class_balance: WALKING_DOWNSTAIRS (3): 419 samples (14.0 %)
DEBUG: 2023-07-21 12:19:13,458: utils.py: check_class_balance: SITTING (4): 507 samples (16.94 %)
DEBUG: 2023-07-21 12:19:13,459: utils.py: check_class_balance: STANDING (5): 556 samples (18.58 %)
DEBUG: 2023-07-21 12:22:22,552: 4266479415.py: <module>: ---Cross Validation Scores---
DEBUG: 2023-07-21 12:22:22,553: 4266479415.py: <module>: ---train---
DEBUG: 2023-07-21 12:22:22,555: 4266479415.py: <module>: logloss=0.012315
DEBUG: 2023-07-21 12:22:22,556: 4266479415.py: <module>: accuracy=0.998143
DEBUG: 2023-07-21 12:22:22,557: 4266479415.py: <module>: precision=0.999384
DEBUG: 2023-07-21 12:22:22,558: 4266479415.py: <module>: recall=0.999384
DEBUG: 2023-07-21 12:22:22,559: 4266479415.py: <module>: f1=0.999384
DEBUG: 2023-07-21 12:22:25,753: 1672468834.py: <module>: ---Final Test Scores Averaged over Folds---
DEBUG: 2023-07-21 12:22:25,757: 1672468834.py: <module>: accuracy=0.1820915469428667
DEBUG: 2023-07-21 12:22:25,765: 1672468834.py: <module>: precision=0.16666666666666666
DEBUG: 2023-07-21 12:22:25,769: 1672468834.py: <module>: recall=0.030348591157144448
DEBUG: 2023-07-21 12:22:25,771: 1672468834.py: <module>: f1=0.05134727718108159
DEBUG: 2023-07-21 12:22:25,774: 1672468834.py: <module>: per-class f1=[0.30808366 0.         0.         0.         0.         0.        ]
