DEBUG: 2023-08-02 15:21:55,276: 62444462.py: <module>: /home/tahoora/Projects/college_project/Human_Activity_Recognition/notebooks/../logs/stacked_lstm_logs/deep-conv-lstm-20230802-152155/deep-conv-lstm-20230802-152155.log
DEBUG: 2023-08-02 15:22:06,883: 62444462.py: <module>: X_train.shape=(7406, 128, 6, 1) X_test.shape=(2993, 128, 6, 1)
DEBUG: 2023-08-02 15:22:06,884: 62444462.py: <module>: y_train.shape=(7406, 1) y_test.shape=(2993, 1)
DEBUG: 2023-08-02 15:22:06,888: utils.py: check_class_balance: train labels
DEBUG: 2023-08-02 15:22:06,888: utils.py: check_class_balance: LAYING (0): 1412 samples (19.07 %)
DEBUG: 2023-08-02 15:22:06,889: utils.py: check_class_balance: WALKING (1): 1224 samples (16.53 %)
DEBUG: 2023-08-02 15:22:06,890: utils.py: check_class_balance: WALKING_UPSTAIRS (2): 1072 samples (14.47 %)
DEBUG: 2023-08-02 15:22:06,891: utils.py: check_class_balance: WALKING_DOWNSTAIRS (3): 987 samples (13.33 %)
DEBUG: 2023-08-02 15:22:06,892: utils.py: check_class_balance: SITTING (4): 1290 samples (17.42 %)
DEBUG: 2023-08-02 15:22:06,893: utils.py: check_class_balance: STANDING (5): 1421 samples (19.19 %)
DEBUG: 2023-08-02 15:22:06,894: utils.py: check_class_balance: test labels
DEBUG: 2023-08-02 15:22:06,895: utils.py: check_class_balance: LAYING (0): 545 samples (18.21 %)
DEBUG: 2023-08-02 15:22:06,896: utils.py: check_class_balance: WALKING (1): 496 samples (16.57 %)
DEBUG: 2023-08-02 15:22:06,898: utils.py: check_class_balance: WALKING_UPSTAIRS (2): 470 samples (15.7 %)
DEBUG: 2023-08-02 15:22:06,899: utils.py: check_class_balance: WALKING_DOWNSTAIRS (3): 419 samples (14.0 %)
DEBUG: 2023-08-02 15:22:06,900: utils.py: check_class_balance: SITTING (4): 507 samples (16.94 %)
DEBUG: 2023-08-02 15:22:06,900: utils.py: check_class_balance: STANDING (5): 556 samples (18.58 %)
DEBUG: 2023-08-02 15:22:06,942: 1134177668.py: <module>: dcl_params={'batch_size': 128, 'epochs': 10000, 'lr': 0.001, 'verbose': 0}
DEBUG: 2023-08-02 15:22:06,976: 2623015374.py: <module>: X_tr.shape=(5924, 128, 6, 1) X_val.shape=(1482, 128, 6, 1) X_test.shape=(2993, 128, 6, 1)
DEBUG: 2023-08-02 15:22:06,977: 2623015374.py: <module>: y_tr.shape=(5924, 6) y_val.shape=(1482, 6) y_test.shape=(2993, 6)
WARNING: 2023-08-02 15:22:10,260: optimizer.py: _process_kwargs: `lr` is deprecated in Keras optimizer, please use `learning_rate` or use the legacy optimizer, e.g.,tf.keras.optimizers.legacy.Adam.
DEBUG: 2023-08-02 15:22:20,516: attrs.py: create: Creating converter from 5 to 3
DEBUG: 2023-08-02 15:22:30,055: keras_callback.py: on_epoch_end: Epoch 10/10000 - loss: 0.5753 - accuracy: 0.7969 - val_loss: 0.482 - val_accuracy: 0.8468
DEBUG: 2023-08-02 15:22:40,363: keras_callback.py: on_epoch_end: Epoch 20/10000 - loss: 0.3779 - accuracy: 0.9114 - val_loss: 0.2473 - val_accuracy: 0.942
DEBUG: 2023-08-02 15:22:50,248: keras_callback.py: on_epoch_end: Epoch 30/10000 - loss: 0.1899 - accuracy: 0.95 - val_loss: 0.1582 - val_accuracy: 0.9602
DEBUG: 2023-08-02 15:23:00,600: keras_callback.py: on_epoch_end: Epoch 40/10000 - loss: 0.1727 - accuracy: 0.9502 - val_loss: 0.1302 - val_accuracy: 0.9649
DEBUG: 2023-08-02 15:23:11,343: keras_callback.py: on_epoch_end: Epoch 50/10000 - loss: 0.1545 - accuracy: 0.9512 - val_loss: 0.1157 - val_accuracy: 0.9629
DEBUG: 2023-08-02 15:23:21,551: keras_callback.py: on_epoch_end: Epoch 60/10000 - loss: 0.2161 - accuracy: 0.9384 - val_loss: 0.1455 - val_accuracy: 0.9622
DEBUG: 2023-08-02 15:23:31,767: keras_callback.py: on_epoch_end: Epoch 70/10000 - loss: 0.1291 - accuracy: 0.957 - val_loss: 0.0941 - val_accuracy: 0.969
DEBUG: 2023-08-02 15:23:42,088: keras_callback.py: on_epoch_end: Epoch 80/10000 - loss: 0.1243 - accuracy: 0.9549 - val_loss: 0.0902 - val_accuracy: 0.971
DEBUG: 2023-08-02 15:23:51,459: keras_callback.py: on_epoch_end: Epoch 90/10000 - loss: 0.1101 - accuracy: 0.9642 - val_loss: 0.0896 - val_accuracy: 0.9683
DEBUG: 2023-08-02 15:24:01,571: keras_callback.py: on_epoch_end: Epoch 100/10000 - loss: 0.1094 - accuracy: 0.9615 - val_loss: 0.0876 - val_accuracy: 0.9696
DEBUG: 2023-08-02 15:24:12,249: keras_callback.py: on_epoch_end: Epoch 110/10000 - loss: 0.1331 - accuracy: 0.9573 - val_loss: 0.1063 - val_accuracy: 0.971
DEBUG: 2023-08-02 15:24:21,907: keras_callback.py: on_epoch_end: Epoch 120/10000 - loss: 0.1374 - accuracy: 0.961 - val_loss: 0.1513 - val_accuracy: 0.9669
DEBUG: 2023-08-02 15:24:31,556: keras_callback.py: on_epoch_end: Epoch 130/10000 - loss: 0.0852 - accuracy: 0.971 - val_loss: 0.0746 - val_accuracy: 0.9757
DEBUG: 2023-08-02 15:24:41,752: keras_callback.py: on_epoch_end: Epoch 140/10000 - loss: 0.0939 - accuracy: 0.971 - val_loss: 0.0758 - val_accuracy: 0.9757
DEBUG: 2023-08-02 15:24:51,480: keras_callback.py: on_epoch_end: Epoch 150/10000 - loss: 0.1053 - accuracy: 0.961 - val_loss: 0.1087 - val_accuracy: 0.9615
DEBUG: 2023-08-02 15:25:00,984: keras_callback.py: on_epoch_end: Epoch 160/10000 - loss: 0.1097 - accuracy: 0.9591 - val_loss: 0.0895 - val_accuracy: 0.9703
DEBUG: 2023-08-02 15:25:05,087: attrs.py: __getitem__: Creating converter from 3 to 5
DEBUG: 2023-08-02 15:25:15,011: 2623015374.py: <module>: X_tr.shape=(5925, 128, 6, 1) X_val.shape=(1481, 128, 6, 1) X_test.shape=(2993, 128, 6, 1)
DEBUG: 2023-08-02 15:25:15,012: 2623015374.py: <module>: y_tr.shape=(5925, 6) y_val.shape=(1481, 6) y_test.shape=(2993, 6)
WARNING: 2023-08-02 15:25:16,334: optimizer.py: _process_kwargs: `lr` is deprecated in Keras optimizer, please use `learning_rate` or use the legacy optimizer, e.g.,tf.keras.optimizers.legacy.Adam.
DEBUG: 2023-08-02 15:25:34,799: keras_callback.py: on_epoch_end: Epoch 10/10000 - loss: 0.2653 - accuracy: 0.9408 - val_loss: 0.2218 - val_accuracy: 0.9413
DEBUG: 2023-08-02 15:25:44,869: keras_callback.py: on_epoch_end: Epoch 20/10000 - loss: 0.1974 - accuracy: 0.9433 - val_loss: 0.1605 - val_accuracy: 0.9494
DEBUG: 2023-08-02 15:25:55,182: keras_callback.py: on_epoch_end: Epoch 30/10000 - loss: 0.263 - accuracy: 0.935 - val_loss: 0.1717 - val_accuracy: 0.9446
DEBUG: 2023-08-02 15:26:05,157: keras_callback.py: on_epoch_end: Epoch 40/10000 - loss: 0.1497 - accuracy: 0.9521 - val_loss: 0.1419 - val_accuracy: 0.9588
DEBUG: 2023-08-02 15:26:15,216: keras_callback.py: on_epoch_end: Epoch 50/10000 - loss: 0.1407 - accuracy: 0.9538 - val_loss: 0.1325 - val_accuracy: 0.95
DEBUG: 2023-08-02 15:26:25,192: keras_callback.py: on_epoch_end: Epoch 60/10000 - loss: 0.2633 - accuracy: 0.9271 - val_loss: 0.1701 - val_accuracy: 0.948
DEBUG: 2023-08-02 15:26:35,307: keras_callback.py: on_epoch_end: Epoch 70/10000 - loss: 0.1275 - accuracy: 0.9586 - val_loss: 0.126 - val_accuracy: 0.9494
DEBUG: 2023-08-02 15:26:45,517: keras_callback.py: on_epoch_end: Epoch 80/10000 - loss: 0.137 - accuracy: 0.9516 - val_loss: 0.1177 - val_accuracy: 0.9554
DEBUG: 2023-08-02 15:27:04,037: 2623015374.py: <module>: X_tr.shape=(5925, 128, 6, 1) X_val.shape=(1481, 128, 6, 1) X_test.shape=(2993, 128, 6, 1)
DEBUG: 2023-08-02 15:27:04,039: 2623015374.py: <module>: y_tr.shape=(5925, 6) y_val.shape=(1481, 6) y_test.shape=(2993, 6)
WARNING: 2023-08-02 15:27:05,161: optimizer.py: _process_kwargs: `lr` is deprecated in Keras optimizer, please use `learning_rate` or use the legacy optimizer, e.g.,tf.keras.optimizers.legacy.Adam.
DEBUG: 2023-08-02 15:27:25,638: keras_callback.py: on_epoch_end: Epoch 10/10000 - loss: 0.5014 - accuracy: 0.8135 - val_loss: 0.4403 - val_accuracy: 0.8656
DEBUG: 2023-08-02 15:27:36,837: keras_callback.py: on_epoch_end: Epoch 20/10000 - loss: 0.248 - accuracy: 0.9426 - val_loss: 0.2067 - val_accuracy: 0.9453
DEBUG: 2023-08-02 15:27:47,195: keras_callback.py: on_epoch_end: Epoch 30/10000 - loss: 0.2206 - accuracy: 0.9504 - val_loss: 0.1811 - val_accuracy: 0.9487
DEBUG: 2023-08-02 15:27:57,829: keras_callback.py: on_epoch_end: Epoch 40/10000 - loss: 0.1684 - accuracy: 0.9536 - val_loss: 0.1545 - val_accuracy: 0.9494
DEBUG: 2023-08-02 15:28:07,567: keras_callback.py: on_epoch_end: Epoch 50/10000 - loss: 0.3635 - accuracy: 0.918 - val_loss: 0.3041 - val_accuracy: 0.9278
DEBUG: 2023-08-02 15:28:16,817: keras_callback.py: on_epoch_end: Epoch 60/10000 - loss: 0.1352 - accuracy: 0.9581 - val_loss: 0.1467 - val_accuracy: 0.9507
DEBUG: 2023-08-02 15:28:25,857: keras_callback.py: on_epoch_end: Epoch 70/10000 - loss: 0.1381 - accuracy: 0.9546 - val_loss: 0.1359 - val_accuracy: 0.9487
DEBUG: 2023-08-02 15:28:35,781: keras_callback.py: on_epoch_end: Epoch 80/10000 - loss: 0.1835 - accuracy: 0.9457 - val_loss: 0.1554 - val_accuracy: 0.944
DEBUG: 2023-08-02 15:28:45,624: keras_callback.py: on_epoch_end: Epoch 90/10000 - loss: 0.1503 - accuracy: 0.9527 - val_loss: 0.1706 - val_accuracy: 0.9406
DEBUG: 2023-08-02 15:28:54,383: keras_callback.py: on_epoch_end: Epoch 100/10000 - loss: 0.1093 - accuracy: 0.963 - val_loss: 0.1255 - val_accuracy: 0.9507
DEBUG: 2023-08-02 15:29:03,920: keras_callback.py: on_epoch_end: Epoch 110/10000 - loss: 0.1089 - accuracy: 0.9573 - val_loss: 0.1088 - val_accuracy: 0.9514
