DEBUG: 2023-07-31 18:15:08,182: 1850194186.py: <module>: /home/tahoora/Projects/college_project/Human_Activity_Recognition/notebooks/logs/cnn-20230731-181506/cnn-20230731-181506.log
DEBUG: 2023-07-31 18:15:23,253: 3824505625.py: <module>: X_train.shape=(7406, 128, 6, 1) X_test.shape=(2993, 128, 6, 1)
DEBUG: 2023-07-31 18:15:23,254: 3824505625.py: <module>: y_train.shape=(7406, 1) y_test.shape=(2993, 1)
DEBUG: 2023-07-31 18:15:23,257: utils.py: check_class_balance: train labels
DEBUG: 2023-07-31 18:15:23,258: utils.py: check_class_balance: LAYING (0): 1412 samples (19.07 %)
DEBUG: 2023-07-31 18:15:23,259: utils.py: check_class_balance: WALKING (1): 1224 samples (16.53 %)
DEBUG: 2023-07-31 18:15:23,260: utils.py: check_class_balance: WALKING_UPSTAIRS (2): 1072 samples (14.47 %)
DEBUG: 2023-07-31 18:15:23,262: utils.py: check_class_balance: WALKING_DOWNSTAIRS (3): 987 samples (13.33 %)
DEBUG: 2023-07-31 18:15:23,262: utils.py: check_class_balance: SITTING (4): 1290 samples (17.42 %)
DEBUG: 2023-07-31 18:15:23,264: utils.py: check_class_balance: STANDING (5): 1421 samples (19.19 %)
DEBUG: 2023-07-31 18:15:23,264: utils.py: check_class_balance: test labels
DEBUG: 2023-07-31 18:15:23,266: utils.py: check_class_balance: LAYING (0): 545 samples (18.21 %)
DEBUG: 2023-07-31 18:15:23,267: utils.py: check_class_balance: WALKING (1): 496 samples (16.57 %)
DEBUG: 2023-07-31 18:15:23,268: utils.py: check_class_balance: WALKING_UPSTAIRS (2): 470 samples (15.7 %)
DEBUG: 2023-07-31 18:15:23,269: utils.py: check_class_balance: WALKING_DOWNSTAIRS (3): 419 samples (14.0 %)
DEBUG: 2023-07-31 18:15:23,271: utils.py: check_class_balance: SITTING (4): 507 samples (16.94 %)
DEBUG: 2023-07-31 18:15:23,272: utils.py: check_class_balance: STANDING (5): 556 samples (18.58 %)
DEBUG: 2023-07-31 18:20:39,936: attrs.py: __getitem__: Creating converter from 3 to 5
DEBUG: 2023-07-31 18:26:31,748: 1850194186.py: <module>: /home/tahoora/Projects/college_project/Human_Activity_Recognition/notebooks/logs/cnn-20230731-182631/cnn-20230731-182631.log
DEBUG: 2023-07-31 18:26:42,098: 3824505625.py: <module>: X_train.shape=(7406, 128, 6, 1) X_test.shape=(2993, 128, 6, 1)
DEBUG: 2023-07-31 18:26:42,099: 3824505625.py: <module>: y_train.shape=(7406, 1) y_test.shape=(2993, 1)
DEBUG: 2023-07-31 18:26:42,107: utils.py: check_class_balance: train labels
DEBUG: 2023-07-31 18:26:42,108: utils.py: check_class_balance: LAYING (0): 1412 samples (19.07 %)
DEBUG: 2023-07-31 18:26:42,109: utils.py: check_class_balance: WALKING (1): 1224 samples (16.53 %)
DEBUG: 2023-07-31 18:26:42,111: utils.py: check_class_balance: WALKING_UPSTAIRS (2): 1072 samples (14.47 %)
DEBUG: 2023-07-31 18:26:42,113: utils.py: check_class_balance: WALKING_DOWNSTAIRS (3): 987 samples (13.33 %)
DEBUG: 2023-07-31 18:26:42,114: utils.py: check_class_balance: SITTING (4): 1290 samples (17.42 %)
DEBUG: 2023-07-31 18:26:42,115: utils.py: check_class_balance: STANDING (5): 1421 samples (19.19 %)
DEBUG: 2023-07-31 18:26:42,117: utils.py: check_class_balance: test labels
DEBUG: 2023-07-31 18:26:42,119: utils.py: check_class_balance: LAYING (0): 545 samples (18.21 %)
DEBUG: 2023-07-31 18:26:42,120: utils.py: check_class_balance: WALKING (1): 496 samples (16.57 %)
DEBUG: 2023-07-31 18:26:42,122: utils.py: check_class_balance: WALKING_UPSTAIRS (2): 470 samples (15.7 %)
DEBUG: 2023-07-31 18:26:42,124: utils.py: check_class_balance: WALKING_DOWNSTAIRS (3): 419 samples (14.0 %)
DEBUG: 2023-07-31 18:26:42,125: utils.py: check_class_balance: SITTING (4): 507 samples (16.94 %)
DEBUG: 2023-07-31 18:26:42,127: utils.py: check_class_balance: STANDING (5): 556 samples (18.58 %)
DEBUG: 2023-07-31 18:26:42,175: 1475759388.py: <module>: cnn_params={'batch_size': 128, 'epochs': 10000, 'lr': 0.0001, 'verbose': 1}
DEBUG: 2023-07-31 18:26:42,204: 3612145541.py: <module>: X_tr.shape=(5924, 128, 6, 1) X_val.shape=(1482, 128, 6, 1) X_test.shape=(2993, 128, 6, 1)
DEBUG: 2023-07-31 18:26:42,205: 3612145541.py: <module>: y_tr.shape=(5924, 6) y_val.shape=(1482, 6) y_test.shape=(2993, 6)
DEBUG: 2023-07-31 18:26:55,312: 3612145541.py: <module>: X_tr.shape=(5924, 128, 6, 1) X_val.shape=(1482, 128, 6, 1) X_test.shape=(2993, 128, 6, 1)
DEBUG: 2023-07-31 18:26:55,313: 3612145541.py: <module>: y_tr.shape=(5924, 6) y_val.shape=(1482, 6) y_test.shape=(2993, 6)
DEBUG: 2023-07-31 18:41:42,049: 3612145541.py: <module>: X_tr.shape=(5924, 128, 6, 1) X_val.shape=(1482, 128, 6, 1) X_test.shape=(2993, 128, 6, 1)
DEBUG: 2023-07-31 18:41:42,050: 3612145541.py: <module>: y_tr.shape=(5924, 6) y_val.shape=(1482, 6) y_test.shape=(2993, 6)
