DEBUG: 2023-08-02 15:33:45,752: 62444462.py: <module>: /home/tahoora/Projects/college_project/Human_Activity_Recognition/notebooks/../logs/stacked_lstm_logs/deep-conv-lstm-20230802-153345/deep-conv-lstm-20230802-153345.log
DEBUG: 2023-08-02 15:33:57,597: 62444462.py: <module>: X_train.shape=(7406, 128, 6, 1) X_test.shape=(2993, 128, 6, 1)
DEBUG: 2023-08-02 15:33:57,598: 62444462.py: <module>: y_train.shape=(7406, 1) y_test.shape=(2993, 1)
DEBUG: 2023-08-02 15:33:57,602: utils.py: check_class_balance: train labels
DEBUG: 2023-08-02 15:33:57,603: utils.py: check_class_balance: LAYING (0): 1412 samples (19.07 %)
DEBUG: 2023-08-02 15:33:57,603: utils.py: check_class_balance: WALKING (1): 1224 samples (16.53 %)
DEBUG: 2023-08-02 15:33:57,604: utils.py: check_class_balance: WALKING_UPSTAIRS (2): 1072 samples (14.47 %)
DEBUG: 2023-08-02 15:33:57,604: utils.py: check_class_balance: WALKING_DOWNSTAIRS (3): 987 samples (13.33 %)
DEBUG: 2023-08-02 15:33:57,606: utils.py: check_class_balance: SITTING (4): 1290 samples (17.42 %)
DEBUG: 2023-08-02 15:33:57,606: utils.py: check_class_balance: STANDING (5): 1421 samples (19.19 %)
DEBUG: 2023-08-02 15:33:57,607: utils.py: check_class_balance: test labels
DEBUG: 2023-08-02 15:33:57,608: utils.py: check_class_balance: LAYING (0): 545 samples (18.21 %)
DEBUG: 2023-08-02 15:33:57,608: utils.py: check_class_balance: WALKING (1): 496 samples (16.57 %)
DEBUG: 2023-08-02 15:33:57,609: utils.py: check_class_balance: WALKING_UPSTAIRS (2): 470 samples (15.7 %)
DEBUG: 2023-08-02 15:33:57,610: utils.py: check_class_balance: WALKING_DOWNSTAIRS (3): 419 samples (14.0 %)
DEBUG: 2023-08-02 15:33:57,611: utils.py: check_class_balance: SITTING (4): 507 samples (16.94 %)
DEBUG: 2023-08-02 15:33:57,612: utils.py: check_class_balance: STANDING (5): 556 samples (18.58 %)
DEBUG: 2023-08-02 15:33:57,648: 1134177668.py: <module>: dcl_params={'batch_size': 128, 'epochs': 10000, 'lr': 0.001, 'verbose': 0}
DEBUG: 2023-08-02 15:33:57,683: 2623015374.py: <module>: X_tr.shape=(5924, 128, 6, 1) X_val.shape=(1482, 128, 6, 1) X_test.shape=(2993, 128, 6, 1)
DEBUG: 2023-08-02 15:33:57,684: 2623015374.py: <module>: y_tr.shape=(5924, 6) y_val.shape=(1482, 6) y_test.shape=(2993, 6)
WARNING: 2023-08-02 15:34:00,831: optimizer.py: _process_kwargs: `lr` is deprecated in Keras optimizer, please use `learning_rate` or use the legacy optimizer, e.g.,tf.keras.optimizers.legacy.Adam.
DEBUG: 2023-08-02 15:34:11,179: attrs.py: create: Creating converter from 5 to 3
DEBUG: 2023-08-02 15:34:20,790: keras_callback.py: on_epoch_end: Epoch 10/10000 - loss: 0.4817 - accuracy: 0.8374 - val_loss: 0.4077 - val_accuracy: 0.8664
DEBUG: 2023-08-02 15:34:31,553: keras_callback.py: on_epoch_end: Epoch 20/10000 - loss: 0.2129 - accuracy: 0.9448 - val_loss: 0.1901 - val_accuracy: 0.948
DEBUG: 2023-08-02 15:34:42,002: keras_callback.py: on_epoch_end: Epoch 30/10000 - loss: 0.1456 - accuracy: 0.9564 - val_loss: 0.1178 - val_accuracy: 0.9609
DEBUG: 2023-08-02 15:34:52,220: keras_callback.py: on_epoch_end: Epoch 40/10000 - loss: 0.1218 - accuracy: 0.9556 - val_loss: 0.1091 - val_accuracy: 0.9676
DEBUG: 2023-08-02 15:35:02,547: keras_callback.py: on_epoch_end: Epoch 50/10000 - loss: 0.1101 - accuracy: 0.9566 - val_loss: 0.1095 - val_accuracy: 0.9541
DEBUG: 2023-08-02 15:35:12,947: keras_callback.py: on_epoch_end: Epoch 60/10000 - loss: 0.1118 - accuracy: 0.9617 - val_loss: 0.1053 - val_accuracy: 0.9656
DEBUG: 2023-08-02 15:35:23,572: keras_callback.py: on_epoch_end: Epoch 70/10000 - loss: 0.1462 - accuracy: 0.9423 - val_loss: 0.1159 - val_accuracy: 0.9602
DEBUG: 2023-08-02 15:35:33,423: keras_callback.py: on_epoch_end: Epoch 80/10000 - loss: 0.1836 - accuracy: 0.9519 - val_loss: 0.125 - val_accuracy: 0.9649
