DEBUG: 2023-07-30 12:36:31,745: 62444462.py: <module>: /home/tahoora/Projects/college_project/Human_Activity_Recognition/notebooks/../logs/deep_cnn_lstm_logs/deep-conv-lstm-20230730-123625/deep-conv-lstm-20230730-123625.log
DEBUG: 2023-07-30 12:36:48,115: 62444462.py: <module>: X_train.shape=(7406, 128, 6, 1) X_test.shape=(2993, 128, 6, 1)
DEBUG: 2023-07-30 12:36:48,116: 62444462.py: <module>: y_train.shape=(7406, 1) y_test.shape=(2993, 1)
DEBUG: 2023-07-30 12:36:48,120: utils.py: check_class_balance: train labels
DEBUG: 2023-07-30 12:36:48,120: utils.py: check_class_balance: LAYING (0): 1412 samples (19.07 %)
DEBUG: 2023-07-30 12:36:48,121: utils.py: check_class_balance: WALKING (1): 1224 samples (16.53 %)
DEBUG: 2023-07-30 12:36:48,122: utils.py: check_class_balance: WALKING_UPSTAIRS (2): 1072 samples (14.47 %)
DEBUG: 2023-07-30 12:36:48,123: utils.py: check_class_balance: WALKING_DOWNSTAIRS (3): 987 samples (13.33 %)
DEBUG: 2023-07-30 12:36:48,124: utils.py: check_class_balance: SITTING (4): 1290 samples (17.42 %)
DEBUG: 2023-07-30 12:36:48,125: utils.py: check_class_balance: STANDING (5): 1421 samples (19.19 %)
DEBUG: 2023-07-30 12:36:48,126: utils.py: check_class_balance: test labels
DEBUG: 2023-07-30 12:36:48,128: utils.py: check_class_balance: LAYING (0): 545 samples (18.21 %)
DEBUG: 2023-07-30 12:36:48,129: utils.py: check_class_balance: WALKING (1): 496 samples (16.57 %)
DEBUG: 2023-07-30 12:36:48,130: utils.py: check_class_balance: WALKING_UPSTAIRS (2): 470 samples (15.7 %)
DEBUG: 2023-07-30 12:36:48,130: utils.py: check_class_balance: WALKING_DOWNSTAIRS (3): 419 samples (14.0 %)
DEBUG: 2023-07-30 12:36:48,131: utils.py: check_class_balance: SITTING (4): 507 samples (16.94 %)
DEBUG: 2023-07-30 12:36:48,132: utils.py: check_class_balance: STANDING (5): 556 samples (18.58 %)
DEBUG: 2023-07-30 12:37:04,315: 3941774885.py: <module>: dcl_params={'batch_size': 128, 'epochs': 10000, 'lr': 0.001, 'verbose': 0}
DEBUG: 2023-07-30 12:37:05,039: 2623015374.py: <module>: X_tr.shape=(5924, 128, 6, 1) X_val.shape=(1482, 128, 6, 1) X_test.shape=(2993, 128, 6, 1)
DEBUG: 2023-07-30 12:37:05,040: 2623015374.py: <module>: y_tr.shape=(5924, 6) y_val.shape=(1482, 6) y_test.shape=(2993, 6)
DEBUG: 2023-07-30 12:37:28,937: attrs.py: create: Creating converter from 5 to 3
DEBUG: 2023-07-30 12:37:55,917: keras_callback.py: on_epoch_end: Epoch 10/10000 - loss: 0.1757 - accuracy: 0.9389 - val_loss: 0.1582 - val_accuracy: 0.944
DEBUG: 2023-07-30 12:38:24,444: keras_callback.py: on_epoch_end: Epoch 20/10000 - loss: 0.1003 - accuracy: 0.9534 - val_loss: 0.0884 - val_accuracy: 0.9669
DEBUG: 2023-07-30 12:38:57,676: keras_callback.py: on_epoch_end: Epoch 30/10000 - loss: 0.094 - accuracy: 0.9598 - val_loss: 0.2957 - val_accuracy: 0.9211
DEBUG: 2023-07-30 12:39:30,972: keras_callback.py: on_epoch_end: Epoch 40/10000 - loss: 0.0745 - accuracy: 0.9681 - val_loss: 0.072 - val_accuracy: 0.973
DEBUG: 2023-07-30 12:39:59,854: keras_callback.py: on_epoch_end: Epoch 50/10000 - loss: 0.0874 - accuracy: 0.9634 - val_loss: 0.0945 - val_accuracy: 0.9649
DEBUG: 2023-07-30 12:40:32,037: keras_callback.py: on_epoch_end: Epoch 60/10000 - loss: 0.0801 - accuracy: 0.9602 - val_loss: 0.0827 - val_accuracy: 0.969
DEBUG: 2023-07-30 12:41:12,448: keras_callback.py: on_epoch_end: Epoch 70/10000 - loss: 0.0953 - accuracy: 0.9554 - val_loss: 0.1039 - val_accuracy: 0.9548
