DEBUG: 2023-07-21 12:25:53,137: 1850194186.py: <module>: /home/tahoora/Projects/college_project/Human_Activity_Recognition/notebooks/logs/cnn-20230721-122553/cnn-20230721-122553.log
DEBUG: 2023-07-21 12:26:06,130: 3824505625.py: <module>: X_train.shape=(7406, 128, 6, 1) X_test.shape=(2993, 128, 6, 1)
DEBUG: 2023-07-21 12:26:06,131: 3824505625.py: <module>: y_train.shape=(7406, 1) y_test.shape=(2993, 1)
DEBUG: 2023-07-21 12:26:06,133: utils.py: check_class_balance: train labels
DEBUG: 2023-07-21 12:26:06,134: utils.py: check_class_balance: LAYING (0): 1412 samples (19.07 %)
DEBUG: 2023-07-21 12:26:06,135: utils.py: check_class_balance: WALKING (1): 1224 samples (16.53 %)
DEBUG: 2023-07-21 12:26:06,138: utils.py: check_class_balance: WALKING_UPSTAIRS (2): 1072 samples (14.47 %)
DEBUG: 2023-07-21 12:26:06,139: utils.py: check_class_balance: WALKING_DOWNSTAIRS (3): 987 samples (13.33 %)
DEBUG: 2023-07-21 12:26:06,141: utils.py: check_class_balance: SITTING (4): 1290 samples (17.42 %)
DEBUG: 2023-07-21 12:26:06,142: utils.py: check_class_balance: STANDING (5): 1421 samples (19.19 %)
DEBUG: 2023-07-21 12:26:06,142: utils.py: check_class_balance: test labels
DEBUG: 2023-07-21 12:26:06,144: utils.py: check_class_balance: LAYING (0): 545 samples (18.21 %)
DEBUG: 2023-07-21 12:26:06,145: utils.py: check_class_balance: WALKING (1): 496 samples (16.57 %)
DEBUG: 2023-07-21 12:26:06,146: utils.py: check_class_balance: WALKING_UPSTAIRS (2): 470 samples (15.7 %)
DEBUG: 2023-07-21 12:26:06,146: utils.py: check_class_balance: WALKING_DOWNSTAIRS (3): 419 samples (14.0 %)
DEBUG: 2023-07-21 12:26:06,147: utils.py: check_class_balance: SITTING (4): 507 samples (16.94 %)
DEBUG: 2023-07-21 12:26:06,148: utils.py: check_class_balance: STANDING (5): 556 samples (18.58 %)
DEBUG: 2023-07-21 12:26:06,194: 1475759388.py: <module>: cnn_params={'batch_size': 128, 'epochs': 10000, 'lr': 0.0001, 'verbose': 1}
DEBUG: 2023-07-21 12:26:06,231: 610909452.py: <module>: X_tr.shape=(5924, 128, 6, 1) X_val.shape=(1482, 128, 6, 1) X_test.shape=(2993, 128, 6, 1)
DEBUG: 2023-07-21 12:26:06,232: 610909452.py: <module>: y_tr.shape=(5924, 6) y_val.shape=(1482, 6) y_test.shape=(2993, 6)
DEBUG: 2023-07-21 12:26:10,060: attrs.py: create: Creating converter from 5 to 3
DEBUG: 2023-07-21 12:26:12,392: keras_callback.py: on_epoch_end: Epoch 10/10000 - loss: 0.2408 - accuracy: 0.9205 - val_loss: 0.2882 - val_accuracy: 0.9285
DEBUG: 2023-07-21 12:26:15,061: keras_callback.py: on_epoch_end: Epoch 20/10000 - loss: 0.1591 - accuracy: 0.9478 - val_loss: 0.2049 - val_accuracy: 0.9474
DEBUG: 2023-07-21 12:26:17,416: keras_callback.py: on_epoch_end: Epoch 30/10000 - loss: 0.1222 - accuracy: 0.9561 - val_loss: 0.1654 - val_accuracy: 0.9555
DEBUG: 2023-07-21 12:26:19,530: keras_callback.py: on_epoch_end: Epoch 40/10000 - loss: 0.0989 - accuracy: 0.9624 - val_loss: 0.1412 - val_accuracy: 0.9582
DEBUG: 2023-07-21 12:26:21,863: keras_callback.py: on_epoch_end: Epoch 50/10000 - loss: 0.0859 - accuracy: 0.9644 - val_loss: 0.122 - val_accuracy: 0.9609
DEBUG: 2023-07-21 12:26:24,361: keras_callback.py: on_epoch_end: Epoch 60/10000 - loss: 0.0784 - accuracy: 0.9681 - val_loss: 0.112 - val_accuracy: 0.9622
DEBUG: 2023-07-21 12:26:26,841: keras_callback.py: on_epoch_end: Epoch 70/10000 - loss: 0.0709 - accuracy: 0.971 - val_loss: 0.1046 - val_accuracy: 0.969
DEBUG: 2023-07-21 12:26:29,504: keras_callback.py: on_epoch_end: Epoch 80/10000 - loss: 0.0661 - accuracy: 0.9721 - val_loss: 0.0974 - val_accuracy: 0.969
DEBUG: 2023-07-21 12:26:32,144: keras_callback.py: on_epoch_end: Epoch 90/10000 - loss: 0.0604 - accuracy: 0.9759 - val_loss: 0.0897 - val_accuracy: 0.9757
DEBUG: 2023-07-21 12:26:34,557: keras_callback.py: on_epoch_end: Epoch 100/10000 - loss: 0.0556 - accuracy: 0.9792 - val_loss: 0.0831 - val_accuracy: 0.9804
DEBUG: 2023-07-21 12:26:36,961: keras_callback.py: on_epoch_end: Epoch 110/10000 - loss: 0.0527 - accuracy: 0.9816 - val_loss: 0.0799 - val_accuracy: 0.9784
DEBUG: 2023-07-21 12:26:39,473: keras_callback.py: on_epoch_end: Epoch 120/10000 - loss: 0.0484 - accuracy: 0.9821 - val_loss: 0.0737 - val_accuracy: 0.9818
DEBUG: 2023-07-21 12:26:41,859: keras_callback.py: on_epoch_end: Epoch 130/10000 - loss: 0.0445 - accuracy: 0.984 - val_loss: 0.0722 - val_accuracy: 0.9798
DEBUG: 2023-07-21 12:26:44,311: keras_callback.py: on_epoch_end: Epoch 140/10000 - loss: 0.0408 - accuracy: 0.9862 - val_loss: 0.0672 - val_accuracy: 0.9831
DEBUG: 2023-07-21 12:26:46,803: keras_callback.py: on_epoch_end: Epoch 150/10000 - loss: 0.0377 - accuracy: 0.9889 - val_loss: 0.0662 - val_accuracy: 0.9811
DEBUG: 2023-07-21 12:26:49,221: keras_callback.py: on_epoch_end: Epoch 160/10000 - loss: 0.0361 - accuracy: 0.9875 - val_loss: 0.059 - val_accuracy: 0.9845
DEBUG: 2023-07-21 12:26:51,558: keras_callback.py: on_epoch_end: Epoch 170/10000 - loss: 0.0341 - accuracy: 0.9872 - val_loss: 0.0595 - val_accuracy: 0.9838
DEBUG: 2023-07-21 12:26:54,020: keras_callback.py: on_epoch_end: Epoch 180/10000 - loss: 0.03 - accuracy: 0.9885 - val_loss: 0.0563 - val_accuracy: 0.9852
DEBUG: 2023-07-21 12:26:56,468: keras_callback.py: on_epoch_end: Epoch 190/10000 - loss: 0.0307 - accuracy: 0.9894 - val_loss: 0.0538 - val_accuracy: 0.9852
DEBUG: 2023-07-21 12:26:59,017: keras_callback.py: on_epoch_end: Epoch 200/10000 - loss: 0.027 - accuracy: 0.9905 - val_loss: 0.0528 - val_accuracy: 0.9845
DEBUG: 2023-07-21 12:27:01,445: keras_callback.py: on_epoch_end: Epoch 210/10000 - loss: 0.0242 - accuracy: 0.9917 - val_loss: 0.0506 - val_accuracy: 0.9858
DEBUG: 2023-07-21 12:27:03,872: keras_callback.py: on_epoch_end: Epoch 220/10000 - loss: 0.0228 - accuracy: 0.9917 - val_loss: 0.0479 - val_accuracy: 0.9865
DEBUG: 2023-07-21 12:27:06,393: keras_callback.py: on_epoch_end: Epoch 230/10000 - loss: 0.0198 - accuracy: 0.9934 - val_loss: 0.0448 - val_accuracy: 0.9879
DEBUG: 2023-07-21 12:27:08,821: keras_callback.py: on_epoch_end: Epoch 240/10000 - loss: 0.0199 - accuracy: 0.9929 - val_loss: 0.0469 - val_accuracy: 0.9858
DEBUG: 2023-07-21 12:27:11,360: keras_callback.py: on_epoch_end: Epoch 250/10000 - loss: 0.0188 - accuracy: 0.9943 - val_loss: 0.0431 - val_accuracy: 0.9885
DEBUG: 2023-07-21 12:27:13,833: keras_callback.py: on_epoch_end: Epoch 260/10000 - loss: 0.0175 - accuracy: 0.9936 - val_loss: 0.0408 - val_accuracy: 0.9885
DEBUG: 2023-07-21 12:27:16,348: keras_callback.py: on_epoch_end: Epoch 270/10000 - loss: 0.016 - accuracy: 0.9946 - val_loss: 0.0385 - val_accuracy: 0.9899
DEBUG: 2023-07-21 12:27:18,754: keras_callback.py: on_epoch_end: Epoch 280/10000 - loss: 0.0146 - accuracy: 0.9966 - val_loss: 0.0421 - val_accuracy: 0.9872
DEBUG: 2023-07-21 12:27:21,236: keras_callback.py: on_epoch_end: Epoch 290/10000 - loss: 0.0144 - accuracy: 0.9963 - val_loss: 0.0411 - val_accuracy: 0.9885
DEBUG: 2023-07-21 12:27:23,627: keras_callback.py: on_epoch_end: Epoch 300/10000 - loss: 0.0126 - accuracy: 0.9966 - val_loss: 0.0402 - val_accuracy: 0.9885
DEBUG: 2023-07-21 12:27:25,888: attrs.py: __getitem__: Creating converter from 3 to 5
DEBUG: 2023-07-21 12:27:27,348: 610909452.py: <module>: X_tr.shape=(5925, 128, 6, 1) X_val.shape=(1481, 128, 6, 1) X_test.shape=(2993, 128, 6, 1)
DEBUG: 2023-07-21 12:27:27,351: 610909452.py: <module>: y_tr.shape=(5925, 6) y_val.shape=(1481, 6) y_test.shape=(2993, 6)
DEBUG: 2023-07-21 12:27:31,104: keras_callback.py: on_epoch_end: Epoch 10/10000 - loss: 0.2363 - accuracy: 0.9247 - val_loss: 0.2947 - val_accuracy: 0.9115
DEBUG: 2023-07-21 12:27:33,790: keras_callback.py: on_epoch_end: Epoch 20/10000 - loss: 0.15 - accuracy: 0.9497 - val_loss: 0.2152 - val_accuracy: 0.9365
DEBUG: 2023-07-21 12:27:36,437: keras_callback.py: on_epoch_end: Epoch 30/10000 - loss: 0.1145 - accuracy: 0.963 - val_loss: 0.1759 - val_accuracy: 0.9433
DEBUG: 2023-07-21 12:27:38,986: keras_callback.py: on_epoch_end: Epoch 40/10000 - loss: 0.0947 - accuracy: 0.9684 - val_loss: 0.1511 - val_accuracy: 0.9453
DEBUG: 2023-07-21 12:27:41,569: keras_callback.py: on_epoch_end: Epoch 50/10000 - loss: 0.0825 - accuracy: 0.9698 - val_loss: 0.1424 - val_accuracy: 0.9473
DEBUG: 2023-07-21 12:27:44,187: keras_callback.py: on_epoch_end: Epoch 60/10000 - loss: 0.0733 - accuracy: 0.9722 - val_loss: 0.1268 - val_accuracy: 0.9521
DEBUG: 2023-07-21 12:27:46,765: keras_callback.py: on_epoch_end: Epoch 70/10000 - loss: 0.0659 - accuracy: 0.9743 - val_loss: 0.1229 - val_accuracy: 0.9561
DEBUG: 2023-07-21 12:27:49,313: keras_callback.py: on_epoch_end: Epoch 80/10000 - loss: 0.0599 - accuracy: 0.977 - val_loss: 0.1173 - val_accuracy: 0.9588
DEBUG: 2023-07-21 12:27:51,837: keras_callback.py: on_epoch_end: Epoch 90/10000 - loss: 0.0573 - accuracy: 0.9774 - val_loss: 0.1169 - val_accuracy: 0.9602
DEBUG: 2023-07-21 12:27:54,403: keras_callback.py: on_epoch_end: Epoch 100/10000 - loss: 0.0509 - accuracy: 0.9808 - val_loss: 0.1095 - val_accuracy: 0.9622
DEBUG: 2023-07-21 12:27:56,986: keras_callback.py: on_epoch_end: Epoch 110/10000 - loss: 0.0472 - accuracy: 0.9848 - val_loss: 0.1116 - val_accuracy: 0.9629
DEBUG: 2023-07-21 12:27:59,698: keras_callback.py: on_epoch_end: Epoch 120/10000 - loss: 0.0429 - accuracy: 0.9845 - val_loss: 0.1069 - val_accuracy: 0.9629
DEBUG: 2023-07-21 12:28:02,341: keras_callback.py: on_epoch_end: Epoch 130/10000 - loss: 0.0388 - accuracy: 0.986 - val_loss: 0.1047 - val_accuracy: 0.9635
DEBUG: 2023-07-21 12:28:04,993: keras_callback.py: on_epoch_end: Epoch 140/10000 - loss: 0.0348 - accuracy: 0.9867 - val_loss: 0.0945 - val_accuracy: 0.9649
DEBUG: 2023-07-21 12:28:07,680: keras_callback.py: on_epoch_end: Epoch 150/10000 - loss: 0.0314 - accuracy: 0.9872 - val_loss: 0.0971 - val_accuracy: 0.9649
DEBUG: 2023-07-21 12:28:10,797: keras_callback.py: on_epoch_end: Epoch 160/10000 - loss: 0.0291 - accuracy: 0.9884 - val_loss: 0.0937 - val_accuracy: 0.9703
DEBUG: 2023-07-21 12:28:13,281: keras_callback.py: on_epoch_end: Epoch 170/10000 - loss: 0.0268 - accuracy: 0.9899 - val_loss: 0.0888 - val_accuracy: 0.9703
DEBUG: 2023-07-21 12:28:15,851: keras_callback.py: on_epoch_end: Epoch 180/10000 - loss: 0.0251 - accuracy: 0.9921 - val_loss: 0.0887 - val_accuracy: 0.973
DEBUG: 2023-07-21 12:28:18,611: keras_callback.py: on_epoch_end: Epoch 190/10000 - loss: 0.0219 - accuracy: 0.9931 - val_loss: 0.0855 - val_accuracy: 0.9716
DEBUG: 2023-07-21 12:28:21,241: keras_callback.py: on_epoch_end: Epoch 200/10000 - loss: 0.0197 - accuracy: 0.9941 - val_loss: 0.0839 - val_accuracy: 0.973
DEBUG: 2023-07-21 12:28:23,879: keras_callback.py: on_epoch_end: Epoch 210/10000 - loss: 0.0205 - accuracy: 0.9936 - val_loss: 0.0906 - val_accuracy: 0.973
DEBUG: 2023-07-21 12:28:26,561: keras_callback.py: on_epoch_end: Epoch 220/10000 - loss: 0.0181 - accuracy: 0.9946 - val_loss: 0.0795 - val_accuracy: 0.9757
DEBUG: 2023-07-21 12:28:29,456: keras_callback.py: on_epoch_end: Epoch 230/10000 - loss: 0.0157 - accuracy: 0.9954 - val_loss: 0.0841 - val_accuracy: 0.9784
DEBUG: 2023-07-21 12:28:32,135: keras_callback.py: on_epoch_end: Epoch 240/10000 - loss: 0.0153 - accuracy: 0.9953 - val_loss: 0.0789 - val_accuracy: 0.977
DEBUG: 2023-07-21 12:28:34,828: keras_callback.py: on_epoch_end: Epoch 250/10000 - loss: 0.014 - accuracy: 0.9961 - val_loss: 0.0834 - val_accuracy: 0.9777
DEBUG: 2023-07-21 12:28:37,567: 610909452.py: <module>: X_tr.shape=(5925, 128, 6, 1) X_val.shape=(1481, 128, 6, 1) X_test.shape=(2993, 128, 6, 1)
DEBUG: 2023-07-21 12:28:37,568: 610909452.py: <module>: y_tr.shape=(5925, 6) y_val.shape=(1481, 6) y_test.shape=(2993, 6)
DEBUG: 2023-07-21 12:28:43,506: keras_callback.py: on_epoch_end: Epoch 10/10000 - loss: 0.2297 - accuracy: 0.9252 - val_loss: 0.2912 - val_accuracy: 0.9183
DEBUG: 2023-07-21 12:28:48,774: keras_callback.py: on_epoch_end: Epoch 20/10000 - loss: 0.1448 - accuracy: 0.9521 - val_loss: 0.2038 - val_accuracy: 0.9419
DEBUG: 2023-07-21 12:28:52,350: keras_callback.py: on_epoch_end: Epoch 30/10000 - loss: 0.1124 - accuracy: 0.9602 - val_loss: 0.1685 - val_accuracy: 0.9473
DEBUG: 2023-07-21 12:28:55,621: keras_callback.py: on_epoch_end: Epoch 40/10000 - loss: 0.0924 - accuracy: 0.9669 - val_loss: 0.1462 - val_accuracy: 0.9521
DEBUG: 2023-07-21 12:28:58,612: keras_callback.py: on_epoch_end: Epoch 50/10000 - loss: 0.081 - accuracy: 0.9686 - val_loss: 0.1325 - val_accuracy: 0.9541
DEBUG: 2023-07-21 12:29:01,432: keras_callback.py: on_epoch_end: Epoch 60/10000 - loss: 0.072 - accuracy: 0.9691 - val_loss: 0.1204 - val_accuracy: 0.9541
DEBUG: 2023-07-21 12:29:04,409: keras_callback.py: on_epoch_end: Epoch 70/10000 - loss: 0.0656 - accuracy: 0.9711 - val_loss: 0.111 - val_accuracy: 0.9568
DEBUG: 2023-07-21 12:29:07,292: keras_callback.py: on_epoch_end: Epoch 80/10000 - loss: 0.0568 - accuracy: 0.9772 - val_loss: 0.102 - val_accuracy: 0.9676
DEBUG: 2023-07-21 12:29:10,216: keras_callback.py: on_epoch_end: Epoch 90/10000 - loss: 0.0533 - accuracy: 0.9789 - val_loss: 0.0949 - val_accuracy: 0.9703
DEBUG: 2023-07-21 12:29:13,068: keras_callback.py: on_epoch_end: Epoch 100/10000 - loss: 0.0474 - accuracy: 0.9828 - val_loss: 0.0901 - val_accuracy: 0.9757
DEBUG: 2023-07-21 12:29:16,473: keras_callback.py: on_epoch_end: Epoch 110/10000 - loss: 0.0425 - accuracy: 0.9868 - val_loss: 0.0855 - val_accuracy: 0.975
DEBUG: 2023-07-21 12:29:19,447: keras_callback.py: on_epoch_end: Epoch 120/10000 - loss: 0.0387 - accuracy: 0.9884 - val_loss: 0.0805 - val_accuracy: 0.977
DEBUG: 2023-07-21 12:29:22,578: keras_callback.py: on_epoch_end: Epoch 130/10000 - loss: 0.0354 - accuracy: 0.9884 - val_loss: 0.077 - val_accuracy: 0.9791
DEBUG: 2023-07-21 12:29:25,441: keras_callback.py: on_epoch_end: Epoch 140/10000 - loss: 0.0316 - accuracy: 0.9909 - val_loss: 0.0749 - val_accuracy: 0.9797
DEBUG: 2023-07-21 12:29:28,490: keras_callback.py: on_epoch_end: Epoch 150/10000 - loss: 0.0293 - accuracy: 0.9907 - val_loss: 0.0707 - val_accuracy: 0.9804
DEBUG: 2023-07-21 12:29:31,591: keras_callback.py: on_epoch_end: Epoch 160/10000 - loss: 0.0258 - accuracy: 0.9932 - val_loss: 0.0678 - val_accuracy: 0.9818
DEBUG: 2023-07-21 12:29:34,888: keras_callback.py: on_epoch_end: Epoch 170/10000 - loss: 0.0225 - accuracy: 0.9931 - val_loss: 0.066 - val_accuracy: 0.9797
DEBUG: 2023-07-21 12:29:38,014: keras_callback.py: on_epoch_end: Epoch 180/10000 - loss: 0.021 - accuracy: 0.9938 - val_loss: 0.0617 - val_accuracy: 0.9838
DEBUG: 2023-07-21 12:29:40,886: keras_callback.py: on_epoch_end: Epoch 190/10000 - loss: 0.0199 - accuracy: 0.9941 - val_loss: 0.0596 - val_accuracy: 0.9824
DEBUG: 2023-07-21 12:29:43,656: keras_callback.py: on_epoch_end: Epoch 200/10000 - loss: 0.0168 - accuracy: 0.9961 - val_loss: 0.0615 - val_accuracy: 0.9824
DEBUG: 2023-07-21 12:29:46,466: keras_callback.py: on_epoch_end: Epoch 210/10000 - loss: 0.0154 - accuracy: 0.9956 - val_loss: 0.0599 - val_accuracy: 0.9824
DEBUG: 2023-07-21 12:29:49,235: keras_callback.py: on_epoch_end: Epoch 220/10000 - loss: 0.0137 - accuracy: 0.9966 - val_loss: 0.0578 - val_accuracy: 0.9831
DEBUG: 2023-07-21 12:29:51,939: keras_callback.py: on_epoch_end: Epoch 230/10000 - loss: 0.0128 - accuracy: 0.997 - val_loss: 0.0613 - val_accuracy: 0.9818
DEBUG: 2023-07-21 12:29:54,557: keras_callback.py: on_epoch_end: Epoch 240/10000 - loss: 0.0114 - accuracy: 0.9971 - val_loss: 0.0591 - val_accuracy: 0.9824
DEBUG: 2023-07-21 12:29:57,270: keras_callback.py: on_epoch_end: Epoch 250/10000 - loss: 0.0107 - accuracy: 0.9971 - val_loss: 0.0534 - val_accuracy: 0.9831
DEBUG: 2023-07-21 12:29:59,918: keras_callback.py: on_epoch_end: Epoch 260/10000 - loss: 0.0097 - accuracy: 0.9976 - val_loss: 0.0555 - val_accuracy: 0.9858
DEBUG: 2023-07-21 12:30:02,563: keras_callback.py: on_epoch_end: Epoch 270/10000 - loss: 0.0083 - accuracy: 0.9986 - val_loss: 0.0577 - val_accuracy: 0.9831
DEBUG: 2023-07-21 12:30:05,163: keras_callback.py: on_epoch_end: Epoch 280/10000 - loss: 0.0078 - accuracy: 0.9985 - val_loss: 0.0563 - val_accuracy: 0.9851
DEBUG: 2023-07-21 12:30:07,155: 610909452.py: <module>: X_tr.shape=(5925, 128, 6, 1) X_val.shape=(1481, 128, 6, 1) X_test.shape=(2993, 128, 6, 1)
DEBUG: 2023-07-21 12:30:07,156: 610909452.py: <module>: y_tr.shape=(5925, 6) y_val.shape=(1481, 6) y_test.shape=(2993, 6)
DEBUG: 2023-07-21 12:30:11,115: keras_callback.py: on_epoch_end: Epoch 10/10000 - loss: 0.233 - accuracy: 0.9276 - val_loss: 0.2766 - val_accuracy: 0.9305
DEBUG: 2023-07-21 12:30:14,595: keras_callback.py: on_epoch_end: Epoch 20/10000 - loss: 0.1524 - accuracy: 0.9517 - val_loss: 0.193 - val_accuracy: 0.946
DEBUG: 2023-07-21 12:30:17,610: keras_callback.py: on_epoch_end: Epoch 30/10000 - loss: 0.1154 - accuracy: 0.9608 - val_loss: 0.1518 - val_accuracy: 0.9568
DEBUG: 2023-07-21 12:30:20,572: keras_callback.py: on_epoch_end: Epoch 40/10000 - loss: 0.0966 - accuracy: 0.9635 - val_loss: 0.1286 - val_accuracy: 0.9602
DEBUG: 2023-07-21 12:30:23,644: keras_callback.py: on_epoch_end: Epoch 50/10000 - loss: 0.0829 - accuracy: 0.9664 - val_loss: 0.1121 - val_accuracy: 0.9602
DEBUG: 2023-07-21 12:30:26,511: keras_callback.py: on_epoch_end: Epoch 60/10000 - loss: 0.0721 - accuracy: 0.9711 - val_loss: 0.0995 - val_accuracy: 0.9575
DEBUG: 2023-07-21 12:30:29,251: keras_callback.py: on_epoch_end: Epoch 70/10000 - loss: 0.065 - accuracy: 0.975 - val_loss: 0.0898 - val_accuracy: 0.9629
DEBUG: 2023-07-21 12:30:31,990: keras_callback.py: on_epoch_end: Epoch 80/10000 - loss: 0.0599 - accuracy: 0.9781 - val_loss: 0.0835 - val_accuracy: 0.9696
DEBUG: 2023-07-21 12:30:34,633: keras_callback.py: on_epoch_end: Epoch 90/10000 - loss: 0.0556 - accuracy: 0.9789 - val_loss: 0.0807 - val_accuracy: 0.9737
DEBUG: 2023-07-21 12:30:37,370: keras_callback.py: on_epoch_end: Epoch 100/10000 - loss: 0.0505 - accuracy: 0.9808 - val_loss: 0.0769 - val_accuracy: 0.9757
DEBUG: 2023-07-21 12:30:40,050: keras_callback.py: on_epoch_end: Epoch 110/10000 - loss: 0.0467 - accuracy: 0.9838 - val_loss: 0.0723 - val_accuracy: 0.975
DEBUG: 2023-07-21 12:30:43,040: keras_callback.py: on_epoch_end: Epoch 120/10000 - loss: 0.0446 - accuracy: 0.9845 - val_loss: 0.068 - val_accuracy: 0.9784
DEBUG: 2023-07-21 12:30:45,720: keras_callback.py: on_epoch_end: Epoch 130/10000 - loss: 0.0403 - accuracy: 0.9843 - val_loss: 0.0673 - val_accuracy: 0.977
DEBUG: 2023-07-21 12:30:48,445: keras_callback.py: on_epoch_end: Epoch 140/10000 - loss: 0.0376 - accuracy: 0.9848 - val_loss: 0.0634 - val_accuracy: 0.9764
DEBUG: 2023-07-21 12:30:51,251: keras_callback.py: on_epoch_end: Epoch 150/10000 - loss: 0.035 - accuracy: 0.9868 - val_loss: 0.0612 - val_accuracy: 0.9818
DEBUG: 2023-07-21 12:30:54,664: keras_callback.py: on_epoch_end: Epoch 160/10000 - loss: 0.0317 - accuracy: 0.9889 - val_loss: 0.0547 - val_accuracy: 0.9818
DEBUG: 2023-07-21 12:30:57,695: keras_callback.py: on_epoch_end: Epoch 170/10000 - loss: 0.0293 - accuracy: 0.9887 - val_loss: 0.0554 - val_accuracy: 0.9824
DEBUG: 2023-07-21 12:31:00,367: keras_callback.py: on_epoch_end: Epoch 180/10000 - loss: 0.0276 - accuracy: 0.9892 - val_loss: 0.0515 - val_accuracy: 0.9804
DEBUG: 2023-07-21 12:31:03,213: keras_callback.py: on_epoch_end: Epoch 190/10000 - loss: 0.0256 - accuracy: 0.9897 - val_loss: 0.0496 - val_accuracy: 0.9851
DEBUG: 2023-07-21 12:31:05,934: keras_callback.py: on_epoch_end: Epoch 200/10000 - loss: 0.0224 - accuracy: 0.9909 - val_loss: 0.0487 - val_accuracy: 0.9845
DEBUG: 2023-07-21 12:31:08,704: keras_callback.py: on_epoch_end: Epoch 210/10000 - loss: 0.0216 - accuracy: 0.9921 - val_loss: 0.0506 - val_accuracy: 0.9845
DEBUG: 2023-07-21 12:31:11,435: keras_callback.py: on_epoch_end: Epoch 220/10000 - loss: 0.0192 - accuracy: 0.9948 - val_loss: 0.0453 - val_accuracy: 0.9872
DEBUG: 2023-07-21 12:31:14,273: keras_callback.py: on_epoch_end: Epoch 230/10000 - loss: 0.0182 - accuracy: 0.9943 - val_loss: 0.0386 - val_accuracy: 0.9878
DEBUG: 2023-07-21 12:31:17,028: keras_callback.py: on_epoch_end: Epoch 240/10000 - loss: 0.018 - accuracy: 0.9944 - val_loss: 0.04 - val_accuracy: 0.9872
DEBUG: 2023-07-21 12:31:19,737: keras_callback.py: on_epoch_end: Epoch 250/10000 - loss: 0.0161 - accuracy: 0.9949 - val_loss: 0.0371 - val_accuracy: 0.9905
DEBUG: 2023-07-21 12:31:22,463: keras_callback.py: on_epoch_end: Epoch 260/10000 - loss: 0.0132 - accuracy: 0.9968 - val_loss: 0.038 - val_accuracy: 0.9885
DEBUG: 2023-07-21 12:31:25,570: keras_callback.py: on_epoch_end: Epoch 270/10000 - loss: 0.0129 - accuracy: 0.9971 - val_loss: 0.0378 - val_accuracy: 0.9885
DEBUG: 2023-07-21 12:31:28,389: keras_callback.py: on_epoch_end: Epoch 280/10000 - loss: 0.0135 - accuracy: 0.9959 - val_loss: 0.0407 - val_accuracy: 0.9885
DEBUG: 2023-07-21 12:31:31,179: keras_callback.py: on_epoch_end: Epoch 290/10000 - loss: 0.0106 - accuracy: 0.9981 - val_loss: 0.0354 - val_accuracy: 0.9919
DEBUG: 2023-07-21 12:31:33,829: keras_callback.py: on_epoch_end: Epoch 300/10000 - loss: 0.0102 - accuracy: 0.9976 - val_loss: 0.0391 - val_accuracy: 0.9851
DEBUG: 2023-07-21 12:31:36,481: keras_callback.py: on_epoch_end: Epoch 310/10000 - loss: 0.0094 - accuracy: 0.998 - val_loss: 0.031 - val_accuracy: 0.9932
DEBUG: 2023-07-21 12:31:39,154: keras_callback.py: on_epoch_end: Epoch 320/10000 - loss: 0.0094 - accuracy: 0.998 - val_loss: 0.0333 - val_accuracy: 0.9892
DEBUG: 2023-07-21 12:31:41,855: keras_callback.py: on_epoch_end: Epoch 330/10000 - loss: 0.0077 - accuracy: 0.9988 - val_loss: 0.0302 - val_accuracy: 0.9919
DEBUG: 2023-07-21 12:31:44,606: keras_callback.py: on_epoch_end: Epoch 340/10000 - loss: 0.0081 - accuracy: 0.9978 - val_loss: 0.0327 - val_accuracy: 0.9872
DEBUG: 2023-07-21 12:31:47,524: keras_callback.py: on_epoch_end: Epoch 350/10000 - loss: 0.0065 - accuracy: 0.9988 - val_loss: 0.0306 - val_accuracy: 0.9926
DEBUG: 2023-07-21 12:31:50,295: keras_callback.py: on_epoch_end: Epoch 360/10000 - loss: 0.0073 - accuracy: 0.9988 - val_loss: 0.0319 - val_accuracy: 0.9885
DEBUG: 2023-07-21 12:31:52,780: keras_callback.py: on_epoch_end: Epoch 370/10000 - loss: 0.0058 - accuracy: 0.9993 - val_loss: 0.0288 - val_accuracy: 0.9899
DEBUG: 2023-07-21 12:31:55,460: keras_callback.py: on_epoch_end: Epoch 380/10000 - loss: 0.0061 - accuracy: 0.999 - val_loss: 0.0286 - val_accuracy: 0.9932
DEBUG: 2023-07-21 12:31:58,473: keras_callback.py: on_epoch_end: Epoch 390/10000 - loss: 0.0061 - accuracy: 0.9988 - val_loss: 0.0313 - val_accuracy: 0.9899
DEBUG: 2023-07-21 12:32:01,094: keras_callback.py: on_epoch_end: Epoch 400/10000 - loss: 0.0062 - accuracy: 0.999 - val_loss: 0.0301 - val_accuracy: 0.9905
DEBUG: 2023-07-21 12:32:03,639: keras_callback.py: on_epoch_end: Epoch 410/10000 - loss: 0.0043 - accuracy: 0.9993 - val_loss: 0.0277 - val_accuracy: 0.9905
DEBUG: 2023-07-21 12:32:06,523: keras_callback.py: on_epoch_end: Epoch 420/10000 - loss: 0.0047 - accuracy: 0.9993 - val_loss: 0.0276 - val_accuracy: 0.9932
DEBUG: 2023-07-21 12:32:09,452: keras_callback.py: on_epoch_end: Epoch 430/10000 - loss: 0.0042 - accuracy: 0.9992 - val_loss: 0.0276 - val_accuracy: 0.9905
DEBUG: 2023-07-21 12:32:11,349: 610909452.py: <module>: X_tr.shape=(5925, 128, 6, 1) X_val.shape=(1481, 128, 6, 1) X_test.shape=(2993, 128, 6, 1)
DEBUG: 2023-07-21 12:32:11,350: 610909452.py: <module>: y_tr.shape=(5925, 6) y_val.shape=(1481, 6) y_test.shape=(2993, 6)
DEBUG: 2023-07-21 12:32:15,160: keras_callback.py: on_epoch_end: Epoch 10/10000 - loss: 0.2167 - accuracy: 0.9349 - val_loss: 0.2831 - val_accuracy: 0.9291
DEBUG: 2023-07-21 12:32:17,977: keras_callback.py: on_epoch_end: Epoch 20/10000 - loss: 0.1428 - accuracy: 0.9522 - val_loss: 0.2044 - val_accuracy: 0.9413
DEBUG: 2023-07-21 12:32:20,870: keras_callback.py: on_epoch_end: Epoch 30/10000 - loss: 0.1115 - accuracy: 0.9585 - val_loss: 0.1737 - val_accuracy: 0.946
DEBUG: 2023-07-21 12:32:23,665: keras_callback.py: on_epoch_end: Epoch 40/10000 - loss: 0.0958 - accuracy: 0.9635 - val_loss: 0.1496 - val_accuracy: 0.9527
DEBUG: 2023-07-21 12:32:26,404: keras_callback.py: on_epoch_end: Epoch 50/10000 - loss: 0.0823 - accuracy: 0.9679 - val_loss: 0.1339 - val_accuracy: 0.9595
DEBUG: 2023-07-21 12:32:29,090: keras_callback.py: on_epoch_end: Epoch 60/10000 - loss: 0.072 - accuracy: 0.9711 - val_loss: 0.1224 - val_accuracy: 0.9581
DEBUG: 2023-07-21 12:32:32,344: keras_callback.py: on_epoch_end: Epoch 70/10000 - loss: 0.0652 - accuracy: 0.9752 - val_loss: 0.1167 - val_accuracy: 0.9595
DEBUG: 2023-07-21 12:32:35,214: keras_callback.py: on_epoch_end: Epoch 80/10000 - loss: 0.0603 - accuracy: 0.9772 - val_loss: 0.1087 - val_accuracy: 0.9595
DEBUG: 2023-07-21 12:32:37,883: keras_callback.py: on_epoch_end: Epoch 90/10000 - loss: 0.0549 - accuracy: 0.9791 - val_loss: 0.1052 - val_accuracy: 0.9622
DEBUG: 2023-07-21 12:32:40,859: keras_callback.py: on_epoch_end: Epoch 100/10000 - loss: 0.0523 - accuracy: 0.9792 - val_loss: 0.098 - val_accuracy: 0.9669
DEBUG: 2023-07-21 12:32:43,719: keras_callback.py: on_epoch_end: Epoch 110/10000 - loss: 0.0479 - accuracy: 0.9845 - val_loss: 0.0916 - val_accuracy: 0.971
DEBUG: 2023-07-21 12:32:46,566: keras_callback.py: on_epoch_end: Epoch 120/10000 - loss: 0.0428 - accuracy: 0.9855 - val_loss: 0.0933 - val_accuracy: 0.9676
DEBUG: 2023-07-21 12:32:49,348: keras_callback.py: on_epoch_end: Epoch 130/10000 - loss: 0.0385 - accuracy: 0.9858 - val_loss: 0.0852 - val_accuracy: 0.9723
DEBUG: 2023-07-21 12:32:52,046: keras_callback.py: on_epoch_end: Epoch 140/10000 - loss: 0.034 - accuracy: 0.9885 - val_loss: 0.0832 - val_accuracy: 0.9723
DEBUG: 2023-07-21 12:32:54,685: keras_callback.py: on_epoch_end: Epoch 150/10000 - loss: 0.0315 - accuracy: 0.9887 - val_loss: 0.0795 - val_accuracy: 0.9716
DEBUG: 2023-07-21 12:32:57,252: keras_callback.py: on_epoch_end: Epoch 160/10000 - loss: 0.0272 - accuracy: 0.9917 - val_loss: 0.0783 - val_accuracy: 0.9743
DEBUG: 2023-07-21 12:32:59,932: keras_callback.py: on_epoch_end: Epoch 170/10000 - loss: 0.0264 - accuracy: 0.9899 - val_loss: 0.0773 - val_accuracy: 0.973
DEBUG: 2023-07-21 12:33:02,678: keras_callback.py: on_epoch_end: Epoch 180/10000 - loss: 0.0247 - accuracy: 0.9916 - val_loss: 0.0744 - val_accuracy: 0.975
DEBUG: 2023-07-21 12:33:05,221: keras_callback.py: on_epoch_end: Epoch 190/10000 - loss: 0.0212 - accuracy: 0.9936 - val_loss: 0.0717 - val_accuracy: 0.9777
DEBUG: 2023-07-21 12:33:07,845: keras_callback.py: on_epoch_end: Epoch 200/10000 - loss: 0.0199 - accuracy: 0.9938 - val_loss: 0.0687 - val_accuracy: 0.9791
DEBUG: 2023-07-21 12:33:10,492: keras_callback.py: on_epoch_end: Epoch 210/10000 - loss: 0.0181 - accuracy: 0.9936 - val_loss: 0.0695 - val_accuracy: 0.9784
DEBUG: 2023-07-21 12:33:13,088: keras_callback.py: on_epoch_end: Epoch 220/10000 - loss: 0.0161 - accuracy: 0.9953 - val_loss: 0.0672 - val_accuracy: 0.9797
DEBUG: 2023-07-21 12:33:15,778: keras_callback.py: on_epoch_end: Epoch 230/10000 - loss: 0.0144 - accuracy: 0.9951 - val_loss: 0.0652 - val_accuracy: 0.9824
DEBUG: 2023-07-21 12:33:18,504: keras_callback.py: on_epoch_end: Epoch 240/10000 - loss: 0.0133 - accuracy: 0.9963 - val_loss: 0.0658 - val_accuracy: 0.9811
DEBUG: 2023-07-21 12:33:21,233: keras_callback.py: on_epoch_end: Epoch 250/10000 - loss: 0.0146 - accuracy: 0.9961 - val_loss: 0.0754 - val_accuracy: 0.9804
DEBUG: 2023-07-21 12:33:23,771: keras_callback.py: on_epoch_end: Epoch 260/10000 - loss: 0.0104 - accuracy: 0.9985 - val_loss: 0.0662 - val_accuracy: 0.9831
DEBUG: 2023-07-21 12:33:26,410: keras_callback.py: on_epoch_end: Epoch 270/10000 - loss: 0.0102 - accuracy: 0.998 - val_loss: 0.0662 - val_accuracy: 0.9831
DEBUG: 2023-07-21 12:33:42,435: 4266479415.py: <module>: ---Cross Validation Scores---
DEBUG: 2023-07-21 12:33:42,438: 4266479415.py: <module>: ---train---
DEBUG: 2023-07-21 12:33:42,439: 4266479415.py: <module>: logloss=0.011716
DEBUG: 2023-07-21 12:33:42,440: 4266479415.py: <module>: accuracy=0.998143
DEBUG: 2023-07-21 12:33:42,441: 4266479415.py: <module>: precision=0.9982
DEBUG: 2023-07-21 12:33:42,442: 4266479415.py: <module>: recall=0.998107
DEBUG: 2023-07-21 12:33:42,442: 4266479415.py: <module>: f1=0.998151
DEBUG: 2023-07-21 13:01:47,433: 4266479415.py: <module>: ---Cross Validation Scores---
DEBUG: 2023-07-21 13:01:47,435: 4266479415.py: <module>: ---train---
DEBUG: 2023-07-21 13:01:47,435: 4266479415.py: <module>: logloss=0.011716
DEBUG: 2023-07-21 13:01:47,436: 4266479415.py: <module>: accuracy=0.998143
DEBUG: 2023-07-21 13:01:47,437: 4266479415.py: <module>: precision=0.9982
DEBUG: 2023-07-21 13:01:47,437: 4266479415.py: <module>: recall=0.998107
DEBUG: 2023-07-21 13:01:47,438: 4266479415.py: <module>: f1=0.998151
DEBUG: 2023-07-21 13:01:50,050: 1672468834.py: <module>: ---Final Test Scores Averaged over Folds---
DEBUG: 2023-07-21 13:01:50,054: 1672468834.py: <module>: accuracy=0.9328433010357501
DEBUG: 2023-07-21 13:01:50,057: 1672468834.py: <module>: precision=0.933589724818471
DEBUG: 2023-07-21 13:01:50,060: 1672468834.py: <module>: recall=0.9342310921533964
DEBUG: 2023-07-21 13:01:50,064: 1672468834.py: <module>: f1=0.9325771544054704
DEBUG: 2023-07-21 13:01:50,068: 1672468834.py: <module>: per-class f1=[0.99271403 0.92405063 0.95956284 0.91933702 0.89715965 0.90263876]
