DEBUG: 2023-07-30 13:16:54,016: 62444462.py: <module>: /home/tahoora/Projects/college_project/Human_Activity_Recognition/notebooks/../logs/deep_cnn_lstm_logs/deep-conv-lstm-20230730-131653/deep-conv-lstm-20230730-131653.log
DEBUG: 2023-07-30 13:17:06,295: 62444462.py: <module>: X_train.shape=(7406, 128, 6, 1) X_test.shape=(2993, 128, 6, 1)
DEBUG: 2023-07-30 13:17:06,296: 62444462.py: <module>: y_train.shape=(7406, 1) y_test.shape=(2993, 1)
DEBUG: 2023-07-30 13:17:06,298: utils.py: check_class_balance: train labels
DEBUG: 2023-07-30 13:17:06,299: utils.py: check_class_balance: LAYING (0): 1412 samples (19.07 %)
DEBUG: 2023-07-30 13:17:06,300: utils.py: check_class_balance: WALKING (1): 1224 samples (16.53 %)
DEBUG: 2023-07-30 13:17:06,300: utils.py: check_class_balance: WALKING_UPSTAIRS (2): 1072 samples (14.47 %)
DEBUG: 2023-07-30 13:17:06,302: utils.py: check_class_balance: WALKING_DOWNSTAIRS (3): 987 samples (13.33 %)
DEBUG: 2023-07-30 13:17:06,303: utils.py: check_class_balance: SITTING (4): 1290 samples (17.42 %)
DEBUG: 2023-07-30 13:17:06,304: utils.py: check_class_balance: STANDING (5): 1421 samples (19.19 %)
DEBUG: 2023-07-30 13:17:06,305: utils.py: check_class_balance: test labels
DEBUG: 2023-07-30 13:17:06,306: utils.py: check_class_balance: LAYING (0): 545 samples (18.21 %)
DEBUG: 2023-07-30 13:17:06,307: utils.py: check_class_balance: WALKING (1): 496 samples (16.57 %)
DEBUG: 2023-07-30 13:17:06,308: utils.py: check_class_balance: WALKING_UPSTAIRS (2): 470 samples (15.7 %)
DEBUG: 2023-07-30 13:17:06,310: utils.py: check_class_balance: WALKING_DOWNSTAIRS (3): 419 samples (14.0 %)
DEBUG: 2023-07-30 13:17:06,313: utils.py: check_class_balance: SITTING (4): 507 samples (16.94 %)
DEBUG: 2023-07-30 13:17:06,314: utils.py: check_class_balance: STANDING (5): 556 samples (18.58 %)
DEBUG: 2023-07-30 13:17:06,349: 3941774885.py: <module>: dcl_params={'batch_size': 128, 'epochs': 10000, 'lr': 0.0001, 'verbose': 0}
DEBUG: 2023-07-30 13:17:06,392: 2623015374.py: <module>: X_tr.shape=(5924, 128, 6, 1) X_val.shape=(1482, 128, 6, 1) X_test.shape=(2993, 128, 6, 1)
DEBUG: 2023-07-30 13:17:06,394: 2623015374.py: <module>: y_tr.shape=(5924, 6) y_val.shape=(1482, 6) y_test.shape=(2993, 6)
DEBUG: 2023-07-30 13:17:16,721: attrs.py: create: Creating converter from 5 to 3
DEBUG: 2023-07-30 13:17:26,132: keras_callback.py: on_epoch_end: Epoch 10/10000 - loss: 0.2352 - accuracy: 0.9257 - val_loss: 0.1842 - val_accuracy: 0.9453
DEBUG: 2023-07-30 13:17:36,117: keras_callback.py: on_epoch_end: Epoch 20/10000 - loss: 0.1615 - accuracy: 0.9453 - val_loss: 0.1314 - val_accuracy: 0.9575
DEBUG: 2023-07-30 13:17:46,161: keras_callback.py: on_epoch_end: Epoch 30/10000 - loss: 0.1157 - accuracy: 0.9522 - val_loss: 0.1408 - val_accuracy: 0.9568
DEBUG: 2023-07-30 13:17:56,454: keras_callback.py: on_epoch_end: Epoch 40/10000 - loss: 0.1054 - accuracy: 0.9519 - val_loss: 0.1045 - val_accuracy: 0.9636
DEBUG: 2023-07-30 13:18:07,000: keras_callback.py: on_epoch_end: Epoch 50/10000 - loss: 0.1404 - accuracy: 0.9433 - val_loss: 0.1046 - val_accuracy: 0.9555
DEBUG: 2023-07-30 13:18:17,024: keras_callback.py: on_epoch_end: Epoch 60/10000 - loss: 0.0957 - accuracy: 0.9544 - val_loss: 0.0907 - val_accuracy: 0.9663
DEBUG: 2023-07-30 13:18:27,066: keras_callback.py: on_epoch_end: Epoch 70/10000 - loss: 0.1059 - accuracy: 0.9527 - val_loss: 0.097 - val_accuracy: 0.9636
DEBUG: 2023-07-30 13:18:37,222: keras_callback.py: on_epoch_end: Epoch 80/10000 - loss: 0.1166 - accuracy: 0.9401 - val_loss: 0.1274 - val_accuracy: 0.9555
DEBUG: 2023-07-30 13:18:44,462: attrs.py: __getitem__: Creating converter from 3 to 5
DEBUG: 2023-07-30 13:18:53,434: 2623015374.py: <module>: X_tr.shape=(5925, 128, 6, 1) X_val.shape=(1481, 128, 6, 1) X_test.shape=(2993, 128, 6, 1)
DEBUG: 2023-07-30 13:18:53,435: 2623015374.py: <module>: y_tr.shape=(5925, 6) y_val.shape=(1481, 6) y_test.shape=(2993, 6)
DEBUG: 2023-07-30 13:19:11,143: keras_callback.py: on_epoch_end: Epoch 10/10000 - loss: 0.2315 - accuracy: 0.935 - val_loss: 0.1999 - val_accuracy: 0.9291
DEBUG: 2023-07-30 13:19:21,401: keras_callback.py: on_epoch_end: Epoch 20/10000 - loss: 0.1511 - accuracy: 0.9505 - val_loss: 0.138 - val_accuracy: 0.9473
DEBUG: 2023-07-30 13:19:31,779: keras_callback.py: on_epoch_end: Epoch 30/10000 - loss: 0.1183 - accuracy: 0.9597 - val_loss: 0.1031 - val_accuracy: 0.9608
DEBUG: 2023-07-30 13:19:41,939: keras_callback.py: on_epoch_end: Epoch 40/10000 - loss: 0.0965 - accuracy: 0.9671 - val_loss: 0.1058 - val_accuracy: 0.9561
DEBUG: 2023-07-30 13:19:52,189: keras_callback.py: on_epoch_end: Epoch 50/10000 - loss: 0.0828 - accuracy: 0.9743 - val_loss: 0.0939 - val_accuracy: 0.9676
DEBUG: 2023-07-30 13:20:03,978: keras_callback.py: on_epoch_end: Epoch 60/10000 - loss: 0.0728 - accuracy: 0.9764 - val_loss: 0.082 - val_accuracy: 0.9696
DEBUG: 2023-07-30 13:20:15,399: keras_callback.py: on_epoch_end: Epoch 70/10000 - loss: 0.0561 - accuracy: 0.9831 - val_loss: 0.0873 - val_accuracy: 0.9716
DEBUG: 2023-07-30 13:20:26,144: keras_callback.py: on_epoch_end: Epoch 80/10000 - loss: 0.0572 - accuracy: 0.9803 - val_loss: 0.089 - val_accuracy: 0.9703
DEBUG: 2023-07-30 13:20:37,086: keras_callback.py: on_epoch_end: Epoch 90/10000 - loss: 0.0936 - accuracy: 0.9651 - val_loss: 0.0814 - val_accuracy: 0.9635
DEBUG: 2023-07-30 13:20:48,406: keras_callback.py: on_epoch_end: Epoch 100/10000 - loss: 0.0423 - accuracy: 0.9853 - val_loss: 0.0564 - val_accuracy: 0.975
DEBUG: 2023-07-30 13:20:59,514: keras_callback.py: on_epoch_end: Epoch 110/10000 - loss: 0.0433 - accuracy: 0.9848 - val_loss: 0.0462 - val_accuracy: 0.9804
DEBUG: 2023-07-30 13:21:10,325: keras_callback.py: on_epoch_end: Epoch 120/10000 - loss: 0.0357 - accuracy: 0.9887 - val_loss: 0.0454 - val_accuracy: 0.9791
DEBUG: 2023-07-30 13:21:20,788: keras_callback.py: on_epoch_end: Epoch 130/10000 - loss: 0.0387 - accuracy: 0.9867 - val_loss: 0.0427 - val_accuracy: 0.9824
DEBUG: 2023-07-30 13:21:30,879: keras_callback.py: on_epoch_end: Epoch 140/10000 - loss: 0.0304 - accuracy: 0.9892 - val_loss: 0.0376 - val_accuracy: 0.9831
DEBUG: 2023-07-30 13:21:42,031: keras_callback.py: on_epoch_end: Epoch 150/10000 - loss: 0.0293 - accuracy: 0.9884 - val_loss: 0.0394 - val_accuracy: 0.9824
DEBUG: 2023-07-30 13:21:54,240: keras_callback.py: on_epoch_end: Epoch 160/10000 - loss: 0.0314 - accuracy: 0.9884 - val_loss: 0.0336 - val_accuracy: 0.9865
DEBUG: 2023-07-30 13:22:05,747: keras_callback.py: on_epoch_end: Epoch 170/10000 - loss: 0.0298 - accuracy: 0.988 - val_loss: 0.0345 - val_accuracy: 0.9885
DEBUG: 2023-07-30 13:22:17,236: keras_callback.py: on_epoch_end: Epoch 180/10000 - loss: 0.026 - accuracy: 0.9897 - val_loss: 0.0384 - val_accuracy: 0.9845
DEBUG: 2023-07-30 13:22:28,264: keras_callback.py: on_epoch_end: Epoch 190/10000 - loss: 0.0204 - accuracy: 0.9911 - val_loss: 0.0474 - val_accuracy: 0.9824
DEBUG: 2023-07-30 13:22:38,866: keras_callback.py: on_epoch_end: Epoch 200/10000 - loss: 0.0184 - accuracy: 0.9926 - val_loss: 0.0294 - val_accuracy: 0.9858
DEBUG: 2023-07-30 13:22:49,317: keras_callback.py: on_epoch_end: Epoch 210/10000 - loss: 0.0243 - accuracy: 0.9917 - val_loss: 0.0312 - val_accuracy: 0.9865
DEBUG: 2023-07-30 13:23:01,410: keras_callback.py: on_epoch_end: Epoch 220/10000 - loss: 0.1431 - accuracy: 0.9531 - val_loss: 0.0457 - val_accuracy: 0.9777
DEBUG: 2023-07-30 13:23:12,507: keras_callback.py: on_epoch_end: Epoch 230/10000 - loss: 0.0182 - accuracy: 0.9946 - val_loss: 0.0238 - val_accuracy: 0.9899
DEBUG: 2023-07-30 13:23:23,540: keras_callback.py: on_epoch_end: Epoch 240/10000 - loss: 0.0178 - accuracy: 0.9939 - val_loss: 0.0235 - val_accuracy: 0.9926
DEBUG: 2023-07-30 13:23:33,721: keras_callback.py: on_epoch_end: Epoch 250/10000 - loss: 0.0128 - accuracy: 0.9951 - val_loss: 0.0261 - val_accuracy: 0.9926
DEBUG: 2023-07-30 13:23:44,058: keras_callback.py: on_epoch_end: Epoch 260/10000 - loss: 0.0103 - accuracy: 0.997 - val_loss: 0.0223 - val_accuracy: 0.9926
DEBUG: 2023-07-30 13:23:54,299: keras_callback.py: on_epoch_end: Epoch 270/10000 - loss: 0.0658 - accuracy: 0.9779 - val_loss: 0.0639 - val_accuracy: 0.9791
DEBUG: 2023-07-30 13:24:05,020: 2623015374.py: <module>: X_tr.shape=(5925, 128, 6, 1) X_val.shape=(1481, 128, 6, 1) X_test.shape=(2993, 128, 6, 1)
DEBUG: 2023-07-30 13:24:05,021: 2623015374.py: <module>: y_tr.shape=(5925, 6) y_val.shape=(1481, 6) y_test.shape=(2993, 6)
DEBUG: 2023-07-30 13:24:22,131: keras_callback.py: on_epoch_end: Epoch 10/10000 - loss: 0.2102 - accuracy: 0.9387 - val_loss: 0.1705 - val_accuracy: 0.9399
DEBUG: 2023-07-30 13:24:32,483: keras_callback.py: on_epoch_end: Epoch 20/10000 - loss: 0.1351 - accuracy: 0.9514 - val_loss: 0.1238 - val_accuracy: 0.9507
DEBUG: 2023-07-30 13:24:42,591: keras_callback.py: on_epoch_end: Epoch 30/10000 - loss: 0.1088 - accuracy: 0.9585 - val_loss: 0.13 - val_accuracy: 0.9467
DEBUG: 2023-07-30 13:24:52,881: keras_callback.py: on_epoch_end: Epoch 40/10000 - loss: 0.097 - accuracy: 0.9586 - val_loss: 0.1058 - val_accuracy: 0.9588
DEBUG: 2023-07-30 13:25:03,155: keras_callback.py: on_epoch_end: Epoch 50/10000 - loss: 0.0922 - accuracy: 0.9624 - val_loss: 0.0947 - val_accuracy: 0.9615
DEBUG: 2023-07-30 13:25:13,285: keras_callback.py: on_epoch_end: Epoch 60/10000 - loss: 0.0855 - accuracy: 0.9644 - val_loss: 0.1033 - val_accuracy: 0.9561
DEBUG: 2023-07-30 13:25:23,374: keras_callback.py: on_epoch_end: Epoch 70/10000 - loss: 0.0834 - accuracy: 0.9654 - val_loss: 0.0957 - val_accuracy: 0.9581
DEBUG: 2023-07-30 13:25:33,524: keras_callback.py: on_epoch_end: Epoch 80/10000 - loss: 0.0915 - accuracy: 0.9632 - val_loss: 0.1014 - val_accuracy: 0.9541
DEBUG: 2023-07-30 13:25:43,719: keras_callback.py: on_epoch_end: Epoch 90/10000 - loss: 0.0779 - accuracy: 0.9644 - val_loss: 0.1062 - val_accuracy: 0.9561
DEBUG: 2023-07-30 13:25:55,034: 2623015374.py: <module>: X_tr.shape=(5925, 128, 6, 1) X_val.shape=(1481, 128, 6, 1) X_test.shape=(2993, 128, 6, 1)
DEBUG: 2023-07-30 13:25:55,036: 2623015374.py: <module>: y_tr.shape=(5925, 6) y_val.shape=(1481, 6) y_test.shape=(2993, 6)
DEBUG: 2023-07-30 13:26:12,100: keras_callback.py: on_epoch_end: Epoch 10/10000 - loss: 0.2121 - accuracy: 0.9438 - val_loss: 0.1721 - val_accuracy: 0.9514
DEBUG: 2023-07-30 13:26:22,365: keras_callback.py: on_epoch_end: Epoch 20/10000 - loss: 0.1379 - accuracy: 0.9627 - val_loss: 0.1303 - val_accuracy: 0.9602
DEBUG: 2023-07-30 13:26:32,643: keras_callback.py: on_epoch_end: Epoch 30/10000 - loss: 0.1265 - accuracy: 0.9641 - val_loss: 0.107 - val_accuracy: 0.9629
DEBUG: 2023-07-30 13:26:42,694: keras_callback.py: on_epoch_end: Epoch 40/10000 - loss: 0.1045 - accuracy: 0.9698 - val_loss: 0.1136 - val_accuracy: 0.9656
DEBUG: 2023-07-30 13:26:52,848: keras_callback.py: on_epoch_end: Epoch 50/10000 - loss: 0.1069 - accuracy: 0.9683 - val_loss: 0.1549 - val_accuracy: 0.9548
DEBUG: 2023-07-30 13:27:03,083: keras_callback.py: on_epoch_end: Epoch 60/10000 - loss: 0.1022 - accuracy: 0.97 - val_loss: 0.0878 - val_accuracy: 0.971
DEBUG: 2023-07-30 13:27:13,289: keras_callback.py: on_epoch_end: Epoch 70/10000 - loss: 0.0979 - accuracy: 0.9689 - val_loss: 0.096 - val_accuracy: 0.9696
DEBUG: 2023-07-30 13:27:23,480: keras_callback.py: on_epoch_end: Epoch 80/10000 - loss: 0.073 - accuracy: 0.9745 - val_loss: 0.0791 - val_accuracy: 0.973
DEBUG: 2023-07-30 13:27:34,597: keras_callback.py: on_epoch_end: Epoch 90/10000 - loss: 0.1066 - accuracy: 0.9674 - val_loss: 0.1355 - val_accuracy: 0.9629
DEBUG: 2023-07-30 13:27:44,697: keras_callback.py: on_epoch_end: Epoch 100/10000 - loss: 0.0783 - accuracy: 0.9749 - val_loss: 0.0769 - val_accuracy: 0.9737
DEBUG: 2023-07-30 13:27:54,990: keras_callback.py: on_epoch_end: Epoch 110/10000 - loss: 0.0713 - accuracy: 0.9747 - val_loss: 0.0854 - val_accuracy: 0.9669
DEBUG: 2023-07-30 13:28:05,764: keras_callback.py: on_epoch_end: Epoch 120/10000 - loss: 0.0923 - accuracy: 0.9686 - val_loss: 0.0826 - val_accuracy: 0.9737
DEBUG: 2023-07-30 13:28:15,716: keras_callback.py: on_epoch_end: Epoch 130/10000 - loss: 0.0694 - accuracy: 0.9779 - val_loss: 0.0679 - val_accuracy: 0.9777
DEBUG: 2023-07-30 13:28:25,933: keras_callback.py: on_epoch_end: Epoch 140/10000 - loss: 0.0578 - accuracy: 0.9801 - val_loss: 0.0672 - val_accuracy: 0.9791
DEBUG: 2023-07-30 13:28:35,473: 2623015374.py: <module>: X_tr.shape=(5925, 128, 6, 1) X_val.shape=(1481, 128, 6, 1) X_test.shape=(2993, 128, 6, 1)
DEBUG: 2023-07-30 13:28:35,474: 2623015374.py: <module>: y_tr.shape=(5925, 6) y_val.shape=(1481, 6) y_test.shape=(2993, 6)
DEBUG: 2023-07-30 13:28:53,301: keras_callback.py: on_epoch_end: Epoch 10/10000 - loss: 0.2077 - accuracy: 0.9409 - val_loss: 0.1746 - val_accuracy: 0.9426
DEBUG: 2023-07-30 13:29:04,593: keras_callback.py: on_epoch_end: Epoch 20/10000 - loss: 0.1361 - accuracy: 0.9516 - val_loss: 0.2615 - val_accuracy: 0.9196
DEBUG: 2023-07-30 13:29:15,538: keras_callback.py: on_epoch_end: Epoch 30/10000 - loss: 0.1199 - accuracy: 0.9521 - val_loss: 0.1191 - val_accuracy: 0.946
DEBUG: 2023-07-30 13:29:26,736: keras_callback.py: on_epoch_end: Epoch 40/10000 - loss: 0.1047 - accuracy: 0.9546 - val_loss: 0.1075 - val_accuracy: 0.9595
DEBUG: 2023-07-30 13:29:38,478: keras_callback.py: on_epoch_end: Epoch 50/10000 - loss: 0.0971 - accuracy: 0.959 - val_loss: 0.0991 - val_accuracy: 0.9575
DEBUG: 2023-07-30 13:29:49,639: keras_callback.py: on_epoch_end: Epoch 60/10000 - loss: 0.0999 - accuracy: 0.9573 - val_loss: 0.1106 - val_accuracy: 0.9581
DEBUG: 2023-07-30 13:29:59,885: keras_callback.py: on_epoch_end: Epoch 70/10000 - loss: 0.0806 - accuracy: 0.963 - val_loss: 0.0946 - val_accuracy: 0.9662
DEBUG: 2023-07-30 13:30:10,121: keras_callback.py: on_epoch_end: Epoch 80/10000 - loss: 0.0834 - accuracy: 0.9646 - val_loss: 0.0986 - val_accuracy: 0.9602
DEBUG: 2023-07-30 13:30:20,455: keras_callback.py: on_epoch_end: Epoch 90/10000 - loss: 0.0732 - accuracy: 0.9652 - val_loss: 0.0965 - val_accuracy: 0.9662
DEBUG: 2023-07-30 13:30:30,411: keras_callback.py: on_epoch_end: Epoch 100/10000 - loss: 0.0745 - accuracy: 0.9646 - val_loss: 0.1097 - val_accuracy: 0.9568
DEBUG: 2023-07-30 13:30:41,272: keras_callback.py: on_epoch_end: Epoch 110/10000 - loss: 0.0787 - accuracy: 0.9657 - val_loss: 0.123 - val_accuracy: 0.9588
DEBUG: 2023-07-30 13:30:52,628: keras_callback.py: on_epoch_end: Epoch 120/10000 - loss: 0.0784 - accuracy: 0.9686 - val_loss: 0.1003 - val_accuracy: 0.9541
DEBUG: 2023-07-30 13:31:05,128: keras_callback.py: on_epoch_end: Epoch 130/10000 - loss: 0.0698 - accuracy: 0.9679 - val_loss: 0.0851 - val_accuracy: 0.9642
DEBUG: 2023-07-30 13:31:15,306: keras_callback.py: on_epoch_end: Epoch 140/10000 - loss: 0.0717 - accuracy: 0.9706 - val_loss: 0.0872 - val_accuracy: 0.9696
DEBUG: 2023-07-30 13:31:25,824: keras_callback.py: on_epoch_end: Epoch 150/10000 - loss: 0.071 - accuracy: 0.9696 - val_loss: 0.0834 - val_accuracy: 0.9716
DEBUG: 2023-07-30 13:31:36,474: keras_callback.py: on_epoch_end: Epoch 160/10000 - loss: 0.0588 - accuracy: 0.977 - val_loss: 0.098 - val_accuracy: 0.9689
DEBUG: 2023-07-30 13:31:46,807: keras_callback.py: on_epoch_end: Epoch 170/10000 - loss: 0.0588 - accuracy: 0.9782 - val_loss: 0.0783 - val_accuracy: 0.9737
DEBUG: 2023-07-30 13:31:57,191: keras_callback.py: on_epoch_end: Epoch 180/10000 - loss: 0.0506 - accuracy: 0.9819 - val_loss: 0.0728 - val_accuracy: 0.9784
DEBUG: 2023-07-30 13:32:07,356: keras_callback.py: on_epoch_end: Epoch 190/10000 - loss: 0.0478 - accuracy: 0.9836 - val_loss: 0.0708 - val_accuracy: 0.9797
DEBUG: 2023-07-30 13:32:17,508: keras_callback.py: on_epoch_end: Epoch 200/10000 - loss: 0.0752 - accuracy: 0.9754 - val_loss: 0.0791 - val_accuracy: 0.9764
DEBUG: 2023-07-30 13:32:27,787: keras_callback.py: on_epoch_end: Epoch 210/10000 - loss: 0.0648 - accuracy: 0.9784 - val_loss: 0.0968 - val_accuracy: 0.9696
DEBUG: 2023-07-30 13:32:38,231: keras_callback.py: on_epoch_end: Epoch 220/10000 - loss: 0.0461 - accuracy: 0.9853 - val_loss: 0.0706 - val_accuracy: 0.9791
DEBUG: 2023-07-30 13:32:49,068: keras_callback.py: on_epoch_end: Epoch 230/10000 - loss: 0.0438 - accuracy: 0.9855 - val_loss: 0.0637 - val_accuracy: 0.9818
DEBUG: 2023-07-30 13:32:59,995: keras_callback.py: on_epoch_end: Epoch 240/10000 - loss: 0.0382 - accuracy: 0.9873 - val_loss: 0.0647 - val_accuracy: 0.9824
DEBUG: 2023-07-30 13:33:10,744: keras_callback.py: on_epoch_end: Epoch 250/10000 - loss: 0.0375 - accuracy: 0.9872 - val_loss: 0.0622 - val_accuracy: 0.9831
DEBUG: 2023-07-30 13:33:21,067: keras_callback.py: on_epoch_end: Epoch 260/10000 - loss: 0.0307 - accuracy: 0.99 - val_loss: 0.0664 - val_accuracy: 0.9804
DEBUG: 2023-07-30 13:33:31,795: keras_callback.py: on_epoch_end: Epoch 270/10000 - loss: 0.0335 - accuracy: 0.9897 - val_loss: 0.0604 - val_accuracy: 0.9831
DEBUG: 2023-07-30 13:33:43,077: keras_callback.py: on_epoch_end: Epoch 280/10000 - loss: 0.037 - accuracy: 0.9885 - val_loss: 0.072 - val_accuracy: 0.9784
DEBUG: 2023-07-30 13:33:54,992: keras_callback.py: on_epoch_end: Epoch 290/10000 - loss: 0.0283 - accuracy: 0.9899 - val_loss: 0.0621 - val_accuracy: 0.9838
DEBUG: 2023-07-30 13:34:05,985: keras_callback.py: on_epoch_end: Epoch 300/10000 - loss: 0.0347 - accuracy: 0.9904 - val_loss: 0.0627 - val_accuracy: 0.9845
DEBUG: 2023-07-30 13:34:17,560: keras_callback.py: on_epoch_end: Epoch 310/10000 - loss: 0.0635 - accuracy: 0.9725 - val_loss: 0.0794 - val_accuracy: 0.9656
DEBUG: 2023-07-30 13:49:50,525: 2155350369.py: <module>: ---Cross Validation Scores---
DEBUG: 2023-07-30 13:49:50,526: 2155350369.py: <module>: ---train---
DEBUG: 2023-07-30 13:49:50,527: 2155350369.py: <module>: logloss=0.046197
DEBUG: 2023-07-30 13:49:50,528: 2155350369.py: <module>: accuracy=0.979172
DEBUG: 2023-07-30 13:49:50,530: 2155350369.py: <module>: precision=0.981218
DEBUG: 2023-07-30 13:49:50,531: 2155350369.py: <module>: recall=0.980974
DEBUG: 2023-07-30 13:49:50,532: 2155350369.py: <module>: f1=0.980918
DEBUG: 2023-07-30 13:49:50,536: 2155350369.py: <module>: per-class f1={'LAYING': 1.0, 'WALKING': 0.999181, 'WALKING_UPSTAIRS': 0.99965, 'WALKING_DOWNSTAIRS': 0.998865, 'SITTING': 0.941907, 'STANDING': 0.945909}
DEBUG: 2023-07-30 13:49:50,538: 2155350369.py: <module>: ---valid---
DEBUG: 2023-07-30 13:49:50,539: 2155350369.py: <module>: logloss=0.060887
DEBUG: 2023-07-30 13:49:50,540: 2155350369.py: <module>: accuracy=0.976778
DEBUG: 2023-07-30 13:49:50,541: 2155350369.py: <module>: precision=0.978634
DEBUG: 2023-07-30 13:49:50,541: 2155350369.py: <module>: recall=0.978699
DEBUG: 2023-07-30 13:49:50,542: 2155350369.py: <module>: f1=0.978575
DEBUG: 2023-07-30 13:49:50,544: 2155350369.py: <module>: per-class f1={'LAYING': 1.0, 'WALKING': 0.99673, 'WALKING_UPSTAIRS': 0.998135, 'WALKING_DOWNSTAIRS': 0.997484, 'SITTING': 0.937812, 'STANDING': 0.941293}
DEBUG: 2023-07-30 13:49:50,544: 2155350369.py: <module>: ---test---
DEBUG: 2023-07-30 13:49:50,545: 2155350369.py: <module>: logloss=0.366875
DEBUG: 2023-07-30 13:49:50,546: 2155350369.py: <module>: accuracy=0.932442
DEBUG: 2023-07-30 13:49:50,548: 2155350369.py: <module>: precision=0.933084
DEBUG: 2023-07-30 13:49:50,550: 2155350369.py: <module>: recall=0.934502
DEBUG: 2023-07-30 13:49:50,552: 2155350369.py: <module>: f1=0.932365
DEBUG: 2023-07-30 13:49:50,553: 2155350369.py: <module>: per-class f1={'LAYING': 0.999087, 'WALKING': 0.937775, 'WALKING_UPSTAIRS': 0.951652, 'WALKING_DOWNSTAIRS': 0.934491, 'SITTING': 0.874633, 'STANDING': 0.896554}
DEBUG: 2023-07-30 13:49:59,544: 1695527446.py: <module>: ---Final Test Scores Averaged over Folds---
DEBUG: 2023-07-30 13:49:59,547: 1695527446.py: <module>: accuracy=0.9385232208486468
DEBUG: 2023-07-30 13:49:59,551: 1695527446.py: <module>: precision=0.9381522855758373
DEBUG: 2023-07-30 13:49:59,555: 1695527446.py: <module>: recall=0.9401063927470656
DEBUG: 2023-07-30 13:49:59,558: 1695527446.py: <module>: f1=0.937938225051536
DEBUG: 2023-07-30 13:49:59,561: 1695527446.py: <module>: per-class f1=[1.         0.94291755 0.95468915 0.92563818 0.88733799 0.91704649]
